Running: /scratch/yz8868/RMD_chip/scripts/mumerge/mumerge/mumerge.py
Python:
3.8.6 (default, Oct 11 2020, 20:34:31) 
[GCC Intel(R) C++ gcc 8.3.1 mode]
muMerge: v1.1.0
Hostname: cm021.hpc.nyu.edu

# Sample_ID 	 Filename
50 	 /scratch/yz8868/RMD_chip/resources/chip-seq/GSM6833028_anac055_eth_rep1_peaks.narrowPeak
51 	 /scratch/yz8868/RMD_chip/resources/chip-seq/GSM6833029_anac055_eth_rep2_peaks.narrowPeak
52 	 /scratch/yz8868/RMD_chip/resources/chip-seq/GSM6833030_anac055_eth_rep3_peaks.narrowPeak

input file: /scratch/yz8868/RMD_chip/scripts/sample_sheet_bygroup/anac055_eth_merge_sample_sheet.txt

output path: /scratch/yz8868/RMD_chip/resources/merged_chip/anac055_eth
'bedtools merge' bedfile: /scratch/yz8868/RMD_chip/resources/merged_chip/anac055_eth_BEDTOOLS_MERGE.bed
miscalls bedfile: /scratch/yz8868/RMD_chip/resources/merged_chip/anac055_eth_MISCALLS.bed
muMerge output bedfile: /scratch/yz8868/RMD_chip/resources/merged_chip/anac055_eth_MUMERGE.bed

Groupings:
0	['50', '51', '52']

Total number of bedfile regions: 16933

Distribution of number of Tfit calls for a sample, within a region, across all samples (#calls: #instances):
{3: 7581, 1: 4631, 2: 3157, 4: 906, 5: 434, 9: 6, 6: 138, 8: 17, 7: 56, 12: 1, 10: 2, 11: 3, 13: 1}

Run time: 152.63653302192688 sec
