Running: /scratch/yz8868/RMD_chip/scripts/mumerge/mumerge/mumerge.py
Python:
3.8.6 (default, Oct 11 2020, 20:34:31) 
[GCC Intel(R) C++ gcc 8.3.1 mode]
muMerge: v1.1.0
Hostname: cm004.hpc.nyu.edu

# Sample_ID 	 Filename
47 	 /scratch/yz8868/RMD_chip/resources/chip-seq/GSM6833025_anac055_air_rep1_peaks.narrowPeak
48 	 /scratch/yz8868/RMD_chip/resources/chip-seq/GSM6833026_anac055_air_rep2_peaks.narrowPeak
49 	 /scratch/yz8868/RMD_chip/resources/chip-seq/GSM6833027_anac055_air_rep3_peaks.narrowPeak

input file: /scratch/yz8868/RMD_chip/scripts/sample_sheet_bygroup/anac055_air_merge_sample_sheet.txt

output path: /scratch/yz8868/RMD_chip/resources/merged_chip/anac055_air
'bedtools merge' bedfile: /scratch/yz8868/RMD_chip/resources/merged_chip/anac055_air_BEDTOOLS_MERGE.bed
miscalls bedfile: /scratch/yz8868/RMD_chip/resources/merged_chip/anac055_air_MISCALLS.bed
muMerge output bedfile: /scratch/yz8868/RMD_chip/resources/merged_chip/anac055_air_MUMERGE.bed

Groupings:
0	['47', '48', '49']

Total number of bedfile regions: 21028

Distribution of number of Tfit calls for a sample, within a region, across all samples (#calls: #instances):
{2: 7989, 1: 6594, 3: 5030, 4: 858, 5: 357, 7: 51, 6: 117, 10: 3, 8: 16, 13: 1, 11: 3, 9: 5, 12: 1, 15: 2, 14: 1}

Run time: 170.66454362869263 sec
