Running: /scratch/yz8868/RMD_chip/scripts/mumerge/mumerge/mumerge.py
Python:
3.8.6 (default, Oct 11 2020, 20:34:31) 
[GCC Intel(R) C++ gcc 8.3.1 mode]
muMerge: v1.1.0
Hostname: cm032.hpc.nyu.edu

# Sample_ID 	 Filename
44 	 /scratch/yz8868/RMD_chip/resources/chip-seq/GSM6833022_bes1_air_rep1_peaks.narrowPeak
45 	 /scratch/yz8868/RMD_chip/resources/chip-seq/GSM6833023_bes1_air_rep2_peaks.narrowPeak

input file: /scratch/yz8868/RMD_chip/scripts/sample_sheet_bygroup/bes1_air_merge_sample_sheet.txt

output path: /scratch/yz8868/RMD_chip/resources/merged_chip/bes1_air
'bedtools merge' bedfile: /scratch/yz8868/RMD_chip/resources/merged_chip/bes1_air_BEDTOOLS_MERGE.bed
miscalls bedfile: /scratch/yz8868/RMD_chip/resources/merged_chip/bes1_air_MISCALLS.bed
muMerge output bedfile: /scratch/yz8868/RMD_chip/resources/merged_chip/bes1_air_MUMERGE.bed

Groupings:
0	['44', '45']

Total number of bedfile regions: 2002

Distribution of number of Tfit calls for a sample, within a region, across all samples (#calls: #instances):
{1: 1978, 2: 21, 3: 3}

Run time: 4.565386533737183 sec
