Running: /scratch/yz8868/RMD_chip/scripts/mumerge/mumerge/mumerge.py
Python:
3.8.6 (default, Oct 11 2020, 20:34:31) 
[GCC Intel(R) C++ gcc 8.3.1 mode]
muMerge: v1.1.0
Hostname: cm018.hpc.nyu.edu

# Sample_ID 	 Filename
13 	 /scratch/yz8868/RMD_chip/resources/chip-seq/GSM6832991_edf1_eth_rep1_peaks.narrowPeak
14 	 /scratch/yz8868/RMD_chip/resources/chip-seq/GSM6832992_edf1_eth_rep2_peaks.narrowPeak

input file: /scratch/yz8868/RMD_chip/scripts/sample_sheet_bygroup/edf1_eth_merge_sample_sheet.txt

output path: /scratch/yz8868/RMD_chip/resources/merged_chip/edf1_eth
'bedtools merge' bedfile: /scratch/yz8868/RMD_chip/resources/merged_chip/edf1_eth_BEDTOOLS_MERGE.bed
miscalls bedfile: /scratch/yz8868/RMD_chip/resources/merged_chip/edf1_eth_MISCALLS.bed
muMerge output bedfile: /scratch/yz8868/RMD_chip/resources/merged_chip/edf1_eth_MUMERGE.bed

Groupings:
0	['13', '14']

Total number of bedfile regions: 13533

Distribution of number of Tfit calls for a sample, within a region, across all samples (#calls: #instances):
{1: 9819, 2: 3440, 3: 241, 4: 29, 6: 1, 5: 3}

Run time: 54.546733140945435 sec
