Running: /scratch/yz8868/RMD_chip/scripts/mumerge/mumerge/mumerge.py
Python:
3.8.6 (default, Oct 11 2020, 20:34:31) 
[GCC Intel(R) C++ gcc 8.3.1 mode]
muMerge: v1.1.0
Hostname: cm039.hpc.nyu.edu

# Sample_ID 	 Filename
92 	 /scratch/yz8868/RMD_chip/resources/chip-seq/GSM6833070_edf2_ja_rep1_peaks.narrowPeak
93 	 /scratch/yz8868/RMD_chip/resources/chip-seq/GSM6833071_edf2_ja_rep2_peaks.narrowPeak

input file: /scratch/yz8868/RMD_chip/scripts/sample_sheet_bygroup/edf2_ja_merge_sample_sheet.txt

output path: /scratch/yz8868/RMD_chip/resources/merged_chip/edf2_ja
'bedtools merge' bedfile: /scratch/yz8868/RMD_chip/resources/merged_chip/edf2_ja_BEDTOOLS_MERGE.bed
miscalls bedfile: /scratch/yz8868/RMD_chip/resources/merged_chip/edf2_ja_MISCALLS.bed
muMerge output bedfile: /scratch/yz8868/RMD_chip/resources/merged_chip/edf2_ja_MUMERGE.bed

Groupings:
0	['92', '93']

Total number of bedfile regions: 367

Distribution of number of Tfit calls for a sample, within a region, across all samples (#calls: #instances):
{1: 266, 2: 93, 3: 6, 6: 1, 4: 1}

Run time: 1.6286518573760986 sec
