Running: /scratch/yz8868/RMD_chip/scripts/mumerge/mumerge/mumerge.py
Python:
3.8.6 (default, Oct 11 2020, 20:34:31) 
[GCC Intel(R) C++ gcc 8.3.1 mode]
muMerge: v1.1.0
Hostname: cm038.hpc.nyu.edu

# Sample_ID 	 Filename
55 	 /scratch/yz8868/RMD_chip/resources/chip-seq/GSM6833033_edf2_eth_rep1_peaks.narrowPeak
56 	 /scratch/yz8868/RMD_chip/resources/chip-seq/GSM6833034_edf2_eth_rep2_peaks.narrowPeak
57 	 /scratch/yz8868/RMD_chip/resources/chip-seq/GSM6833035_edf2_eth_rep3_peaks.narrowPeak

input file: /scratch/yz8868/RMD_chip/scripts/sample_sheet_bygroup/edf2_eth_merge_sample_sheet.txt

output path: /scratch/yz8868/RMD_chip/resources/merged_chip/edf2_eth
'bedtools merge' bedfile: /scratch/yz8868/RMD_chip/resources/merged_chip/edf2_eth_BEDTOOLS_MERGE.bed
miscalls bedfile: /scratch/yz8868/RMD_chip/resources/merged_chip/edf2_eth_MISCALLS.bed
muMerge output bedfile: /scratch/yz8868/RMD_chip/resources/merged_chip/edf2_eth_MUMERGE.bed

Groupings:
0	['55', '56', '57']

Total number of bedfile regions: 16216

Distribution of number of Tfit calls for a sample, within a region, across all samples (#calls: #instances):
{1: 7141, 2: 4433, 3: 3987, 4: 407, 5: 179, 6: 45, 7: 17, 10: 1, 9: 2, 8: 4}

Run time: 101.0142605304718 sec
