Running: /scratch/yz8868/RMD_chip/scripts/mumerge/mumerge/mumerge.py
Python:
3.8.6 (default, Oct 11 2020, 20:34:31) 
[GCC Intel(R) C++ gcc 8.3.1 mode]
muMerge: v1.1.0
Hostname: cm036.hpc.nyu.edu

# Sample_ID 	 Filename
16 	 /scratch/yz8868/RMD_chip/resources/chip-seq/GSM6832994_edf3_eth_rep1_peaks.narrowPeak
17 	 /scratch/yz8868/RMD_chip/resources/chip-seq/GSM6832995_edf3_eth_rep2_peaks.narrowPeak
18 	 /scratch/yz8868/RMD_chip/resources/chip-seq/GSM6832996_edf3_eth_rep3_peaks.narrowPeak

input file: /scratch/yz8868/RMD_chip/scripts/sample_sheet_bygroup/edf3_eth_merge_sample_sheet.txt

output path: /scratch/yz8868/RMD_chip/resources/merged_chip/edf3_eth
'bedtools merge' bedfile: /scratch/yz8868/RMD_chip/resources/merged_chip/edf3_eth_BEDTOOLS_MERGE.bed
miscalls bedfile: /scratch/yz8868/RMD_chip/resources/merged_chip/edf3_eth_MISCALLS.bed
muMerge output bedfile: /scratch/yz8868/RMD_chip/resources/merged_chip/edf3_eth_MUMERGE.bed

Groupings:
0	['16', '17', '18']

Total number of bedfile regions: 13954

Distribution of number of Tfit calls for a sample, within a region, across all samples (#calls: #instances):
{3: 4849, 2: 2972, 1: 5550, 4: 372, 5: 157, 6: 34, 9: 4, 8: 3, 7: 13}

Run time: 76.98366975784302 sec
