Running: /scratch/yz8868/RMD_chip/scripts/mumerge/mumerge/mumerge.py
Python:
3.8.6 (default, Oct 11 2020, 20:34:31) 
[GCC Intel(R) C++ gcc 8.3.1 mode]
muMerge: v1.1.0
Hostname: cm037.hpc.nyu.edu

# Sample_ID 	 Filename
19 	 /scratch/yz8868/RMD_chip/resources/chip-seq/GSM6832997_ein3_air_rep1_peaks.narrowPeak
20 	 /scratch/yz8868/RMD_chip/resources/chip-seq/GSM6832998_ein3_air_rep2_peaks.narrowPeak

input file: /scratch/yz8868/RMD_chip/scripts/sample_sheet_bygroup/ein3_air_merge_sample_sheet.txt

output path: /scratch/yz8868/RMD_chip/resources/merged_chip/ein3_air
'bedtools merge' bedfile: /scratch/yz8868/RMD_chip/resources/merged_chip/ein3_air_BEDTOOLS_MERGE.bed
miscalls bedfile: /scratch/yz8868/RMD_chip/resources/merged_chip/ein3_air_MISCALLS.bed
muMerge output bedfile: /scratch/yz8868/RMD_chip/resources/merged_chip/ein3_air_MUMERGE.bed

Groupings:
0	['19', '20']

Total number of bedfile regions: 2010

Distribution of number of Tfit calls for a sample, within a region, across all samples (#calls: #instances):
{1: 1500, 2: 493, 3: 14, 4: 3}

Run time: 5.884619235992432 sec
