Running: /scratch/yz8868/RMD_chip/scripts/mumerge/mumerge/mumerge.py
Python:
3.8.6 (default, Oct 11 2020, 20:34:31) 
[GCC Intel(R) C++ gcc 8.3.1 mode]
muMerge: v1.1.0
Hostname: cm006.hpc.nyu.edu

# Sample_ID 	 Filename
82 	 /scratch/yz8868/RMD_chip/resources/chip-seq/GSM6833060_ja_anac055_air_rep1_peaks.narrowPeak
83 	 /scratch/yz8868/RMD_chip/resources/chip-seq/GSM6833061_ja_anac055_air_rep2_peaks.narrowPeak

input file: /scratch/yz8868/RMD_chip/scripts/sample_sheet_bygroup/ja_anac055_air_merge_sample_sheet.txt

output path: /scratch/yz8868/RMD_chip/resources/merged_chip/ja_anac055_air
'bedtools merge' bedfile: /scratch/yz8868/RMD_chip/resources/merged_chip/ja_anac055_air_BEDTOOLS_MERGE.bed
miscalls bedfile: /scratch/yz8868/RMD_chip/resources/merged_chip/ja_anac055_air_MISCALLS.bed
muMerge output bedfile: /scratch/yz8868/RMD_chip/resources/merged_chip/ja_anac055_air_MUMERGE.bed

Groupings:
0	['82', '83']

Total number of bedfile regions: 14439

Distribution of number of Tfit calls for a sample, within a region, across all samples (#calls: #instances):
{2: 7474, 1: 6347, 3: 513, 4: 84, 5: 19, 7: 1, 8: 1}

Run time: 66.32713913917542 sec
