Running: /scratch/yz8868/RMD_chip/scripts/mumerge/mumerge/mumerge.py
Python:
3.8.6 (default, Oct 11 2020, 20:34:31) 
[GCC Intel(R) C++ gcc 8.3.1 mode]
muMerge: v1.1.0
Hostname: cm017.hpc.nyu.edu

# Sample_ID 	 Filename
58 	 /scratch/yz8868/RMD_chip/resources/chip-seq/GSM6833036_ja_myc3_air_rep1_peaks.narrowPeak
59 	 /scratch/yz8868/RMD_chip/resources/chip-seq/GSM6833037_ja_myc3_air_rep2_peaks.narrowPeak
60 	 /scratch/yz8868/RMD_chip/resources/chip-seq/GSM6833038_ja_myc3_air_rep3_peaks.narrowPeak

input file: /scratch/yz8868/RMD_chip/scripts/sample_sheet_bygroup/ja_myc3_air_merge_sample_sheet.txt

output path: /scratch/yz8868/RMD_chip/resources/merged_chip/ja_myc3_air
'bedtools merge' bedfile: /scratch/yz8868/RMD_chip/resources/merged_chip/ja_myc3_air_BEDTOOLS_MERGE.bed
miscalls bedfile: /scratch/yz8868/RMD_chip/resources/merged_chip/ja_myc3_air_MISCALLS.bed
muMerge output bedfile: /scratch/yz8868/RMD_chip/resources/merged_chip/ja_myc3_air_MUMERGE.bed

Groupings:
0	['58', '59', '60']

Total number of bedfile regions: 17686

Distribution of number of Tfit calls for a sample, within a region, across all samples (#calls: #instances):
{1: 7174, 2: 4678, 3: 5107, 4: 434, 5: 215, 6: 56, 8: 4, 7: 13, 12: 1, 25: 1, 9: 1, 10: 1, 11: 1}

Run time: 120.3025074005127 sec
