Running: /scratch/yz8868/RMD_chip/scripts/mumerge/mumerge/mumerge.py
Python:
3.8.6 (default, Oct 11 2020, 20:34:31) 
[GCC Intel(R) C++ gcc 8.3.1 mode]
muMerge: v1.1.0
Hostname: cm039.hpc.nyu.edu

# Sample_ID 	 Filename
64 	 /scratch/yz8868/RMD_chip/resources/chip-seq/GSM6833042_ja_myc2_air_rep1_peaks.narrowPeak
65 	 /scratch/yz8868/RMD_chip/resources/chip-seq/GSM6833043_ja_myc2_air_rep2_peaks.narrowPeak
66 	 /scratch/yz8868/RMD_chip/resources/chip-seq/GSM6833044_ja_myc2_air_rep3_peaks.narrowPeak

input file: /scratch/yz8868/RMD_chip/scripts/sample_sheet_bygroup/ja_myc2_air_merge_sample_sheet.txt

output path: /scratch/yz8868/RMD_chip/resources/merged_chip/ja_myc2_air
'bedtools merge' bedfile: /scratch/yz8868/RMD_chip/resources/merged_chip/ja_myc2_air_BEDTOOLS_MERGE.bed
miscalls bedfile: /scratch/yz8868/RMD_chip/resources/merged_chip/ja_myc2_air_MISCALLS.bed
muMerge output bedfile: /scratch/yz8868/RMD_chip/resources/merged_chip/ja_myc2_air_MUMERGE.bed

Groupings:
0	['64', '65', '66']

Total number of bedfile regions: 18239

Distribution of number of Tfit calls for a sample, within a region, across all samples (#calls: #instances):
{2: 5347, 1: 5699, 6: 75, 3: 5953, 5: 362, 4: 748, 7: 29, 14: 1, 23: 1, 8: 18, 9: 5, 11: 1}

Run time: 172.24248552322388 sec
