Running: /scratch/yz8868/RMD_chip/scripts/mumerge/mumerge/mumerge.py
Python:
3.8.6 (default, Oct 11 2020, 20:34:31) 
[GCC Intel(R) C++ gcc 8.3.1 mode]
muMerge: v1.1.0
Hostname: cm018.hpc.nyu.edu

# Sample_ID 	 Filename
67 	 /scratch/yz8868/RMD_chip/resources/chip-seq/GSM6833045_ja_myc2_ja_rep1_peaks.narrowPeak
68 	 /scratch/yz8868/RMD_chip/resources/chip-seq/GSM6833046_ja_myc2_ja_rep2_peaks.narrowPeak
69 	 /scratch/yz8868/RMD_chip/resources/chip-seq/GSM6833047_ja_myc2_ja_rep3_peaks.narrowPeak

input file: /scratch/yz8868/RMD_chip/scripts/sample_sheet_bygroup/ja_myc2_ja_merge_sample_sheet.txt

output path: /scratch/yz8868/RMD_chip/resources/merged_chip/ja_myc2_ja
'bedtools merge' bedfile: /scratch/yz8868/RMD_chip/resources/merged_chip/ja_myc2_ja_BEDTOOLS_MERGE.bed
miscalls bedfile: /scratch/yz8868/RMD_chip/resources/merged_chip/ja_myc2_ja_MISCALLS.bed
muMerge output bedfile: /scratch/yz8868/RMD_chip/resources/merged_chip/ja_myc2_ja_MUMERGE.bed

Groupings:
0	['67', '68', '69']

Total number of bedfile regions: 21121

Distribution of number of Tfit calls for a sample, within a region, across all samples (#calls: #instances):
{2: 7828, 1: 9341, 5: 163, 3: 3158, 4: 557, 6: 52, 8: 7, 7: 12, 11: 1, 14: 1, 10: 1}

Run time: 176.40453386306763 sec
