Running: /scratch/yz8868/RMD_chip/scripts/mumerge/mumerge/mumerge.py
Python:
3.8.6 (default, Oct 11 2020, 20:34:31) 
[GCC Intel(R) C++ gcc 8.3.1 mode]
muMerge: v1.1.0
Hostname: cm006.hpc.nyu.edu

# Sample_ID 	 Filename
80 	 /scratch/yz8868/RMD_chip/resources/chip-seq/GSM6833058_ja_stz_ja_rep1_peaks.narrowPeak
81 	 /scratch/yz8868/RMD_chip/resources/chip-seq/GSM6833059_ja_stz_ja_rep2_peaks.narrowPeak

input file: /scratch/yz8868/RMD_chip/scripts/sample_sheet_bygroup/ja_stz_ja_merge_sample_sheet.txt

output path: /scratch/yz8868/RMD_chip/resources/merged_chip/ja_stz_ja
'bedtools merge' bedfile: /scratch/yz8868/RMD_chip/resources/merged_chip/ja_stz_ja_BEDTOOLS_MERGE.bed
miscalls bedfile: /scratch/yz8868/RMD_chip/resources/merged_chip/ja_stz_ja_MISCALLS.bed
muMerge output bedfile: /scratch/yz8868/RMD_chip/resources/merged_chip/ja_stz_ja_MUMERGE.bed

Groupings:
0	['80', '81']

Total number of bedfile regions: 461

Distribution of number of Tfit calls for a sample, within a region, across all samples (#calls: #instances):
{1: 384, 2: 72, 3: 5}

Run time: 1.9805002212524414 sec
