Running: /scratch/yz8868/RMD_chip/scripts/mumerge/mumerge/mumerge.py
Python:
3.8.6 (default, Oct 11 2020, 20:34:31) 
[GCC Intel(R) C++ gcc 8.3.1 mode]
muMerge: v1.1.0
Hostname: cm011.hpc.nyu.edu

# Sample_ID 	 Filename
72 	 /scratch/yz8868/RMD_chip/resources/chip-seq/GSM6833050_ja_tcp3_ja_rep1_peaks.narrowPeak
73 	 /scratch/yz8868/RMD_chip/resources/chip-seq/GSM6833051_ja_tcp3_ja_rep2_peaks.narrowPeak

input file: /scratch/yz8868/RMD_chip/scripts/sample_sheet_bygroup/ja_tcp3_ja_merge_sample_sheet.txt

output path: /scratch/yz8868/RMD_chip/resources/merged_chip/ja_tcp3_ja
'bedtools merge' bedfile: /scratch/yz8868/RMD_chip/resources/merged_chip/ja_tcp3_ja_BEDTOOLS_MERGE.bed
miscalls bedfile: /scratch/yz8868/RMD_chip/resources/merged_chip/ja_tcp3_ja_MISCALLS.bed
muMerge output bedfile: /scratch/yz8868/RMD_chip/resources/merged_chip/ja_tcp3_ja_MUMERGE.bed

Groupings:
0	['72', '73']

Total number of bedfile regions: 9402

Distribution of number of Tfit calls for a sample, within a region, across all samples (#calls: #instances):
{1: 3777, 2: 5322, 3: 269, 5: 10, 4: 22, 6: 2}

Run time: 52.83213996887207 sec
