Running: /scratch/yz8868/RMD_chip/scripts/mumerge/mumerge/mumerge.py
Python:
3.8.6 (default, Oct 11 2020, 20:34:31) 
[GCC Intel(R) C++ gcc 8.3.1 mode]
muMerge: v1.1.0
Hostname: cm032.hpc.nyu.edu

# Sample_ID 	 Filename
28 	 /scratch/yz8868/RMD_chip/resources/chip-seq/GSM6833006_myc2_air_rep1_peaks.narrowPeak
29 	 /scratch/yz8868/RMD_chip/resources/chip-seq/GSM6833007_myc2_air_rep2_peaks.narrowPeak
30 	 /scratch/yz8868/RMD_chip/resources/chip-seq/GSM6833008_myc2_air_rep3_peaks.narrowPeak

input file: /scratch/yz8868/RMD_chip/scripts/sample_sheet_bygroup/myc2_air_merge_sample_sheet.txt

output path: /scratch/yz8868/RMD_chip/resources/merged_chip/myc2_air
'bedtools merge' bedfile: /scratch/yz8868/RMD_chip/resources/merged_chip/myc2_air_BEDTOOLS_MERGE.bed
miscalls bedfile: /scratch/yz8868/RMD_chip/resources/merged_chip/myc2_air_MISCALLS.bed
muMerge output bedfile: /scratch/yz8868/RMD_chip/resources/merged_chip/myc2_air_MUMERGE.bed

Groupings:
0	['28', '29', '30']

Total number of bedfile regions: 15223

Distribution of number of Tfit calls for a sample, within a region, across all samples (#calls: #instances):
{1: 8228, 3: 3436, 2: 3115, 5: 97, 4: 315, 6: 26, 7: 6}

Run time: 78.71294569969177 sec
