Running: /scratch/yz8868/RMD_chip/scripts/mumerge/mumerge/mumerge.py
Python:
3.8.6 (default, Oct 11 2020, 20:34:31) 
[GCC Intel(R) C++ gcc 8.3.1 mode]
muMerge: v1.1.0
Hostname: cm032.hpc.nyu.edu

# Sample_ID 	 Filename
31 	 /scratch/yz8868/RMD_chip/resources/chip-seq/GSM6833009_myc2_eth_rep1_peaks.narrowPeak
32 	 /scratch/yz8868/RMD_chip/resources/chip-seq/GSM6833010_myc2_eth_rep2_peaks.narrowPeak

input file: /scratch/yz8868/RMD_chip/scripts/sample_sheet_bygroup/myc2_eth_merge_sample_sheet.txt

output path: /scratch/yz8868/RMD_chip/resources/merged_chip/myc2_eth
'bedtools merge' bedfile: /scratch/yz8868/RMD_chip/resources/merged_chip/myc2_eth_BEDTOOLS_MERGE.bed
miscalls bedfile: /scratch/yz8868/RMD_chip/resources/merged_chip/myc2_eth_MISCALLS.bed
muMerge output bedfile: /scratch/yz8868/RMD_chip/resources/merged_chip/myc2_eth_MUMERGE.bed

Groupings:
0	['31', '32']

Total number of bedfile regions: 6614

Distribution of number of Tfit calls for a sample, within a region, across all samples (#calls: #instances):
{1: 5511, 2: 1078, 3: 24, 4: 1}

Run time: 17.601694107055664 sec
