Running: /scratch/yz8868/RMD_chip/scripts/mumerge/mumerge/mumerge.py
Python:
3.8.6 (default, Oct 11 2020, 20:34:31) 
[GCC Intel(R) C++ gcc 8.3.1 mode]
muMerge: v1.1.0
Hostname: cm032.hpc.nyu.edu

# Sample_ID 	 Filename
6 	 /scratch/yz8868/RMD_chip/resources/chip-seq/GSM6832984_myc3_air_rep1_peaks.narrowPeak
7 	 /scratch/yz8868/RMD_chip/resources/chip-seq/GSM6832985_myc3_air_rep2_peaks.narrowPeak
8 	 /scratch/yz8868/RMD_chip/resources/chip-seq/GSM6832986_myc3_air_rep3_peaks.narrowPeak

input file: /scratch/yz8868/RMD_chip/scripts/sample_sheet_bygroup/myc3_air_merge_sample_sheet.txt

output path: /scratch/yz8868/RMD_chip/resources/merged_chip/myc3_air
'bedtools merge' bedfile: /scratch/yz8868/RMD_chip/resources/merged_chip/myc3_air_BEDTOOLS_MERGE.bed
miscalls bedfile: /scratch/yz8868/RMD_chip/resources/merged_chip/myc3_air_MISCALLS.bed
muMerge output bedfile: /scratch/yz8868/RMD_chip/resources/merged_chip/myc3_air_MUMERGE.bed

Groupings:
0	['6', '7', '8']

Total number of bedfile regions: 15599

Distribution of number of Tfit calls for a sample, within a region, across all samples (#calls: #instances):
{2: 4843, 1: 5403, 3: 4663, 4: 405, 5: 222, 6: 38, 8: 2, 7: 18, 9: 3, 15: 1, 11: 1}

Run time: 110.64529776573181 sec
