Running: /scratch/yz8868/RMD_chip/scripts/mumerge/mumerge/mumerge.py
Python:
3.8.6 (default, Oct 11 2020, 20:34:31) 
[GCC Intel(R) C++ gcc 8.3.1 mode]
muMerge: v1.1.0
Hostname: cm036.hpc.nyu.edu

# Sample_ID 	 Filename
24 	 /scratch/yz8868/RMD_chip/resources/chip-seq/GSM6833002_obp2_air_rep1_peaks.narrowPeak
25 	 /scratch/yz8868/RMD_chip/resources/chip-seq/GSM6833003_obp2_air_rep2_peaks.narrowPeak

input file: /scratch/yz8868/RMD_chip/scripts/sample_sheet_bygroup/obp2_air_merge_sample_sheet.txt

output path: /scratch/yz8868/RMD_chip/resources/merged_chip/obp2_air
'bedtools merge' bedfile: /scratch/yz8868/RMD_chip/resources/merged_chip/obp2_air_BEDTOOLS_MERGE.bed
miscalls bedfile: /scratch/yz8868/RMD_chip/resources/merged_chip/obp2_air_MISCALLS.bed
muMerge output bedfile: /scratch/yz8868/RMD_chip/resources/merged_chip/obp2_air_MUMERGE.bed

Groupings:
0	['24', '25']

Total number of bedfile regions: 16590

Distribution of number of Tfit calls for a sample, within a region, across all samples (#calls: #instances):
{3: 495, 2: 7710, 1: 8306, 4: 66, 6: 1, 5: 12}

Run time: 87.70969367027283 sec
