Running: /scratch/yz8868/RMD_chip/scripts/mumerge/mumerge/mumerge.py
Python:
3.8.6 (default, Oct 11 2020, 20:34:31) 
[GCC Intel(R) C++ gcc 8.3.1 mode]
muMerge: v1.1.0
Hostname: cm036.hpc.nyu.edu

# Sample_ID 	 Filename
26 	 /scratch/yz8868/RMD_chip/resources/chip-seq/GSM6833004_obp2_eth_rep1_peaks.narrowPeak
27 	 /scratch/yz8868/RMD_chip/resources/chip-seq/GSM6833005_obp2_eth_rep2_peaks.narrowPeak

input file: /scratch/yz8868/RMD_chip/scripts/sample_sheet_bygroup/obp2_eth_merge_sample_sheet.txt

output path: /scratch/yz8868/RMD_chip/resources/merged_chip/obp2_eth
'bedtools merge' bedfile: /scratch/yz8868/RMD_chip/resources/merged_chip/obp2_eth_BEDTOOLS_MERGE.bed
miscalls bedfile: /scratch/yz8868/RMD_chip/resources/merged_chip/obp2_eth_MISCALLS.bed
muMerge output bedfile: /scratch/yz8868/RMD_chip/resources/merged_chip/obp2_eth_MUMERGE.bed

Groupings:
0	['26', '27']

Total number of bedfile regions: 6944

Distribution of number of Tfit calls for a sample, within a region, across all samples (#calls: #instances):
{2: 2235, 1: 4583, 3: 117, 4: 5, 7: 1, 5: 2, 9: 1}

Run time: 24.28093457221985 sec
