Running: /scratch/yz8868/RMD_chip/scripts/mumerge/mumerge/mumerge.py
Python:
3.8.6 (default, Oct 11 2020, 20:34:31) 
[GCC Intel(R) C++ gcc 8.3.1 mode]
muMerge: v1.1.0
Hostname: cm038.hpc.nyu.edu

# Sample_ID 	 Filename
4 	 /scratch/yz8868/RMD_chip/resources/chip-seq/GSM6832982_rap2.6l_eth_rep1_peaks.narrowPeak
5 	 /scratch/yz8868/RMD_chip/resources/chip-seq/GSM6832983_rap2.6l_eth_rep2_peaks.narrowPeak

input file: /scratch/yz8868/RMD_chip/scripts/sample_sheet_bygroup/rap2.6l_eth_merge_sample_sheet.txt

output path: /scratch/yz8868/RMD_chip/resources/merged_chip/rap2.6l_eth
'bedtools merge' bedfile: /scratch/yz8868/RMD_chip/resources/merged_chip/rap2.6l_eth_BEDTOOLS_MERGE.bed
miscalls bedfile: /scratch/yz8868/RMD_chip/resources/merged_chip/rap2.6l_eth_MISCALLS.bed
muMerge output bedfile: /scratch/yz8868/RMD_chip/resources/merged_chip/rap2.6l_eth_MUMERGE.bed

Groupings:
0	['4', '5']

Total number of bedfile regions: 1125

Distribution of number of Tfit calls for a sample, within a region, across all samples (#calls: #instances):
{2: 227, 1: 890, 3: 4, 4: 3, 5: 1}

Run time: 3.5347237586975098 sec
