Running: /scratch/yz8868/RMD_chip/scripts/mumerge/mumerge/mumerge.py
Python:
3.8.6 (default, Oct 11 2020, 20:34:31) 
[GCC Intel(R) C++ gcc 8.3.1 mode]
muMerge: v1.1.0
Hostname: cm021.hpc.nyu.edu

# Sample_ID 	 Filename
41 	 /scratch/yz8868/RMD_chip/resources/chip-seq/GSM6833019_tcp3_eth_rep1_peaks.narrowPeak
42 	 /scratch/yz8868/RMD_chip/resources/chip-seq/GSM6833020_tcp3_eth_rep2_peaks.narrowPeak
43 	 /scratch/yz8868/RMD_chip/resources/chip-seq/GSM6833021_tcp3_eth_rep3_peaks.narrowPeak

input file: /scratch/yz8868/RMD_chip/scripts/sample_sheet_bygroup/tcp3_eth_merge_sample_sheet.txt

output path: /scratch/yz8868/RMD_chip/resources/merged_chip/tcp3_eth
'bedtools merge' bedfile: /scratch/yz8868/RMD_chip/resources/merged_chip/tcp3_eth_BEDTOOLS_MERGE.bed
miscalls bedfile: /scratch/yz8868/RMD_chip/resources/merged_chip/tcp3_eth_MISCALLS.bed
muMerge output bedfile: /scratch/yz8868/RMD_chip/resources/merged_chip/tcp3_eth_MUMERGE.bed

Groupings:
0	['41', '42', '43']

Total number of bedfile regions: 4769

Distribution of number of Tfit calls for a sample, within a region, across all samples (#calls: #instances):
{2: 2500, 1: 2006, 3: 239, 4: 20, 38: 1, 5: 1, 11: 1, 12: 1}

Run time: 27.526793956756592 sec
