Running: /scratch/yz8868/RMD_chip/scripts/mumerge/mumerge/mumerge.py
Python:
3.8.6 (default, Oct 11 2020, 20:34:31) 
[GCC Intel(R) C++ gcc 8.3.1 mode]
muMerge: v1.1.0
Hostname: cm011.hpc.nyu.edu

# Sample_ID 	 Filename
34 	 /scratch/yz8868/RMD_chip/resources/chip-seq/GSM6833012_tga5_air_rep1_peaks.narrowPeak
35 	 /scratch/yz8868/RMD_chip/resources/chip-seq/GSM6833013_tga5_air_rep2_peaks.narrowPeak

input file: /scratch/yz8868/RMD_chip/scripts/sample_sheet_bygroup/tga5_air_merge_sample_sheet.txt

output path: /scratch/yz8868/RMD_chip/resources/merged_chip/tga5_air
'bedtools merge' bedfile: /scratch/yz8868/RMD_chip/resources/merged_chip/tga5_air_BEDTOOLS_MERGE.bed
miscalls bedfile: /scratch/yz8868/RMD_chip/resources/merged_chip/tga5_air_MISCALLS.bed
muMerge output bedfile: /scratch/yz8868/RMD_chip/resources/merged_chip/tga5_air_MUMERGE.bed

Groupings:
0	['34', '35']

Total number of bedfile regions: 24952

Distribution of number of Tfit calls for a sample, within a region, across all samples (#calls: #instances):
{1: 14839, 2: 9402, 3: 627, 4: 67, 5: 13, 7: 1, 6: 2, 8: 1}

Run time: 128.46777319908142 sec
