1	Chr1	bes1_eth_rep5_peak_1	6725205
2	Chr1	bes1_eth_rep5_peak_2	6726308
3	Chr1	bes1_eth_rep5_peak_3	6726886
4	Chr1	bes1_eth_rep5_peak_4	6729516
5	Chr1	bes1_eth_rep5_peak_5	6730000
6	Chr1	bes1_eth_rep5_peak_6	6730929
7	Chr1	bes1_eth_rep5_peak_7	6731878
8	Chr1	bes1_eth_rep5_peak_8	6732206
9	Chr1	bes1_eth_rep5_peak_9	6734097
10	Chr1	bes1_eth_rep5_peak_10	6737822
11	Chr1	bes1_eth_rep5_peak_11	6739537
12	Chr1	bes1_eth_rep5_peak_12	6740948
13	Chr1	bes1_eth_rep5_peak_13	14029707
14	Chr1	bes1_eth_rep5_peak_14	15082267
15	Chr1	bes1_eth_rep5_peak_15	15082853
16	Chr1	bes1_eth_rep5_peak_16	15083712
17	Chr1	bes1_eth_rep5_peak_17	15084449
18	Chr1	bes1_eth_rep5_peak_18	15084858
19	Chr1	bes1_eth_rep5_peak_19	15085690
20	Chr1	bes1_eth_rep5_peak_20	15094260
21	Chr2	bes1_eth_rep5_peak_21	1375
22	Chr2	bes1_eth_rep5_peak_22	3430
23	Chr2	bes1_eth_rep5_peak_23	10016
24	Chr2	bes1_eth_rep5_peak_24	3264197
25	Chr2	bes1_eth_rep5_peak_25	3272137
26	Chr2	bes1_eth_rep5_peak_26	3275822
27	Chr2	bes1_eth_rep5_peak_27	3281737
28	Chr2	bes1_eth_rep5_peak_28	3283620
29	Chr2	bes1_eth_rep5_peak_29	3314075
30	Chr2	bes1_eth_rep5_peak_30	3324539
31	Chr2	bes1_eth_rep5_peak_31	3330999
32	Chr2	bes1_eth_rep5_peak_32	3332386
33	Chr2	bes1_eth_rep5_peak_33	3334496
34	Chr2	bes1_eth_rep5_peak_34	3335046
35	Chr2	bes1_eth_rep5_peak_35	3335622
36	Chr2	bes1_eth_rep5_peak_36	3356844
37	Chr2	bes1_eth_rep5_peak_37	3364706
38	Chr2	bes1_eth_rep5_peak_38	3376836
39	Chr2	bes1_eth_rep5_peak_39	3377698
40	Chr2	bes1_eth_rep5_peak_40	3378121
41	Chr2	bes1_eth_rep5_peak_41	3394032
42	Chr2	bes1_eth_rep5_peak_42	3400244
43	Chr2	bes1_eth_rep5_peak_43	3406516
44	Chr2	bes1_eth_rep5_peak_44	3429060
45	Chr2	bes1_eth_rep5_peak_45	3438342
46	Chr2	bes1_eth_rep5_peak_46	3438680
47	Chr2	bes1_eth_rep5_peak_47	3459052
48	Chr2	bes1_eth_rep5_peak_48	3460418
49	Chr2	bes1_eth_rep5_peak_49	3478343
50	Chr2	bes1_eth_rep5_peak_50	3483959
51	Chr2	bes1_eth_rep5_peak_51	3486648
52	Chr2	bes1_eth_rep5_peak_52	3487577
53	Chr2	bes1_eth_rep5_peak_53	3491032
54	Chr2	bes1_eth_rep5_peak_54	3493397
55	Chr2	bes1_eth_rep5_peak_55	3495388
56	Chr2	bes1_eth_rep5_peak_56	3497281
57	Chr2	bes1_eth_rep5_peak_57	3497584
58	Chr2	bes1_eth_rep5_peak_58	3499505
59	Chr2	bes1_eth_rep5_peak_59	3500868
60	Chr2	bes1_eth_rep5_peak_60	3607136
61	Chr2	bes1_eth_rep5_peak_61	3615017
62	Chr2	bes1_eth_rep5_peak_62	3616056
63	Chr2	bes1_eth_rep5_peak_63	3618130
64	Chr2	bes1_eth_rep5_peak_64	3618993
65	Chr2	bes1_eth_rep5_peak_65	3619562
66	Chr2	bes1_eth_rep5_peak_66	3620035
67	Chr2	bes1_eth_rep5_peak_67	3621203
68	Chr2	bes1_eth_rep5_peak_68	3621714
69	Chr2	bes1_eth_rep5_peak_69	3622608
70	Chr2	bes1_eth_rep5_peak_70	3623496
71	Chr2	bes1_eth_rep5_peak_71	3624631
72	Chr2	bes1_eth_rep5_peak_72	3625334
73	Chr2	bes1_eth_rep5_peak_73	3626346
74	Chr2	bes1_eth_rep5_peak_74	3627313
75	Chr2	bes1_eth_rep5_peak_75	3629402
76	Chr2	bes1_eth_rep5_peak_76	5767765
77	Chr2	bes1_eth_rep5_peak_77	7190965
78	Chr3	bes1_eth_rep5_peak_78	1655497
79	Chr3	bes1_eth_rep5_peak_79	13587694
80	Chr3	bes1_eth_rep5_peak_80	13588940
81	Chr3	bes1_eth_rep5_peak_81	13589287
82	Chr3	bes1_eth_rep5_peak_82	13589946
83	Chr3	bes1_eth_rep5_peak_83	13590269
84	Chr3	bes1_eth_rep5_peak_84	13591084
85	Chr3	bes1_eth_rep5_peak_85	13591725
86	Chr3	bes1_eth_rep5_peak_86	13592408
87	Chr3	bes1_eth_rep5_peak_87	14194358
88	Chr3	bes1_eth_rep5_peak_88	14196050
89	Chr3	bes1_eth_rep5_peak_89	14196557
90	Chr3	bes1_eth_rep5_peak_90	14196921
91	Chr3	bes1_eth_rep5_peak_91	14197398
92	Chr3	bes1_eth_rep5_peak_92	14199656
93	Chr3	bes1_eth_rep5_peak_93	14200078
94	Chr3	bes1_eth_rep5_peak_94	14201702
95	Chr3	bes1_eth_rep5_peak_95	14202136
96	Chr3	bes1_eth_rep5_peak_96	14208213
97	Chr4	bes1_eth_rep5_peak_97	3950588
98	Chr4	bes1_eth_rep5_peak_98	3951044
99	Chr4	bes1_eth_rep5_peak_99	3951339
100	Chr4	bes1_eth_rep5_peak_100	3951914
101	Chr4	bes1_eth_rep5_peak_101	3952770
102	Chr4	bes1_eth_rep5_peak_102	3952972
103	Chr4	bes1_eth_rep5_peak_103	3953579
104	Chr4	bes1_eth_rep5_peak_104	3954755
105	Chr4	bes1_eth_rep5_peak_105	3965727
106	Chr4	bes1_eth_rep5_peak_106	3966561
107	Chr4	bes1_eth_rep5_peak_107	3979436
108	Chr4	bes1_eth_rep5_peak_108	3987519
109	Chr4	bes1_eth_rep5_peak_109	4009816
110	Chr4	bes1_eth_rep5_peak_110	4011614
111	Chr5	bes1_eth_rep5_peak_111	3253172
112	Chr5	bes1_eth_rep5_peak_112	11185057
113	Chr5	bes1_eth_rep5_peak_113	11702394
114	Chr5	bes1_eth_rep5_peak_114	11705344
115	Chr5	bes1_eth_rep5_peak_115	11723691
116	Chr5	bes1_eth_rep5_peak_116	11727795
117	Chr5	bes1_eth_rep5_peak_117	11728657
118	Chr5	bes1_eth_rep5_peak_118	11730486
119	Chr5	bes1_eth_rep5_peak_119	11731527
120	Chr5	bes1_eth_rep5_peak_120	11732323
121	Chr5	bes1_eth_rep5_peak_121	11733138
122	Chr5	bes1_eth_rep5_peak_122	11734877
123	Chr5	bes1_eth_rep5_peak_123	11735213
124	Chr5	bes1_eth_rep5_peak_124	11736019
125	ChrC	bes1_eth_rep5_peak_125	800
126	ChrC	bes1_eth_rep5_peak_126	46804
127	ChrC	bes1_eth_rep5_peak_127	111937
128	ChrC	bes1_eth_rep5_peak_128	114335
129	ChrC	bes1_eth_rep5_peak_129	116325
130	ChrM	bes1_eth_rep5_peak_130	331
131	ChrM	bes1_eth_rep5_peak_131	1126
132	ChrM	bes1_eth_rep5_peak_132	1363
133	ChrM	bes1_eth_rep5_peak_133	2211
134	ChrM	bes1_eth_rep5_peak_134	3524
135	ChrM	bes1_eth_rep5_peak_135	3854
136	ChrM	bes1_eth_rep5_peak_136	4464
137	ChrM	bes1_eth_rep5_peak_137	5450
138	ChrM	bes1_eth_rep5_peak_138	5856
139	ChrM	bes1_eth_rep5_peak_139	6205
140	ChrM	bes1_eth_rep5_peak_140	7468
141	ChrM	bes1_eth_rep5_peak_141	7686
142	ChrM	bes1_eth_rep5_peak_142	8223
143	ChrM	bes1_eth_rep5_peak_143	8776
144	ChrM	bes1_eth_rep5_peak_144	9462
145	ChrM	bes1_eth_rep5_peak_145	9785
146	ChrM	bes1_eth_rep5_peak_146	10293
147	ChrM	bes1_eth_rep5_peak_147	10769
148	ChrM	bes1_eth_rep5_peak_148	12568
149	ChrM	bes1_eth_rep5_peak_149	13247
150	ChrM	bes1_eth_rep5_peak_150	13920
151	ChrM	bes1_eth_rep5_peak_151	14333
152	ChrM	bes1_eth_rep5_peak_152	14673
153	ChrM	bes1_eth_rep5_peak_153	15162
154	ChrM	bes1_eth_rep5_peak_154	15762
155	ChrM	bes1_eth_rep5_peak_155	16895
156	ChrM	bes1_eth_rep5_peak_156	17211
157	ChrM	bes1_eth_rep5_peak_157	19231
158	ChrM	bes1_eth_rep5_peak_158	19596
159	ChrM	bes1_eth_rep5_peak_159	21788
160	ChrM	bes1_eth_rep5_peak_160	22999
161	ChrM	bes1_eth_rep5_peak_161	23507
162	ChrM	bes1_eth_rep5_peak_162	24159
163	ChrM	bes1_eth_rep5_peak_163	24559
164	ChrM	bes1_eth_rep5_peak_164	24976
165	ChrM	bes1_eth_rep5_peak_165	25812
166	ChrM	bes1_eth_rep5_peak_166	27868
167	ChrM	bes1_eth_rep5_peak_167	30882
168	ChrM	bes1_eth_rep5_peak_168	31962
169	ChrM	bes1_eth_rep5_peak_169	33153
170	ChrM	bes1_eth_rep5_peak_170	33721
171	ChrM	bes1_eth_rep5_peak_171	34142
172	ChrM	bes1_eth_rep5_peak_172	34824
173	ChrM	bes1_eth_rep5_peak_173	35771
174	ChrM	bes1_eth_rep5_peak_174	36928
175	ChrM	bes1_eth_rep5_peak_175	37169
176	ChrM	bes1_eth_rep5_peak_176	37556
177	ChrM	bes1_eth_rep5_peak_177	38118
178	ChrM	bes1_eth_rep5_peak_178	38396
179	ChrM	bes1_eth_rep5_peak_179	39395
180	ChrM	bes1_eth_rep5_peak_180	40935
181	ChrM	bes1_eth_rep5_peak_181	42073
182	ChrM	bes1_eth_rep5_peak_182	42918
183	ChrM	bes1_eth_rep5_peak_183	43367
184	ChrM	bes1_eth_rep5_peak_184	44560
185	ChrM	bes1_eth_rep5_peak_185	80747
186	ChrM	bes1_eth_rep5_peak_186	155262
187	ChrM	bes1_eth_rep5_peak_187	162668
188	ChrM	bes1_eth_rep5_peak_188	183158
189	ChrM	bes1_eth_rep5_peak_189	184090
190	ChrM	bes1_eth_rep5_peak_190	184722
191	ChrM	bes1_eth_rep5_peak_191	186078
192	ChrM	bes1_eth_rep5_peak_192	186876
193	ChrM	bes1_eth_rep5_peak_193	188165
194	ChrM	bes1_eth_rep5_peak_194	188603
195	ChrM	bes1_eth_rep5_peak_195	188863
196	ChrM	bes1_eth_rep5_peak_196	189184
197	ChrM	bes1_eth_rep5_peak_197	189647
198	ChrM	bes1_eth_rep5_peak_198	192375
199	ChrM	bes1_eth_rep5_peak_199	193989
200	ChrM	bes1_eth_rep5_peak_200	194838
201	ChrM	bes1_eth_rep5_peak_201	195667
202	ChrM	bes1_eth_rep5_peak_202	196191
203	ChrM	bes1_eth_rep5_peak_203	196631
204	ChrM	bes1_eth_rep5_peak_204	197321
205	ChrM	bes1_eth_rep5_peak_205	198050
206	ChrM	bes1_eth_rep5_peak_206	199082
207	ChrM	bes1_eth_rep5_peak_207	199542
208	ChrM	bes1_eth_rep5_peak_208	200651
209	ChrM	bes1_eth_rep5_peak_209	201250
210	ChrM	bes1_eth_rep5_peak_210	201956
211	ChrM	bes1_eth_rep5_peak_211	202718
212	ChrM	bes1_eth_rep5_peak_212	202893
213	ChrM	bes1_eth_rep5_peak_213	203512
214	ChrM	bes1_eth_rep5_peak_214	205907
215	ChrM	bes1_eth_rep5_peak_215	206304
216	ChrM	bes1_eth_rep5_peak_216	207049
217	ChrM	bes1_eth_rep5_peak_217	207383
218	ChrM	bes1_eth_rep5_peak_218	207685
219	ChrM	bes1_eth_rep5_peak_219	208460
220	ChrM	bes1_eth_rep5_peak_220	209448
221	ChrM	bes1_eth_rep5_peak_221	209659
222	ChrM	bes1_eth_rep5_peak_222	233139
223	ChrM	bes1_eth_rep5_peak_223	283912
224	ChrM	bes1_eth_rep5_peak_224	284631
225	ChrM	bes1_eth_rep5_peak_225	284965
226	ChrM	bes1_eth_rep5_peak_226	285218
227	ChrM	bes1_eth_rep5_peak_227	285741
228	ChrM	bes1_eth_rep5_peak_228	286304
229	ChrM	bes1_eth_rep5_peak_229	287351
230	ChrM	bes1_eth_rep5_peak_230	288633
231	ChrM	bes1_eth_rep5_peak_231	289829
232	ChrM	bes1_eth_rep5_peak_232	290349
233	ChrM	bes1_eth_rep5_peak_233	305667
234	ChrM	bes1_eth_rep5_peak_234	343728
235	ChrM	bes1_eth_rep5_peak_235	344096
236	ChrM	bes1_eth_rep5_peak_236	344447
237	ChrM	bes1_eth_rep5_peak_237	345949
238	ChrM	bes1_eth_rep5_peak_238	346259
239	ChrM	bes1_eth_rep5_peak_239	346986
240	ChrM	bes1_eth_rep5_peak_240	347639
241	ChrM	bes1_eth_rep5_peak_241	348330
242	ChrM	bes1_eth_rep5_peak_242	349018
243	ChrM	bes1_eth_rep5_peak_243	349375
244	ChrM	bes1_eth_rep5_peak_244	350108
245	ChrM	bes1_eth_rep5_peak_245	351925
246	ChrM	bes1_eth_rep5_peak_246	352810
247	ChrM	bes1_eth_rep5_peak_247	353056
248	ChrM	bes1_eth_rep5_peak_248	353900
249	ChrM	bes1_eth_rep5_peak_249	354906
250	ChrM	bes1_eth_rep5_peak_250	355397
251	ChrM	bes1_eth_rep5_peak_251	356557
252	ChrM	bes1_eth_rep5_peak_252	358661
253	ChrM	bes1_eth_rep5_peak_253	359033
254	ChrM	bes1_eth_rep5_peak_254	360118
255	ChrM	bes1_eth_rep5_peak_255	360943
256	ChrM	bes1_eth_rep5_peak_256	361741
257	ChrM	bes1_eth_rep5_peak_257	362404
258	ChrM	bes1_eth_rep5_peak_258	364251
259	ChrM	bes1_eth_rep5_peak_259	365440
260	ChrM	bes1_eth_rep5_peak_260	366039
261	ChrM	bes1_eth_rep5_peak_261	366626
