1	Chr1	edf2_ja_rep2_peak_1	298488
2	Chr1	edf2_ja_rep2_peak_2	471633
3	Chr1	edf2_ja_rep2_peak_3	559815
4	Chr1	edf2_ja_rep2_peak_4	1704991
5	Chr1	edf2_ja_rep2_peak_5	2283150
6	Chr1	edf2_ja_rep2_peak_6	3101323
7	Chr1	edf2_ja_rep2_peak_7	3283998
8	Chr1	edf2_ja_rep2_peak_8	3522906
9	Chr1	edf2_ja_rep2_peak_9	4461852
10	Chr1	edf2_ja_rep2_peak_10	4542259
11	Chr1	edf2_ja_rep2_peak_11	4991183
12	Chr1	edf2_ja_rep2_peak_12	6904738
13	Chr1	edf2_ja_rep2_peak_13	7038288
14	Chr1	edf2_ja_rep1_peak_1	7656245
14	Chr1	edf2_ja_rep2_peak_14	7656298
15	Chr1	edf2_ja_rep1_peak_2	7798072
16	Chr1	edf2_ja_rep2_peak_15	8487541
17	Chr1	edf2_ja_rep2_peak_16	8598718
18	Chr1	edf2_ja_rep2_peak_17	8728600
19	Chr1	edf2_ja_rep2_peak_18	8983133
20	Chr1	edf2_ja_rep2_peak_19	8985122
21	Chr1	edf2_ja_rep2_peak_20	9425300
22	Chr1	edf2_ja_rep2_peak_21	9456604
23	Chr1	edf2_ja_rep1_peak_3	9860923
24	Chr1	edf2_ja_rep1_peak_4	10362425
25	Chr1	edf2_ja_rep1_peak_5	12251935
25	Chr1	edf2_ja_rep2_peak_22	12251936
26	Chr1	edf2_ja_rep1_peak_6	14721324
26	Chr1	edf2_ja_rep2_peak_23	14721358
27	Chr1	edf2_ja_rep2_peak_24	14721960
28	Chr1	edf2_ja_rep1_peak_7	15082171
28	Chr1	edf2_ja_rep2_peak_25	15082263
29	Chr1	edf2_ja_rep1_peak_8	15082819
29	Chr1	edf2_ja_rep2_peak_26	15082846
30	Chr1	edf2_ja_rep1_peak_9	15083724
30	Chr1	edf2_ja_rep2_peak_27	15083716
31	Chr1	edf2_ja_rep1_peak_10	15084443
31	Chr1	edf2_ja_rep2_peak_28	15084444
32	Chr1	edf2_ja_rep1_peak_10	15084443
32	Chr1	edf2_ja_rep2_peak_29	15084855
33	Chr1	edf2_ja_rep1_peak_11	15085664
33	Chr1	edf2_ja_rep2_peak_30	15085675
34	Chr1	edf2_ja_rep2_peak_31	15099906
35	Chr1	edf2_ja_rep1_peak_12	16509889
36	Chr1	edf2_ja_rep2_peak_32	16900894
37	Chr1	edf2_ja_rep2_peak_33	17875178
38	Chr1	edf2_ja_rep2_peak_34	18680162
39	Chr1	edf2_ja_rep2_peak_35	18681155
40	Chr1	edf2_ja_rep2_peak_36	18942656
41	Chr1	edf2_ja_rep2_peak_37	18945766
42	Chr1	edf2_ja_rep2_peak_38	19496340
43	Chr1	edf2_ja_rep1_peak_13	19574817
43	Chr1	edf2_ja_rep2_peak_39	19574822
44	Chr1	edf2_ja_rep2_peak_40	20511115
45	Chr1	edf2_ja_rep2_peak_41	21228163
46	Chr1	edf2_ja_rep1_peak_14	22318543
46	Chr1	edf2_ja_rep2_peak_42	22318424
47	Chr1	edf2_ja_rep2_peak_43	22829795
48	Chr1	edf2_ja_rep2_peak_44	24096222
49	Chr1	edf2_ja_rep2_peak_45	24136071
50	Chr1	edf2_ja_rep2_peak_46	24263455
51	Chr1	edf2_ja_rep2_peak_47	24621086
52	Chr1	edf2_ja_rep2_peak_48	25456202
53	Chr1	edf2_ja_rep2_peak_49	25833573
54	Chr1	edf2_ja_rep1_peak_15	25834424
54	Chr1	edf2_ja_rep2_peak_50	25834259
55	Chr1	edf2_ja_rep2_peak_51	25837838
56	Chr1	edf2_ja_rep2_peak_52	25838354
57	Chr1	edf2_ja_rep2_peak_53	25838495
58	Chr1	edf2_ja_rep2_peak_54	25844735
59	Chr1	edf2_ja_rep2_peak_55	25846920
60	Chr1	edf2_ja_rep2_peak_56	25847690
61	Chr1	edf2_ja_rep2_peak_57	25848528
62	Chr1	edf2_ja_rep1_peak_16	25850684
63	Chr1	edf2_ja_rep2_peak_58	25860304
64	Chr1	edf2_ja_rep2_peak_59	25860510
65	Chr1	edf2_ja_rep1_peak_17	25861677
65	Chr1	edf2_ja_rep2_peak_60	25861589
66	Chr1	edf2_ja_rep2_peak_61	25862499
67	Chr1	edf2_ja_rep2_peak_62	25866404
68	Chr1	edf2_ja_rep2_peak_63	25870049
69	Chr1	edf2_ja_rep2_peak_64	25870636
70	Chr1	edf2_ja_rep2_peak_65	25870889
71	Chr1	edf2_ja_rep2_peak_66	25875234
72	Chr1	edf2_ja_rep1_peak_18	25876804
72	Chr1	edf2_ja_rep2_peak_67	25876683
73	Chr1	edf2_ja_rep2_peak_68	25877799
74	Chr1	edf2_ja_rep2_peak_69	25878900
75	Chr1	edf2_ja_rep2_peak_70	25879256
76	Chr1	edf2_ja_rep2_peak_71	25880404
77	Chr1	edf2_ja_rep2_peak_72	25884900
78	Chr1	edf2_ja_rep2_peak_73	25887382
79	Chr1	edf2_ja_rep2_peak_74	25888652
80	Chr1	edf2_ja_rep2_peak_75	25889688
81	Chr1	edf2_ja_rep2_peak_76	25890326
82	Chr1	edf2_ja_rep2_peak_77	25890696
83	Chr1	edf2_ja_rep2_peak_78	26299201
84	Chr1	edf2_ja_rep2_peak_79	28280917
85	Chr1	edf2_ja_rep2_peak_80	28467689
86	Chr1	edf2_ja_rep2_peak_81	29229312
87	Chr1	edf2_ja_rep2_peak_82	29765671
88	Chr1	edf2_ja_rep2_peak_83	29766778
89	Chr1	edf2_ja_rep2_peak_84	30240859
90	Chr2	edf2_ja_rep1_peak_19	1376
90	Chr2	edf2_ja_rep2_peak_85	1375
91	Chr2	edf2_ja_rep1_peak_20	1920
92	Chr2	edf2_ja_rep1_peak_21	2652
92	Chr2	edf2_ja_rep2_peak_86	2656
93	Chr2	edf2_ja_rep1_peak_22	2942
94	Chr2	edf2_ja_rep1_peak_23	3428
94	Chr2	edf2_ja_rep2_peak_87	3431
95	Chr2	edf2_ja_rep1_peak_24	5764
96	Chr2	edf2_ja_rep1_peak_25	10016
96	Chr2	edf2_ja_rep2_peak_88	10016
97	Chr2	edf2_ja_rep2_peak_89	52623
98	Chr2	edf2_ja_rep2_peak_90	263365
99	Chr2	edf2_ja_rep2_peak_91	641502
100	Chr2	edf2_ja_rep1_peak_26	3605896
100	Chr2	edf2_ja_rep2_peak_92	3605879
101	Chr2	edf2_ja_rep1_peak_27	3607147
101	Chr2	edf2_ja_rep2_peak_93	3607133
102	Chr2	edf2_ja_rep1_peak_28	3607759
103	Chr2	edf2_ja_rep2_peak_94	3613205
104	Chr2	edf2_ja_rep1_peak_29	3615015
104	Chr2	edf2_ja_rep2_peak_95	3615013
105	Chr2	edf2_ja_rep1_peak_30	3616056
105	Chr2	edf2_ja_rep2_peak_96	3616061
106	Chr2	edf2_ja_rep1_peak_31	3616815
106	Chr2	edf2_ja_rep2_peak_97	3616815
107	Chr2	edf2_ja_rep1_peak_32	3617252
107	Chr2	edf2_ja_rep2_peak_98	3617221
108	Chr2	edf2_ja_rep1_peak_33	3618134
108	Chr2	edf2_ja_rep2_peak_99	3618133
109	Chr2	edf2_ja_rep1_peak_34	3618994
109	Chr2	edf2_ja_rep2_peak_100	3618991
110	Chr2	edf2_ja_rep1_peak_35	3619569
110	Chr2	edf2_ja_rep2_peak_101	3619561
111	Chr2	edf2_ja_rep1_peak_36	3620013
111	Chr2	edf2_ja_rep2_peak_102	3620020
112	Chr2	edf2_ja_rep1_peak_37	3620731
113	Chr2	edf2_ja_rep1_peak_38	3621207
113	Chr2	edf2_ja_rep2_peak_103	3621201
114	Chr2	edf2_ja_rep1_peak_39	3621706
114	Chr2	edf2_ja_rep2_peak_104	3621713
115	Chr2	edf2_ja_rep1_peak_40	3622603
115	Chr2	edf2_ja_rep2_peak_105	3622609
116	Chr2	edf2_ja_rep1_peak_41	3623493
116	Chr2	edf2_ja_rep2_peak_106	3623492
117	Chr2	edf2_ja_rep1_peak_41	3623493
117	Chr2	edf2_ja_rep2_peak_107	3623717
118	Chr2	edf2_ja_rep1_peak_42	3624630
118	Chr2	edf2_ja_rep2_peak_108	3624630
119	Chr2	edf2_ja_rep1_peak_43	3625319
119	Chr2	edf2_ja_rep2_peak_109	3625332
120	Chr2	edf2_ja_rep1_peak_44	3626365
120	Chr2	edf2_ja_rep2_peak_110	3626358
121	Chr2	edf2_ja_rep1_peak_45	3626960
121	Chr2	edf2_ja_rep2_peak_111	3626975
122	Chr2	edf2_ja_rep1_peak_46	3627307
122	Chr2	edf2_ja_rep2_peak_112	3627315
123	Chr2	edf2_ja_rep2_peak_113	3629415
124	Chr2	edf2_ja_rep2_peak_114	3707016
125	Chr2	edf2_ja_rep2_peak_115	3718316
126	Chr2	edf2_ja_rep2_peak_116	6018537
127	Chr2	edf2_ja_rep1_peak_47	7190970
127	Chr2	edf2_ja_rep2_peak_117	7190976
128	Chr2	edf2_ja_rep2_peak_118	7238395
129	Chr2	edf2_ja_rep2_peak_119	8221769
130	Chr2	edf2_ja_rep2_peak_120	9172249
131	Chr2	edf2_ja_rep2_peak_121	9784631
132	Chr2	edf2_ja_rep2_peak_122	11214303
133	Chr2	edf2_ja_rep2_peak_123	11277793
134	Chr2	edf2_ja_rep2_peak_124	12111577
135	Chr2	edf2_ja_rep2_peak_125	12120766
136	Chr2	edf2_ja_rep2_peak_126	12624563
137	Chr2	edf2_ja_rep2_peak_127	13293724
138	Chr2	edf2_ja_rep1_peak_48	14261610
139	Chr2	edf2_ja_rep2_peak_128	14295901
140	Chr2	edf2_ja_rep2_peak_129	14645145
141	Chr2	edf2_ja_rep2_peak_130	15081258
142	Chr2	edf2_ja_rep2_peak_131	15100242
143	Chr2	edf2_ja_rep2_peak_132	16885758
144	Chr2	edf2_ja_rep1_peak_49	17189324
144	Chr2	edf2_ja_rep2_peak_133	17189330
145	Chr2	edf2_ja_rep2_peak_134	17221309
146	Chr2	edf2_ja_rep2_peak_135	17504859
147	Chr2	edf2_ja_rep2_peak_136	17508874
148	Chr2	edf2_ja_rep2_peak_137	17510241
149	Chr2	edf2_ja_rep1_peak_50	19309405
150	Chr3	edf2_ja_rep2_peak_138	613620
151	Chr3	edf2_ja_rep2_peak_139	1047252
152	Chr3	edf2_ja_rep2_peak_140	1395970
153	Chr3	edf2_ja_rep2_peak_141	1757411
154	Chr3	edf2_ja_rep2_peak_142	2353858
155	Chr3	edf2_ja_rep1_peak_51	4462022
155	Chr3	edf2_ja_rep2_peak_143	4462009
156	Chr3	edf2_ja_rep2_peak_144	4723901
157	Chr3	edf2_ja_rep2_peak_145	4831386
158	Chr3	edf2_ja_rep2_peak_146	6164337
159	Chr3	edf2_ja_rep2_peak_147	6380806
160	Chr3	edf2_ja_rep2_peak_148	6970598
161	Chr3	edf2_ja_rep2_peak_149	7503621
162	Chr3	edf2_ja_rep2_peak_150	7629360
163	Chr3	edf2_ja_rep2_peak_151	7997528
164	Chr3	edf2_ja_rep2_peak_152	8104664
165	Chr3	edf2_ja_rep1_peak_52	13587006
166	Chr3	edf2_ja_rep1_peak_53	13587691
166	Chr3	edf2_ja_rep2_peak_153	13587697
167	Chr3	edf2_ja_rep1_peak_54	13588911
167	Chr3	edf2_ja_rep2_peak_154	13588932
168	Chr3	edf2_ja_rep1_peak_55	13589228
168	Chr3	edf2_ja_rep2_peak_155	13589298
169	Chr3	edf2_ja_rep1_peak_56	13591711
169	Chr3	edf2_ja_rep2_peak_156	13589944
170	Chr3	edf2_ja_rep1_peak_56	13591711
170	Chr3	edf2_ja_rep2_peak_158	13591094
171	Chr3	edf2_ja_rep1_peak_56	13591711
171	Chr3	edf2_ja_rep2_peak_159	13591718
172	Chr3	edf2_ja_rep1_peak_56	13591711
172	Chr3	edf2_ja_rep2_peak_160	13592405
173	Chr3	edf2_ja_rep1_peak_57	13705961
174	Chr3	edf2_ja_rep1_peak_58	13709814
174	Chr3	edf2_ja_rep2_peak_161	13709817
175	Chr3	edf2_ja_rep2_peak_162	14186234
176	Chr3	edf2_ja_rep1_peak_59	14194356
176	Chr3	edf2_ja_rep2_peak_163	14194352
177	Chr3	edf2_ja_rep1_peak_60	14196051
177	Chr3	edf2_ja_rep2_peak_164	14195728
178	Chr3	edf2_ja_rep1_peak_60	14196051
178	Chr3	edf2_ja_rep2_peak_165	14196050
179	Chr3	edf2_ja_rep1_peak_61	14196557
179	Chr3	edf2_ja_rep2_peak_166	14196559
180	Chr3	edf2_ja_rep1_peak_62	14196920
180	Chr3	edf2_ja_rep2_peak_167	14196919
181	Chr3	edf2_ja_rep1_peak_63	14197398
181	Chr3	edf2_ja_rep2_peak_168	14197398
182	Chr3	edf2_ja_rep1_peak_64	14198165
182	Chr3	edf2_ja_rep2_peak_169	14198164
183	Chr3	edf2_ja_rep1_peak_65	14199002
184	Chr3	edf2_ja_rep1_peak_66	14199655
184	Chr3	edf2_ja_rep2_peak_170	14199653
185	Chr3	edf2_ja_rep1_peak_67	14200077
185	Chr3	edf2_ja_rep2_peak_171	14200076
186	Chr3	edf2_ja_rep1_peak_68	14201060
186	Chr3	edf2_ja_rep2_peak_172	14201059
187	Chr3	edf2_ja_rep1_peak_69	14201702
187	Chr3	edf2_ja_rep2_peak_173	14201702
188	Chr3	edf2_ja_rep1_peak_70	14202136
188	Chr3	edf2_ja_rep2_peak_174	14202123
189	Chr3	edf2_ja_rep1_peak_71	14202812
190	Chr3	edf2_ja_rep1_peak_72	14204761
191	Chr3	edf2_ja_rep2_peak_175	14207093
192	Chr3	edf2_ja_rep1_peak_73	14208344
192	Chr3	edf2_ja_rep2_peak_176	14208368
193	Chr3	edf2_ja_rep1_peak_74	14223731
194	Chr3	edf2_ja_rep2_peak_177	16815178
195	Chr3	edf2_ja_rep2_peak_178	17157823
196	Chr3	edf2_ja_rep2_peak_179	17997520
197	Chr3	edf2_ja_rep2_peak_180	18960701
198	Chr3	edf2_ja_rep2_peak_181	19702420
199	Chr3	edf2_ja_rep2_peak_182	19806528
200	Chr3	edf2_ja_rep1_peak_75	20086684
201	Chr3	edf2_ja_rep2_peak_183	20114582
202	Chr3	edf2_ja_rep2_peak_184	21510395
203	Chr3	edf2_ja_rep2_peak_185	21884459
204	Chr3	edf2_ja_rep2_peak_186	22744509
205	Chr3	edf2_ja_rep1_peak_76	22947908
205	Chr3	edf2_ja_rep2_peak_187	22947982
206	Chr3	edf2_ja_rep2_peak_188	22951393
207	Chr3	edf2_ja_rep2_peak_189	22985515
208	Chr3	edf2_ja_rep1_peak_77	22991161
208	Chr3	edf2_ja_rep2_peak_190	22991095
209	Chr3	edf2_ja_rep2_peak_191	23224268
210	Chr4	edf2_ja_rep2_peak_192	629807
211	Chr4	edf2_ja_rep2_peak_193	1415311
212	Chr4	edf2_ja_rep2_peak_194	1431786
213	Chr4	edf2_ja_rep1_peak_78	3054335
214	Chr4	edf2_ja_rep1_peak_79	3061265
215	Chr4	edf2_ja_rep2_peak_195	3840918
216	Chr4	edf2_ja_rep1_peak_80	3951046
216	Chr4	edf2_ja_rep2_peak_196	3950621
217	Chr4	edf2_ja_rep1_peak_80	3951046
217	Chr4	edf2_ja_rep2_peak_197	3951032
218	Chr4	edf2_ja_rep1_peak_80	3951046
218	Chr4	edf2_ja_rep2_peak_198	3951336
219	Chr4	edf2_ja_rep1_peak_81	3951916
219	Chr4	edf2_ja_rep2_peak_199	3951923
220	Chr4	edf2_ja_rep1_peak_82	3952171
220	Chr4	edf2_ja_rep2_peak_200	3952182
221	Chr4	edf2_ja_rep1_peak_83	3952972
221	Chr4	edf2_ja_rep2_peak_201	3952973
222	Chr4	edf2_ja_rep1_peak_84	3953581
222	Chr4	edf2_ja_rep2_peak_202	3953582
223	Chr4	edf2_ja_rep1_peak_85	3954754
223	Chr4	edf2_ja_rep2_peak_203	3954762
224	Chr4	edf2_ja_rep1_peak_86	3955337
224	Chr4	edf2_ja_rep2_peak_204	3955361
225	Chr4	edf2_ja_rep1_peak_87	3955887
226	Chr4	edf2_ja_rep1_peak_88	3965728
226	Chr4	edf2_ja_rep2_peak_205	3965722
227	Chr4	edf2_ja_rep1_peak_89	3966531
227	Chr4	edf2_ja_rep2_peak_206	3966543
228	Chr4	edf2_ja_rep1_peak_90	3968369
228	Chr4	edf2_ja_rep2_peak_207	3968351
229	Chr4	edf2_ja_rep1_peak_91	3969227
230	Chr4	edf2_ja_rep1_peak_92	3971199
231	Chr4	edf2_ja_rep1_peak_93	3972702
232	Chr4	edf2_ja_rep1_peak_94	3974756
232	Chr4	edf2_ja_rep2_peak_208	3974760
233	Chr4	edf2_ja_rep1_peak_95	3976634
234	Chr4	edf2_ja_rep1_peak_96	3977726
234	Chr4	edf2_ja_rep2_peak_209	3977713
235	Chr4	edf2_ja_rep2_peak_210	3978695
236	Chr4	edf2_ja_rep1_peak_97	3978908
237	Chr4	edf2_ja_rep1_peak_98	3979431
237	Chr4	edf2_ja_rep2_peak_211	3979434
238	Chr4	edf2_ja_rep1_peak_99	3982519
238	Chr4	edf2_ja_rep2_peak_212	3982517
239	Chr4	edf2_ja_rep1_peak_100	3983415
240	Chr4	edf2_ja_rep1_peak_101	3985443
241	Chr4	edf2_ja_rep1_peak_102	3986137
242	Chr4	edf2_ja_rep1_peak_103	3987519
242	Chr4	edf2_ja_rep2_peak_213	3987521
243	Chr4	edf2_ja_rep2_peak_214	3994413
244	Chr4	edf2_ja_rep2_peak_215	3994994
245	Chr4	edf2_ja_rep1_peak_104	3998281
246	Chr4	edf2_ja_rep1_peak_105	3999106
247	Chr4	edf2_ja_rep1_peak_106	3999781
248	Chr4	edf2_ja_rep1_peak_107	4000716
249	Chr4	edf2_ja_rep1_peak_108	4001213
250	Chr4	edf2_ja_rep1_peak_109	4002282
251	Chr4	edf2_ja_rep1_peak_110	4004054
252	Chr4	edf2_ja_rep1_peak_111	4006008
253	Chr4	edf2_ja_rep1_peak_112	4006255
254	Chr4	edf2_ja_rep1_peak_113	4007299
255	Chr4	edf2_ja_rep1_peak_114	4009810
255	Chr4	edf2_ja_rep2_peak_216	4009808
256	Chr4	edf2_ja_rep1_peak_115	4010252
256	Chr4	edf2_ja_rep2_peak_217	4010236
257	Chr4	edf2_ja_rep1_peak_116	4011178
258	Chr4	edf2_ja_rep1_peak_117	4011629
258	Chr4	edf2_ja_rep2_peak_218	4011632
259	Chr4	edf2_ja_rep2_peak_219	6047785
260	Chr4	edf2_ja_rep2_peak_220	7104581
261	Chr4	edf2_ja_rep2_peak_221	8140207
262	Chr4	edf2_ja_rep2_peak_222	9347806
263	Chr4	edf2_ja_rep2_peak_223	9715704
264	Chr4	edf2_ja_rep2_peak_224	9815285
265	Chr4	edf2_ja_rep2_peak_225	10102012
266	Chr4	edf2_ja_rep2_peak_226	10291640
267	Chr4	edf2_ja_rep2_peak_227	11639000
268	Chr4	edf2_ja_rep1_peak_118	12051628
268	Chr4	edf2_ja_rep2_peak_228	12051624
269	Chr4	edf2_ja_rep2_peak_229	12166951
270	Chr4	edf2_ja_rep2_peak_230	12436956
271	Chr4	edf2_ja_rep2_peak_231	12537031
272	Chr4	edf2_ja_rep2_peak_232	12727145
273	Chr4	edf2_ja_rep2_peak_233	13023739
274	Chr4	edf2_ja_rep2_peak_234	14097401
275	Chr4	edf2_ja_rep2_peak_235	14371083
276	Chr4	edf2_ja_rep1_peak_119	14385522
277	Chr4	edf2_ja_rep2_peak_236	14626371
278	Chr4	edf2_ja_rep2_peak_237	14696507
279	Chr4	edf2_ja_rep2_peak_238	15227439
280	Chr4	edf2_ja_rep2_peak_239	15231305
281	Chr4	edf2_ja_rep2_peak_240	15401498
282	Chr4	edf2_ja_rep2_peak_241	15981223
283	Chr4	edf2_ja_rep2_peak_242	16583103
284	Chr4	edf2_ja_rep2_peak_243	16951908
285	Chr4	edf2_ja_rep2_peak_244	17755060
286	Chr4	edf2_ja_rep2_peak_245	18125812
287	Chr5	edf2_ja_rep2_peak_246	338666
288	Chr5	edf2_ja_rep1_peak_120	397892
289	Chr5	edf2_ja_rep2_peak_247	758005
290	Chr5	edf2_ja_rep2_peak_248	992853
291	Chr5	edf2_ja_rep2_peak_249	2399612
292	Chr5	edf2_ja_rep2_peak_250	2400747
293	Chr5	edf2_ja_rep2_peak_251	2943853
294	Chr5	edf2_ja_rep2_peak_252	2944813
295	Chr5	edf2_ja_rep1_peak_121	3253199
295	Chr5	edf2_ja_rep2_peak_253	3253199
296	Chr5	edf2_ja_rep2_peak_254	3336133
297	Chr5	edf2_ja_rep2_peak_255	3514188
298	Chr5	edf2_ja_rep2_peak_256	4171912
299	Chr5	edf2_ja_rep2_peak_257	4423194
300	Chr5	edf2_ja_rep2_peak_258	4740876
301	Chr5	edf2_ja_rep2_peak_259	5215998
302	Chr5	edf2_ja_rep2_peak_260	5885989
303	Chr5	edf2_ja_rep2_peak_261	6309752
304	Chr5	edf2_ja_rep2_peak_262	6458242
305	Chr5	edf2_ja_rep2_peak_263	6792044
306	Chr5	edf2_ja_rep1_peak_122	8498465
306	Chr5	edf2_ja_rep2_peak_264	8498445
307	Chr5	edf2_ja_rep2_peak_265	8618772
308	Chr5	edf2_ja_rep2_peak_266	8698484
309	Chr5	edf2_ja_rep2_peak_267	8777646
310	Chr5	edf2_ja_rep2_peak_268	9515764
311	Chr5	edf2_ja_rep2_peak_269	10648739
312	Chr5	edf2_ja_rep1_peak_123	11181277
313	Chr5	edf2_ja_rep1_peak_124	11185057
313	Chr5	edf2_ja_rep2_peak_270	11185082
314	Chr5	edf2_ja_rep1_peak_125	11702254
314	Chr5	edf2_ja_rep2_peak_271	11702388
315	Chr5	edf2_ja_rep1_peak_126	11703044
315	Chr5	edf2_ja_rep2_peak_272	11703056
316	Chr5	edf2_ja_rep1_peak_127	11703462
317	Chr5	edf2_ja_rep1_peak_128	11704156
318	Chr5	edf2_ja_rep1_peak_129	11705344
318	Chr5	edf2_ja_rep2_peak_273	11705350
319	Chr5	edf2_ja_rep1_peak_130	11708378
319	Chr5	edf2_ja_rep2_peak_274	11708369
320	Chr5	edf2_ja_rep1_peak_131	11709073
321	Chr5	edf2_ja_rep1_peak_132	11723693
321	Chr5	edf2_ja_rep2_peak_275	11723402
322	Chr5	edf2_ja_rep1_peak_132	11723693
322	Chr5	edf2_ja_rep2_peak_276	11723718
323	Chr5	edf2_ja_rep1_peak_133	11724472
324	Chr5	edf2_ja_rep1_peak_134	11726291
325	Chr5	edf2_ja_rep1_peak_135	11726515
325	Chr5	edf2_ja_rep2_peak_277	11726901
326	Chr5	edf2_ja_rep1_peak_136	11727133
327	Chr5	edf2_ja_rep1_peak_137	11727797
327	Chr5	edf2_ja_rep2_peak_278	11727800
328	Chr5	edf2_ja_rep1_peak_138	11728654
328	Chr5	edf2_ja_rep2_peak_279	11728662
329	Chr5	edf2_ja_rep1_peak_139	11729202
330	Chr5	edf2_ja_rep1_peak_140	11729725
331	Chr5	edf2_ja_rep1_peak_141	11730486
331	Chr5	edf2_ja_rep2_peak_280	11730479
332	Chr5	edf2_ja_rep1_peak_142	11731524
332	Chr5	edf2_ja_rep2_peak_281	11731512
333	Chr5	edf2_ja_rep1_peak_143	11732088
333	Chr5	edf2_ja_rep2_peak_282	11732316
334	Chr5	edf2_ja_rep1_peak_144	11733152
335	Chr5	edf2_ja_rep1_peak_145	11733764
335	Chr5	edf2_ja_rep2_peak_283	11733782
336	Chr5	edf2_ja_rep1_peak_146	11734875
336	Chr5	edf2_ja_rep2_peak_284	11734879
337	Chr5	edf2_ja_rep1_peak_147	11735215
337	Chr5	edf2_ja_rep2_peak_285	11735221
338	Chr5	edf2_ja_rep1_peak_148	11736031
338	Chr5	edf2_ja_rep2_peak_286	11736015
339	Chr5	edf2_ja_rep1_peak_149	12877699
340	Chr5	edf2_ja_rep1_peak_150	14529584
341	Chr5	edf2_ja_rep2_peak_287	15630009
342	Chr5	edf2_ja_rep2_peak_288	16213054
343	Chr5	edf2_ja_rep2_peak_289	16385267
344	Chr5	edf2_ja_rep2_peak_290	16434393
345	Chr5	edf2_ja_rep2_peak_291	17367801
346	Chr5	edf2_ja_rep1_peak_151	17375155
347	Chr5	edf2_ja_rep1_peak_152	17758848
347	Chr5	edf2_ja_rep2_peak_292	17758847
348	Chr5	edf2_ja_rep2_peak_293	17893003
349	Chr5	edf2_ja_rep2_peak_294	17913713
350	Chr5	edf2_ja_rep2_peak_295	18213663
351	Chr5	edf2_ja_rep2_peak_296	18215805
352	Chr5	edf2_ja_rep2_peak_297	18378681
353	Chr5	edf2_ja_rep2_peak_298	20943122
354	Chr5	edf2_ja_rep2_peak_299	21029815
355	Chr5	edf2_ja_rep2_peak_300	21226156
356	Chr5	edf2_ja_rep1_peak_153	21607444
356	Chr5	edf2_ja_rep2_peak_301	21607444
357	Chr5	edf2_ja_rep2_peak_302	21794345
358	Chr5	edf2_ja_rep2_peak_303	22318158
359	Chr5	edf2_ja_rep2_peak_304	22758047
360	Chr5	edf2_ja_rep2_peak_305	23147568
361	Chr5	edf2_ja_rep2_peak_306	23400458
362	Chr5	edf2_ja_rep2_peak_307	23582392
363	Chr5	edf2_ja_rep2_peak_308	24741339
364	Chr5	edf2_ja_rep2_peak_309	24765504
365	Chr5	edf2_ja_rep2_peak_310	24834016
366	Chr5	edf2_ja_rep2_peak_311	24977161
367	Chr5	edf2_ja_rep2_peak_312	24990755
368	Chr5	edf2_ja_rep2_peak_313	24991190
369	Chr5	edf2_ja_rep2_peak_314	26502935
370	Chr5	edf2_ja_rep2_peak_315	26573981
371	Chr5	edf2_ja_rep2_peak_316	26809794
372	Chr5	edf2_ja_rep2_peak_317	26843197
373	ChrC	edf2_ja_rep2_peak_318	8616
373	ChrC	edf2_ja_rep1_peak_154	8609
373	ChrC	edf2_ja_rep2_peak_319	29578
374	ChrC	edf2_ja_rep1_peak_155	47590
374	ChrC	edf2_ja_rep2_peak_320	46689
375	ChrC	edf2_ja_rep1_peak_156	110443
375	ChrC	edf2_ja_rep2_peak_321	113978
376	ChrC	edf2_ja_rep1_peak_156	110443
376	ChrC	edf2_ja_rep2_peak_322	114333
377	ChrC	edf2_ja_rep1_peak_157	125775
377	ChrC	edf2_ja_rep2_peak_323	126538
