1	Chr1	edf3_air_rep2_peak_1	7656143
2	Chr1	edf3_air_rep2_peak_2	12251957
3	Chr1	edf3_air_rep2_peak_3	14721328
4	Chr1	edf3_air_rep2_peak_4	15082857
5	Chr1	edf3_air_rep2_peak_5	15083714
6	Chr1	edf3_air_rep2_peak_6	15084444
7	Chr1	edf3_air_rep2_peak_7	15084854
8	Chr1	edf3_air_rep2_peak_8	15085682
9	Chr2	edf3_air_rep2_peak_9	1375
10	Chr2	edf3_air_rep2_peak_10	2649
11	Chr2	edf3_air_rep2_peak_11	3427
12	Chr2	edf3_air_rep2_peak_12	10004
13	Chr2	edf3_air_rep2_peak_13	3314035
14	Chr2	edf3_air_rep2_peak_14	3332398
15	Chr2	edf3_air_rep2_peak_15	3438341
16	Chr2	edf3_air_rep2_peak_16	3438677
17	Chr2	edf3_air_rep2_peak_17	3460417
18	Chr2	edf3_air_rep2_peak_18	3605894
19	Chr2	edf3_air_rep2_peak_19	3607133
20	Chr2	edf3_air_rep2_peak_20	3615013
21	Chr2	edf3_air_rep2_peak_21	3616056
22	Chr2	edf3_air_rep2_peak_22	3616685
23	Chr2	edf3_air_rep2_peak_23	3617244
24	Chr2	edf3_air_rep2_peak_24	3618132
25	Chr2	edf3_air_rep2_peak_25	3618994
26	Chr2	edf3_air_rep2_peak_26	3619553
27	Chr2	edf3_air_rep2_peak_27	3620026
28	Chr2	edf3_air_rep2_peak_28	3621209
29	Chr2	edf3_air_rep2_peak_29	3621714
30	Chr2	edf3_air_rep2_peak_30	3622605
31	Chr2	edf3_air_rep2_peak_31	3623495
32	Chr2	edf3_air_rep2_peak_32	3624630
33	Chr2	edf3_air_rep2_peak_33	3625340
34	Chr2	edf3_air_rep2_peak_34	3626344
35	Chr2	edf3_air_rep2_peak_35	3626975
36	Chr2	edf3_air_rep2_peak_36	3627308
37	Chr2	edf3_air_rep2_peak_37	7190969
38	Chr2	edf3_air_rep2_peak_38	19309404
39	Chr3	edf3_air_rep2_peak_39	9378962
40	Chr3	edf3_air_rep2_peak_40	9380865
41	Chr3	edf3_air_rep2_peak_41	9381683
42	Chr3	edf3_air_rep2_peak_42	9383295
43	Chr3	edf3_air_rep2_peak_43	9384856
44	Chr3	edf3_air_rep2_peak_44	9385522
45	Chr3	edf3_air_rep2_peak_45	9385919
46	Chr3	edf3_air_rep2_peak_46	9386402
47	Chr3	edf3_air_rep2_peak_47	9386902
48	Chr3	edf3_air_rep2_peak_48	9387558
49	Chr3	edf3_air_rep2_peak_49	9387842
50	Chr3	edf3_air_rep2_peak_50	9396269
51	Chr3	edf3_air_rep2_peak_51	9398550
52	Chr3	edf3_air_rep2_peak_52	9405045
53	Chr3	edf3_air_rep2_peak_53	9407567
54	Chr3	edf3_air_rep2_peak_54	9408905
55	Chr3	edf3_air_rep2_peak_55	9410370
56	Chr3	edf3_air_rep2_peak_56	9411029
57	Chr3	edf3_air_rep2_peak_57	9411450
58	Chr3	edf3_air_rep2_peak_58	9412134
59	Chr3	edf3_air_rep2_peak_59	9414213
60	Chr3	edf3_air_rep2_peak_60	9415605
61	Chr3	edf3_air_rep2_peak_61	9418937
62	Chr3	edf3_air_rep2_peak_62	9419730
63	Chr3	edf3_air_rep2_peak_63	9422402
64	Chr3	edf3_air_rep2_peak_64	9428923
65	Chr3	edf3_air_rep2_peak_65	9430213
66	Chr3	edf3_air_rep2_peak_66	9432354
67	Chr3	edf3_air_rep2_peak_67	9433559
68	Chr3	edf3_air_rep2_peak_68	9435130
69	Chr3	edf3_air_rep2_peak_69	13587696
70	Chr3	edf3_air_rep2_peak_70	13588943
71	Chr3	edf3_air_rep2_peak_71	13589231
72	Chr3	edf3_air_rep2_peak_72	13590620
73	Chr3	edf3_air_rep2_peak_73	13591095
74	Chr3	edf3_air_rep2_peak_74	13591715
75	Chr3	edf3_air_rep2_peak_75	13709810
76	Chr3	edf3_air_rep2_peak_76	14194363
77	Chr3	edf3_air_rep2_peak_77	14195726
78	Chr3	edf3_air_rep2_peak_78	14196051
79	Chr3	edf3_air_rep2_peak_79	14196557
80	Chr3	edf3_air_rep2_peak_80	14196921
81	Chr3	edf3_air_rep2_peak_81	14197398
82	Chr3	edf3_air_rep2_peak_82	14198164
83	Chr3	edf3_air_rep2_peak_83	14199003
84	Chr3	edf3_air_rep2_peak_84	14199655
85	Chr3	edf3_air_rep2_peak_85	14200077
86	Chr3	edf3_air_rep2_peak_86	14201058
87	Chr3	edf3_air_rep2_peak_87	14201702
88	Chr3	edf3_air_rep2_peak_88	14202137
89	Chr3	edf3_air_rep2_peak_89	22991119
90	Chr4	edf3_air_rep2_peak_90	3950612
91	Chr4	edf3_air_rep2_peak_91	3951042
92	Chr4	edf3_air_rep2_peak_92	3951334
93	Chr4	edf3_air_rep2_peak_93	3951915
94	Chr4	edf3_air_rep2_peak_94	3952973
95	Chr4	edf3_air_rep2_peak_95	3953583
96	Chr4	edf3_air_rep2_peak_96	3954757
97	Chr4	edf3_air_rep2_peak_97	3955339
98	Chr4	edf3_air_rep2_peak_98	3965723
99	Chr4	edf3_air_rep2_peak_99	3966559
100	Chr4	edf3_air_rep2_peak_100	3968362
101	Chr4	edf3_air_rep2_peak_101	3969217
102	Chr4	edf3_air_rep2_peak_102	3977718
103	Chr4	edf3_air_rep2_peak_103	3978919
104	Chr4	edf3_air_rep2_peak_104	3979433
105	Chr4	edf3_air_rep2_peak_105	3987518
106	Chr4	edf3_air_rep2_peak_106	3994437
107	Chr4	edf3_air_rep2_peak_107	4004052
108	Chr4	edf3_air_rep2_peak_108	4006003
109	Chr4	edf3_air_rep2_peak_109	4007300
110	Chr4	edf3_air_rep2_peak_110	4009816
111	Chr4	edf3_air_rep2_peak_111	4010251
112	Chr4	edf3_air_rep2_peak_112	4011610
113	Chr4	edf3_air_rep2_peak_113	12051598
114	Chr4	edf3_air_rep2_peak_114	12322879
115	Chr4	edf3_air_rep2_peak_115	12323323
116	Chr4	edf3_air_rep2_peak_116	16638554
117	Chr4	edf3_air_rep2_peak_117	17755081
118	Chr4	edf3_air_rep2_peak_118	17861237
119	Chr5	edf3_air_rep2_peak_119	2943802
120	Chr5	edf3_air_rep2_peak_120	3253203
121	Chr5	edf3_air_rep2_peak_121	11185057
122	Chr5	edf3_air_rep2_peak_122	11702381
123	Chr5	edf3_air_rep2_peak_123	11703041
124	Chr5	edf3_air_rep2_peak_124	11705344
125	Chr5	edf3_air_rep2_peak_125	11708376
126	Chr5	edf3_air_rep2_peak_126	11723726
127	Chr5	edf3_air_rep2_peak_127	11727795
128	Chr5	edf3_air_rep2_peak_128	11728659
129	Chr5	edf3_air_rep2_peak_129	11730489
130	Chr5	edf3_air_rep2_peak_130	11731528
131	Chr5	edf3_air_rep2_peak_131	11732323
132	Chr5	edf3_air_rep2_peak_132	11733767
133	Chr5	edf3_air_rep2_peak_133	11734876
134	Chr5	edf3_air_rep2_peak_134	11735209
135	Chr5	edf3_air_rep2_peak_135	11736022
136	Chr5	edf3_air_rep2_peak_136	21607486
137	ChrC	edf3_air_rep2_peak_137	8874
138	ChrC	edf3_air_rep2_peak_138	44023
139	ChrC	edf3_air_rep2_peak_139	113537
140	ChrC	edf3_air_rep2_peak_140	126701
141	ChrM	edf3_air_rep2_peak_141	3428
