1	Chr1	ein3_ja_rep1_peak_1	1157888
1	Chr1	ein3_ja_rep2_peak_1	1157847
2	Chr1	ein3_ja_rep1_peak_2	1481091
2	Chr1	ein3_ja_rep2_peak_2	1481104
3	Chr1	ein3_ja_rep1_peak_3	1841167
3	Chr1	ein3_ja_rep2_peak_3	1841095
4	Chr1	ein3_ja_rep1_peak_4	2670141
5	Chr1	ein3_ja_rep2_peak_4	2690206
6	Chr1	ein3_ja_rep2_peak_5	2690736
7	Chr1	ein3_ja_rep1_peak_5	2862832
8	Chr1	ein3_ja_rep1_peak_6	3072604
8	Chr1	ein3_ja_rep2_peak_6	3072579
9	Chr1	ein3_ja_rep1_peak_7	3076669
9	Chr1	ein3_ja_rep2_peak_7	3076737
10	Chr1	ein3_ja_rep1_peak_8	3100872
11	Chr1	ein3_ja_rep2_peak_8	3283780
12	Chr1	ein3_ja_rep1_peak_9	3324645
12	Chr1	ein3_ja_rep2_peak_9	3324599
13	Chr1	ein3_ja_rep2_peak_10	3441060
14	Chr1	ein3_ja_rep1_peak_10	3770471
15	Chr1	ein3_ja_rep1_peak_11	4541770
15	Chr1	ein3_ja_rep2_peak_11	4541816
16	Chr1	ein3_ja_rep1_peak_12	5006412
17	Chr1	ein3_ja_rep2_peak_12	5138059
18	Chr1	ein3_ja_rep1_peak_13	5145670
18	Chr1	ein3_ja_rep2_peak_13	5145683
19	Chr1	ein3_ja_rep1_peak_14	5596285
19	Chr1	ein3_ja_rep2_peak_14	5596261
20	Chr1	ein3_ja_rep2_peak_15	5895162
21	Chr1	ein3_ja_rep1_peak_15	6298426
21	Chr1	ein3_ja_rep2_peak_16	6298404
22	Chr1	ein3_ja_rep1_peak_16	6456548
22	Chr1	ein3_ja_rep2_peak_17	6456513
23	Chr1	ein3_ja_rep1_peak_17	6687350
23	Chr1	ein3_ja_rep2_peak_18	6687258
24	Chr1	ein3_ja_rep1_peak_18	6731593
24	Chr1	ein3_ja_rep2_peak_19	6731603
25	Chr1	ein3_ja_rep2_peak_20	6832440
26	Chr1	ein3_ja_rep2_peak_21	6911516
27	Chr1	ein3_ja_rep2_peak_22	7270628
28	Chr1	ein3_ja_rep1_peak_19	7321397
29	Chr1	ein3_ja_rep2_peak_23	7368903
30	Chr1	ein3_ja_rep1_peak_20	7833024
30	Chr1	ein3_ja_rep2_peak_24	7833058
31	Chr1	ein3_ja_rep2_peak_25	8843175
32	Chr1	ein3_ja_rep2_peak_26	8983707
33	Chr1	ein3_ja_rep1_peak_21	8984997
33	Chr1	ein3_ja_rep2_peak_27	8985003
34	Chr1	ein3_ja_rep1_peak_22	9094380
34	Chr1	ein3_ja_rep2_peak_28	9094355
35	Chr1	ein3_ja_rep1_peak_23	9095464
35	Chr1	ein3_ja_rep2_peak_29	9095435
36	Chr1	ein3_ja_rep2_peak_30	9461096
37	Chr1	ein3_ja_rep2_peak_31	9959522
38	Chr1	ein3_ja_rep2_peak_32	10123292
39	Chr1	ein3_ja_rep1_peak_24	11227954
40	Chr1	ein3_ja_rep1_peak_25	11827357
40	Chr1	ein3_ja_rep2_peak_33	11827341
41	Chr1	ein3_ja_rep1_peak_26	11861053
42	Chr1	ein3_ja_rep1_peak_27	12041387
43	Chr1	ein3_ja_rep1_peak_28	13453406
43	Chr1	ein3_ja_rep2_peak_34	13453323
44	Chr1	ein3_ja_rep1_peak_29	13462847
44	Chr1	ein3_ja_rep2_peak_35	13462845
45	Chr1	ein3_ja_rep1_peak_30	15082165
46	Chr1	ein3_ja_rep1_peak_31	15082849
47	Chr1	ein3_ja_rep1_peak_32	15083732
47	Chr1	ein3_ja_rep2_peak_36	15083703
48	Chr1	ein3_ja_rep1_peak_33	15084441
48	Chr1	ein3_ja_rep2_peak_37	15084453
49	Chr1	ein3_ja_rep1_peak_34	15084908
49	Chr1	ein3_ja_rep2_peak_38	15084821
50	Chr1	ein3_ja_rep1_peak_35	15085668
51	Chr1	ein3_ja_rep1_peak_36	15085950
52	Chr1	ein3_ja_rep2_peak_39	18104936
53	Chr1	ein3_ja_rep2_peak_40	18323489
54	Chr1	ein3_ja_rep1_peak_37	18380086
54	Chr1	ein3_ja_rep2_peak_41	18380023
55	Chr1	ein3_ja_rep1_peak_38	18560494
55	Chr1	ein3_ja_rep2_peak_42	18560496
56	Chr1	ein3_ja_rep1_peak_39	18680630
56	Chr1	ein3_ja_rep2_peak_43	18680751
57	Chr1	ein3_ja_rep1_peak_40	19250977
57	Chr1	ein3_ja_rep2_peak_44	19250924
58	Chr1	ein3_ja_rep1_peak_41	19300083
58	Chr1	ein3_ja_rep2_peak_45	19300085
59	Chr1	ein3_ja_rep2_peak_46	19646017
60	Chr1	ein3_ja_rep1_peak_42	19698579
60	Chr1	ein3_ja_rep2_peak_47	19698622
61	Chr1	ein3_ja_rep1_peak_43	19699395
61	Chr1	ein3_ja_rep2_peak_48	19699379
62	Chr1	ein3_ja_rep1_peak_44	19831436
62	Chr1	ein3_ja_rep2_peak_49	19831446
63	Chr1	ein3_ja_rep1_peak_45	20044335
63	Chr1	ein3_ja_rep2_peak_50	20044422
64	Chr1	ein3_ja_rep2_peak_51	20210456
65	Chr1	ein3_ja_rep2_peak_52	20899075
66	Chr1	ein3_ja_rep2_peak_53	22064725
67	Chr1	ein3_ja_rep1_peak_46	22158732
67	Chr1	ein3_ja_rep2_peak_54	22158716
68	Chr1	ein3_ja_rep2_peak_55	22422149
69	Chr1	ein3_ja_rep1_peak_47	23075555
70	Chr1	ein3_ja_rep2_peak_56	23105360
71	Chr1	ein3_ja_rep2_peak_57	23787770
72	Chr1	ein3_ja_rep2_peak_58	24644701
73	Chr1	ein3_ja_rep1_peak_48	24649805
73	Chr1	ein3_ja_rep2_peak_59	24649754
74	Chr1	ein3_ja_rep1_peak_49	24766945
74	Chr1	ein3_ja_rep2_peak_60	24766933
75	Chr1	ein3_ja_rep1_peak_50	25030127
76	Chr1	ein3_ja_rep1_peak_51	25051549
76	Chr1	ein3_ja_rep2_peak_61	25051534
77	Chr1	ein3_ja_rep1_peak_52	25216897
77	Chr1	ein3_ja_rep2_peak_62	25216913
78	Chr1	ein3_ja_rep1_peak_53	25389798
79	Chr1	ein3_ja_rep1_peak_54	25879037
79	Chr1	ein3_ja_rep2_peak_63	25879038
80	Chr1	ein3_ja_rep1_peak_55	26123535
80	Chr1	ein3_ja_rep2_peak_64	26123619
81	Chr1	ein3_ja_rep2_peak_65	26541426
82	Chr1	ein3_ja_rep1_peak_56	27762904
82	Chr1	ein3_ja_rep2_peak_66	27763337
83	Chr1	ein3_ja_rep1_peak_57	28294250
83	Chr1	ein3_ja_rep2_peak_67	28294294
84	Chr1	ein3_ja_rep1_peak_58	28335175
84	Chr1	ein3_ja_rep2_peak_68	28335243
85	Chr1	ein3_ja_rep1_peak_59	28336966
85	Chr1	ein3_ja_rep2_peak_69	28336899
86	Chr1	ein3_ja_rep2_peak_70	28386576
87	Chr1	ein3_ja_rep2_peak_71	28700749
88	Chr1	ein3_ja_rep2_peak_72	28987754
89	Chr1	ein3_ja_rep2_peak_73	29066558
90	Chr1	ein3_ja_rep2_peak_74	29067024
91	Chr1	ein3_ja_rep1_peak_60	29067825
92	Chr1	ein3_ja_rep1_peak_61	29766983
92	Chr1	ein3_ja_rep2_peak_75	29767027
93	Chr1	ein3_ja_rep1_peak_62	29779618
93	Chr1	ein3_ja_rep2_peak_76	29779561
94	Chr1	ein3_ja_rep2_peak_77	30044447
95	Chr1	ein3_ja_rep2_peak_78	30288953
96	Chr1	ein3_ja_rep1_peak_63	30379959
96	Chr1	ein3_ja_rep2_peak_79	30379968
97	Chr2	ein3_ja_rep1_peak_64	1374
97	Chr2	ein3_ja_rep2_peak_80	1374
98	Chr2	ein3_ja_rep1_peak_65	2641
98	Chr2	ein3_ja_rep2_peak_81	2643
99	Chr2	ein3_ja_rep1_peak_66	2948
100	Chr2	ein3_ja_rep1_peak_67	3426
100	Chr2	ein3_ja_rep2_peak_82	3501
101	Chr2	ein3_ja_rep1_peak_68	5766
102	Chr2	ein3_ja_rep1_peak_69	10004
102	Chr2	ein3_ja_rep2_peak_83	10030
103	Chr2	ein3_ja_rep1_peak_70	97728
103	Chr2	ein3_ja_rep2_peak_84	97790
104	Chr2	ein3_ja_rep1_peak_71	367738
104	Chr2	ein3_ja_rep2_peak_85	367888
105	Chr2	ein3_ja_rep1_peak_72	1188883
105	Chr2	ein3_ja_rep2_peak_86	1188775
106	Chr2	ein3_ja_rep1_peak_73	2732461
107	Chr2	ein3_ja_rep2_peak_87	3260683
108	Chr2	ein3_ja_rep2_peak_88	3263454
109	Chr2	ein3_ja_rep2_peak_89	3264197
110	Chr2	ein3_ja_rep2_peak_90	3265388
111	Chr2	ein3_ja_rep2_peak_91	3266065
112	Chr2	ein3_ja_rep2_peak_92	3272173
113	Chr2	ein3_ja_rep1_peak_74	3275860
113	Chr2	ein3_ja_rep2_peak_93	3275851
114	Chr2	ein3_ja_rep2_peak_94	3276171
115	Chr2	ein3_ja_rep1_peak_75	3278816
115	Chr2	ein3_ja_rep2_peak_95	3278787
116	Chr2	ein3_ja_rep1_peak_76	3280586
116	Chr2	ein3_ja_rep2_peak_96	3280585
117	Chr2	ein3_ja_rep2_peak_97	3281736
118	Chr2	ein3_ja_rep1_peak_77	3283620
118	Chr2	ein3_ja_rep2_peak_98	3283555
119	Chr2	ein3_ja_rep1_peak_78	3291992
119	Chr2	ein3_ja_rep2_peak_99	3291992
120	Chr2	ein3_ja_rep2_peak_100	3294595
121	Chr2	ein3_ja_rep2_peak_101	3295502
122	Chr2	ein3_ja_rep2_peak_102	3296164
123	Chr2	ein3_ja_rep2_peak_103	3299423
124	Chr2	ein3_ja_rep1_peak_79	3303863
124	Chr2	ein3_ja_rep2_peak_104	3303862
125	Chr2	ein3_ja_rep1_peak_80	3306651
125	Chr2	ein3_ja_rep2_peak_105	3306653
126	Chr2	ein3_ja_rep2_peak_106	3313288
127	Chr2	ein3_ja_rep1_peak_81	3314040
127	Chr2	ein3_ja_rep2_peak_107	3314049
128	Chr2	ein3_ja_rep1_peak_82	3314677
128	Chr2	ein3_ja_rep2_peak_108	3314667
129	Chr2	ein3_ja_rep2_peak_109	3314947
130	Chr2	ein3_ja_rep2_peak_110	3320031
131	Chr2	ein3_ja_rep1_peak_83	3322002
131	Chr2	ein3_ja_rep2_peak_111	3322002
132	Chr2	ein3_ja_rep1_peak_84	3324611
132	Chr2	ein3_ja_rep2_peak_112	3324574
133	Chr2	ein3_ja_rep2_peak_113	3329619
134	Chr2	ein3_ja_rep2_peak_114	3330998
135	Chr2	ein3_ja_rep2_peak_115	3331375
136	Chr2	ein3_ja_rep1_peak_85	3332396
136	Chr2	ein3_ja_rep2_peak_116	3332365
137	Chr2	ein3_ja_rep1_peak_86	3333008
137	Chr2	ein3_ja_rep2_peak_117	3333016
138	Chr2	ein3_ja_rep1_peak_87	3334161
138	Chr2	ein3_ja_rep2_peak_118	3334350
139	Chr2	ein3_ja_rep1_peak_88	3334678
139	Chr2	ein3_ja_rep2_peak_118	3334350
140	Chr2	ein3_ja_rep1_peak_89	3334983
140	Chr2	ein3_ja_rep2_peak_119	3335209
141	Chr2	ein3_ja_rep2_peak_120	3335586
142	Chr2	ein3_ja_rep2_peak_121	3338094
143	Chr2	ein3_ja_rep2_peak_122	3342241
144	Chr2	ein3_ja_rep1_peak_90	3342794
144	Chr2	ein3_ja_rep2_peak_123	3342798
145	Chr2	ein3_ja_rep1_peak_91	3344648
145	Chr2	ein3_ja_rep2_peak_124	3344649
146	Chr2	ein3_ja_rep2_peak_125	3346699
147	Chr2	ein3_ja_rep2_peak_126	3349081
148	Chr2	ein3_ja_rep1_peak_92	3356846
148	Chr2	ein3_ja_rep2_peak_127	3357029
149	Chr2	ein3_ja_rep2_peak_128	3357597
150	Chr2	ein3_ja_rep2_peak_129	3359111
151	Chr2	ein3_ja_rep2_peak_130	3360989
152	Chr2	ein3_ja_rep1_peak_93	3364711
152	Chr2	ein3_ja_rep2_peak_131	3364754
153	Chr2	ein3_ja_rep1_peak_94	3365616
153	Chr2	ein3_ja_rep2_peak_132	3365638
154	Chr2	ein3_ja_rep2_peak_133	3366575
155	Chr2	ein3_ja_rep2_peak_134	3375210
156	Chr2	ein3_ja_rep1_peak_95	3376566
157	Chr2	ein3_ja_rep1_peak_96	3377084
157	Chr2	ein3_ja_rep2_peak_135	3377089
158	Chr2	ein3_ja_rep1_peak_97	3377698
158	Chr2	ein3_ja_rep2_peak_136	3377713
159	Chr2	ein3_ja_rep1_peak_98	3378040
159	Chr2	ein3_ja_rep2_peak_137	3378276
160	Chr2	ein3_ja_rep1_peak_99	3378658
160	Chr2	ein3_ja_rep2_peak_138	3378657
161	Chr2	ein3_ja_rep2_peak_139	3394041
162	Chr2	ein3_ja_rep1_peak_100	3397063
163	Chr2	ein3_ja_rep1_peak_101	3400225
163	Chr2	ein3_ja_rep2_peak_140	3400332
164	Chr2	ein3_ja_rep2_peak_141	3404943
165	Chr2	ein3_ja_rep1_peak_102	3406491
165	Chr2	ein3_ja_rep2_peak_142	3406473
166	Chr2	ein3_ja_rep1_peak_103	3411107
167	Chr2	ein3_ja_rep1_peak_104	3412728
167	Chr2	ein3_ja_rep2_peak_143	3412767
168	Chr2	ein3_ja_rep2_peak_144	3418757
169	Chr2	ein3_ja_rep2_peak_145	3434006
170	Chr2	ein3_ja_rep1_peak_105	3438341
170	Chr2	ein3_ja_rep2_peak_146	3438337
171	Chr2	ein3_ja_rep1_peak_106	3438680
171	Chr2	ein3_ja_rep2_peak_147	3438678
172	Chr2	ein3_ja_rep1_peak_107	3447452
173	Chr2	ein3_ja_rep2_peak_148	3459263
174	Chr2	ein3_ja_rep1_peak_108	3460444
174	Chr2	ein3_ja_rep2_peak_149	3460392
175	Chr2	ein3_ja_rep2_peak_150	3461086
176	Chr2	ein3_ja_rep2_peak_151	3467005
177	Chr2	ein3_ja_rep2_peak_152	3469369
178	Chr2	ein3_ja_rep2_peak_153	3474891
179	Chr2	ein3_ja_rep2_peak_154	3475892
180	Chr2	ein3_ja_rep1_peak_109	3478347
180	Chr2	ein3_ja_rep2_peak_155	3478332
181	Chr2	ein3_ja_rep2_peak_156	3482452
182	Chr2	ein3_ja_rep1_peak_110	3483934
182	Chr2	ein3_ja_rep2_peak_157	3483966
183	Chr2	ein3_ja_rep1_peak_111	3486092
183	Chr2	ein3_ja_rep2_peak_158	3486082
184	Chr2	ein3_ja_rep1_peak_112	3486553
184	Chr2	ein3_ja_rep2_peak_159	3486616
185	Chr2	ein3_ja_rep2_peak_160	3487576
186	Chr2	ein3_ja_rep1_peak_113	3488767
186	Chr2	ein3_ja_rep2_peak_161	3488772
187	Chr2	ein3_ja_rep1_peak_114	3490320
188	Chr2	ein3_ja_rep1_peak_115	3491075
188	Chr2	ein3_ja_rep2_peak_162	3491080
189	Chr2	ein3_ja_rep2_peak_163	3492511
190	Chr2	ein3_ja_rep1_peak_116	3493302
190	Chr2	ein3_ja_rep2_peak_164	3493330
191	Chr2	ein3_ja_rep1_peak_117	3497492
191	Chr2	ein3_ja_rep2_peak_165	3497519
192	Chr2	ein3_ja_rep2_peak_166	3499506
193	Chr2	ein3_ja_rep1_peak_118	3500867
193	Chr2	ein3_ja_rep2_peak_167	3500863
194	Chr2	ein3_ja_rep1_peak_119	3501867
194	Chr2	ein3_ja_rep2_peak_168	3501866
195	Chr2	ein3_ja_rep1_peak_120	3605886
196	Chr2	ein3_ja_rep1_peak_121	3606169
197	Chr2	ein3_ja_rep1_peak_122	3606883
198	Chr2	ein3_ja_rep1_peak_123	3607149
199	Chr2	ein3_ja_rep1_peak_124	3607756
200	Chr2	ein3_ja_rep1_peak_125	3615027
200	Chr2	ein3_ja_rep2_peak_169	3615024
201	Chr2	ein3_ja_rep1_peak_126	3616055
201	Chr2	ein3_ja_rep2_peak_170	3616076
202	Chr2	ein3_ja_rep1_peak_127	3616683
202	Chr2	ein3_ja_rep2_peak_171	3616820
203	Chr2	ein3_ja_rep1_peak_128	3617214
204	Chr2	ein3_ja_rep1_peak_129	3618138
205	Chr2	ein3_ja_rep1_peak_130	3618994
205	Chr2	ein3_ja_rep2_peak_172	3619017
206	Chr2	ein3_ja_rep1_peak_131	3619569
207	Chr2	ein3_ja_rep1_peak_132	3620739
208	Chr2	ein3_ja_rep1_peak_133	3621199
209	Chr2	ein3_ja_rep1_peak_134	3621712
209	Chr2	ein3_ja_rep2_peak_173	3621713
210	Chr2	ein3_ja_rep1_peak_135	3622603
210	Chr2	ein3_ja_rep2_peak_174	3622591
211	Chr2	ein3_ja_rep1_peak_136	3623498
211	Chr2	ein3_ja_rep2_peak_175	3623484
212	Chr2	ein3_ja_rep1_peak_137	3624630
212	Chr2	ein3_ja_rep2_peak_176	3624630
213	Chr2	ein3_ja_rep1_peak_138	3625297
213	Chr2	ein3_ja_rep2_peak_177	3625315
214	Chr2	ein3_ja_rep1_peak_139	3626335
214	Chr2	ein3_ja_rep2_peak_178	3626352
215	Chr2	ein3_ja_rep1_peak_140	3626960
216	Chr2	ein3_ja_rep1_peak_141	3627309
216	Chr2	ein3_ja_rep2_peak_179	3627303
217	Chr2	ein3_ja_rep1_peak_142	6894838
217	Chr2	ein3_ja_rep2_peak_180	6894783
218	Chr2	ein3_ja_rep1_peak_143	7190967
219	Chr2	ein3_ja_rep1_peak_144	7973627
220	Chr2	ein3_ja_rep2_peak_181	7975223
221	Chr2	ein3_ja_rep2_peak_182	8097255
222	Chr2	ein3_ja_rep1_peak_145	9539680
223	Chr2	ein3_ja_rep1_peak_146	10847193
223	Chr2	ein3_ja_rep2_peak_183	10847235
224	Chr2	ein3_ja_rep1_peak_147	10850567
224	Chr2	ein3_ja_rep2_peak_184	10850600
225	Chr2	ein3_ja_rep2_peak_185	11040368
226	Chr2	ein3_ja_rep1_peak_148	11548847
226	Chr2	ein3_ja_rep2_peak_186	11548845
227	Chr2	ein3_ja_rep2_peak_187	11866925
228	Chr2	ein3_ja_rep1_peak_149	11941360
228	Chr2	ein3_ja_rep2_peak_188	11941346
229	Chr2	ein3_ja_rep1_peak_150	12311851
229	Chr2	ein3_ja_rep2_peak_189	12311880
230	Chr2	ein3_ja_rep2_peak_190	12852867
231	Chr2	ein3_ja_rep1_peak_151	12874583
232	Chr2	ein3_ja_rep1_peak_152	12893868
232	Chr2	ein3_ja_rep2_peak_191	12893994
233	Chr2	ein3_ja_rep2_peak_192	12898339
234	Chr2	ein3_ja_rep1_peak_153	13824419
234	Chr2	ein3_ja_rep2_peak_193	13824355
235	Chr2	ein3_ja_rep1_peak_154	14260788
236	Chr2	ein3_ja_rep1_peak_155	15087569
237	Chr2	ein3_ja_rep1_peak_156	15151500
237	Chr2	ein3_ja_rep2_peak_194	15151522
238	Chr2	ein3_ja_rep1_peak_157	15155396
238	Chr2	ein3_ja_rep2_peak_195	15155420
239	Chr2	ein3_ja_rep1_peak_158	15375222
239	Chr2	ein3_ja_rep2_peak_196	15375217
240	Chr2	ein3_ja_rep1_peak_159	15613094
240	Chr2	ein3_ja_rep2_peak_197	15613053
241	Chr2	ein3_ja_rep1_peak_160	16440972
241	Chr2	ein3_ja_rep2_peak_198	16440908
242	Chr2	ein3_ja_rep1_peak_161	16561016
242	Chr2	ein3_ja_rep2_peak_199	16561065
243	Chr2	ein3_ja_rep2_peak_200	16690037
244	Chr2	ein3_ja_rep1_peak_162	16695733
244	Chr2	ein3_ja_rep2_peak_201	16695705
245	Chr2	ein3_ja_rep1_peak_163	16801759
245	Chr2	ein3_ja_rep2_peak_202	16801724
246	Chr2	ein3_ja_rep2_peak_203	16929542
247	Chr2	ein3_ja_rep2_peak_204	17041702
248	Chr2	ein3_ja_rep1_peak_164	17087378
248	Chr2	ein3_ja_rep2_peak_205	17087425
249	Chr2	ein3_ja_rep2_peak_206	17189538
250	Chr2	ein3_ja_rep1_peak_165	17218590
250	Chr2	ein3_ja_rep2_peak_207	17218546
251	Chr2	ein3_ja_rep2_peak_208	17839441
252	Chr2	ein3_ja_rep1_peak_166	17934338
252	Chr2	ein3_ja_rep2_peak_209	17934323
253	Chr2	ein3_ja_rep1_peak_167	18232824
253	Chr2	ein3_ja_rep2_peak_210	18232853
254	Chr2	ein3_ja_rep1_peak_168	18234522
254	Chr2	ein3_ja_rep2_peak_211	18234523
255	Chr2	ein3_ja_rep1_peak_169	18236935
255	Chr2	ein3_ja_rep2_peak_212	18236888
256	Chr2	ein3_ja_rep2_peak_213	18396415
257	Chr2	ein3_ja_rep2_peak_214	18789155
258	Chr2	ein3_ja_rep1_peak_170	19316419
258	Chr2	ein3_ja_rep2_peak_215	19316385
259	Chr2	ein3_ja_rep2_peak_216	19363356
260	Chr2	ein3_ja_rep2_peak_217	19413373
261	Chr2	ein3_ja_rep1_peak_171	19602462
262	Chr3	ein3_ja_rep1_peak_172	185309
262	Chr3	ein3_ja_rep2_peak_218	185382
263	Chr3	ein3_ja_rep2_peak_219	1066983
264	Chr3	ein3_ja_rep2_peak_220	1548939
265	Chr3	ein3_ja_rep2_peak_221	1739496
266	Chr3	ein3_ja_rep2_peak_222	1759422
267	Chr3	ein3_ja_rep1_peak_173	2349053
268	Chr3	ein3_ja_rep1_peak_174	3251887
269	Chr3	ein3_ja_rep1_peak_175	3444079
269	Chr3	ein3_ja_rep2_peak_223	3444069
270	Chr3	ein3_ja_rep1_peak_176	3502689
270	Chr3	ein3_ja_rep2_peak_224	3502651
271	Chr3	ein3_ja_rep2_peak_225	3725826
272	Chr3	ein3_ja_rep1_peak_177	4006436
272	Chr3	ein3_ja_rep2_peak_226	4006526
273	Chr3	ein3_ja_rep2_peak_227	4407883
274	Chr3	ein3_ja_rep1_peak_178	4576124
274	Chr3	ein3_ja_rep2_peak_228	4576276
275	Chr3	ein3_ja_rep1_peak_179	4740149
275	Chr3	ein3_ja_rep2_peak_229	4740178
276	Chr3	ein3_ja_rep1_peak_180	4802509
276	Chr3	ein3_ja_rep2_peak_230	4802597
277	Chr3	ein3_ja_rep1_peak_181	5234485
277	Chr3	ein3_ja_rep2_peak_231	5234465
278	Chr3	ein3_ja_rep1_peak_182	6383452
279	Chr3	ein3_ja_rep1_peak_183	6531940
279	Chr3	ein3_ja_rep2_peak_232	6531933
280	Chr3	ein3_ja_rep2_peak_233	6604991
281	Chr3	ein3_ja_rep1_peak_184	6612863
282	Chr3	ein3_ja_rep1_peak_185	6772452
282	Chr3	ein3_ja_rep2_peak_234	6772418
283	Chr3	ein3_ja_rep1_peak_186	6843008
284	Chr3	ein3_ja_rep1_peak_187	7114127
284	Chr3	ein3_ja_rep2_peak_235	7114052
285	Chr3	ein3_ja_rep1_peak_188	7160470
285	Chr3	ein3_ja_rep2_peak_236	7160534
286	Chr3	ein3_ja_rep2_peak_237	7238355
287	Chr3	ein3_ja_rep2_peak_238	7239026
288	Chr3	ein3_ja_rep2_peak_239	7240553
289	Chr3	ein3_ja_rep1_peak_189	7241965
290	Chr3	ein3_ja_rep1_peak_190	7243075
291	Chr3	ein3_ja_rep1_peak_191	7244650
291	Chr3	ein3_ja_rep2_peak_240	7244333
292	Chr3	ein3_ja_rep2_peak_241	7245303
293	Chr3	ein3_ja_rep1_peak_192	7247281
294	Chr3	ein3_ja_rep2_peak_242	7248101
295	Chr3	ein3_ja_rep1_peak_193	7248607
296	Chr3	ein3_ja_rep2_peak_243	7249171
297	Chr3	ein3_ja_rep2_peak_244	7249502
298	Chr3	ein3_ja_rep1_peak_194	7249986
299	Chr3	ein3_ja_rep1_peak_195	7250867
300	Chr3	ein3_ja_rep1_peak_196	7251518
301	Chr3	ein3_ja_rep2_peak_245	7251745
302	Chr3	ein3_ja_rep2_peak_246	7252871
303	Chr3	ein3_ja_rep2_peak_247	7256462
304	Chr3	ein3_ja_rep2_peak_248	7261058
305	Chr3	ein3_ja_rep1_peak_197	7261588
306	Chr3	ein3_ja_rep1_peak_198	7262217
306	Chr3	ein3_ja_rep2_peak_249	7262160
307	Chr3	ein3_ja_rep2_peak_250	7263971
308	Chr3	ein3_ja_rep2_peak_251	7266109
309	Chr3	ein3_ja_rep1_peak_199	7579987
309	Chr3	ein3_ja_rep2_peak_252	7579959
310	Chr3	ein3_ja_rep1_peak_200	7816860
310	Chr3	ein3_ja_rep2_peak_253	7816791
311	Chr3	ein3_ja_rep1_peak_201	8182997
311	Chr3	ein3_ja_rep2_peak_254	8183025
312	Chr3	ein3_ja_rep1_peak_202	8254530
312	Chr3	ein3_ja_rep2_peak_255	8254572
313	Chr3	ein3_ja_rep1_peak_203	8258055
313	Chr3	ein3_ja_rep2_peak_256	8257987
314	Chr3	ein3_ja_rep1_peak_204	8482790
315	Chr3	ein3_ja_rep1_peak_205	8593925
315	Chr3	ein3_ja_rep2_peak_257	8593982
316	Chr3	ein3_ja_rep1_peak_206	8822145
317	Chr3	ein3_ja_rep1_peak_207	9395789
317	Chr3	ein3_ja_rep2_peak_258	9395801
318	Chr3	ein3_ja_rep2_peak_259	9396411
319	Chr3	ein3_ja_rep1_peak_208	10591609
320	Chr3	ein3_ja_rep2_peak_260	11033229
321	Chr3	ein3_ja_rep1_peak_209	13587221
322	Chr3	ein3_ja_rep1_peak_210	13587694
322	Chr3	ein3_ja_rep2_peak_261	13587691
323	Chr3	ein3_ja_rep1_peak_211	13588938
324	Chr3	ein3_ja_rep1_peak_212	13589361
324	Chr3	ein3_ja_rep2_peak_262	13589291
325	Chr3	ein3_ja_rep1_peak_213	13590620
325	Chr3	ein3_ja_rep2_peak_263	13590625
326	Chr3	ein3_ja_rep1_peak_213	13590620
326	Chr3	ein3_ja_rep2_peak_264	13591107
327	Chr3	ein3_ja_rep1_peak_214	13591713
327	Chr3	ein3_ja_rep2_peak_265	13591703
328	Chr3	ein3_ja_rep1_peak_214	13591713
328	Chr3	ein3_ja_rep2_peak_266	13592361
329	Chr3	ein3_ja_rep1_peak_215	13709821
330	Chr3	ein3_ja_rep1_peak_216	14194361
330	Chr3	ein3_ja_rep2_peak_267	14194358
331	Chr3	ein3_ja_rep1_peak_217	14196049
331	Chr3	ein3_ja_rep2_peak_268	14196049
332	Chr3	ein3_ja_rep1_peak_218	14196563
332	Chr3	ein3_ja_rep2_peak_269	14196575
333	Chr3	ein3_ja_rep1_peak_219	14196919
333	Chr3	ein3_ja_rep2_peak_270	14196919
334	Chr3	ein3_ja_rep1_peak_220	14197397
334	Chr3	ein3_ja_rep2_peak_271	14197398
335	Chr3	ein3_ja_rep1_peak_221	14198165
336	Chr3	ein3_ja_rep1_peak_222	14199003
337	Chr3	ein3_ja_rep1_peak_223	14199653
337	Chr3	ein3_ja_rep2_peak_272	14199655
338	Chr3	ein3_ja_rep1_peak_224	14200079
338	Chr3	ein3_ja_rep2_peak_273	14200076
339	Chr3	ein3_ja_rep1_peak_225	14201059
340	Chr3	ein3_ja_rep1_peak_226	14201702
340	Chr3	ein3_ja_rep2_peak_274	14201702
341	Chr3	ein3_ja_rep1_peak_227	14202160
341	Chr3	ein3_ja_rep2_peak_275	14202121
342	Chr3	ein3_ja_rep1_peak_228	14202813
343	Chr3	ein3_ja_rep1_peak_229	14208362
343	Chr3	ein3_ja_rep2_peak_276	14208229
344	Chr3	ein3_ja_rep2_peak_277	16668846
345	Chr3	ein3_ja_rep2_peak_278	16788386
346	Chr3	ein3_ja_rep1_peak_230	17009319
346	Chr3	ein3_ja_rep2_peak_279	17009234
347	Chr3	ein3_ja_rep1_peak_231	17178201
347	Chr3	ein3_ja_rep2_peak_280	17178092
348	Chr3	ein3_ja_rep2_peak_281	17248802
349	Chr3	ein3_ja_rep2_peak_282	17509356
350	Chr3	ein3_ja_rep1_peak_232	18158719
350	Chr3	ein3_ja_rep2_peak_283	18158786
351	Chr3	ein3_ja_rep2_peak_284	19406933
352	Chr3	ein3_ja_rep1_peak_233	19742086
352	Chr3	ein3_ja_rep2_peak_285	19742087
353	Chr3	ein3_ja_rep2_peak_286	20195130
354	Chr3	ein3_ja_rep2_peak_287	21106089
355	Chr3	ein3_ja_rep2_peak_288	21262714
356	Chr3	ein3_ja_rep2_peak_289	21737107
357	Chr3	ein3_ja_rep1_peak_234	22129531
357	Chr3	ein3_ja_rep2_peak_290	22129495
358	Chr3	ein3_ja_rep1_peak_235	22249103
359	Chr3	ein3_ja_rep1_peak_236	22364696
359	Chr3	ein3_ja_rep2_peak_291	22364612
360	Chr3	ein3_ja_rep1_peak_237	22371236
360	Chr3	ein3_ja_rep2_peak_292	22371386
361	Chr3	ein3_ja_rep1_peak_238	22735800
361	Chr3	ein3_ja_rep2_peak_293	22735760
362	Chr3	ein3_ja_rep2_peak_294	22807468
363	Chr3	ein3_ja_rep1_peak_239	22991224
364	Chr3	ein3_ja_rep1_peak_240	23287491
364	Chr3	ein3_ja_rep2_peak_295	23287523
365	Chr3	ein3_ja_rep1_peak_241	23348648
365	Chr3	ein3_ja_rep2_peak_296	23348662
366	Chr4	ein3_ja_rep1_peak_242	299325
366	Chr4	ein3_ja_rep2_peak_297	299237
367	Chr4	ein3_ja_rep1_peak_243	1203840
367	Chr4	ein3_ja_rep2_peak_298	1203867
368	Chr4	ein3_ja_rep1_peak_244	1444495
368	Chr4	ein3_ja_rep2_peak_299	1444406
369	Chr4	ein3_ja_rep1_peak_245	3054333
370	Chr4	ein3_ja_rep1_peak_246	3061272
371	Chr4	ein3_ja_rep1_peak_247	3950615
372	Chr4	ein3_ja_rep1_peak_248	3951044
372	Chr4	ein3_ja_rep2_peak_300	3951037
373	Chr4	ein3_ja_rep1_peak_249	3951915
373	Chr4	ein3_ja_rep2_peak_301	3951909
374	Chr4	ein3_ja_rep1_peak_250	3952179
375	Chr4	ein3_ja_rep1_peak_251	3952975
375	Chr4	ein3_ja_rep2_peak_302	3952973
376	Chr4	ein3_ja_rep1_peak_252	3953586
376	Chr4	ein3_ja_rep2_peak_303	3953551
377	Chr4	ein3_ja_rep1_peak_253	3954754
378	Chr4	ein3_ja_rep1_peak_254	3955327
378	Chr4	ein3_ja_rep2_peak_304	3955374
379	Chr4	ein3_ja_rep1_peak_255	3955864
380	Chr4	ein3_ja_rep1_peak_256	3965728
380	Chr4	ein3_ja_rep2_peak_305	3965726
381	Chr4	ein3_ja_rep1_peak_257	3966560
381	Chr4	ein3_ja_rep2_peak_306	3966560
382	Chr4	ein3_ja_rep1_peak_258	3968360
382	Chr4	ein3_ja_rep2_peak_307	3968374
383	Chr4	ein3_ja_rep1_peak_259	3969230
384	Chr4	ein3_ja_rep1_peak_260	3972710
385	Chr4	ein3_ja_rep1_peak_261	3974760
386	Chr4	ein3_ja_rep1_peak_262	3976636
387	Chr4	ein3_ja_rep1_peak_263	3977722
387	Chr4	ein3_ja_rep2_peak_308	3977757
388	Chr4	ein3_ja_rep1_peak_264	3978110
389	Chr4	ein3_ja_rep1_peak_265	3978694
390	Chr4	ein3_ja_rep1_peak_266	3978917
391	Chr4	ein3_ja_rep1_peak_267	3979439
391	Chr4	ein3_ja_rep2_peak_309	3979447
392	Chr4	ein3_ja_rep1_peak_268	3982518
392	Chr4	ein3_ja_rep2_peak_310	3982517
393	Chr4	ein3_ja_rep1_peak_269	3983419
394	Chr4	ein3_ja_rep1_peak_270	3984442
395	Chr4	ein3_ja_rep1_peak_271	3985485
396	Chr4	ein3_ja_rep1_peak_272	3986136
397	Chr4	ein3_ja_rep1_peak_273	3987517
397	Chr4	ein3_ja_rep2_peak_311	3987518
398	Chr4	ein3_ja_rep1_peak_274	3998268
399	Chr4	ein3_ja_rep1_peak_275	4000758
400	Chr4	ein3_ja_rep1_peak_276	4001201
401	Chr4	ein3_ja_rep1_peak_277	4002282
402	Chr4	ein3_ja_rep1_peak_278	4004055
403	Chr4	ein3_ja_rep1_peak_279	4005965
404	Chr4	ein3_ja_rep1_peak_280	4006286
405	Chr4	ein3_ja_rep1_peak_281	4007307
406	Chr4	ein3_ja_rep1_peak_282	4009813
406	Chr4	ein3_ja_rep2_peak_312	4009814
407	Chr4	ein3_ja_rep1_peak_283	4010245
408	Chr4	ein3_ja_rep1_peak_284	4011190
409	Chr4	ein3_ja_rep1_peak_285	4011646
409	Chr4	ein3_ja_rep2_peak_313	4011608
410	Chr4	ein3_ja_rep1_peak_286	4070191
410	Chr4	ein3_ja_rep2_peak_314	4070128
411	Chr4	ein3_ja_rep1_peak_287	5736641
411	Chr4	ein3_ja_rep2_peak_315	5736687
412	Chr4	ein3_ja_rep1_peak_288	5833597
412	Chr4	ein3_ja_rep2_peak_316	5833627
413	Chr4	ein3_ja_rep1_peak_289	6909973
413	Chr4	ein3_ja_rep2_peak_317	6909996
414	Chr4	ein3_ja_rep1_peak_290	7613297
414	Chr4	ein3_ja_rep2_peak_318	7613261
415	Chr4	ein3_ja_rep2_peak_319	7787588
416	Chr4	ein3_ja_rep1_peak_291	7946832
416	Chr4	ein3_ja_rep2_peak_320	7946772
417	Chr4	ein3_ja_rep1_peak_292	8100483
417	Chr4	ein3_ja_rep2_peak_321	8100475
418	Chr4	ein3_ja_rep2_peak_322	8538174
419	Chr4	ein3_ja_rep1_peak_293	8541865
419	Chr4	ein3_ja_rep2_peak_323	8541761
420	Chr4	ein3_ja_rep1_peak_294	8875540
420	Chr4	ein3_ja_rep2_peak_324	8875632
421	Chr4	ein3_ja_rep1_peak_295	8879556
421	Chr4	ein3_ja_rep2_peak_325	8879547
422	Chr4	ein3_ja_rep1_peak_296	9147479
423	Chr4	ein3_ja_rep1_peak_297	9759202
423	Chr4	ein3_ja_rep2_peak_326	9759232
424	Chr4	ein3_ja_rep1_peak_298	9817866
424	Chr4	ein3_ja_rep2_peak_327	9817854
425	Chr4	ein3_ja_rep1_peak_299	10191451
425	Chr4	ein3_ja_rep2_peak_328	10191540
426	Chr4	ein3_ja_rep1_peak_300	10275325
426	Chr4	ein3_ja_rep2_peak_329	10275283
427	Chr4	ein3_ja_rep2_peak_330	10718032
428	Chr4	ein3_ja_rep1_peak_301	11842061
429	Chr4	ein3_ja_rep1_peak_302	12086772
430	Chr4	ein3_ja_rep1_peak_303	12270804
430	Chr4	ein3_ja_rep2_peak_331	12270859
431	Chr4	ein3_ja_rep2_peak_332	12396136
432	Chr4	ein3_ja_rep2_peak_333	12936775
433	Chr4	ein3_ja_rep1_peak_304	13223675
433	Chr4	ein3_ja_rep2_peak_334	13223661
434	Chr4	ein3_ja_rep2_peak_335	13658068
435	Chr4	ein3_ja_rep1_peak_305	13674279
435	Chr4	ein3_ja_rep2_peak_336	13674309
436	Chr4	ein3_ja_rep1_peak_306	13677168
436	Chr4	ein3_ja_rep2_peak_337	13677139
437	Chr4	ein3_ja_rep2_peak_338	13998495
438	Chr4	ein3_ja_rep2_peak_339	14780374
439	Chr4	ein3_ja_rep1_peak_307	14970668
440	Chr4	ein3_ja_rep1_peak_308	15417683
440	Chr4	ein3_ja_rep2_peak_340	15417647
441	Chr4	ein3_ja_rep1_peak_309	16455179
441	Chr4	ein3_ja_rep2_peak_341	16455227
442	Chr4	ein3_ja_rep1_peak_310	16498412
442	Chr4	ein3_ja_rep2_peak_342	16498327
443	Chr4	ein3_ja_rep2_peak_343	16927600
444	Chr4	ein3_ja_rep1_peak_311	17520350
445	Chr4	ein3_ja_rep1_peak_312	17652247
445	Chr4	ein3_ja_rep2_peak_344	17652241
446	Chr4	ein3_ja_rep2_peak_345	17657743
447	Chr4	ein3_ja_rep1_peak_313	17732363
447	Chr4	ein3_ja_rep2_peak_346	17732438
448	Chr4	ein3_ja_rep1_peak_314	17997247
448	Chr4	ein3_ja_rep2_peak_347	17997083
449	Chr4	ein3_ja_rep1_peak_315	18573609
450	Chr5	ein3_ja_rep1_peak_316	81266
450	Chr5	ein3_ja_rep2_peak_348	81146
451	Chr5	ein3_ja_rep1_peak_317	84434
452	Chr5	ein3_ja_rep2_peak_349	389045
453	Chr5	ein3_ja_rep2_peak_350	448873
454	Chr5	ein3_ja_rep2_peak_351	545266
455	Chr5	ein3_ja_rep1_peak_318	623299
455	Chr5	ein3_ja_rep2_peak_352	623305
456	Chr5	ein3_ja_rep1_peak_319	624651
456	Chr5	ein3_ja_rep2_peak_353	624665
457	Chr5	ein3_ja_rep1_peak_320	785581
457	Chr5	ein3_ja_rep2_peak_354	785481
458	Chr5	ein3_ja_rep1_peak_321	801030
458	Chr5	ein3_ja_rep2_peak_355	800977
459	Chr5	ein3_ja_rep1_peak_322	940596
460	Chr5	ein3_ja_rep1_peak_323	941476
460	Chr5	ein3_ja_rep2_peak_356	941535
461	Chr5	ein3_ja_rep1_peak_324	980489
461	Chr5	ein3_ja_rep2_peak_357	980965
462	Chr5	ein3_ja_rep1_peak_325	980981
462	Chr5	ein3_ja_rep2_peak_357	980965
463	Chr5	ein3_ja_rep1_peak_326	1025244
464	Chr5	ein3_ja_rep2_peak_358	1609022
465	Chr5	ein3_ja_rep2_peak_359	1765341
466	Chr5	ein3_ja_rep1_peak_327	1769299
466	Chr5	ein3_ja_rep2_peak_360	1769435
467	Chr5	ein3_ja_rep1_peak_328	2658819
467	Chr5	ein3_ja_rep2_peak_361	2658830
468	Chr5	ein3_ja_rep1_peak_329	2861779
468	Chr5	ein3_ja_rep2_peak_362	2861820
469	Chr5	ein3_ja_rep2_peak_363	3065767
470	Chr5	ein3_ja_rep1_peak_330	3163234
471	Chr5	ein3_ja_rep1_peak_331	3253189
471	Chr5	ein3_ja_rep2_peak_364	3253172
472	Chr5	ein3_ja_rep2_peak_365	3463253
473	Chr5	ein3_ja_rep2_peak_366	3527594
474	Chr5	ein3_ja_rep1_peak_332	3932563
474	Chr5	ein3_ja_rep2_peak_367	3932640
475	Chr5	ein3_ja_rep2_peak_368	4193723
476	Chr5	ein3_ja_rep1_peak_333	4272670
476	Chr5	ein3_ja_rep2_peak_369	4272615
477	Chr5	ein3_ja_rep1_peak_334	4337726
478	Chr5	ein3_ja_rep2_peak_370	4484933
479	Chr5	ein3_ja_rep1_peak_335	4825462
479	Chr5	ein3_ja_rep2_peak_371	4825460
480	Chr5	ein3_ja_rep1_peak_336	5418898
480	Chr5	ein3_ja_rep2_peak_372	5418925
481	Chr5	ein3_ja_rep1_peak_337	5902332
482	Chr5	ein3_ja_rep1_peak_338	6127080
482	Chr5	ein3_ja_rep2_peak_373	6127059
483	Chr5	ein3_ja_rep2_peak_374	6225330
484	Chr5	ein3_ja_rep1_peak_339	7372089
485	Chr5	ein3_ja_rep1_peak_340	7382559
485	Chr5	ein3_ja_rep2_peak_375	7382551
486	Chr5	ein3_ja_rep1_peak_341	7464374
486	Chr5	ein3_ja_rep2_peak_376	7464407
487	Chr5	ein3_ja_rep2_peak_377	7464887
488	Chr5	ein3_ja_rep2_peak_378	7481618
489	Chr5	ein3_ja_rep1_peak_342	8124740
489	Chr5	ein3_ja_rep2_peak_379	8124809
490	Chr5	ein3_ja_rep1_peak_343	8498561
490	Chr5	ein3_ja_rep2_peak_380	8498519
491	Chr5	ein3_ja_rep2_peak_381	8706055
492	Chr5	ein3_ja_rep1_peak_344	8711257
492	Chr5	ein3_ja_rep2_peak_382	8711195
493	Chr5	ein3_ja_rep1_peak_345	8777414
493	Chr5	ein3_ja_rep2_peak_383	8777507
494	Chr5	ein3_ja_rep1_peak_346	8797132
494	Chr5	ein3_ja_rep2_peak_384	8797154
495	Chr5	ein3_ja_rep1_peak_347	8798301
495	Chr5	ein3_ja_rep2_peak_385	8798383
496	Chr5	ein3_ja_rep1_peak_348	8799372
496	Chr5	ein3_ja_rep2_peak_386	8799372
497	Chr5	ein3_ja_rep1_peak_349	8868971
498	Chr5	ein3_ja_rep2_peak_387	9164971
499	Chr5	ein3_ja_rep2_peak_388	9496004
500	Chr5	ein3_ja_rep1_peak_350	9631482
500	Chr5	ein3_ja_rep2_peak_389	9631328
501	Chr5	ein3_ja_rep1_peak_351	11185056
501	Chr5	ein3_ja_rep2_peak_390	11185059
502	Chr5	ein3_ja_rep1_peak_352	11702394
502	Chr5	ein3_ja_rep2_peak_391	11702393
503	Chr5	ein3_ja_rep1_peak_353	11703039
504	Chr5	ein3_ja_rep1_peak_354	11704100
505	Chr5	ein3_ja_rep1_peak_355	11705340
505	Chr5	ein3_ja_rep2_peak_392	11705364
506	Chr5	ein3_ja_rep1_peak_356	11708367
507	Chr5	ein3_ja_rep1_peak_357	11723691
507	Chr5	ein3_ja_rep2_peak_393	11723691
508	Chr5	ein3_ja_rep1_peak_358	11724477
509	Chr5	ein3_ja_rep1_peak_359	11726512
510	Chr5	ein3_ja_rep1_peak_360	11726935
511	Chr5	ein3_ja_rep1_peak_361	11727144
512	Chr5	ein3_ja_rep1_peak_362	11727793
512	Chr5	ein3_ja_rep2_peak_394	11727789
513	Chr5	ein3_ja_rep1_peak_363	11728661
514	Chr5	ein3_ja_rep1_peak_364	11729725
515	Chr5	ein3_ja_rep1_peak_365	11730492
515	Chr5	ein3_ja_rep2_peak_395	11730485
516	Chr5	ein3_ja_rep1_peak_366	11731528
516	Chr5	ein3_ja_rep2_peak_396	11731530
517	Chr5	ein3_ja_rep1_peak_367	11732078
518	Chr5	ein3_ja_rep1_peak_368	11732341
519	Chr5	ein3_ja_rep1_peak_369	11732593
520	Chr5	ein3_ja_rep1_peak_370	11733141
521	Chr5	ein3_ja_rep1_peak_371	11733768
522	Chr5	ein3_ja_rep1_peak_372	11734877
522	Chr5	ein3_ja_rep2_peak_397	11734876
523	Chr5	ein3_ja_rep1_peak_373	11735225
524	Chr5	ein3_ja_rep1_peak_374	11736064
524	Chr5	ein3_ja_rep2_peak_398	11736036
525	Chr5	ein3_ja_rep1_peak_375	12886688
526	Chr5	ein3_ja_rep1_peak_376	15602358
526	Chr5	ein3_ja_rep2_peak_399	15602359
527	Chr5	ein3_ja_rep1_peak_377	16385220
528	Chr5	ein3_ja_rep1_peak_378	17550222
528	Chr5	ein3_ja_rep2_peak_400	17550109
529	Chr5	ein3_ja_rep1_peak_379	17551989
529	Chr5	ein3_ja_rep2_peak_401	17551938
530	Chr5	ein3_ja_rep1_peak_380	17829265
530	Chr5	ein3_ja_rep2_peak_402	17828825
531	Chr5	ein3_ja_rep2_peak_403	17913429
532	Chr5	ein3_ja_rep1_peak_381	18080807
533	Chr5	ein3_ja_rep1_peak_382	18215714
533	Chr5	ein3_ja_rep2_peak_404	18215801
534	Chr5	ein3_ja_rep2_peak_405	18221423
535	Chr5	ein3_ja_rep2_peak_406	18589729
536	Chr5	ein3_ja_rep2_peak_407	18790503
537	Chr5	ein3_ja_rep1_peak_383	18791500
537	Chr5	ein3_ja_rep2_peak_408	18791511
538	Chr5	ein3_ja_rep1_peak_384	18949667
539	Chr5	ein3_ja_rep1_peak_385	19173464
539	Chr5	ein3_ja_rep2_peak_409	19173396
540	Chr5	ein3_ja_rep2_peak_410	19539055
541	Chr5	ein3_ja_rep1_peak_386	19545251
541	Chr5	ein3_ja_rep2_peak_411	19545374
542	Chr5	ein3_ja_rep2_peak_412	19681346
543	Chr5	ein3_ja_rep1_peak_387	19907106
544	Chr5	ein3_ja_rep1_peak_388	20191924
544	Chr5	ein3_ja_rep2_peak_413	20191877
545	Chr5	ein3_ja_rep2_peak_414	20490175
546	Chr5	ein3_ja_rep2_peak_415	20490777
547	Chr5	ein3_ja_rep2_peak_416	21485391
548	Chr5	ein3_ja_rep2_peak_417	21603480
549	Chr5	ein3_ja_rep1_peak_389	21794277
549	Chr5	ein3_ja_rep2_peak_418	21794448
550	Chr5	ein3_ja_rep1_peak_390	21819622
551	Chr5	ein3_ja_rep2_peak_419	21913182
552	Chr5	ein3_ja_rep1_peak_391	22015425
552	Chr5	ein3_ja_rep2_peak_420	22015359
553	Chr5	ein3_ja_rep1_peak_392	22758492
553	Chr5	ein3_ja_rep2_peak_421	22758477
554	Chr5	ein3_ja_rep1_peak_393	23086067
554	Chr5	ein3_ja_rep2_peak_422	23086154
555	Chr5	ein3_ja_rep1_peak_394	23221737
555	Chr5	ein3_ja_rep2_peak_423	23221756
556	Chr5	ein3_ja_rep2_peak_424	23312960
557	Chr5	ein3_ja_rep2_peak_425	23377929
558	Chr5	ein3_ja_rep1_peak_395	23388634
558	Chr5	ein3_ja_rep2_peak_426	23388765
559	Chr5	ein3_ja_rep1_peak_396	23400515
559	Chr5	ein3_ja_rep2_peak_427	23400526
560	Chr5	ein3_ja_rep1_peak_397	23997757
561	Chr5	ein3_ja_rep1_peak_398	24382705
561	Chr5	ein3_ja_rep2_peak_428	24382740
562	Chr5	ein3_ja_rep2_peak_429	24384366
563	Chr5	ein3_ja_rep1_peak_399	24710024
563	Chr5	ein3_ja_rep2_peak_430	24709966
564	Chr5	ein3_ja_rep1_peak_400	24903528
564	Chr5	ein3_ja_rep2_peak_431	24903571
565	Chr5	ein3_ja_rep1_peak_401	25015625
565	Chr5	ein3_ja_rep2_peak_432	25015616
566	Chr5	ein3_ja_rep1_peak_402	25484655
567	Chr5	ein3_ja_rep2_peak_433	25528099
568	Chr5	ein3_ja_rep1_peak_403	25841371
568	Chr5	ein3_ja_rep2_peak_434	25841361
569	Chr5	ein3_ja_rep1_peak_404	26447365
569	Chr5	ein3_ja_rep2_peak_435	26447364
570	Chr5	ein3_ja_rep2_peak_436	26752444
571	Chr5	ein3_ja_rep1_peak_405	26762731
572	ChrC	ein3_ja_rep1_peak_406	8616
572	ChrC	ein3_ja_rep2_peak_437	3586
573	ChrC	ein3_ja_rep1_peak_407	47602
573	ChrC	ein3_ja_rep2_peak_438	54813
574	ChrC	ein3_ja_rep1_peak_408	110559
574	ChrC	ein3_ja_rep2_peak_439	113424
575	ChrC	ein3_ja_rep1_peak_409	128197
575	ChrC	ein3_ja_rep2_peak_440	125318
576	ChrM	ein3_ja_rep1_peak_410	159
576	ChrM	ein3_ja_rep2_peak_441	1416
577	ChrM	ein3_ja_rep1_peak_411	427
577	ChrM	ein3_ja_rep2_peak_441	1416
578	ChrM	ein3_ja_rep1_peak_412	782
578	ChrM	ein3_ja_rep2_peak_441	1416
579	ChrM	ein3_ja_rep1_peak_413	2393
579	ChrM	ein3_ja_rep2_peak_441	1416
580	ChrM	ein3_ja_rep1_peak_414	3448
580	ChrM	ein3_ja_rep2_peak_442	3743
581	ChrM	ein3_ja_rep1_peak_415	4213
581	ChrM	ein3_ja_rep2_peak_442	3743
582	ChrM	ein3_ja_rep1_peak_416	5164
582	ChrM	ein3_ja_rep2_peak_442	3743
583	ChrM	ein3_ja_rep1_peak_417	7135
583	ChrM	ein3_ja_rep2_peak_443	8510
584	ChrM	ein3_ja_rep1_peak_418	7690
584	ChrM	ein3_ja_rep2_peak_443	8510
585	ChrM	ein3_ja_rep1_peak_419	8649
585	ChrM	ein3_ja_rep2_peak_443	8510
586	ChrM	ein3_ja_rep1_peak_420	10319
586	ChrM	ein3_ja_rep2_peak_443	8510
587	ChrM	ein3_ja_rep1_peak_423	13462
587	ChrM	ein3_ja_rep2_peak_444	14461
588	ChrM	ein3_ja_rep1_peak_424	13776
588	ChrM	ein3_ja_rep2_peak_444	14461
589	ChrM	ein3_ja_rep1_peak_425	14934
589	ChrM	ein3_ja_rep2_peak_444	14461
589	ChrM	ein3_ja_rep2_peak_445	15997
590	ChrM	ein3_ja_rep1_peak_426	15212
590	ChrM	ein3_ja_rep2_peak_445	15997
591	ChrM	ein3_ja_rep1_peak_428	16512
591	ChrM	ein3_ja_rep2_peak_445	15997
592	ChrM	ein3_ja_rep1_peak_429	16912
592	ChrM	ein3_ja_rep2_peak_445	15997
593	ChrM	ein3_ja_rep2_peak_446	17310
594	ChrM	ein3_ja_rep1_peak_430	17969
595	ChrM	ein3_ja_rep1_peak_431	18576
595	ChrM	ein3_ja_rep2_peak_447	19899
596	ChrM	ein3_ja_rep1_peak_432	18827
596	ChrM	ein3_ja_rep2_peak_447	19899
597	ChrM	ein3_ja_rep1_peak_433	19135
597	ChrM	ein3_ja_rep2_peak_447	19899
598	ChrM	ein3_ja_rep1_peak_435	21320
598	ChrM	ein3_ja_rep2_peak_448	20984
599	ChrM	ein3_ja_rep1_peak_436	21667
599	ChrM	ein3_ja_rep2_peak_449	21879
600	ChrM	ein3_ja_rep1_peak_437	22417
600	ChrM	ein3_ja_rep2_peak_450	22299
601	ChrM	ein3_ja_rep1_peak_438	23214
601	ChrM	ein3_ja_rep2_peak_451	23674
602	ChrM	ein3_ja_rep1_peak_439	23829
602	ChrM	ein3_ja_rep2_peak_451	23674
603	ChrM	ein3_ja_rep1_peak_440	24187
603	ChrM	ein3_ja_rep2_peak_451	23674
604	ChrM	ein3_ja_rep1_peak_441	25130
604	ChrM	ein3_ja_rep2_peak_451	23674
605	ChrM	ein3_ja_rep1_peak_442	26231
605	ChrM	ein3_ja_rep2_peak_452	25903
606	ChrM	ein3_ja_rep1_peak_443	26708
607	ChrM	ein3_ja_rep1_peak_444	27845
607	ChrM	ein3_ja_rep2_peak_453	27434
608	ChrM	ein3_ja_rep1_peak_445	28343
608	ChrM	ein3_ja_rep2_peak_454	28153
609	ChrM	ein3_ja_rep2_peak_455	29355
610	ChrM	ein3_ja_rep2_peak_456	30121
611	ChrM	ein3_ja_rep1_peak_447	31823
611	ChrM	ein3_ja_rep2_peak_457	31925
612	ChrM	ein3_ja_rep1_peak_448	33380
612	ChrM	ein3_ja_rep2_peak_457	31925
613	ChrM	ein3_ja_rep1_peak_449	34145
613	ChrM	ein3_ja_rep2_peak_457	31925
614	ChrM	ein3_ja_rep1_peak_450	34562
614	ChrM	ein3_ja_rep2_peak_457	31925
615	ChrM	ein3_ja_rep1_peak_452	36555
615	ChrM	ein3_ja_rep2_peak_457	31925
616	ChrM	ein3_ja_rep1_peak_453	37036
616	ChrM	ein3_ja_rep2_peak_457	31925
617	ChrM	ein3_ja_rep1_peak_454	37594
617	ChrM	ein3_ja_rep2_peak_458	39475
618	ChrM	ein3_ja_rep1_peak_455	38238
618	ChrM	ein3_ja_rep2_peak_458	39475
619	ChrM	ein3_ja_rep1_peak_456	39513
619	ChrM	ein3_ja_rep2_peak_458	39475
620	ChrM	ein3_ja_rep1_peak_457	39761
620	ChrM	ein3_ja_rep2_peak_458	39475
621	ChrM	ein3_ja_rep1_peak_458	41283
621	ChrM	ein3_ja_rep2_peak_459	40768
622	ChrM	ein3_ja_rep1_peak_459	42278
622	ChrM	ein3_ja_rep2_peak_460	42213
623	ChrM	ein3_ja_rep1_peak_460	42883
623	ChrM	ein3_ja_rep2_peak_461	44097
624	ChrM	ein3_ja_rep1_peak_461	43459
624	ChrM	ein3_ja_rep2_peak_461	44097
625	ChrM	ein3_ja_rep1_peak_462	44065
625	ChrM	ein3_ja_rep2_peak_461	44097
626	ChrM	ein3_ja_rep1_peak_463	44494
626	ChrM	ein3_ja_rep2_peak_461	44097
627	ChrM	ein3_ja_rep2_peak_462	76048
628	ChrM	ein3_ja_rep1_peak_464	78617
628	ChrM	ein3_ja_rep2_peak_463	78640
629	ChrM	ein3_ja_rep2_peak_464	80745
630	ChrM	ein3_ja_rep1_peak_465	162710
630	ChrM	ein3_ja_rep2_peak_465	162687
631	ChrM	ein3_ja_rep1_peak_467	183801
631	ChrM	ein3_ja_rep2_peak_466	188308
632	ChrM	ein3_ja_rep1_peak_468	184430
632	ChrM	ein3_ja_rep2_peak_466	188308
633	ChrM	ein3_ja_rep1_peak_470	187857
633	ChrM	ein3_ja_rep2_peak_466	188308
634	ChrM	ein3_ja_rep1_peak_471	188463
634	ChrM	ein3_ja_rep2_peak_466	188308
635	ChrM	ein3_ja_rep1_peak_472	188704
635	ChrM	ein3_ja_rep2_peak_466	188308
636	ChrM	ein3_ja_rep1_peak_473	189220
636	ChrM	ein3_ja_rep2_peak_466	188308
637	ChrM	ein3_ja_rep1_peak_474	191194
637	ChrM	ein3_ja_rep2_peak_467	191012
638	ChrM	ein3_ja_rep2_peak_468	191483
639	ChrM	ein3_ja_rep1_peak_476	192776
639	ChrM	ein3_ja_rep2_peak_469	197203
640	ChrM	ein3_ja_rep1_peak_479	194641
640	ChrM	ein3_ja_rep2_peak_469	197203
641	ChrM	ein3_ja_rep1_peak_480	195429
641	ChrM	ein3_ja_rep2_peak_469	197203
642	ChrM	ein3_ja_rep1_peak_481	196468
642	ChrM	ein3_ja_rep2_peak_469	197203
643	ChrM	ein3_ja_rep1_peak_482	196860
643	ChrM	ein3_ja_rep2_peak_469	197203
644	ChrM	ein3_ja_rep1_peak_483	197316
644	ChrM	ein3_ja_rep2_peak_469	197203
645	ChrM	ein3_ja_rep1_peak_484	197859
645	ChrM	ein3_ja_rep2_peak_469	197203
646	ChrM	ein3_ja_rep1_peak_485	198720
646	ChrM	ein3_ja_rep2_peak_470	199113
647	ChrM	ein3_ja_rep1_peak_488	200767
647	ChrM	ein3_ja_rep2_peak_470	199113
648	ChrM	ein3_ja_rep1_peak_489	201277
648	ChrM	ein3_ja_rep2_peak_470	199113
649	ChrM	ein3_ja_rep1_peak_490	201989
649	ChrM	ein3_ja_rep2_peak_470	199113
650	ChrM	ein3_ja_rep1_peak_492	203221
650	ChrM	ein3_ja_rep2_peak_470	199113
651	ChrM	ein3_ja_rep1_peak_493	203540
651	ChrM	ein3_ja_rep2_peak_470	199113
652	ChrM	ein3_ja_rep1_peak_494	204719
652	ChrM	ein3_ja_rep2_peak_471	204819
653	ChrM	ein3_ja_rep1_peak_495	205771
653	ChrM	ein3_ja_rep2_peak_471	204819
654	ChrM	ein3_ja_rep1_peak_496	206635
654	ChrM	ein3_ja_rep2_peak_472	207333
655	ChrM	ein3_ja_rep1_peak_497	207843
655	ChrM	ein3_ja_rep2_peak_472	207333
656	ChrM	ein3_ja_rep1_peak_498	208364
656	ChrM	ein3_ja_rep2_peak_472	207333
657	ChrM	ein3_ja_rep1_peak_499	209029
657	ChrM	ein3_ja_rep2_peak_472	207333
658	ChrM	ein3_ja_rep1_peak_500	209723
658	ChrM	ein3_ja_rep2_peak_473	209715
659	ChrM	ein3_ja_rep1_peak_501	283862
659	ChrM	ein3_ja_rep2_peak_474	288536
660	ChrM	ein3_ja_rep1_peak_502	284848
660	ChrM	ein3_ja_rep2_peak_474	288536
661	ChrM	ein3_ja_rep1_peak_503	285330
661	ChrM	ein3_ja_rep2_peak_474	288536
662	ChrM	ein3_ja_rep1_peak_505	287500
662	ChrM	ein3_ja_rep2_peak_474	288536
663	ChrM	ein3_ja_rep1_peak_506	289493
663	ChrM	ein3_ja_rep2_peak_475	290279
664	ChrM	ein3_ja_rep1_peak_507	289768
664	ChrM	ein3_ja_rep2_peak_475	290279
665	ChrM	ein3_ja_rep1_peak_508	290272
665	ChrM	ein3_ja_rep2_peak_475	290279
666	ChrM	ein3_ja_rep1_peak_509	298005
666	ChrM	ein3_ja_rep2_peak_476	297791
667	ChrM	ein3_ja_rep1_peak_510	305626
667	ChrM	ein3_ja_rep2_peak_477	305530
668	ChrM	ein3_ja_rep1_peak_511	312596
669	ChrM	ein3_ja_rep1_peak_514	345745
669	ChrM	ein3_ja_rep2_peak_478	346252
670	ChrM	ein3_ja_rep1_peak_515	345951
670	ChrM	ein3_ja_rep2_peak_478	346252
671	ChrM	ein3_ja_rep1_peak_516	346867
671	ChrM	ein3_ja_rep2_peak_478	346252
672	ChrM	ein3_ja_rep1_peak_517	347458
672	ChrM	ein3_ja_rep2_peak_478	346252
673	ChrM	ein3_ja_rep1_peak_518	347808
673	ChrM	ein3_ja_rep2_peak_478	346252
674	ChrM	ein3_ja_rep1_peak_519	348296
674	ChrM	ein3_ja_rep2_peak_478	346252
675	ChrM	ein3_ja_rep1_peak_523	351984
675	ChrM	ein3_ja_rep2_peak_479	348952
676	ChrM	ein3_ja_rep1_peak_525	353305
676	ChrM	ein3_ja_rep2_peak_479	348952
676	ChrM	ein3_ja_rep2_peak_480	354529
677	ChrM	ein3_ja_rep1_peak_526	353548
677	ChrM	ein3_ja_rep2_peak_480	354529
678	ChrM	ein3_ja_rep1_peak_527	354003
678	ChrM	ein3_ja_rep2_peak_480	354529
679	ChrM	ein3_ja_rep1_peak_528	354499
679	ChrM	ein3_ja_rep2_peak_480	354529
680	ChrM	ein3_ja_rep1_peak_529	354882
680	ChrM	ein3_ja_rep2_peak_480	354529
681	ChrM	ein3_ja_rep1_peak_530	355615
681	ChrM	ein3_ja_rep2_peak_480	354529
682	ChrM	ein3_ja_rep1_peak_531	355867
682	ChrM	ein3_ja_rep2_peak_480	354529
683	ChrM	ein3_ja_rep1_peak_532	356528
683	ChrM	ein3_ja_rep2_peak_481	358804
684	ChrM	ein3_ja_rep1_peak_533	358040
684	ChrM	ein3_ja_rep2_peak_481	358804
685	ChrM	ein3_ja_rep1_peak_534	358828
685	ChrM	ein3_ja_rep2_peak_481	358804
686	ChrM	ein3_ja_rep1_peak_535	359426
686	ChrM	ein3_ja_rep2_peak_481	358804
687	ChrM	ein3_ja_rep1_peak_536	360089
687	ChrM	ein3_ja_rep2_peak_482	364487
688	ChrM	ein3_ja_rep1_peak_538	362557
688	ChrM	ein3_ja_rep1_peak_539	363095
688	ChrM	ein3_ja_rep2_peak_482	364487
689	ChrM	ein3_ja_rep1_peak_539	363095
689	ChrM	ein3_ja_rep2_peak_482	364487
690	ChrM	ein3_ja_rep1_peak_540	363418
690	ChrM	ein3_ja_rep2_peak_482	364487
691	ChrM	ein3_ja_rep1_peak_542	364428
691	ChrM	ein3_ja_rep2_peak_482	364487
692	ChrM	ein3_ja_rep1_peak_543	365583
692	ChrM	ein3_ja_rep2_peak_483	365959
693	ChrM	ein3_ja_rep1_peak_544	365953
693	ChrM	ein3_ja_rep2_peak_483	365959
694	ChrM	ein3_ja_rep1_peak_545	366827
694	ChrM	ein3_ja_rep2_peak_483	365959
