1	Chr1	rap2.6l_air_rep3_peak_1	21009
2	Chr1	rap2.6l_air_rep3_peak_2	38126
3	Chr1	rap2.6l_air_rep3_peak_3	120556
4	Chr1	rap2.6l_air_rep3_peak_4	128511
5	Chr1	rap2.6l_air_rep3_peak_5	136025
6	Chr1	rap2.6l_air_rep3_peak_6	182405
7	Chr1	rap2.6l_air_rep3_peak_7	183494
8	Chr1	rap2.6l_air_rep3_peak_8	199462
9	Chr1	rap2.6l_air_rep3_peak_9	269752
10	Chr1	rap2.6l_air_rep3_peak_10	324960
11	Chr1	rap2.6l_air_rep3_peak_11	364337
12	Chr1	rap2.6l_air_rep3_peak_12	426730
13	Chr1	rap2.6l_air_rep3_peak_13	428434
14	Chr1	rap2.6l_air_rep3_peak_14	437012
15	Chr1	rap2.6l_air_rep3_peak_15	473768
16	Chr1	rap2.6l_air_rep3_peak_16	483835
17	Chr1	rap2.6l_air_rep3_peak_17	485715
18	Chr1	rap2.6l_air_rep3_peak_18	786508
19	Chr1	rap2.6l_air_rep3_peak_19	787020
20	Chr1	rap2.6l_air_rep3_peak_20	819480
21	Chr1	rap2.6l_air_rep3_peak_21	830523
22	Chr1	rap2.6l_air_rep3_peak_22	853800
23	Chr1	rap2.6l_air_rep3_peak_23	933521
24	Chr1	rap2.6l_air_rep3_peak_24	958077
25	Chr1	rap2.6l_air_rep3_peak_25	979071
26	Chr1	rap2.6l_air_rep3_peak_26	1131898
27	Chr1	rap2.6l_air_rep3_peak_27	1333528
28	Chr1	rap2.6l_air_rep3_peak_28	1337968
29	Chr1	rap2.6l_air_rep3_peak_29	1659493
30	Chr1	rap2.6l_air_rep3_peak_30	1709596
31	Chr1	rap2.6l_air_rep3_peak_31	1815571
32	Chr1	rap2.6l_air_rep3_peak_32	1882718
33	Chr1	rap2.6l_air_rep3_peak_33	1977633
34	Chr1	rap2.6l_air_rep3_peak_34	2013557
35	Chr1	rap2.6l_air_rep3_peak_35	2152452
36	Chr1	rap2.6l_air_rep3_peak_36	2168433
37	Chr1	rap2.6l_air_rep3_peak_37	2188471
38	Chr1	rap2.6l_air_rep3_peak_38	2191143
39	Chr1	rap2.6l_air_rep3_peak_39	2197370
40	Chr1	rap2.6l_air_rep3_peak_40	2199896
41	Chr1	rap2.6l_air_rep3_peak_41	2224555
42	Chr1	rap2.6l_air_rep3_peak_42	2312801
43	Chr1	rap2.6l_air_rep3_peak_43	2339723
44	Chr1	rap2.6l_air_rep3_peak_44	2348940
45	Chr1	rap2.6l_air_rep3_peak_45	2352065
46	Chr1	rap2.6l_air_rep3_peak_46	2368685
47	Chr1	rap2.6l_air_rep3_peak_47	2518721
48	Chr1	rap2.6l_air_rep3_peak_48	2522849
49	Chr1	rap2.6l_air_rep3_peak_49	2530323
50	Chr1	rap2.6l_air_rep3_peak_50	2590300
51	Chr1	rap2.6l_air_rep3_peak_51	2621638
52	Chr1	rap2.6l_air_rep3_peak_52	2755737
53	Chr1	rap2.6l_air_rep3_peak_53	2818160
54	Chr1	rap2.6l_air_rep3_peak_54	2848259
55	Chr1	rap2.6l_air_rep3_peak_55	2872697
56	Chr1	rap2.6l_air_rep3_peak_56	3122468
57	Chr1	rap2.6l_air_rep3_peak_57	3184491
58	Chr1	rap2.6l_air_rep3_peak_58	3240248
59	Chr1	rap2.6l_air_rep3_peak_59	3255818
60	Chr1	rap2.6l_air_rep3_peak_60	3269999
61	Chr1	rap2.6l_air_rep3_peak_61	3272628
62	Chr1	rap2.6l_air_rep3_peak_62	3442488
63	Chr1	rap2.6l_air_rep3_peak_63	3554100
64	Chr1	rap2.6l_air_rep3_peak_64	3671243
65	Chr1	rap2.6l_air_rep3_peak_65	3681685
66	Chr1	rap2.6l_air_rep3_peak_66	3709673
67	Chr1	rap2.6l_air_rep3_peak_67	3760386
68	Chr1	rap2.6l_air_rep3_peak_68	3774614
69	Chr1	rap2.6l_air_rep3_peak_69	3993912
70	Chr1	rap2.6l_air_rep3_peak_70	4102731
71	Chr1	rap2.6l_air_rep3_peak_71	4242811
72	Chr1	rap2.6l_air_rep3_peak_72	4243276
73	Chr1	rap2.6l_air_rep3_peak_73	4268881
74	Chr1	rap2.6l_air_rep3_peak_74	4276232
75	Chr1	rap2.6l_air_rep3_peak_75	4321027
76	Chr1	rap2.6l_air_rep3_peak_76	4413032
77	Chr1	rap2.6l_air_rep3_peak_77	4458569
78	Chr1	rap2.6l_air_rep3_peak_78	4534113
79	Chr1	rap2.6l_air_rep3_peak_79	4536256
80	Chr1	rap2.6l_air_rep3_peak_80	4540782
81	Chr1	rap2.6l_air_rep3_peak_81	4555729
82	Chr1	rap2.6l_air_rep3_peak_82	4590956
83	Chr1	rap2.6l_air_rep3_peak_83	4647785
84	Chr1	rap2.6l_air_rep3_peak_84	4872761
85	Chr1	rap2.6l_air_rep3_peak_85	4893562
86	Chr1	rap2.6l_air_rep3_peak_86	4964533
87	Chr1	rap2.6l_air_rep3_peak_87	4976219
88	Chr1	rap2.6l_air_rep3_peak_88	4998023
89	Chr1	rap2.6l_air_rep3_peak_89	5091526
90	Chr1	rap2.6l_air_rep3_peak_90	5129606
91	Chr1	rap2.6l_air_rep3_peak_91	5130585
92	Chr1	rap2.6l_air_rep3_peak_92	5145683
93	Chr1	rap2.6l_air_rep3_peak_93	5151513
94	Chr1	rap2.6l_air_rep3_peak_94	5177333
95	Chr1	rap2.6l_air_rep3_peak_95	5202634
96	Chr1	rap2.6l_air_rep3_peak_96	5315057
97	Chr1	rap2.6l_air_rep3_peak_97	5386643
98	Chr1	rap2.6l_air_rep3_peak_98	5525345
99	Chr1	rap2.6l_air_rep3_peak_99	5532221
100	Chr1	rap2.6l_air_rep3_peak_100	5539819
101	Chr1	rap2.6l_air_rep3_peak_101	5617820
102	Chr1	rap2.6l_air_rep3_peak_102	5685229
103	Chr1	rap2.6l_air_rep3_peak_103	5842996
104	Chr1	rap2.6l_air_rep3_peak_104	6027529
105	Chr1	rap2.6l_air_rep3_peak_105	6088280
106	Chr1	rap2.6l_air_rep3_peak_106	6224267
107	Chr1	rap2.6l_air_rep3_peak_107	6298512
108	Chr1	rap2.6l_air_rep3_peak_108	6324993
109	Chr1	rap2.6l_air_rep3_peak_109	6325689
110	Chr1	rap2.6l_air_rep3_peak_110	6361619
111	Chr1	rap2.6l_air_rep3_peak_111	6389937
112	Chr1	rap2.6l_air_rep3_peak_112	6508138
113	Chr1	rap2.6l_air_rep3_peak_113	6528520
114	Chr1	rap2.6l_air_rep3_peak_114	6633703
115	Chr1	rap2.6l_air_rep3_peak_115	6634758
116	Chr1	rap2.6l_air_rep3_peak_116	6643834
117	Chr1	rap2.6l_air_rep3_peak_117	6677806
118	Chr1	rap2.6l_air_rep3_peak_118	6754344
119	Chr1	rap2.6l_air_rep3_peak_119	6799959
120	Chr1	rap2.6l_air_rep3_peak_120	6802793
121	Chr1	rap2.6l_air_rep3_peak_121	6812893
122	Chr1	rap2.6l_air_rep3_peak_122	6832295
123	Chr1	rap2.6l_air_rep3_peak_123	6865837
124	Chr1	rap2.6l_air_rep3_peak_124	6868171
125	Chr1	rap2.6l_air_rep3_peak_125	6884741
126	Chr1	rap2.6l_air_rep3_peak_126	6946354
127	Chr1	rap2.6l_air_rep3_peak_127	7149983
128	Chr1	rap2.6l_air_rep3_peak_128	7154005
129	Chr1	rap2.6l_air_rep3_peak_129	7312529
130	Chr1	rap2.6l_air_rep3_peak_130	7337810
131	Chr1	rap2.6l_air_rep3_peak_131	7339767
132	Chr1	rap2.6l_air_rep3_peak_132	7391769
133	Chr1	rap2.6l_air_rep3_peak_133	7396946
134	Chr1	rap2.6l_air_rep3_peak_134	7456707
135	Chr1	rap2.6l_air_rep3_peak_135	7489015
136	Chr1	rap2.6l_air_rep3_peak_136	7490721
137	Chr1	rap2.6l_air_rep3_peak_137	7508417
138	Chr1	rap2.6l_air_rep3_peak_138	7872931
139	Chr1	rap2.6l_air_rep3_peak_139	7873535
140	Chr1	rap2.6l_air_rep3_peak_140	7896333
141	Chr1	rap2.6l_air_rep3_peak_141	7897809
142	Chr1	rap2.6l_air_rep3_peak_142	8153790
143	Chr1	rap2.6l_air_rep3_peak_143	8276299
144	Chr1	rap2.6l_air_rep3_peak_144	8911407
145	Chr1	rap2.6l_air_rep3_peak_145	8938265
146	Chr1	rap2.6l_air_rep3_peak_146	8975782
147	Chr1	rap2.6l_air_rep3_peak_147	8976291
148	Chr1	rap2.6l_air_rep3_peak_148	8979428
149	Chr1	rap2.6l_air_rep3_peak_149	8987791
150	Chr1	rap2.6l_air_rep3_peak_150	8988757
151	Chr1	rap2.6l_air_rep3_peak_151	9140870
152	Chr1	rap2.6l_air_rep3_peak_152	9348522
153	Chr1	rap2.6l_air_rep3_peak_153	9454994
154	Chr1	rap2.6l_air_rep3_peak_154	9481181
155	Chr1	rap2.6l_air_rep3_peak_155	9648204
156	Chr1	rap2.6l_air_rep3_peak_156	9748146
157	Chr1	rap2.6l_air_rep3_peak_157	9867863
158	Chr1	rap2.6l_air_rep3_peak_158	9924460
159	Chr1	rap2.6l_air_rep3_peak_159	10233089
160	Chr1	rap2.6l_air_rep3_peak_160	10244170
161	Chr1	rap2.6l_air_rep3_peak_161	10247657
162	Chr1	rap2.6l_air_rep3_peak_162	10420176
163	Chr1	rap2.6l_air_rep3_peak_163	10491918
164	Chr1	rap2.6l_air_rep3_peak_164	10581579
165	Chr1	rap2.6l_air_rep3_peak_165	10677080
166	Chr1	rap2.6l_air_rep3_peak_166	10721289
167	Chr1	rap2.6l_air_rep3_peak_167	10850837
168	Chr1	rap2.6l_air_rep3_peak_168	10854538
169	Chr1	rap2.6l_air_rep3_peak_169	10886623
170	Chr1	rap2.6l_air_rep3_peak_170	10891410
171	Chr1	rap2.6l_air_rep3_peak_171	10892218
172	Chr1	rap2.6l_air_rep3_peak_172	10908884
173	Chr1	rap2.6l_air_rep3_peak_173	11222893
174	Chr1	rap2.6l_air_rep3_peak_174	11423787
175	Chr1	rap2.6l_air_rep3_peak_175	11545837
176	Chr1	rap2.6l_air_rep3_peak_176	11751994
177	Chr1	rap2.6l_air_rep3_peak_177	11874754
178	Chr1	rap2.6l_air_rep3_peak_178	11930068
179	Chr1	rap2.6l_air_rep3_peak_179	11931034
180	Chr1	rap2.6l_air_rep3_peak_180	12051268
181	Chr1	rap2.6l_air_rep3_peak_181	12059460
182	Chr1	rap2.6l_air_rep3_peak_182	12177617
183	Chr1	rap2.6l_air_rep3_peak_183	12180712
184	Chr1	rap2.6l_air_rep3_peak_184	12376114
185	Chr1	rap2.6l_air_rep3_peak_185	12473834
186	Chr1	rap2.6l_air_rep3_peak_186	12518798
187	Chr1	rap2.6l_air_rep3_peak_187	12964799
188	Chr1	rap2.6l_air_rep3_peak_188	14149386
189	Chr1	rap2.6l_air_rep3_peak_189	14150474
190	Chr1	rap2.6l_air_rep3_peak_190	14165507
191	Chr1	rap2.6l_air_rep3_peak_191	14721366
192	Chr1	rap2.6l_air_rep3_peak_192	15880568
193	Chr1	rap2.6l_air_rep3_peak_193	16137858
194	Chr1	rap2.6l_air_rep3_peak_194	16739079
195	Chr1	rap2.6l_air_rep3_peak_195	17291273
196	Chr1	rap2.6l_air_rep3_peak_196	17295525
197	Chr1	rap2.6l_air_rep3_peak_197	17343011
198	Chr1	rap2.6l_air_rep3_peak_198	17623413
199	Chr1	rap2.6l_air_rep3_peak_199	17644934
200	Chr1	rap2.6l_air_rep3_peak_200	17702749
201	Chr1	rap2.6l_air_rep3_peak_201	17825527
202	Chr1	rap2.6l_air_rep3_peak_202	17983638
203	Chr1	rap2.6l_air_rep3_peak_203	18137936
204	Chr1	rap2.6l_air_rep3_peak_204	18238555
205	Chr1	rap2.6l_air_rep3_peak_205	18322457
206	Chr1	rap2.6l_air_rep3_peak_206	18366781
207	Chr1	rap2.6l_air_rep3_peak_207	18497265
208	Chr1	rap2.6l_air_rep3_peak_208	18507947
209	Chr1	rap2.6l_air_rep3_peak_209	18582018
210	Chr1	rap2.6l_air_rep3_peak_210	18680944
211	Chr1	rap2.6l_air_rep3_peak_211	18927057
212	Chr1	rap2.6l_air_rep3_peak_212	18927676
213	Chr1	rap2.6l_air_rep3_peak_213	19105640
214	Chr1	rap2.6l_air_rep3_peak_214	19250731
215	Chr1	rap2.6l_air_rep3_peak_215	19257277
216	Chr1	rap2.6l_air_rep3_peak_216	19278697
217	Chr1	rap2.6l_air_rep3_peak_217	19390770
218	Chr1	rap2.6l_air_rep3_peak_218	19443540
219	Chr1	rap2.6l_air_rep3_peak_219	19493162
220	Chr1	rap2.6l_air_rep3_peak_220	19825465
221	Chr1	rap2.6l_air_rep3_peak_221	19903753
222	Chr1	rap2.6l_air_rep3_peak_222	19915241
223	Chr1	rap2.6l_air_rep3_peak_223	19936170
224	Chr1	rap2.6l_air_rep3_peak_224	20010071
225	Chr1	rap2.6l_air_rep3_peak_225	20015024
226	Chr1	rap2.6l_air_rep3_peak_226	20060012
227	Chr1	rap2.6l_air_rep3_peak_227	20071071
228	Chr1	rap2.6l_air_rep3_peak_228	20150053
229	Chr1	rap2.6l_air_rep3_peak_229	20234347
230	Chr1	rap2.6l_air_rep3_peak_230	20431756
231	Chr1	rap2.6l_air_rep3_peak_231	20462936
232	Chr1	rap2.6l_air_rep3_peak_232	20497795
233	Chr1	rap2.6l_air_rep3_peak_233	20567174
234	Chr1	rap2.6l_air_rep3_peak_234	20599605
235	Chr1	rap2.6l_air_rep3_peak_235	20604103
236	Chr1	rap2.6l_air_rep3_peak_236	20707078
237	Chr1	rap2.6l_air_rep3_peak_237	20813853
238	Chr1	rap2.6l_air_rep3_peak_238	20876545
239	Chr1	rap2.6l_air_rep3_peak_239	20938379
240	Chr1	rap2.6l_air_rep3_peak_240	20948295
241	Chr1	rap2.6l_air_rep3_peak_241	20976311
242	Chr1	rap2.6l_air_rep3_peak_242	21007967
243	Chr1	rap2.6l_air_rep3_peak_243	21443020
244	Chr1	rap2.6l_air_rep3_peak_244	21443625
245	Chr1	rap2.6l_air_rep3_peak_245	21468519
246	Chr1	rap2.6l_air_rep3_peak_246	21611840
247	Chr1	rap2.6l_air_rep3_peak_247	22057404
248	Chr1	rap2.6l_air_rep3_peak_248	22166817
249	Chr1	rap2.6l_air_rep3_peak_249	22447255
250	Chr1	rap2.6l_air_rep3_peak_250	22664422
251	Chr1	rap2.6l_air_rep3_peak_251	22668422
252	Chr1	rap2.6l_air_rep3_peak_252	22672974
253	Chr1	rap2.6l_air_rep3_peak_253	22800130
254	Chr1	rap2.6l_air_rep3_peak_254	22834650
255	Chr1	rap2.6l_air_rep3_peak_255	22878680
256	Chr1	rap2.6l_air_rep3_peak_256	22934642
257	Chr1	rap2.6l_air_rep3_peak_257	22977658
258	Chr1	rap2.6l_air_rep3_peak_258	23020391
259	Chr1	rap2.6l_air_rep3_peak_259	23100980
260	Chr1	rap2.6l_air_rep3_peak_260	23125822
261	Chr1	rap2.6l_air_rep3_peak_261	23801816
262	Chr1	rap2.6l_air_rep3_peak_262	23895862
263	Chr1	rap2.6l_air_rep3_peak_263	23897340
264	Chr1	rap2.6l_air_rep3_peak_264	24001384
265	Chr1	rap2.6l_air_rep3_peak_265	24361325
266	Chr1	rap2.6l_air_rep3_peak_266	24432941
267	Chr1	rap2.6l_air_rep3_peak_267	24443045
268	Chr1	rap2.6l_air_rep3_peak_268	24494757
269	Chr1	rap2.6l_air_rep3_peak_269	24538786
270	Chr1	rap2.6l_air_rep3_peak_270	24637003
271	Chr1	rap2.6l_air_rep3_peak_271	24798758
272	Chr1	rap2.6l_air_rep3_peak_272	24877784
273	Chr1	rap2.6l_air_rep3_peak_273	24909009
274	Chr1	rap2.6l_air_rep3_peak_274	25008577
275	Chr1	rap2.6l_air_rep3_peak_275	25138219
276	Chr1	rap2.6l_air_rep3_peak_276	25156434
277	Chr1	rap2.6l_air_rep3_peak_277	25203021
278	Chr1	rap2.6l_air_rep3_peak_278	25217716
279	Chr1	rap2.6l_air_rep3_peak_279	25230127
280	Chr1	rap2.6l_air_rep3_peak_280	25272021
281	Chr1	rap2.6l_air_rep3_peak_281	25274204
282	Chr1	rap2.6l_air_rep3_peak_282	25417626
283	Chr1	rap2.6l_air_rep3_peak_283	25425666
284	Chr1	rap2.6l_air_rep3_peak_284	25541947
285	Chr1	rap2.6l_air_rep3_peak_285	25599475
286	Chr1	rap2.6l_air_rep3_peak_286	25610979
287	Chr1	rap2.6l_air_rep3_peak_287	25682345
288	Chr1	rap2.6l_air_rep3_peak_288	25732340
289	Chr1	rap2.6l_air_rep3_peak_289	25840709
290	Chr1	rap2.6l_air_rep3_peak_290	25877724
291	Chr1	rap2.6l_air_rep3_peak_291	26035691
292	Chr1	rap2.6l_air_rep3_peak_292	26057215
293	Chr1	rap2.6l_air_rep3_peak_293	26117995
294	Chr1	rap2.6l_air_rep3_peak_294	26221862
295	Chr1	rap2.6l_air_rep3_peak_295	26265979
296	Chr1	rap2.6l_air_rep3_peak_296	26279244
297	Chr1	rap2.6l_air_rep3_peak_297	26306760
298	Chr1	rap2.6l_air_rep3_peak_298	26329814
299	Chr1	rap2.6l_air_rep3_peak_299	26335631
300	Chr1	rap2.6l_air_rep3_peak_300	26397563
301	Chr1	rap2.6l_air_rep3_peak_301	26482462
302	Chr1	rap2.6l_air_rep3_peak_302	26541607
303	Chr1	rap2.6l_air_rep3_peak_303	26552238
304	Chr1	rap2.6l_air_rep3_peak_304	26555695
305	Chr1	rap2.6l_air_rep3_peak_305	26587525
306	Chr1	rap2.6l_air_rep3_peak_306	26592489
307	Chr1	rap2.6l_air_rep3_peak_307	26699317
308	Chr1	rap2.6l_air_rep3_peak_308	26727572
309	Chr1	rap2.6l_air_rep3_peak_309	26909702
310	Chr1	rap2.6l_air_rep3_peak_310	26970618
311	Chr1	rap2.6l_air_rep3_peak_311	27048344
312	Chr1	rap2.6l_air_rep3_peak_312	27148362
313	Chr1	rap2.6l_air_rep3_peak_313	27275968
314	Chr1	rap2.6l_air_rep3_peak_314	27363041
315	Chr1	rap2.6l_air_rep3_peak_315	27578735
316	Chr1	rap2.6l_air_rep3_peak_316	27749344
317	Chr1	rap2.6l_air_rep3_peak_317	27831953
318	Chr1	rap2.6l_air_rep3_peak_318	27859545
319	Chr1	rap2.6l_air_rep3_peak_319	27953213
320	Chr1	rap2.6l_air_rep3_peak_320	27953935
321	Chr1	rap2.6l_air_rep3_peak_321	27999985
322	Chr1	rap2.6l_air_rep3_peak_322	28036384
323	Chr1	rap2.6l_air_rep3_peak_323	28145980
324	Chr1	rap2.6l_air_rep3_peak_324	28164611
325	Chr1	rap2.6l_air_rep3_peak_325	28183634
326	Chr1	rap2.6l_air_rep3_peak_326	28232864
327	Chr1	rap2.6l_air_rep3_peak_327	28284772
328	Chr1	rap2.6l_air_rep3_peak_328	28302038
329	Chr1	rap2.6l_air_rep3_peak_329	28362052
330	Chr1	rap2.6l_air_rep3_peak_330	28393620
331	Chr1	rap2.6l_air_rep3_peak_331	28460556
332	Chr1	rap2.6l_air_rep3_peak_332	28644845
333	Chr1	rap2.6l_air_rep3_peak_333	28745912
334	Chr1	rap2.6l_air_rep3_peak_334	28776863
335	Chr1	rap2.6l_air_rep3_peak_335	28783288
336	Chr1	rap2.6l_air_rep3_peak_336	28860354
337	Chr1	rap2.6l_air_rep3_peak_337	28876200
338	Chr1	rap2.6l_air_rep3_peak_338	28880497
339	Chr1	rap2.6l_air_rep3_peak_339	28938697
340	Chr1	rap2.6l_air_rep3_peak_340	29056447
341	Chr1	rap2.6l_air_rep3_peak_341	29196282
342	Chr1	rap2.6l_air_rep3_peak_342	29248140
343	Chr1	rap2.6l_air_rep3_peak_343	29327762
344	Chr1	rap2.6l_air_rep3_peak_344	29328850
345	Chr1	rap2.6l_air_rep3_peak_345	29361056
346	Chr1	rap2.6l_air_rep3_peak_346	29361521
347	Chr1	rap2.6l_air_rep3_peak_347	29362999
348	Chr1	rap2.6l_air_rep3_peak_348	29364887
349	Chr1	rap2.6l_air_rep3_peak_349	29519456
350	Chr1	rap2.6l_air_rep3_peak_350	29573068
351	Chr1	rap2.6l_air_rep3_peak_351	29601868
352	Chr1	rap2.6l_air_rep3_peak_352	29638646
353	Chr1	rap2.6l_air_rep3_peak_353	29645593
354	Chr1	rap2.6l_air_rep3_peak_354	29660020
355	Chr1	rap2.6l_air_rep3_peak_355	29730442
356	Chr1	rap2.6l_air_rep3_peak_356	29762747
357	Chr1	rap2.6l_air_rep3_peak_357	29949391
358	Chr1	rap2.6l_air_rep3_peak_358	29975566
359	Chr1	rap2.6l_air_rep3_peak_359	29990714
360	Chr1	rap2.6l_air_rep3_peak_360	30000046
361	Chr1	rap2.6l_air_rep3_peak_361	30011526
362	Chr1	rap2.6l_air_rep3_peak_362	30104537
363	Chr1	rap2.6l_air_rep3_peak_363	30156631
364	Chr1	rap2.6l_air_rep3_peak_364	30243518
365	Chr1	rap2.6l_air_rep3_peak_365	30244967
366	Chr1	rap2.6l_air_rep3_peak_366	30249376
367	Chr1	rap2.6l_air_rep3_peak_367	30292860
368	Chr1	rap2.6l_air_rep3_peak_368	30295598
369	Chr1	rap2.6l_air_rep3_peak_369	30303085
370	Chr1	rap2.6l_air_rep3_peak_370	30375710
371	Chr2	rap2.6l_air_rep3_peak_371	1374
372	Chr2	rap2.6l_air_rep3_peak_372	2654
373	Chr2	rap2.6l_air_rep3_peak_373	3427
374	Chr2	rap2.6l_air_rep3_peak_374	10014
375	Chr2	rap2.6l_air_rep3_peak_375	100415
376	Chr2	rap2.6l_air_rep3_peak_376	115003
377	Chr2	rap2.6l_air_rep3_peak_377	203120
378	Chr2	rap2.6l_air_rep3_peak_378	228512
379	Chr2	rap2.6l_air_rep3_peak_379	239526
380	Chr2	rap2.6l_air_rep3_peak_380	259050
381	Chr2	rap2.6l_air_rep3_peak_381	261900
382	Chr2	rap2.6l_air_rep3_peak_382	263452
383	Chr2	rap2.6l_air_rep3_peak_383	477858
384	Chr2	rap2.6l_air_rep3_peak_384	560781
385	Chr2	rap2.6l_air_rep3_peak_385	587588
386	Chr2	rap2.6l_air_rep3_peak_386	621298
387	Chr2	rap2.6l_air_rep3_peak_387	1140106
388	Chr2	rap2.6l_air_rep3_peak_388	1406780
389	Chr2	rap2.6l_air_rep3_peak_389	1586039
390	Chr2	rap2.6l_air_rep3_peak_390	1604274
391	Chr2	rap2.6l_air_rep3_peak_391	2024092
392	Chr2	rap2.6l_air_rep3_peak_392	2289723
393	Chr2	rap2.6l_air_rep3_peak_393	2894965
394	Chr2	rap2.6l_air_rep3_peak_394	3283521
395	Chr2	rap2.6l_air_rep3_peak_395	3296166
396	Chr2	rap2.6l_air_rep3_peak_396	3335213
397	Chr2	rap2.6l_air_rep3_peak_397	3338098
398	Chr2	rap2.6l_air_rep3_peak_398	3342792
399	Chr2	rap2.6l_air_rep3_peak_399	3356845
400	Chr2	rap2.6l_air_rep3_peak_400	3359111
401	Chr2	rap2.6l_air_rep3_peak_401	3412772
402	Chr2	rap2.6l_air_rep3_peak_402	3438342
403	Chr2	rap2.6l_air_rep3_peak_403	3438679
404	Chr2	rap2.6l_air_rep3_peak_404	3463843
405	Chr2	rap2.6l_air_rep3_peak_405	3478323
406	Chr2	rap2.6l_air_rep3_peak_406	3485145
407	Chr2	rap2.6l_air_rep3_peak_407	3486087
408	Chr2	rap2.6l_air_rep3_peak_408	3616071
409	Chr2	rap2.6l_air_rep3_peak_409	3619028
410	Chr2	rap2.6l_air_rep3_peak_410	3619518
411	Chr2	rap2.6l_air_rep3_peak_411	3620017
412	Chr2	rap2.6l_air_rep3_peak_412	3621221
413	Chr2	rap2.6l_air_rep3_peak_413	3622603
414	Chr2	rap2.6l_air_rep3_peak_414	3623463
415	Chr2	rap2.6l_air_rep3_peak_415	3624617
416	Chr2	rap2.6l_air_rep3_peak_416	3626306
417	Chr2	rap2.6l_air_rep3_peak_417	3626980
418	Chr2	rap2.6l_air_rep3_peak_418	3627329
419	Chr2	rap2.6l_air_rep3_peak_419	4477622
420	Chr2	rap2.6l_air_rep3_peak_420	5691961
421	Chr2	rap2.6l_air_rep3_peak_421	6315804
422	Chr2	rap2.6l_air_rep3_peak_422	6321378
423	Chr2	rap2.6l_air_rep3_peak_423	6758435
424	Chr2	rap2.6l_air_rep3_peak_424	7190966
425	Chr2	rap2.6l_air_rep3_peak_425	7230279
426	Chr2	rap2.6l_air_rep3_peak_426	7422225
427	Chr2	rap2.6l_air_rep3_peak_427	7692367
428	Chr2	rap2.6l_air_rep3_peak_428	7693533
429	Chr2	rap2.6l_air_rep3_peak_429	7864150
430	Chr2	rap2.6l_air_rep3_peak_430	7944786
431	Chr2	rap2.6l_air_rep3_peak_431	8220006
432	Chr2	rap2.6l_air_rep3_peak_432	8495926
433	Chr2	rap2.6l_air_rep3_peak_433	8534728
434	Chr2	rap2.6l_air_rep3_peak_434	8567110
435	Chr2	rap2.6l_air_rep3_peak_435	8695151
436	Chr2	rap2.6l_air_rep3_peak_436	8710351
437	Chr2	rap2.6l_air_rep3_peak_437	8764086
438	Chr2	rap2.6l_air_rep3_peak_438	8851091
439	Chr2	rap2.6l_air_rep3_peak_439	8985654
440	Chr2	rap2.6l_air_rep3_peak_440	8993046
441	Chr2	rap2.6l_air_rep3_peak_441	8998609
442	Chr2	rap2.6l_air_rep3_peak_442	9002967
443	Chr2	rap2.6l_air_rep3_peak_443	9006579
444	Chr2	rap2.6l_air_rep3_peak_444	9064507
445	Chr2	rap2.6l_air_rep3_peak_445	9076052
446	Chr2	rap2.6l_air_rep3_peak_446	9248526
447	Chr2	rap2.6l_air_rep3_peak_447	9386398
448	Chr2	rap2.6l_air_rep3_peak_448	9418862
449	Chr2	rap2.6l_air_rep3_peak_449	9517510
450	Chr2	rap2.6l_air_rep3_peak_450	9539774
451	Chr2	rap2.6l_air_rep3_peak_451	9741709
452	Chr2	rap2.6l_air_rep3_peak_452	9923703
453	Chr2	rap2.6l_air_rep3_peak_453	9924910
454	Chr2	rap2.6l_air_rep3_peak_454	9926472
455	Chr2	rap2.6l_air_rep3_peak_455	9938166
456	Chr2	rap2.6l_air_rep3_peak_456	9978143
457	Chr2	rap2.6l_air_rep3_peak_457	10065633
458	Chr2	rap2.6l_air_rep3_peak_458	10072035
459	Chr2	rap2.6l_air_rep3_peak_459	10122248
460	Chr2	rap2.6l_air_rep3_peak_460	10191683
461	Chr2	rap2.6l_air_rep3_peak_461	10243761
462	Chr2	rap2.6l_air_rep3_peak_462	10257935
463	Chr2	rap2.6l_air_rep3_peak_463	10281707
464	Chr2	rap2.6l_air_rep3_peak_464	10367004
465	Chr2	rap2.6l_air_rep3_peak_465	10430810
466	Chr2	rap2.6l_air_rep3_peak_466	10438191
467	Chr2	rap2.6l_air_rep3_peak_467	10629117
468	Chr2	rap2.6l_air_rep3_peak_468	10741370
469	Chr2	rap2.6l_air_rep3_peak_469	10771513
470	Chr2	rap2.6l_air_rep3_peak_470	10853032
471	Chr2	rap2.6l_air_rep3_peak_471	10975771
472	Chr2	rap2.6l_air_rep3_peak_472	11009686
473	Chr2	rap2.6l_air_rep3_peak_473	11150422
474	Chr2	rap2.6l_air_rep3_peak_474	11277803
475	Chr2	rap2.6l_air_rep3_peak_475	11296456
476	Chr2	rap2.6l_air_rep3_peak_476	11336713
477	Chr2	rap2.6l_air_rep3_peak_477	11380459
478	Chr2	rap2.6l_air_rep3_peak_478	11563752
479	Chr2	rap2.6l_air_rep3_peak_479	11567159
480	Chr2	rap2.6l_air_rep3_peak_480	11644287
481	Chr2	rap2.6l_air_rep3_peak_481	11683696
482	Chr2	rap2.6l_air_rep3_peak_482	11684324
483	Chr2	rap2.6l_air_rep3_peak_483	11800985
484	Chr2	rap2.6l_air_rep3_peak_484	11834340
485	Chr2	rap2.6l_air_rep3_peak_485	11866955
486	Chr2	rap2.6l_air_rep3_peak_486	11961660
487	Chr2	rap2.6l_air_rep3_peak_487	11977505
488	Chr2	rap2.6l_air_rep3_peak_488	12023806
489	Chr2	rap2.6l_air_rep3_peak_489	12122586
490	Chr2	rap2.6l_air_rep3_peak_490	12409439
491	Chr2	rap2.6l_air_rep3_peak_491	12419946
492	Chr2	rap2.6l_air_rep3_peak_492	12872027
493	Chr2	rap2.6l_air_rep3_peak_493	12905325
494	Chr2	rap2.6l_air_rep3_peak_494	12937258
495	Chr2	rap2.6l_air_rep3_peak_495	12972753
496	Chr2	rap2.6l_air_rep3_peak_496	12997506
497	Chr2	rap2.6l_air_rep3_peak_497	13014867
498	Chr2	rap2.6l_air_rep3_peak_498	13146098
499	Chr2	rap2.6l_air_rep3_peak_499	13201456
500	Chr2	rap2.6l_air_rep3_peak_500	13289436
501	Chr2	rap2.6l_air_rep3_peak_501	13631964
502	Chr2	rap2.6l_air_rep3_peak_502	13660516
503	Chr2	rap2.6l_air_rep3_peak_503	13689497
504	Chr2	rap2.6l_air_rep3_peak_504	13692744
505	Chr2	rap2.6l_air_rep3_peak_505	13702677
506	Chr2	rap2.6l_air_rep3_peak_506	14180303
507	Chr2	rap2.6l_air_rep3_peak_507	14209425
508	Chr2	rap2.6l_air_rep3_peak_508	14231317
509	Chr2	rap2.6l_air_rep3_peak_509	14253111
510	Chr2	rap2.6l_air_rep3_peak_510	14260821
511	Chr2	rap2.6l_air_rep3_peak_511	14261889
512	Chr2	rap2.6l_air_rep3_peak_512	14495896
513	Chr2	rap2.6l_air_rep3_peak_513	14654089
514	Chr2	rap2.6l_air_rep3_peak_514	14746367
515	Chr2	rap2.6l_air_rep3_peak_515	15021592
516	Chr2	rap2.6l_air_rep3_peak_516	15066379
517	Chr2	rap2.6l_air_rep3_peak_517	15073916
518	Chr2	rap2.6l_air_rep3_peak_518	15081118
519	Chr2	rap2.6l_air_rep3_peak_519	15100097
520	Chr2	rap2.6l_air_rep3_peak_520	15110220
521	Chr2	rap2.6l_air_rep3_peak_521	15189878
522	Chr2	rap2.6l_air_rep3_peak_522	15193382
523	Chr2	rap2.6l_air_rep3_peak_523	15207474
524	Chr2	rap2.6l_air_rep3_peak_524	15228722
525	Chr2	rap2.6l_air_rep3_peak_525	15229148
526	Chr2	rap2.6l_air_rep3_peak_526	15345928
527	Chr2	rap2.6l_air_rep3_peak_527	15514983
528	Chr2	rap2.6l_air_rep3_peak_528	15521765
529	Chr2	rap2.6l_air_rep3_peak_529	15559098
530	Chr2	rap2.6l_air_rep3_peak_530	15601442
531	Chr2	rap2.6l_air_rep3_peak_531	15706160
532	Chr2	rap2.6l_air_rep3_peak_532	15773526
533	Chr2	rap2.6l_air_rep3_peak_533	15790652
534	Chr2	rap2.6l_air_rep3_peak_534	15846875
535	Chr2	rap2.6l_air_rep3_peak_535	15849867
536	Chr2	rap2.6l_air_rep3_peak_536	16108135
537	Chr2	rap2.6l_air_rep3_peak_537	16157557
538	Chr2	rap2.6l_air_rep3_peak_538	16215489
539	Chr2	rap2.6l_air_rep3_peak_539	16216834
540	Chr2	rap2.6l_air_rep3_peak_540	16237453
541	Chr2	rap2.6l_air_rep3_peak_541	16255001
542	Chr2	rap2.6l_air_rep3_peak_542	16257822
543	Chr2	rap2.6l_air_rep3_peak_543	16265235
544	Chr2	rap2.6l_air_rep3_peak_544	16360088
545	Chr2	rap2.6l_air_rep3_peak_545	16368490
546	Chr2	rap2.6l_air_rep3_peak_546	16413657
547	Chr2	rap2.6l_air_rep3_peak_547	16449691
548	Chr2	rap2.6l_air_rep3_peak_548	16474172
549	Chr2	rap2.6l_air_rep3_peak_549	16556645
550	Chr2	rap2.6l_air_rep3_peak_550	16603350
551	Chr2	rap2.6l_air_rep3_peak_551	16707374
552	Chr2	rap2.6l_air_rep3_peak_552	16743896
553	Chr2	rap2.6l_air_rep3_peak_553	16749821
554	Chr2	rap2.6l_air_rep3_peak_554	16781523
555	Chr2	rap2.6l_air_rep3_peak_555	16782332
556	Chr2	rap2.6l_air_rep3_peak_556	16802044
557	Chr2	rap2.6l_air_rep3_peak_557	16850611
558	Chr2	rap2.6l_air_rep3_peak_558	16930973
559	Chr2	rap2.6l_air_rep3_peak_559	17099508
560	Chr2	rap2.6l_air_rep3_peak_560	17115279
561	Chr2	rap2.6l_air_rep3_peak_561	17263699
562	Chr2	rap2.6l_air_rep3_peak_562	17325765
563	Chr2	rap2.6l_air_rep3_peak_563	17336202
564	Chr2	rap2.6l_air_rep3_peak_564	17369570
565	Chr2	rap2.6l_air_rep3_peak_565	17396836
566	Chr2	rap2.6l_air_rep3_peak_566	17538837
567	Chr2	rap2.6l_air_rep3_peak_567	17577548
568	Chr2	rap2.6l_air_rep3_peak_568	17613558
569	Chr2	rap2.6l_air_rep3_peak_569	17614840
570	Chr2	rap2.6l_air_rep3_peak_570	17665840
571	Chr2	rap2.6l_air_rep3_peak_571	17884887
572	Chr2	rap2.6l_air_rep3_peak_572	17918996
573	Chr2	rap2.6l_air_rep3_peak_573	17927156
574	Chr2	rap2.6l_air_rep3_peak_574	18007474
575	Chr2	rap2.6l_air_rep3_peak_575	18060532
576	Chr2	rap2.6l_air_rep3_peak_576	18067930
577	Chr2	rap2.6l_air_rep3_peak_577	18082994
578	Chr2	rap2.6l_air_rep3_peak_578	18084075
579	Chr2	rap2.6l_air_rep3_peak_579	18116235
580	Chr2	rap2.6l_air_rep3_peak_580	18215641
581	Chr2	rap2.6l_air_rep3_peak_581	18236771
582	Chr2	rap2.6l_air_rep3_peak_582	18248988
583	Chr2	rap2.6l_air_rep3_peak_583	18279093
584	Chr2	rap2.6l_air_rep3_peak_584	18297490
585	Chr2	rap2.6l_air_rep3_peak_585	18312982
586	Chr2	rap2.6l_air_rep3_peak_586	18321703
587	Chr2	rap2.6l_air_rep3_peak_587	18323204
588	Chr2	rap2.6l_air_rep3_peak_588	18324565
589	Chr2	rap2.6l_air_rep3_peak_589	18363871
590	Chr2	rap2.6l_air_rep3_peak_590	18379465
591	Chr2	rap2.6l_air_rep3_peak_591	18463356
592	Chr2	rap2.6l_air_rep3_peak_592	18474127
593	Chr2	rap2.6l_air_rep3_peak_593	18483171
594	Chr2	rap2.6l_air_rep3_peak_594	18502453
595	Chr2	rap2.6l_air_rep3_peak_595	18620269
596	Chr2	rap2.6l_air_rep3_peak_596	18725712
597	Chr2	rap2.6l_air_rep3_peak_597	18786433
598	Chr2	rap2.6l_air_rep3_peak_598	18848729
599	Chr2	rap2.6l_air_rep3_peak_599	18898853
600	Chr2	rap2.6l_air_rep3_peak_600	18910020
601	Chr2	rap2.6l_air_rep3_peak_601	18912514
602	Chr2	rap2.6l_air_rep3_peak_602	18913285
603	Chr2	rap2.6l_air_rep3_peak_603	18949999
604	Chr2	rap2.6l_air_rep3_peak_604	18959004
605	Chr2	rap2.6l_air_rep3_peak_605	18965154
606	Chr2	rap2.6l_air_rep3_peak_606	18998781
607	Chr2	rap2.6l_air_rep3_peak_607	19008131
608	Chr2	rap2.6l_air_rep3_peak_608	19019987
609	Chr2	rap2.6l_air_rep3_peak_609	19029768
610	Chr2	rap2.6l_air_rep3_peak_610	19033746
611	Chr2	rap2.6l_air_rep3_peak_611	19140853
612	Chr2	rap2.6l_air_rep3_peak_612	19166867
613	Chr2	rap2.6l_air_rep3_peak_613	19179286
614	Chr2	rap2.6l_air_rep3_peak_614	19232456
615	Chr2	rap2.6l_air_rep3_peak_615	19350703
616	Chr2	rap2.6l_air_rep3_peak_616	19377424
617	Chr2	rap2.6l_air_rep3_peak_617	19440402
618	Chr2	rap2.6l_air_rep3_peak_618	19486820
619	Chr2	rap2.6l_air_rep3_peak_619	19491581
620	Chr2	rap2.6l_air_rep3_peak_620	19540284
621	Chr2	rap2.6l_air_rep3_peak_621	19542072
622	Chr2	rap2.6l_air_rep3_peak_622	19574203
623	Chr2	rap2.6l_air_rep3_peak_623	19622903
624	Chr3	rap2.6l_air_rep3_peak_624	23018
625	Chr3	rap2.6l_air_rep3_peak_625	69506
626	Chr3	rap2.6l_air_rep3_peak_626	88080
627	Chr3	rap2.6l_air_rep3_peak_627	93550
628	Chr3	rap2.6l_air_rep3_peak_628	185530
629	Chr3	rap2.6l_air_rep3_peak_629	208315
630	Chr3	rap2.6l_air_rep3_peak_630	295810
631	Chr3	rap2.6l_air_rep3_peak_631	365425
632	Chr3	rap2.6l_air_rep3_peak_632	376675
633	Chr3	rap2.6l_air_rep3_peak_633	537987
634	Chr3	rap2.6l_air_rep3_peak_634	538426
635	Chr3	rap2.6l_air_rep3_peak_635	539452
636	Chr3	rap2.6l_air_rep3_peak_636	607956
637	Chr3	rap2.6l_air_rep3_peak_637	634160
638	Chr3	rap2.6l_air_rep3_peak_638	634697
639	Chr3	rap2.6l_air_rep3_peak_639	637324
640	Chr3	rap2.6l_air_rep3_peak_640	887353
641	Chr3	rap2.6l_air_rep3_peak_641	985124
642	Chr3	rap2.6l_air_rep3_peak_642	1063975
643	Chr3	rap2.6l_air_rep3_peak_643	1080710
644	Chr3	rap2.6l_air_rep3_peak_644	1153425
645	Chr3	rap2.6l_air_rep3_peak_645	1175285
646	Chr3	rap2.6l_air_rep3_peak_646	1287159
647	Chr3	rap2.6l_air_rep3_peak_647	1290755
648	Chr3	rap2.6l_air_rep3_peak_648	1347627
649	Chr3	rap2.6l_air_rep3_peak_649	1478512
650	Chr3	rap2.6l_air_rep3_peak_650	1538831
651	Chr3	rap2.6l_air_rep3_peak_651	1589972
652	Chr3	rap2.6l_air_rep3_peak_652	1608592
653	Chr3	rap2.6l_air_rep3_peak_653	1617287
654	Chr3	rap2.6l_air_rep3_peak_654	1657264
655	Chr3	rap2.6l_air_rep3_peak_655	1735997
656	Chr3	rap2.6l_air_rep3_peak_656	2132705
657	Chr3	rap2.6l_air_rep3_peak_657	2344430
658	Chr3	rap2.6l_air_rep3_peak_658	2353802
659	Chr3	rap2.6l_air_rep3_peak_659	2441363
660	Chr3	rap2.6l_air_rep3_peak_660	2595458
661	Chr3	rap2.6l_air_rep3_peak_661	2647092
662	Chr3	rap2.6l_air_rep3_peak_662	2654238
663	Chr3	rap2.6l_air_rep3_peak_663	2661739
664	Chr3	rap2.6l_air_rep3_peak_664	2749397
665	Chr3	rap2.6l_air_rep3_peak_665	2753134
666	Chr3	rap2.6l_air_rep3_peak_666	2831326
667	Chr3	rap2.6l_air_rep3_peak_667	3094854
668	Chr3	rap2.6l_air_rep3_peak_668	3098174
669	Chr3	rap2.6l_air_rep3_peak_669	3238827
670	Chr3	rap2.6l_air_rep3_peak_670	3271445
671	Chr3	rap2.6l_air_rep3_peak_671	3337284
672	Chr3	rap2.6l_air_rep3_peak_672	3417833
673	Chr3	rap2.6l_air_rep3_peak_673	3427383
674	Chr3	rap2.6l_air_rep3_peak_674	3443207
675	Chr3	rap2.6l_air_rep3_peak_675	3444036
676	Chr3	rap2.6l_air_rep3_peak_676	3598313
677	Chr3	rap2.6l_air_rep3_peak_677	3650090
678	Chr3	rap2.6l_air_rep3_peak_678	3650607
679	Chr3	rap2.6l_air_rep3_peak_679	3656751
680	Chr3	rap2.6l_air_rep3_peak_680	3738312
681	Chr3	rap2.6l_air_rep3_peak_681	3758481
682	Chr3	rap2.6l_air_rep3_peak_682	3826076
683	Chr3	rap2.6l_air_rep3_peak_683	3860036
684	Chr3	rap2.6l_air_rep3_peak_684	3862611
685	Chr3	rap2.6l_air_rep3_peak_685	3910637
686	Chr3	rap2.6l_air_rep3_peak_686	3957722
687	Chr3	rap2.6l_air_rep3_peak_687	3988640
688	Chr3	rap2.6l_air_rep3_peak_688	4012597
689	Chr3	rap2.6l_air_rep3_peak_689	4036251
690	Chr3	rap2.6l_air_rep3_peak_690	4095216
691	Chr3	rap2.6l_air_rep3_peak_691	4107208
692	Chr3	rap2.6l_air_rep3_peak_692	4109197
693	Chr3	rap2.6l_air_rep3_peak_693	4118302
694	Chr3	rap2.6l_air_rep3_peak_694	4119091
695	Chr3	rap2.6l_air_rep3_peak_695	4219287
696	Chr3	rap2.6l_air_rep3_peak_696	4254545
697	Chr3	rap2.6l_air_rep3_peak_697	4314549
698	Chr3	rap2.6l_air_rep3_peak_698	4367276
699	Chr3	rap2.6l_air_rep3_peak_699	4370227
700	Chr3	rap2.6l_air_rep3_peak_700	4372142
701	Chr3	rap2.6l_air_rep3_peak_701	4399445
702	Chr3	rap2.6l_air_rep3_peak_702	4462413
703	Chr3	rap2.6l_air_rep3_peak_703	4494014
704	Chr3	rap2.6l_air_rep3_peak_704	4508788
705	Chr3	rap2.6l_air_rep3_peak_705	4603828
706	Chr3	rap2.6l_air_rep3_peak_706	4641645
707	Chr3	rap2.6l_air_rep3_peak_707	4705718
708	Chr3	rap2.6l_air_rep3_peak_708	4723891
709	Chr3	rap2.6l_air_rep3_peak_709	4725804
710	Chr3	rap2.6l_air_rep3_peak_710	4736187
711	Chr3	rap2.6l_air_rep3_peak_711	4739164
712	Chr3	rap2.6l_air_rep3_peak_712	4741080
713	Chr3	rap2.6l_air_rep3_peak_713	4828559
714	Chr3	rap2.6l_air_rep3_peak_714	4857271
715	Chr3	rap2.6l_air_rep3_peak_715	4933064
716	Chr3	rap2.6l_air_rep3_peak_716	4937228
717	Chr3	rap2.6l_air_rep3_peak_717	5003619
718	Chr3	rap2.6l_air_rep3_peak_718	5069280
719	Chr3	rap2.6l_air_rep3_peak_719	5119821
720	Chr3	rap2.6l_air_rep3_peak_720	5122725
721	Chr3	rap2.6l_air_rep3_peak_721	5124779
722	Chr3	rap2.6l_air_rep3_peak_722	5125415
723	Chr3	rap2.6l_air_rep3_peak_723	5138726
724	Chr3	rap2.6l_air_rep3_peak_724	5175703
725	Chr3	rap2.6l_air_rep3_peak_725	5252794
726	Chr3	rap2.6l_air_rep3_peak_726	5297977
727	Chr3	rap2.6l_air_rep3_peak_727	5610351
728	Chr3	rap2.6l_air_rep3_peak_728	5625636
729	Chr3	rap2.6l_air_rep3_peak_729	5640060
730	Chr3	rap2.6l_air_rep3_peak_730	5764889
731	Chr3	rap2.6l_air_rep3_peak_731	5778507
732	Chr3	rap2.6l_air_rep3_peak_732	5827372
733	Chr3	rap2.6l_air_rep3_peak_733	5839152
734	Chr3	rap2.6l_air_rep3_peak_734	5892351
735	Chr3	rap2.6l_air_rep3_peak_735	6019696
736	Chr3	rap2.6l_air_rep3_peak_736	6389038
737	Chr3	rap2.6l_air_rep3_peak_737	6395071
738	Chr3	rap2.6l_air_rep3_peak_738	6430455
739	Chr3	rap2.6l_air_rep3_peak_739	6492686
740	Chr3	rap2.6l_air_rep3_peak_740	6493427
741	Chr3	rap2.6l_air_rep3_peak_741	6614002
742	Chr3	rap2.6l_air_rep3_peak_742	6617761
743	Chr3	rap2.6l_air_rep3_peak_743	6721536
744	Chr3	rap2.6l_air_rep3_peak_744	6727023
745	Chr3	rap2.6l_air_rep3_peak_745	6780464
746	Chr3	rap2.6l_air_rep3_peak_746	6815480
747	Chr3	rap2.6l_air_rep3_peak_747	6826094
748	Chr3	rap2.6l_air_rep3_peak_748	6933815
749	Chr3	rap2.6l_air_rep3_peak_749	6988129
750	Chr3	rap2.6l_air_rep3_peak_750	7013914
751	Chr3	rap2.6l_air_rep3_peak_751	7082613
752	Chr3	rap2.6l_air_rep3_peak_752	7132706
753	Chr3	rap2.6l_air_rep3_peak_753	7224121
754	Chr3	rap2.6l_air_rep3_peak_754	7312813
755	Chr3	rap2.6l_air_rep3_peak_755	7385335
756	Chr3	rap2.6l_air_rep3_peak_756	7510674
757	Chr3	rap2.6l_air_rep3_peak_757	7576925
758	Chr3	rap2.6l_air_rep3_peak_758	7644145
759	Chr3	rap2.6l_air_rep3_peak_759	8064753
760	Chr3	rap2.6l_air_rep3_peak_760	8181979
761	Chr3	rap2.6l_air_rep3_peak_761	8236021
762	Chr3	rap2.6l_air_rep3_peak_762	8275693
763	Chr3	rap2.6l_air_rep3_peak_763	8308048
764	Chr3	rap2.6l_air_rep3_peak_764	8708298
765	Chr3	rap2.6l_air_rep3_peak_765	8709846
766	Chr3	rap2.6l_air_rep3_peak_766	8734679
767	Chr3	rap2.6l_air_rep3_peak_767	8743005
768	Chr3	rap2.6l_air_rep3_peak_768	8865968
769	Chr3	rap2.6l_air_rep3_peak_769	8866798
770	Chr3	rap2.6l_air_rep3_peak_770	8994044
771	Chr3	rap2.6l_air_rep3_peak_771	9103734
772	Chr3	rap2.6l_air_rep3_peak_772	9132227
773	Chr3	rap2.6l_air_rep3_peak_773	9307721
774	Chr3	rap2.6l_air_rep3_peak_774	9412632
775	Chr3	rap2.6l_air_rep3_peak_775	9416787
776	Chr3	rap2.6l_air_rep3_peak_776	9466038
777	Chr3	rap2.6l_air_rep3_peak_777	9479867
778	Chr3	rap2.6l_air_rep3_peak_778	9513763
779	Chr3	rap2.6l_air_rep3_peak_779	9666180
780	Chr3	rap2.6l_air_rep3_peak_780	9710075
781	Chr3	rap2.6l_air_rep3_peak_781	9717180
782	Chr3	rap2.6l_air_rep3_peak_782	9768763
783	Chr3	rap2.6l_air_rep3_peak_783	9870456
784	Chr3	rap2.6l_air_rep3_peak_784	9918857
785	Chr3	rap2.6l_air_rep3_peak_785	9930334
786	Chr3	rap2.6l_air_rep3_peak_786	9940898
787	Chr3	rap2.6l_air_rep3_peak_787	10067498
788	Chr3	rap2.6l_air_rep3_peak_788	10162983
789	Chr3	rap2.6l_air_rep3_peak_789	10315012
790	Chr3	rap2.6l_air_rep3_peak_790	10384225
791	Chr3	rap2.6l_air_rep3_peak_791	10458848
792	Chr3	rap2.6l_air_rep3_peak_792	10592453
793	Chr3	rap2.6l_air_rep3_peak_793	10600356
794	Chr3	rap2.6l_air_rep3_peak_794	10678471
795	Chr3	rap2.6l_air_rep3_peak_795	10704115
796	Chr3	rap2.6l_air_rep3_peak_796	10754942
797	Chr3	rap2.6l_air_rep3_peak_797	10910980
798	Chr3	rap2.6l_air_rep3_peak_798	10969404
799	Chr3	rap2.6l_air_rep3_peak_799	11030037
800	Chr3	rap2.6l_air_rep3_peak_800	11073559
801	Chr3	rap2.6l_air_rep3_peak_801	11725323
802	Chr3	rap2.6l_air_rep3_peak_802	12125815
803	Chr3	rap2.6l_air_rep3_peak_803	12453974
804	Chr3	rap2.6l_air_rep3_peak_804	13587693
805	Chr3	rap2.6l_air_rep3_peak_805	13589324
806	Chr3	rap2.6l_air_rep3_peak_806	13590640
807	Chr3	rap2.6l_air_rep3_peak_807	13591099
808	Chr3	rap2.6l_air_rep3_peak_808	13591703
809	Chr3	rap2.6l_air_rep3_peak_809	14196026
810	Chr3	rap2.6l_air_rep3_peak_810	14196919
811	Chr3	rap2.6l_air_rep3_peak_811	14197398
812	Chr3	rap2.6l_air_rep3_peak_812	14199656
813	Chr3	rap2.6l_air_rep3_peak_813	14200080
814	Chr3	rap2.6l_air_rep3_peak_814	14201702
815	Chr3	rap2.6l_air_rep3_peak_815	14202119
816	Chr3	rap2.6l_air_rep3_peak_816	15215900
817	Chr3	rap2.6l_air_rep3_peak_817	15355612
818	Chr3	rap2.6l_air_rep3_peak_818	15502752
819	Chr3	rap2.6l_air_rep3_peak_819	16475859
820	Chr3	rap2.6l_air_rep3_peak_820	16484111
821	Chr3	rap2.6l_air_rep3_peak_821	16568980
822	Chr3	rap2.6l_air_rep3_peak_822	16699794
823	Chr3	rap2.6l_air_rep3_peak_823	16758911
824	Chr3	rap2.6l_air_rep3_peak_824	16883785
825	Chr3	rap2.6l_air_rep3_peak_825	17008557
826	Chr3	rap2.6l_air_rep3_peak_826	17178440
827	Chr3	rap2.6l_air_rep3_peak_827	17204085
828	Chr3	rap2.6l_air_rep3_peak_828	17212496
829	Chr3	rap2.6l_air_rep3_peak_829	17285663
830	Chr3	rap2.6l_air_rep3_peak_830	17478606
831	Chr3	rap2.6l_air_rep3_peak_831	17509306
832	Chr3	rap2.6l_air_rep3_peak_832	17523302
833	Chr3	rap2.6l_air_rep3_peak_833	17567133
834	Chr3	rap2.6l_air_rep3_peak_834	17704646
835	Chr3	rap2.6l_air_rep3_peak_835	17720047
836	Chr3	rap2.6l_air_rep3_peak_836	17911850
837	Chr3	rap2.6l_air_rep3_peak_837	17977456
838	Chr3	rap2.6l_air_rep3_peak_838	17978017
839	Chr3	rap2.6l_air_rep3_peak_839	18049649
840	Chr3	rap2.6l_air_rep3_peak_840	18139056
841	Chr3	rap2.6l_air_rep3_peak_841	18301734
842	Chr3	rap2.6l_air_rep3_peak_842	18393262
843	Chr3	rap2.6l_air_rep3_peak_843	18467990
844	Chr3	rap2.6l_air_rep3_peak_844	18469790
845	Chr3	rap2.6l_air_rep3_peak_845	18501911
846	Chr3	rap2.6l_air_rep3_peak_846	18516146
847	Chr3	rap2.6l_air_rep3_peak_847	18516895
848	Chr3	rap2.6l_air_rep3_peak_848	18635011
849	Chr3	rap2.6l_air_rep3_peak_849	18800234
850	Chr3	rap2.6l_air_rep3_peak_850	18821990
851	Chr3	rap2.6l_air_rep3_peak_851	18824470
852	Chr3	rap2.6l_air_rep3_peak_852	18859422
853	Chr3	rap2.6l_air_rep3_peak_853	18881852
854	Chr3	rap2.6l_air_rep3_peak_854	18895541
855	Chr3	rap2.6l_air_rep3_peak_855	19056435
856	Chr3	rap2.6l_air_rep3_peak_856	19063578
857	Chr3	rap2.6l_air_rep3_peak_857	19172558
858	Chr3	rap2.6l_air_rep3_peak_858	19229180
859	Chr3	rap2.6l_air_rep3_peak_859	19357257
860	Chr3	rap2.6l_air_rep3_peak_860	19439064
861	Chr3	rap2.6l_air_rep3_peak_861	19442596
862	Chr3	rap2.6l_air_rep3_peak_862	19444370
863	Chr3	rap2.6l_air_rep3_peak_863	19445319
864	Chr3	rap2.6l_air_rep3_peak_864	19453376
865	Chr3	rap2.6l_air_rep3_peak_865	19535578
866	Chr3	rap2.6l_air_rep3_peak_866	19547926
867	Chr3	rap2.6l_air_rep3_peak_867	19623606
868	Chr3	rap2.6l_air_rep3_peak_868	19629043
869	Chr3	rap2.6l_air_rep3_peak_869	19629499
870	Chr3	rap2.6l_air_rep3_peak_870	19692841
871	Chr3	rap2.6l_air_rep3_peak_871	19699391
872	Chr3	rap2.6l_air_rep3_peak_872	19700896
873	Chr3	rap2.6l_air_rep3_peak_873	19808355
874	Chr3	rap2.6l_air_rep3_peak_874	19824162
875	Chr3	rap2.6l_air_rep3_peak_875	19880494
876	Chr3	rap2.6l_air_rep3_peak_876	19936488
877	Chr3	rap2.6l_air_rep3_peak_877	19965662
878	Chr3	rap2.6l_air_rep3_peak_878	20048744
879	Chr3	rap2.6l_air_rep3_peak_879	20180243
880	Chr3	rap2.6l_air_rep3_peak_880	20220503
881	Chr3	rap2.6l_air_rep3_peak_881	20296182
882	Chr3	rap2.6l_air_rep3_peak_882	20493556
883	Chr3	rap2.6l_air_rep3_peak_883	20606634
884	Chr3	rap2.6l_air_rep3_peak_884	20607270
885	Chr3	rap2.6l_air_rep3_peak_885	20714946
886	Chr3	rap2.6l_air_rep3_peak_886	20719045
887	Chr3	rap2.6l_air_rep3_peak_887	20753714
888	Chr3	rap2.6l_air_rep3_peak_888	20757928
889	Chr3	rap2.6l_air_rep3_peak_889	20764705
890	Chr3	rap2.6l_air_rep3_peak_890	20771445
891	Chr3	rap2.6l_air_rep3_peak_891	20776724
892	Chr3	rap2.6l_air_rep3_peak_892	20801903
893	Chr3	rap2.6l_air_rep3_peak_893	20941372
894	Chr3	rap2.6l_air_rep3_peak_894	20988434
895	Chr3	rap2.6l_air_rep3_peak_895	21059793
896	Chr3	rap2.6l_air_rep3_peak_896	21193746
897	Chr3	rap2.6l_air_rep3_peak_897	21215592
898	Chr3	rap2.6l_air_rep3_peak_898	21216627
899	Chr3	rap2.6l_air_rep3_peak_899	21217918
900	Chr3	rap2.6l_air_rep3_peak_900	21261348
901	Chr3	rap2.6l_air_rep3_peak_901	21262576
902	Chr3	rap2.6l_air_rep3_peak_902	21303668
903	Chr3	rap2.6l_air_rep3_peak_903	21305169
904	Chr3	rap2.6l_air_rep3_peak_904	21336710
905	Chr3	rap2.6l_air_rep3_peak_905	21344287
906	Chr3	rap2.6l_air_rep3_peak_906	21393986
907	Chr3	rap2.6l_air_rep3_peak_907	21412006
908	Chr3	rap2.6l_air_rep3_peak_908	21430572
909	Chr3	rap2.6l_air_rep3_peak_909	21678503
910	Chr3	rap2.6l_air_rep3_peak_910	21683280
911	Chr3	rap2.6l_air_rep3_peak_911	21835510
912	Chr3	rap2.6l_air_rep3_peak_912	21836538
913	Chr3	rap2.6l_air_rep3_peak_913	21910755
914	Chr3	rap2.6l_air_rep3_peak_914	22006114
915	Chr3	rap2.6l_air_rep3_peak_915	22170148
916	Chr3	rap2.6l_air_rep3_peak_916	22189862
917	Chr3	rap2.6l_air_rep3_peak_917	22217466
918	Chr3	rap2.6l_air_rep3_peak_918	22248793
919	Chr3	rap2.6l_air_rep3_peak_919	22348548
920	Chr3	rap2.6l_air_rep3_peak_920	22378727
921	Chr3	rap2.6l_air_rep3_peak_921	22501623
922	Chr3	rap2.6l_air_rep3_peak_922	22566718
923	Chr3	rap2.6l_air_rep3_peak_923	22645721
924	Chr3	rap2.6l_air_rep3_peak_924	22650011
925	Chr3	rap2.6l_air_rep3_peak_925	22650641
926	Chr3	rap2.6l_air_rep3_peak_926	22687500
927	Chr3	rap2.6l_air_rep3_peak_927	22732419
928	Chr3	rap2.6l_air_rep3_peak_928	22787849
929	Chr3	rap2.6l_air_rep3_peak_929	22873775
930	Chr3	rap2.6l_air_rep3_peak_930	23060758
931	Chr3	rap2.6l_air_rep3_peak_931	23155602
932	Chr3	rap2.6l_air_rep3_peak_932	23201077
933	Chr3	rap2.6l_air_rep3_peak_933	23276699
934	Chr3	rap2.6l_air_rep3_peak_934	23300935
935	Chr3	rap2.6l_air_rep3_peak_935	23410634
936	Chr3	rap2.6l_air_rep3_peak_936	23450278
937	Chr4	rap2.6l_air_rep3_peak_937	21160
938	Chr4	rap2.6l_air_rep3_peak_938	133071
939	Chr4	rap2.6l_air_rep3_peak_939	145403
940	Chr4	rap2.6l_air_rep3_peak_940	299132
941	Chr4	rap2.6l_air_rep3_peak_941	388329
942	Chr4	rap2.6l_air_rep3_peak_942	473844
943	Chr4	rap2.6l_air_rep3_peak_943	475448
944	Chr4	rap2.6l_air_rep3_peak_944	525345
945	Chr4	rap2.6l_air_rep3_peak_945	558243
946	Chr4	rap2.6l_air_rep3_peak_946	564568
947	Chr4	rap2.6l_air_rep3_peak_947	676605
948	Chr4	rap2.6l_air_rep3_peak_948	740577
949	Chr4	rap2.6l_air_rep3_peak_949	744134
950	Chr4	rap2.6l_air_rep3_peak_950	999711
951	Chr4	rap2.6l_air_rep3_peak_951	1304563
952	Chr4	rap2.6l_air_rep3_peak_952	1305439
953	Chr4	rap2.6l_air_rep3_peak_953	1382597
954	Chr4	rap2.6l_air_rep3_peak_954	1424930
955	Chr4	rap2.6l_air_rep3_peak_955	1495479
956	Chr4	rap2.6l_air_rep3_peak_956	1529097
957	Chr4	rap2.6l_air_rep3_peak_957	1540065
958	Chr4	rap2.6l_air_rep3_peak_958	1540493
959	Chr4	rap2.6l_air_rep3_peak_959	1561384
960	Chr4	rap2.6l_air_rep3_peak_960	2217630
961	Chr4	rap2.6l_air_rep3_peak_961	2412182
962	Chr4	rap2.6l_air_rep3_peak_962	2415621
963	Chr4	rap2.6l_air_rep3_peak_963	2508068
964	Chr4	rap2.6l_air_rep3_peak_964	2531844
965	Chr4	rap2.6l_air_rep3_peak_965	2567183
966	Chr4	rap2.6l_air_rep3_peak_966	2661538
967	Chr4	rap2.6l_air_rep3_peak_967	3950962
968	Chr4	rap2.6l_air_rep3_peak_968	3951321
969	Chr4	rap2.6l_air_rep3_peak_969	3952988
970	Chr4	rap2.6l_air_rep3_peak_970	3953564
971	Chr4	rap2.6l_air_rep3_peak_971	3954736
972	Chr4	rap2.6l_air_rep3_peak_972	3965727
973	Chr4	rap2.6l_air_rep3_peak_973	3966538
974	Chr4	rap2.6l_air_rep3_peak_974	3987515
975	Chr4	rap2.6l_air_rep3_peak_975	4074673
976	Chr4	rap2.6l_air_rep3_peak_976	5729407
977	Chr4	rap2.6l_air_rep3_peak_977	5758098
978	Chr4	rap2.6l_air_rep3_peak_978	5847324
979	Chr4	rap2.6l_air_rep3_peak_979	6047780
980	Chr4	rap2.6l_air_rep3_peak_980	6079217
981	Chr4	rap2.6l_air_rep3_peak_981	6083618
982	Chr4	rap2.6l_air_rep3_peak_982	6867848
983	Chr4	rap2.6l_air_rep3_peak_983	6875133
984	Chr4	rap2.6l_air_rep3_peak_984	6910024
985	Chr4	rap2.6l_air_rep3_peak_985	6986388
986	Chr4	rap2.6l_air_rep3_peak_986	7133222
987	Chr4	rap2.6l_air_rep3_peak_987	7133948
988	Chr4	rap2.6l_air_rep3_peak_988	7229802
989	Chr4	rap2.6l_air_rep3_peak_989	7261083
990	Chr4	rap2.6l_air_rep3_peak_990	7646511
991	Chr4	rap2.6l_air_rep3_peak_991	7757827
992	Chr4	rap2.6l_air_rep3_peak_992	7773784
993	Chr4	rap2.6l_air_rep3_peak_993	7850898
994	Chr4	rap2.6l_air_rep3_peak_994	7854805
995	Chr4	rap2.6l_air_rep3_peak_995	7860716
996	Chr4	rap2.6l_air_rep3_peak_996	7862520
997	Chr4	rap2.6l_air_rep3_peak_997	7936482
998	Chr4	rap2.6l_air_rep3_peak_998	8010903
999	Chr4	rap2.6l_air_rep3_peak_999	8011299
1000	Chr4	rap2.6l_air_rep3_peak_1000	8289408
1001	Chr4	rap2.6l_air_rep3_peak_1001	8465292
1002	Chr4	rap2.6l_air_rep3_peak_1002	8510777
1003	Chr4	rap2.6l_air_rep3_peak_1003	8523837
1004	Chr4	rap2.6l_air_rep3_peak_1004	8735889
1005	Chr4	rap2.6l_air_rep3_peak_1005	8890763
1006	Chr4	rap2.6l_air_rep3_peak_1006	8908949
1007	Chr4	rap2.6l_air_rep3_peak_1007	8911116
1008	Chr4	rap2.6l_air_rep3_peak_1008	9052056
1009	Chr4	rap2.6l_air_rep3_peak_1009	9161747
1010	Chr4	rap2.6l_air_rep3_peak_1010	9202306
1011	Chr4	rap2.6l_air_rep3_peak_1011	9243995
1012	Chr4	rap2.6l_air_rep3_peak_1012	9301953
1013	Chr4	rap2.6l_air_rep3_peak_1013	9595243
1014	Chr4	rap2.6l_air_rep3_peak_1014	9598209
1015	Chr4	rap2.6l_air_rep3_peak_1015	9660897
1016	Chr4	rap2.6l_air_rep3_peak_1016	9752957
1017	Chr4	rap2.6l_air_rep3_peak_1017	9817871
1018	Chr4	rap2.6l_air_rep3_peak_1018	9897798
1019	Chr4	rap2.6l_air_rep3_peak_1019	9929589
1020	Chr4	rap2.6l_air_rep3_peak_1020	9969976
1021	Chr4	rap2.6l_air_rep3_peak_1021	9994940
1022	Chr4	rap2.6l_air_rep3_peak_1022	10054437
1023	Chr4	rap2.6l_air_rep3_peak_1023	10060351
1024	Chr4	rap2.6l_air_rep3_peak_1024	10064351
1025	Chr4	rap2.6l_air_rep3_peak_1025	10071509
1026	Chr4	rap2.6l_air_rep3_peak_1026	10143323
1027	Chr4	rap2.6l_air_rep3_peak_1027	10185438
1028	Chr4	rap2.6l_air_rep3_peak_1028	10296338
1029	Chr4	rap2.6l_air_rep3_peak_1029	10326401
1030	Chr4	rap2.6l_air_rep3_peak_1030	10349597
1031	Chr4	rap2.6l_air_rep3_peak_1031	10350081
1032	Chr4	rap2.6l_air_rep3_peak_1032	10352416
1033	Chr4	rap2.6l_air_rep3_peak_1033	10355746
1034	Chr4	rap2.6l_air_rep3_peak_1034	10437782
1035	Chr4	rap2.6l_air_rep3_peak_1035	10633584
1036	Chr4	rap2.6l_air_rep3_peak_1036	10698853
1037	Chr4	rap2.6l_air_rep3_peak_1037	10841575
1038	Chr4	rap2.6l_air_rep3_peak_1038	10896203
1039	Chr4	rap2.6l_air_rep3_peak_1039	11033817
1040	Chr4	rap2.6l_air_rep3_peak_1040	11122632
1041	Chr4	rap2.6l_air_rep3_peak_1041	11133774
1042	Chr4	rap2.6l_air_rep3_peak_1042	11160002
1043	Chr4	rap2.6l_air_rep3_peak_1043	11269169
1044	Chr4	rap2.6l_air_rep3_peak_1044	11269969
1045	Chr4	rap2.6l_air_rep3_peak_1045	11313679
1046	Chr4	rap2.6l_air_rep3_peak_1046	11475601
1047	Chr4	rap2.6l_air_rep3_peak_1047	11697721
1048	Chr4	rap2.6l_air_rep3_peak_1048	11797458
1049	Chr4	rap2.6l_air_rep3_peak_1049	11896073
1050	Chr4	rap2.6l_air_rep3_peak_1050	11897004
1051	Chr4	rap2.6l_air_rep3_peak_1051	11929185
1052	Chr4	rap2.6l_air_rep3_peak_1052	11971074
1053	Chr4	rap2.6l_air_rep3_peak_1053	11997207
1054	Chr4	rap2.6l_air_rep3_peak_1054	12045996
1055	Chr4	rap2.6l_air_rep3_peak_1055	12061003
1056	Chr4	rap2.6l_air_rep3_peak_1056	12064840
1057	Chr4	rap2.6l_air_rep3_peak_1057	12108839
1058	Chr4	rap2.6l_air_rep3_peak_1058	12144119
1059	Chr4	rap2.6l_air_rep3_peak_1059	12167181
1060	Chr4	rap2.6l_air_rep3_peak_1060	12171033
1061	Chr4	rap2.6l_air_rep3_peak_1061	12288962
1062	Chr4	rap2.6l_air_rep3_peak_1062	12289346
1063	Chr4	rap2.6l_air_rep3_peak_1063	12291610
1064	Chr4	rap2.6l_air_rep3_peak_1064	12379469
1065	Chr4	rap2.6l_air_rep3_peak_1065	12476002
1066	Chr4	rap2.6l_air_rep3_peak_1066	12485534
1067	Chr4	rap2.6l_air_rep3_peak_1067	12514268
1068	Chr4	rap2.6l_air_rep3_peak_1068	12569015
1069	Chr4	rap2.6l_air_rep3_peak_1069	12571677
1070	Chr4	rap2.6l_air_rep3_peak_1070	12573064
1071	Chr4	rap2.6l_air_rep3_peak_1071	12820824
1072	Chr4	rap2.6l_air_rep3_peak_1072	12864528
1073	Chr4	rap2.6l_air_rep3_peak_1073	12883817
1074	Chr4	rap2.6l_air_rep3_peak_1074	13016277
1075	Chr4	rap2.6l_air_rep3_peak_1075	13051516
1076	Chr4	rap2.6l_air_rep3_peak_1076	13138164
1077	Chr4	rap2.6l_air_rep3_peak_1077	13161307
1078	Chr4	rap2.6l_air_rep3_peak_1078	13248878
1079	Chr4	rap2.6l_air_rep3_peak_1079	13279784
1080	Chr4	rap2.6l_air_rep3_peak_1080	13444936
1081	Chr4	rap2.6l_air_rep3_peak_1081	13460934
1082	Chr4	rap2.6l_air_rep3_peak_1082	13523344
1083	Chr4	rap2.6l_air_rep3_peak_1083	13652536
1084	Chr4	rap2.6l_air_rep3_peak_1084	13674838
1085	Chr4	rap2.6l_air_rep3_peak_1085	13730686
1086	Chr4	rap2.6l_air_rep3_peak_1086	13742119
1087	Chr4	rap2.6l_air_rep3_peak_1087	13815786
1088	Chr4	rap2.6l_air_rep3_peak_1088	13816345
1089	Chr4	rap2.6l_air_rep3_peak_1089	13920850
1090	Chr4	rap2.6l_air_rep3_peak_1090	13997517
1091	Chr4	rap2.6l_air_rep3_peak_1091	14013455
1092	Chr4	rap2.6l_air_rep3_peak_1092	14055523
1093	Chr4	rap2.6l_air_rep3_peak_1093	14104612
1094	Chr4	rap2.6l_air_rep3_peak_1094	14110766
1095	Chr4	rap2.6l_air_rep3_peak_1095	14257959
1096	Chr4	rap2.6l_air_rep3_peak_1096	14370543
1097	Chr4	rap2.6l_air_rep3_peak_1097	14385426
1098	Chr4	rap2.6l_air_rep3_peak_1098	14440576
1099	Chr4	rap2.6l_air_rep3_peak_1099	14577726
1100	Chr4	rap2.6l_air_rep3_peak_1100	14579567
1101	Chr4	rap2.6l_air_rep3_peak_1101	14624311
1102	Chr4	rap2.6l_air_rep3_peak_1102	14656306
1103	Chr4	rap2.6l_air_rep3_peak_1103	14660588
1104	Chr4	rap2.6l_air_rep3_peak_1104	14741744
1105	Chr4	rap2.6l_air_rep3_peak_1105	14777122
1106	Chr4	rap2.6l_air_rep3_peak_1106	14777986
1107	Chr4	rap2.6l_air_rep3_peak_1107	14779854
1108	Chr4	rap2.6l_air_rep3_peak_1108	14781051
1109	Chr4	rap2.6l_air_rep3_peak_1109	14795867
1110	Chr4	rap2.6l_air_rep3_peak_1110	14841467
1111	Chr4	rap2.6l_air_rep3_peak_1111	14863077
1112	Chr4	rap2.6l_air_rep3_peak_1112	14990179
1113	Chr4	rap2.6l_air_rep3_peak_1113	15063405
1114	Chr4	rap2.6l_air_rep3_peak_1114	15078563
1115	Chr4	rap2.6l_air_rep3_peak_1115	15216257
1116	Chr4	rap2.6l_air_rep3_peak_1116	15231347
1117	Chr4	rap2.6l_air_rep3_peak_1117	15243051
1118	Chr4	rap2.6l_air_rep3_peak_1118	15289863
1119	Chr4	rap2.6l_air_rep3_peak_1119	15290694
1120	Chr4	rap2.6l_air_rep3_peak_1120	15348103
1121	Chr4	rap2.6l_air_rep3_peak_1121	15382212
1122	Chr4	rap2.6l_air_rep3_peak_1122	15417609
1123	Chr4	rap2.6l_air_rep3_peak_1123	15424245
1124	Chr4	rap2.6l_air_rep3_peak_1124	15447033
1125	Chr4	rap2.6l_air_rep3_peak_1125	15459758
1126	Chr4	rap2.6l_air_rep3_peak_1126	15488022
1127	Chr4	rap2.6l_air_rep3_peak_1127	15676293
1128	Chr4	rap2.6l_air_rep3_peak_1128	15707177
1129	Chr4	rap2.6l_air_rep3_peak_1129	15826843
1130	Chr4	rap2.6l_air_rep3_peak_1130	15873752
1131	Chr4	rap2.6l_air_rep3_peak_1131	15939682
1132	Chr4	rap2.6l_air_rep3_peak_1132	15947127
1133	Chr4	rap2.6l_air_rep3_peak_1133	16083897
1134	Chr4	rap2.6l_air_rep3_peak_1134	16090654
1135	Chr4	rap2.6l_air_rep3_peak_1135	16102306
1136	Chr4	rap2.6l_air_rep3_peak_1136	16118804
1137	Chr4	rap2.6l_air_rep3_peak_1137	16136823
1138	Chr4	rap2.6l_air_rep3_peak_1138	16200439
1139	Chr4	rap2.6l_air_rep3_peak_1139	16238774
1140	Chr4	rap2.6l_air_rep3_peak_1140	16256349
1141	Chr4	rap2.6l_air_rep3_peak_1141	16347205
1142	Chr4	rap2.6l_air_rep3_peak_1142	16350315
1143	Chr4	rap2.6l_air_rep3_peak_1143	16371557
1144	Chr4	rap2.6l_air_rep3_peak_1144	16431808
1145	Chr4	rap2.6l_air_rep3_peak_1145	16576898
1146	Chr4	rap2.6l_air_rep3_peak_1146	16648502
1147	Chr4	rap2.6l_air_rep3_peak_1147	16679083
1148	Chr4	rap2.6l_air_rep3_peak_1148	16697814
1149	Chr4	rap2.6l_air_rep3_peak_1149	16714524
1150	Chr4	rap2.6l_air_rep3_peak_1150	16785742
1151	Chr4	rap2.6l_air_rep3_peak_1151	16801452
1152	Chr4	rap2.6l_air_rep3_peak_1152	16801929
1153	Chr4	rap2.6l_air_rep3_peak_1153	16844216
1154	Chr4	rap2.6l_air_rep3_peak_1154	16853868
1155	Chr4	rap2.6l_air_rep3_peak_1155	16855387
1156	Chr4	rap2.6l_air_rep3_peak_1156	16857247
1157	Chr4	rap2.6l_air_rep3_peak_1157	16941982
1158	Chr4	rap2.6l_air_rep3_peak_1158	16960316
1159	Chr4	rap2.6l_air_rep3_peak_1159	16968207
1160	Chr4	rap2.6l_air_rep3_peak_1160	17018535
1161	Chr4	rap2.6l_air_rep3_peak_1161	17039573
1162	Chr4	rap2.6l_air_rep3_peak_1162	17104486
1163	Chr4	rap2.6l_air_rep3_peak_1163	17187331
1164	Chr4	rap2.6l_air_rep3_peak_1164	17225856
1165	Chr4	rap2.6l_air_rep3_peak_1165	17248612
1166	Chr4	rap2.6l_air_rep3_peak_1166	17288100
1167	Chr4	rap2.6l_air_rep3_peak_1167	17324472
1168	Chr4	rap2.6l_air_rep3_peak_1168	17402591
1169	Chr4	rap2.6l_air_rep3_peak_1169	17575119
1170	Chr4	rap2.6l_air_rep3_peak_1170	17642088
1171	Chr4	rap2.6l_air_rep3_peak_1171	17954940
1172	Chr4	rap2.6l_air_rep3_peak_1172	18025458
1173	Chr4	rap2.6l_air_rep3_peak_1173	18062475
1174	Chr4	rap2.6l_air_rep3_peak_1174	18120048
1175	Chr4	rap2.6l_air_rep3_peak_1175	18206586
1176	Chr4	rap2.6l_air_rep3_peak_1176	18208809
1177	Chr4	rap2.6l_air_rep3_peak_1177	18217340
1178	Chr4	rap2.6l_air_rep3_peak_1178	18220461
1179	Chr4	rap2.6l_air_rep3_peak_1179	18233283
1180	Chr4	rap2.6l_air_rep3_peak_1180	18267868
1181	Chr4	rap2.6l_air_rep3_peak_1181	18275359
1182	Chr4	rap2.6l_air_rep3_peak_1182	18276431
1183	Chr4	rap2.6l_air_rep3_peak_1183	18302750
1184	Chr4	rap2.6l_air_rep3_peak_1184	18322780
1185	Chr4	rap2.6l_air_rep3_peak_1185	18462056
1186	Chr4	rap2.6l_air_rep3_peak_1186	18480584
1187	Chr4	rap2.6l_air_rep3_peak_1187	18539479
1188	Chr4	rap2.6l_air_rep3_peak_1188	18551296
1189	Chr4	rap2.6l_air_rep3_peak_1189	18556929
1190	Chr4	rap2.6l_air_rep3_peak_1190	18579206
1191	Chr5	rap2.6l_air_rep3_peak_1191	1156
1192	Chr5	rap2.6l_air_rep3_peak_1192	9719
1193	Chr5	rap2.6l_air_rep3_peak_1193	145524
1194	Chr5	rap2.6l_air_rep3_peak_1194	272338
1195	Chr5	rap2.6l_air_rep3_peak_1195	304276
1196	Chr5	rap2.6l_air_rep3_peak_1196	308971
1197	Chr5	rap2.6l_air_rep3_peak_1197	320683
1198	Chr5	rap2.6l_air_rep3_peak_1198	332156
1199	Chr5	rap2.6l_air_rep3_peak_1199	370171
1200	Chr5	rap2.6l_air_rep3_peak_1200	387741
1201	Chr5	rap2.6l_air_rep3_peak_1201	389034
1202	Chr5	rap2.6l_air_rep3_peak_1202	630358
1203	Chr5	rap2.6l_air_rep3_peak_1203	642191
1204	Chr5	rap2.6l_air_rep3_peak_1204	694922
1205	Chr5	rap2.6l_air_rep3_peak_1205	828746
1206	Chr5	rap2.6l_air_rep3_peak_1206	834734
1207	Chr5	rap2.6l_air_rep3_peak_1207	887614
1208	Chr5	rap2.6l_air_rep3_peak_1208	895873
1209	Chr5	rap2.6l_air_rep3_peak_1209	924857
1210	Chr5	rap2.6l_air_rep3_peak_1210	925538
1211	Chr5	rap2.6l_air_rep3_peak_1211	941573
1212	Chr5	rap2.6l_air_rep3_peak_1212	968769
1213	Chr5	rap2.6l_air_rep3_peak_1213	979740
1214	Chr5	rap2.6l_air_rep3_peak_1214	1037152
1215	Chr5	rap2.6l_air_rep3_peak_1215	1089619
1216	Chr5	rap2.6l_air_rep3_peak_1216	1152752
1217	Chr5	rap2.6l_air_rep3_peak_1217	1205276
1218	Chr5	rap2.6l_air_rep3_peak_1218	1208644
1219	Chr5	rap2.6l_air_rep3_peak_1219	1306147
1220	Chr5	rap2.6l_air_rep3_peak_1220	1371676
1221	Chr5	rap2.6l_air_rep3_peak_1221	1445013
1222	Chr5	rap2.6l_air_rep3_peak_1222	1516570
1223	Chr5	rap2.6l_air_rep3_peak_1223	1518154
1224	Chr5	rap2.6l_air_rep3_peak_1224	1551250
1225	Chr5	rap2.6l_air_rep3_peak_1225	1600459
1226	Chr5	rap2.6l_air_rep3_peak_1226	1632872
1227	Chr5	rap2.6l_air_rep3_peak_1227	1636382
1228	Chr5	rap2.6l_air_rep3_peak_1228	1670870
1229	Chr5	rap2.6l_air_rep3_peak_1229	1925425
1230	Chr5	rap2.6l_air_rep3_peak_1230	1925739
1231	Chr5	rap2.6l_air_rep3_peak_1231	1927064
1232	Chr5	rap2.6l_air_rep3_peak_1232	1952869
1233	Chr5	rap2.6l_air_rep3_peak_1233	2011184
1234	Chr5	rap2.6l_air_rep3_peak_1234	2132238
1235	Chr5	rap2.6l_air_rep3_peak_1235	2167248
1236	Chr5	rap2.6l_air_rep3_peak_1236	2200057
1237	Chr5	rap2.6l_air_rep3_peak_1237	2204193
1238	Chr5	rap2.6l_air_rep3_peak_1238	2263186
1239	Chr5	rap2.6l_air_rep3_peak_1239	2409270
1240	Chr5	rap2.6l_air_rep3_peak_1240	2614743
1241	Chr5	rap2.6l_air_rep3_peak_1241	2616281
1242	Chr5	rap2.6l_air_rep3_peak_1242	2935266
1243	Chr5	rap2.6l_air_rep3_peak_1243	2985565
1244	Chr5	rap2.6l_air_rep3_peak_1244	3085465
1245	Chr5	rap2.6l_air_rep3_peak_1245	3140620
1246	Chr5	rap2.6l_air_rep3_peak_1246	3253202
1247	Chr5	rap2.6l_air_rep3_peak_1247	3286266
1248	Chr5	rap2.6l_air_rep3_peak_1248	3323644
1249	Chr5	rap2.6l_air_rep3_peak_1249	3336037
1250	Chr5	rap2.6l_air_rep3_peak_1250	3345670
1251	Chr5	rap2.6l_air_rep3_peak_1251	3368089
1252	Chr5	rap2.6l_air_rep3_peak_1252	3464074
1253	Chr5	rap2.6l_air_rep3_peak_1253	3524774
1254	Chr5	rap2.6l_air_rep3_peak_1254	3526375
1255	Chr5	rap2.6l_air_rep3_peak_1255	3528038
1256	Chr5	rap2.6l_air_rep3_peak_1256	3529417
1257	Chr5	rap2.6l_air_rep3_peak_1257	3531482
1258	Chr5	rap2.6l_air_rep3_peak_1258	3594114
1259	Chr5	rap2.6l_air_rep3_peak_1259	3595352
1260	Chr5	rap2.6l_air_rep3_peak_1260	3753874
1261	Chr5	rap2.6l_air_rep3_peak_1261	3783938
1262	Chr5	rap2.6l_air_rep3_peak_1262	3879685
1263	Chr5	rap2.6l_air_rep3_peak_1263	3919253
1264	Chr5	rap2.6l_air_rep3_peak_1264	3932588
1265	Chr5	rap2.6l_air_rep3_peak_1265	4151270
1266	Chr5	rap2.6l_air_rep3_peak_1266	4156359
1267	Chr5	rap2.6l_air_rep3_peak_1267	4193244
1268	Chr5	rap2.6l_air_rep3_peak_1268	4195815
1269	Chr5	rap2.6l_air_rep3_peak_1269	4201780
1270	Chr5	rap2.6l_air_rep3_peak_1270	4249562
1271	Chr5	rap2.6l_air_rep3_peak_1271	4250913
1272	Chr5	rap2.6l_air_rep3_peak_1272	4255371
1273	Chr5	rap2.6l_air_rep3_peak_1273	4256258
1274	Chr5	rap2.6l_air_rep3_peak_1274	4260393
1275	Chr5	rap2.6l_air_rep3_peak_1275	4261378
1276	Chr5	rap2.6l_air_rep3_peak_1276	4262383
1277	Chr5	rap2.6l_air_rep3_peak_1277	4263375
1278	Chr5	rap2.6l_air_rep3_peak_1278	4263827
1279	Chr5	rap2.6l_air_rep3_peak_1279	4264351
1280	Chr5	rap2.6l_air_rep3_peak_1280	4265171
1281	Chr5	rap2.6l_air_rep3_peak_1281	4265851
1282	Chr5	rap2.6l_air_rep3_peak_1282	4266731
1283	Chr5	rap2.6l_air_rep3_peak_1283	4267295
1284	Chr5	rap2.6l_air_rep3_peak_1284	4268011
1285	Chr5	rap2.6l_air_rep3_peak_1285	4271463
1286	Chr5	rap2.6l_air_rep3_peak_1286	4272855
1287	Chr5	rap2.6l_air_rep3_peak_1287	4273297
1288	Chr5	rap2.6l_air_rep3_peak_1288	4273780
1289	Chr5	rap2.6l_air_rep3_peak_1289	4275577
1290	Chr5	rap2.6l_air_rep3_peak_1290	4276046
1291	Chr5	rap2.6l_air_rep3_peak_1291	4276998
1292	Chr5	rap2.6l_air_rep3_peak_1292	4277538
1293	Chr5	rap2.6l_air_rep3_peak_1293	4279648
1294	Chr5	rap2.6l_air_rep3_peak_1294	4282750
1295	Chr5	rap2.6l_air_rep3_peak_1295	4283321
1296	Chr5	rap2.6l_air_rep3_peak_1296	4284169
1297	Chr5	rap2.6l_air_rep3_peak_1297	4285206
1298	Chr5	rap2.6l_air_rep3_peak_1298	4286862
1299	Chr5	rap2.6l_air_rep3_peak_1299	4288029
1300	Chr5	rap2.6l_air_rep3_peak_1300	4289148
1301	Chr5	rap2.6l_air_rep3_peak_1301	4292679
1302	Chr5	rap2.6l_air_rep3_peak_1302	4293385
1303	Chr5	rap2.6l_air_rep3_peak_1303	4296751
1304	Chr5	rap2.6l_air_rep3_peak_1304	4299422
1305	Chr5	rap2.6l_air_rep3_peak_1305	4301522
1306	Chr5	rap2.6l_air_rep3_peak_1306	4304424
1307	Chr5	rap2.6l_air_rep3_peak_1307	4305274
1308	Chr5	rap2.6l_air_rep3_peak_1308	4307339
1309	Chr5	rap2.6l_air_rep3_peak_1309	4308314
1310	Chr5	rap2.6l_air_rep3_peak_1310	4308882
1311	Chr5	rap2.6l_air_rep3_peak_1311	4310168
1312	Chr5	rap2.6l_air_rep3_peak_1312	4310580
1313	Chr5	rap2.6l_air_rep3_peak_1313	4311036
1314	Chr5	rap2.6l_air_rep3_peak_1314	4311410
1315	Chr5	rap2.6l_air_rep3_peak_1315	4312066
1316	Chr5	rap2.6l_air_rep3_peak_1316	4315329
1317	Chr5	rap2.6l_air_rep3_peak_1317	4319498
1318	Chr5	rap2.6l_air_rep3_peak_1318	4321753
1319	Chr5	rap2.6l_air_rep3_peak_1319	4324972
1320	Chr5	rap2.6l_air_rep3_peak_1320	4325555
1321	Chr5	rap2.6l_air_rep3_peak_1321	4326274
1322	Chr5	rap2.6l_air_rep3_peak_1322	4335231
1323	Chr5	rap2.6l_air_rep3_peak_1323	4457806
1324	Chr5	rap2.6l_air_rep3_peak_1324	4517118
1325	Chr5	rap2.6l_air_rep3_peak_1325	4572613
1326	Chr5	rap2.6l_air_rep3_peak_1326	4722286
1327	Chr5	rap2.6l_air_rep3_peak_1327	4761435
1328	Chr5	rap2.6l_air_rep3_peak_1328	4903123
1329	Chr5	rap2.6l_air_rep3_peak_1329	4903796
1330	Chr5	rap2.6l_air_rep3_peak_1330	5006923
1331	Chr5	rap2.6l_air_rep3_peak_1331	5288061
1332	Chr5	rap2.6l_air_rep3_peak_1332	5300601
1333	Chr5	rap2.6l_air_rep3_peak_1333	5358524
1334	Chr5	rap2.6l_air_rep3_peak_1334	5497465
1335	Chr5	rap2.6l_air_rep3_peak_1335	5548964
1336	Chr5	rap2.6l_air_rep3_peak_1336	5814630
1337	Chr5	rap2.6l_air_rep3_peak_1337	5866675
1338	Chr5	rap2.6l_air_rep3_peak_1338	5927411
1339	Chr5	rap2.6l_air_rep3_peak_1339	6001061
1340	Chr5	rap2.6l_air_rep3_peak_1340	6028104
1341	Chr5	rap2.6l_air_rep3_peak_1341	6044407
1342	Chr5	rap2.6l_air_rep3_peak_1342	6047554
1343	Chr5	rap2.6l_air_rep3_peak_1343	6064054
1344	Chr5	rap2.6l_air_rep3_peak_1344	6127458
1345	Chr5	rap2.6l_air_rep3_peak_1345	6190467
1346	Chr5	rap2.6l_air_rep3_peak_1346	6217841
1347	Chr5	rap2.6l_air_rep3_peak_1347	6287769
1348	Chr5	rap2.6l_air_rep3_peak_1348	6361968
1349	Chr5	rap2.6l_air_rep3_peak_1349	6514006
1350	Chr5	rap2.6l_air_rep3_peak_1350	6658684
1351	Chr5	rap2.6l_air_rep3_peak_1351	6773600
1352	Chr5	rap2.6l_air_rep3_peak_1352	7164161
1353	Chr5	rap2.6l_air_rep3_peak_1353	7205603
1354	Chr5	rap2.6l_air_rep3_peak_1354	7251277
1355	Chr5	rap2.6l_air_rep3_peak_1355	7264499
1356	Chr5	rap2.6l_air_rep3_peak_1356	7497994
1357	Chr5	rap2.6l_air_rep3_peak_1357	7513067
1358	Chr5	rap2.6l_air_rep3_peak_1358	7524869
1359	Chr5	rap2.6l_air_rep3_peak_1359	7664005
1360	Chr5	rap2.6l_air_rep3_peak_1360	7809861
1361	Chr5	rap2.6l_air_rep3_peak_1361	7842777
1362	Chr5	rap2.6l_air_rep3_peak_1362	7878503
1363	Chr5	rap2.6l_air_rep3_peak_1363	7927106
1364	Chr5	rap2.6l_air_rep3_peak_1364	7968111
1365	Chr5	rap2.6l_air_rep3_peak_1365	8077912
1366	Chr5	rap2.6l_air_rep3_peak_1366	8161551
1367	Chr5	rap2.6l_air_rep3_peak_1367	8242308
1368	Chr5	rap2.6l_air_rep3_peak_1368	8344429
1369	Chr5	rap2.6l_air_rep3_peak_1369	8359756
1370	Chr5	rap2.6l_air_rep3_peak_1370	8587393
1371	Chr5	rap2.6l_air_rep3_peak_1371	8731854
1372	Chr5	rap2.6l_air_rep3_peak_1372	8776375
1373	Chr5	rap2.6l_air_rep3_peak_1373	8798331
1374	Chr5	rap2.6l_air_rep3_peak_1374	9000930
1375	Chr5	rap2.6l_air_rep3_peak_1375	9208228
1376	Chr5	rap2.6l_air_rep3_peak_1376	9247250
1377	Chr5	rap2.6l_air_rep3_peak_1377	9476245
1378	Chr5	rap2.6l_air_rep3_peak_1378	9515819
1379	Chr5	rap2.6l_air_rep3_peak_1379	9648733
1380	Chr5	rap2.6l_air_rep3_peak_1380	9683524
1381	Chr5	rap2.6l_air_rep3_peak_1381	9789607
1382	Chr5	rap2.6l_air_rep3_peak_1382	9830198
1383	Chr5	rap2.6l_air_rep3_peak_1383	9984101
1384	Chr5	rap2.6l_air_rep3_peak_1384	10047445
1385	Chr5	rap2.6l_air_rep3_peak_1385	10134661
1386	Chr5	rap2.6l_air_rep3_peak_1386	11185067
1387	Chr5	rap2.6l_air_rep3_peak_1387	11185748
1388	Chr5	rap2.6l_air_rep3_peak_1388	11186457
1389	Chr5	rap2.6l_air_rep3_peak_1389	11727806
1390	Chr5	rap2.6l_air_rep3_peak_1390	11730499
1391	Chr5	rap2.6l_air_rep3_peak_1391	11732309
1392	Chr5	rap2.6l_air_rep3_peak_1392	11733741
1393	Chr5	rap2.6l_air_rep3_peak_1393	11736053
1394	Chr5	rap2.6l_air_rep3_peak_1394	12974058
1395	Chr5	rap2.6l_air_rep3_peak_1395	13466033
1396	Chr5	rap2.6l_air_rep3_peak_1396	13591403
1397	Chr5	rap2.6l_air_rep3_peak_1397	13760763
1398	Chr5	rap2.6l_air_rep3_peak_1398	13901719
1399	Chr5	rap2.6l_air_rep3_peak_1399	13903042
1400	Chr5	rap2.6l_air_rep3_peak_1400	14228464
1401	Chr5	rap2.6l_air_rep3_peak_1401	14552156
1402	Chr5	rap2.6l_air_rep3_peak_1402	14935839
1403	Chr5	rap2.6l_air_rep3_peak_1403	14936854
1404	Chr5	rap2.6l_air_rep3_peak_1404	15532373
1405	Chr5	rap2.6l_air_rep3_peak_1405	15612428
1406	Chr5	rap2.6l_air_rep3_peak_1406	15616871
1407	Chr5	rap2.6l_air_rep3_peak_1407	15631461
1408	Chr5	rap2.6l_air_rep3_peak_1408	15643666
1409	Chr5	rap2.6l_air_rep3_peak_1409	15654120
1410	Chr5	rap2.6l_air_rep3_peak_1410	15849184
1411	Chr5	rap2.6l_air_rep3_peak_1411	15997825
1412	Chr5	rap2.6l_air_rep3_peak_1412	16004165
1413	Chr5	rap2.6l_air_rep3_peak_1413	16067715
1414	Chr5	rap2.6l_air_rep3_peak_1414	16198433
1415	Chr5	rap2.6l_air_rep3_peak_1415	16207041
1416	Chr5	rap2.6l_air_rep3_peak_1416	16317945
1417	Chr5	rap2.6l_air_rep3_peak_1417	16320840
1418	Chr5	rap2.6l_air_rep3_peak_1418	16323096
1419	Chr5	rap2.6l_air_rep3_peak_1419	16667898
1420	Chr5	rap2.6l_air_rep3_peak_1420	16797950
1421	Chr5	rap2.6l_air_rep3_peak_1421	16974618
1422	Chr5	rap2.6l_air_rep3_peak_1422	17135544
1423	Chr5	rap2.6l_air_rep3_peak_1423	17185251
1424	Chr5	rap2.6l_air_rep3_peak_1424	17299099
1425	Chr5	rap2.6l_air_rep3_peak_1425	17843824
1426	Chr5	rap2.6l_air_rep3_peak_1426	17994875
1427	Chr5	rap2.6l_air_rep3_peak_1427	18037444
1428	Chr5	rap2.6l_air_rep3_peak_1428	18038595
1429	Chr5	rap2.6l_air_rep3_peak_1429	18163078
1430	Chr5	rap2.6l_air_rep3_peak_1430	18221167
1431	Chr5	rap2.6l_air_rep3_peak_1431	18244284
1432	Chr5	rap2.6l_air_rep3_peak_1432	18367845
1433	Chr5	rap2.6l_air_rep3_peak_1433	18371190
1434	Chr5	rap2.6l_air_rep3_peak_1434	18391084
1435	Chr5	rap2.6l_air_rep3_peak_1435	18688736
1436	Chr5	rap2.6l_air_rep3_peak_1436	18689186
1437	Chr5	rap2.6l_air_rep3_peak_1437	18779401
1438	Chr5	rap2.6l_air_rep3_peak_1438	18806450
1439	Chr5	rap2.6l_air_rep3_peak_1439	18825037
1440	Chr5	rap2.6l_air_rep3_peak_1440	18833253
1441	Chr5	rap2.6l_air_rep3_peak_1441	18957638
1442	Chr5	rap2.6l_air_rep3_peak_1442	18968758
1443	Chr5	rap2.6l_air_rep3_peak_1443	18977028
1444	Chr5	rap2.6l_air_rep3_peak_1444	19047377
1445	Chr5	rap2.6l_air_rep3_peak_1445	19090319
1446	Chr5	rap2.6l_air_rep3_peak_1446	19115767
1447	Chr5	rap2.6l_air_rep3_peak_1447	19181425
1448	Chr5	rap2.6l_air_rep3_peak_1448	19236636
1449	Chr5	rap2.6l_air_rep3_peak_1449	19398585
1450	Chr5	rap2.6l_air_rep3_peak_1450	19607174
1451	Chr5	rap2.6l_air_rep3_peak_1451	19627851
1452	Chr5	rap2.6l_air_rep3_peak_1452	19639641
1453	Chr5	rap2.6l_air_rep3_peak_1453	19670206
1454	Chr5	rap2.6l_air_rep3_peak_1454	19924083
1455	Chr5	rap2.6l_air_rep3_peak_1455	19978050
1456	Chr5	rap2.6l_air_rep3_peak_1456	20084568
1457	Chr5	rap2.6l_air_rep3_peak_1457	20116282
1458	Chr5	rap2.6l_air_rep3_peak_1458	20167042
1459	Chr5	rap2.6l_air_rep3_peak_1459	20190135
1460	Chr5	rap2.6l_air_rep3_peak_1460	20192256
1461	Chr5	rap2.6l_air_rep3_peak_1461	20193883
1462	Chr5	rap2.6l_air_rep3_peak_1462	20216034
1463	Chr5	rap2.6l_air_rep3_peak_1463	20216449
1464	Chr5	rap2.6l_air_rep3_peak_1464	20263070
1465	Chr5	rap2.6l_air_rep3_peak_1465	20519008
1466	Chr5	rap2.6l_air_rep3_peak_1466	20645959
1467	Chr5	rap2.6l_air_rep3_peak_1467	20706761
1468	Chr5	rap2.6l_air_rep3_peak_1468	20833966
1469	Chr5	rap2.6l_air_rep3_peak_1469	20856916
1470	Chr5	rap2.6l_air_rep3_peak_1470	20900611
1471	Chr5	rap2.6l_air_rep3_peak_1471	21095143
1472	Chr5	rap2.6l_air_rep3_peak_1472	21161406
1473	Chr5	rap2.6l_air_rep3_peak_1473	21410878
1474	Chr5	rap2.6l_air_rep3_peak_1474	21694805
1475	Chr5	rap2.6l_air_rep3_peak_1475	21698683
1476	Chr5	rap2.6l_air_rep3_peak_1476	21700391
1477	Chr5	rap2.6l_air_rep3_peak_1477	21799405
1478	Chr5	rap2.6l_air_rep3_peak_1478	21858544
1479	Chr5	rap2.6l_air_rep3_peak_1479	21865078
1480	Chr5	rap2.6l_air_rep3_peak_1480	21898709
1481	Chr5	rap2.6l_air_rep3_peak_1481	21923809
1482	Chr5	rap2.6l_air_rep3_peak_1482	21931273
1483	Chr5	rap2.6l_air_rep3_peak_1483	21965761
1484	Chr5	rap2.6l_air_rep3_peak_1484	21971520
1485	Chr5	rap2.6l_air_rep3_peak_1485	22054228
1486	Chr5	rap2.6l_air_rep3_peak_1486	22081793
1487	Chr5	rap2.6l_air_rep3_peak_1487	22134832
1488	Chr5	rap2.6l_air_rep3_peak_1488	22323569
1489	Chr5	rap2.6l_air_rep3_peak_1489	22331940
1490	Chr5	rap2.6l_air_rep3_peak_1490	22356242
1491	Chr5	rap2.6l_air_rep3_peak_1491	22359470
1492	Chr5	rap2.6l_air_rep3_peak_1492	22508351
1493	Chr5	rap2.6l_air_rep3_peak_1493	22777741
1494	Chr5	rap2.6l_air_rep3_peak_1494	22972803
1495	Chr5	rap2.6l_air_rep3_peak_1495	23056506
1496	Chr5	rap2.6l_air_rep3_peak_1496	23080610
1497	Chr5	rap2.6l_air_rep3_peak_1497	23120438
1498	Chr5	rap2.6l_air_rep3_peak_1498	23185387
1499	Chr5	rap2.6l_air_rep3_peak_1499	23283232
1500	Chr5	rap2.6l_air_rep3_peak_1500	23286046
1501	Chr5	rap2.6l_air_rep3_peak_1501	23290178
1502	Chr5	rap2.6l_air_rep3_peak_1502	23318212
1503	Chr5	rap2.6l_air_rep3_peak_1503	23355594
1504	Chr5	rap2.6l_air_rep3_peak_1504	23389367
1505	Chr5	rap2.6l_air_rep3_peak_1505	23426571
1506	Chr5	rap2.6l_air_rep3_peak_1506	23474135
1507	Chr5	rap2.6l_air_rep3_peak_1507	23533540
1508	Chr5	rap2.6l_air_rep3_peak_1508	23584797
1509	Chr5	rap2.6l_air_rep3_peak_1509	23585226
1510	Chr5	rap2.6l_air_rep3_peak_1510	23588157
1511	Chr5	rap2.6l_air_rep3_peak_1511	23596092
1512	Chr5	rap2.6l_air_rep3_peak_1512	23623568
1513	Chr5	rap2.6l_air_rep3_peak_1513	23697694
1514	Chr5	rap2.6l_air_rep3_peak_1514	23786578
1515	Chr5	rap2.6l_air_rep3_peak_1515	23876573
1516	Chr5	rap2.6l_air_rep3_peak_1516	23896674
1517	Chr5	rap2.6l_air_rep3_peak_1517	23965044
1518	Chr5	rap2.6l_air_rep3_peak_1518	23999781
1519	Chr5	rap2.6l_air_rep3_peak_1519	24066238
1520	Chr5	rap2.6l_air_rep3_peak_1520	24140135
1521	Chr5	rap2.6l_air_rep3_peak_1521	24230130
1522	Chr5	rap2.6l_air_rep3_peak_1522	24257614
1523	Chr5	rap2.6l_air_rep3_peak_1523	24384279
1524	Chr5	rap2.6l_air_rep3_peak_1524	24394687
1525	Chr5	rap2.6l_air_rep3_peak_1525	24417512
1526	Chr5	rap2.6l_air_rep3_peak_1526	24417931
1527	Chr5	rap2.6l_air_rep3_peak_1527	24461118
1528	Chr5	rap2.6l_air_rep3_peak_1528	24742039
1529	Chr5	rap2.6l_air_rep3_peak_1529	24905569
1530	Chr5	rap2.6l_air_rep3_peak_1530	24908387
1531	Chr5	rap2.6l_air_rep3_peak_1531	24932553
1532	Chr5	rap2.6l_air_rep3_peak_1532	25054433
1533	Chr5	rap2.6l_air_rep3_peak_1533	25089633
1534	Chr5	rap2.6l_air_rep3_peak_1534	25111579
1535	Chr5	rap2.6l_air_rep3_peak_1535	25234623
1536	Chr5	rap2.6l_air_rep3_peak_1536	25291648
1537	Chr5	rap2.6l_air_rep3_peak_1537	25302501
1538	Chr5	rap2.6l_air_rep3_peak_1538	25379410
1539	Chr5	rap2.6l_air_rep3_peak_1539	25430662
1540	Chr5	rap2.6l_air_rep3_peak_1540	25437055
1541	Chr5	rap2.6l_air_rep3_peak_1541	25451848
1542	Chr5	rap2.6l_air_rep3_peak_1542	25468392
1543	Chr5	rap2.6l_air_rep3_peak_1543	25477489
1544	Chr5	rap2.6l_air_rep3_peak_1544	25528462
1545	Chr5	rap2.6l_air_rep3_peak_1545	25622611
1546	Chr5	rap2.6l_air_rep3_peak_1546	25648084
1547	Chr5	rap2.6l_air_rep3_peak_1547	25656585
1548	Chr5	rap2.6l_air_rep3_peak_1548	25661081
1549	Chr5	rap2.6l_air_rep3_peak_1549	25662950
1550	Chr5	rap2.6l_air_rep3_peak_1550	25702980
1551	Chr5	rap2.6l_air_rep3_peak_1551	25703812
1552	Chr5	rap2.6l_air_rep3_peak_1552	25718247
1553	Chr5	rap2.6l_air_rep3_peak_1553	25755345
1554	Chr5	rap2.6l_air_rep3_peak_1554	25806294
1555	Chr5	rap2.6l_air_rep3_peak_1555	25841179
1556	Chr5	rap2.6l_air_rep3_peak_1556	25845557
1557	Chr5	rap2.6l_air_rep3_peak_1557	25868595
1558	Chr5	rap2.6l_air_rep3_peak_1558	25891426
1559	Chr5	rap2.6l_air_rep3_peak_1559	25939391
1560	Chr5	rap2.6l_air_rep3_peak_1560	26002693
1561	Chr5	rap2.6l_air_rep3_peak_1561	26012433
1562	Chr5	rap2.6l_air_rep3_peak_1562	26043000
1563	Chr5	rap2.6l_air_rep3_peak_1563	26054058
1564	Chr5	rap2.6l_air_rep3_peak_1564	26056989
1565	Chr5	rap2.6l_air_rep3_peak_1565	26083226
1566	Chr5	rap2.6l_air_rep3_peak_1566	26096587
1567	Chr5	rap2.6l_air_rep3_peak_1567	26151331
1568	Chr5	rap2.6l_air_rep3_peak_1568	26218188
1569	Chr5	rap2.6l_air_rep3_peak_1569	26231297
1570	Chr5	rap2.6l_air_rep3_peak_1570	26265161
1571	Chr5	rap2.6l_air_rep3_peak_1571	26350684
1572	Chr5	rap2.6l_air_rep3_peak_1572	26369125
1573	Chr5	rap2.6l_air_rep3_peak_1573	26421662
1574	Chr5	rap2.6l_air_rep3_peak_1574	26538270
1575	Chr5	rap2.6l_air_rep3_peak_1575	26628542
1576	Chr5	rap2.6l_air_rep3_peak_1576	26645215
1577	Chr5	rap2.6l_air_rep3_peak_1577	26667788
1578	Chr5	rap2.6l_air_rep3_peak_1578	26725954
1579	Chr5	rap2.6l_air_rep3_peak_1579	26731607
1580	Chr5	rap2.6l_air_rep3_peak_1580	26757308
1581	Chr5	rap2.6l_air_rep3_peak_1581	26770904
1582	Chr5	rap2.6l_air_rep3_peak_1582	26799775
1583	Chr5	rap2.6l_air_rep3_peak_1583	26850082
1584	Chr5	rap2.6l_air_rep3_peak_1584	26850742
1585	Chr5	rap2.6l_air_rep3_peak_1585	26909656
1586	Chr5	rap2.6l_air_rep3_peak_1586	26912632
1587	ChrC	rap2.6l_air_rep3_peak_1587	6666
1588	ChrC	rap2.6l_air_rep3_peak_1588	47631
1589	ChrC	rap2.6l_air_rep3_peak_1589	127766
