1	Chr1	stz_ja_rep5_peak_1	2349147
2	Chr1	stz_ja_rep5_peak_2	2848329
3	Chr1	stz_ja_rep5_peak_3	3610799
4	Chr1	stz_ja_rep5_peak_4	3804061
5	Chr1	stz_ja_rep5_peak_5	4976210
6	Chr1	stz_ja_rep5_peak_6	5082510
7	Chr1	stz_ja_rep3_peak_1	5390873
8	Chr1	stz_ja_rep5_peak_7	5765506
9	Chr1	stz_ja_rep3_peak_2	7144112
10	Chr1	stz_ja_rep3_peak_3	7144729
11	Chr1	stz_ja_rep5_peak_8	7216965
12	Chr1	stz_ja_rep3_peak_4	7836481
13	Chr1	stz_ja_rep5_peak_9	8558235
14	Chr1	stz_ja_rep5_peak_10	8855740
15	Chr1	stz_ja_rep5_peak_11	9024259
16	Chr1	stz_ja_rep5_peak_12	9591986
17	Chr1	stz_ja_rep5_peak_13	9604517
18	Chr1	stz_ja_rep5_peak_14	9611972
19	Chr1	stz_ja_rep3_peak_5	9638795
20	Chr1	stz_ja_rep5_peak_15	9641638
21	Chr1	stz_ja_rep3_peak_6	9649210
21	Chr1	stz_ja_rep5_peak_16	9649151
22	Chr1	stz_ja_rep5_peak_17	9655341
23	Chr1	stz_ja_rep5_peak_18	9655974
24	Chr1	stz_ja_rep3_peak_7	9658145
25	Chr1	stz_ja_rep3_peak_8	9660533
25	Chr1	stz_ja_rep5_peak_19	9660586
26	Chr1	stz_ja_rep5_peak_20	9661402
27	Chr1	stz_ja_rep3_peak_9	9662400
27	Chr1	stz_ja_rep5_peak_21	9662193
28	Chr1	stz_ja_rep5_peak_22	9887737
29	Chr1	stz_ja_rep3_peak_10	15082153
30	Chr1	stz_ja_rep3_peak_11	15082843
30	Chr1	stz_ja_rep5_peak_23	15082630
31	Chr1	stz_ja_rep3_peak_12	15083720
31	Chr1	stz_ja_rep5_peak_24	15083702
32	Chr1	stz_ja_rep3_peak_13	15084437
32	Chr1	stz_ja_rep5_peak_25	15084435
33	Chr1	stz_ja_rep3_peak_14	15085675
33	Chr1	stz_ja_rep5_peak_26	15085677
34	Chr1	stz_ja_rep5_peak_27	17975762
35	Chr1	stz_ja_rep5_peak_28	19144095
36	Chr1	stz_ja_rep5_peak_29	19257345
37	Chr1	stz_ja_rep5_peak_30	20199029
38	Chr1	stz_ja_rep5_peak_31	20889459
39	Chr1	stz_ja_rep3_peak_15	21471894
40	Chr1	stz_ja_rep3_peak_16	22166814
41	Chr1	stz_ja_rep5_peak_32	22899342
42	Chr1	stz_ja_rep5_peak_33	23166673
43	Chr1	stz_ja_rep3_peak_17	23618255
44	Chr1	stz_ja_rep5_peak_34	24656008
45	Chr1	stz_ja_rep3_peak_18	25784749
46	Chr1	stz_ja_rep5_peak_35	26400832
47	Chr1	stz_ja_rep5_peak_36	26433832
48	Chr1	stz_ja_rep5_peak_37	26587564
49	Chr1	stz_ja_rep5_peak_38	26588574
50	Chr1	stz_ja_rep5_peak_39	26782012
51	Chr1	stz_ja_rep5_peak_40	26789857
52	Chr1	stz_ja_rep3_peak_19	26816046
53	Chr1	stz_ja_rep5_peak_41	27402349
54	Chr1	stz_ja_rep5_peak_42	29333163
55	Chr1	stz_ja_rep3_peak_20	29364919
56	Chr1	stz_ja_rep3_peak_21	29365387
57	Chr2	stz_ja_rep3_peak_22	1374
57	Chr2	stz_ja_rep5_peak_43	1374
58	Chr2	stz_ja_rep3_peak_23	1919
59	Chr2	stz_ja_rep3_peak_24	2654
59	Chr2	stz_ja_rep5_peak_44	2657
60	Chr2	stz_ja_rep3_peak_25	3443
60	Chr2	stz_ja_rep5_peak_45	3443
61	Chr2	stz_ja_rep3_peak_26	5767
62	Chr2	stz_ja_rep3_peak_27	9985
62	Chr2	stz_ja_rep5_peak_46	10077
63	Chr2	stz_ja_rep5_peak_47	319594
64	Chr2	stz_ja_rep3_peak_28	3264195
65	Chr2	stz_ja_rep3_peak_29	3265386
66	Chr2	stz_ja_rep3_peak_30	3266065
67	Chr2	stz_ja_rep3_peak_31	3267963
68	Chr2	stz_ja_rep3_peak_32	3269358
69	Chr2	stz_ja_rep3_peak_33	3272146
70	Chr2	stz_ja_rep3_peak_34	3272720
71	Chr2	stz_ja_rep3_peak_35	3275848
72	Chr2	stz_ja_rep3_peak_36	3276174
73	Chr2	stz_ja_rep3_peak_37	3278877
74	Chr2	stz_ja_rep3_peak_38	3279558
75	Chr2	stz_ja_rep3_peak_39	3280582
76	Chr2	stz_ja_rep3_peak_40	3281730
77	Chr2	stz_ja_rep3_peak_41	3283483
78	Chr2	stz_ja_rep3_peak_42	3292000
79	Chr2	stz_ja_rep3_peak_43	3295500
80	Chr2	stz_ja_rep3_peak_44	3297121
81	Chr2	stz_ja_rep3_peak_45	3303871
82	Chr2	stz_ja_rep3_peak_46	3306656
83	Chr2	stz_ja_rep3_peak_47	3313240
84	Chr2	stz_ja_rep3_peak_48	3314521
85	Chr2	stz_ja_rep3_peak_49	3320031
86	Chr2	stz_ja_rep3_peak_50	3322002
87	Chr2	stz_ja_rep3_peak_51	3324615
88	Chr2	stz_ja_rep3_peak_52	3325132
89	Chr2	stz_ja_rep3_peak_53	3327300
90	Chr2	stz_ja_rep3_peak_54	3329613
91	Chr2	stz_ja_rep3_peak_55	3331377
92	Chr2	stz_ja_rep3_peak_56	3332361
93	Chr2	stz_ja_rep3_peak_57	3332840
94	Chr2	stz_ja_rep3_peak_58	3334539
95	Chr2	stz_ja_rep3_peak_59	3335078
96	Chr2	stz_ja_rep3_peak_60	3335595
97	Chr2	stz_ja_rep3_peak_61	3337170
98	Chr2	stz_ja_rep3_peak_62	3337620
99	Chr2	stz_ja_rep3_peak_63	3338096
99	Chr2	stz_ja_rep5_peak_48	3338081
100	Chr2	stz_ja_rep3_peak_64	3342244
101	Chr2	stz_ja_rep3_peak_65	3344652
102	Chr2	stz_ja_rep3_peak_66	3345695
103	Chr2	stz_ja_rep3_peak_67	3349085
104	Chr2	stz_ja_rep3_peak_68	3354597
105	Chr2	stz_ja_rep3_peak_69	3356847
106	Chr2	stz_ja_rep3_peak_70	3359110
107	Chr2	stz_ja_rep3_peak_71	3360988
108	Chr2	stz_ja_rep3_peak_72	3363017
109	Chr2	stz_ja_rep3_peak_73	3364762
110	Chr2	stz_ja_rep3_peak_74	3365569
111	Chr2	stz_ja_rep3_peak_75	3367384
112	Chr2	stz_ja_rep3_peak_76	3375210
113	Chr2	stz_ja_rep3_peak_77	3377281
114	Chr2	stz_ja_rep3_peak_78	3377709
115	Chr2	stz_ja_rep3_peak_79	3378070
116	Chr2	stz_ja_rep3_peak_80	3378653
117	Chr2	stz_ja_rep3_peak_81	3394015
118	Chr2	stz_ja_rep3_peak_82	3395156
119	Chr2	stz_ja_rep3_peak_83	3396367
120	Chr2	stz_ja_rep3_peak_84	3397039
121	Chr2	stz_ja_rep3_peak_85	3398911
122	Chr2	stz_ja_rep3_peak_86	3400234
123	Chr2	stz_ja_rep3_peak_87	3404942
124	Chr2	stz_ja_rep3_peak_88	3405557
125	Chr2	stz_ja_rep3_peak_89	3406448
126	Chr2	stz_ja_rep3_peak_90	3408879
127	Chr2	stz_ja_rep3_peak_91	3412781
128	Chr2	stz_ja_rep3_peak_92	3418761
129	Chr2	stz_ja_rep3_peak_93	3429070
130	Chr2	stz_ja_rep3_peak_94	3431567
131	Chr2	stz_ja_rep3_peak_95	3434009
132	Chr2	stz_ja_rep3_peak_96	3434368
133	Chr2	stz_ja_rep3_peak_97	3438340
133	Chr2	stz_ja_rep5_peak_49	3438342
134	Chr2	stz_ja_rep3_peak_98	3438677
135	Chr2	stz_ja_rep3_peak_99	3440392
136	Chr2	stz_ja_rep3_peak_100	3442773
137	Chr2	stz_ja_rep3_peak_101	3447454
138	Chr2	stz_ja_rep3_peak_102	3459062
139	Chr2	stz_ja_rep3_peak_103	3460430
140	Chr2	stz_ja_rep3_peak_104	3461094
141	Chr2	stz_ja_rep3_peak_105	3463833
142	Chr2	stz_ja_rep3_peak_106	3464495
143	Chr2	stz_ja_rep3_peak_107	3467012
144	Chr2	stz_ja_rep3_peak_108	3469364
145	Chr2	stz_ja_rep3_peak_109	3471584
146	Chr2	stz_ja_rep3_peak_110	3475893
147	Chr2	stz_ja_rep3_peak_111	3476298
148	Chr2	stz_ja_rep3_peak_112	3478308
149	Chr2	stz_ja_rep3_peak_113	3482452
150	Chr2	stz_ja_rep3_peak_114	3483954
151	Chr2	stz_ja_rep3_peak_115	3485148
152	Chr2	stz_ja_rep3_peak_116	3486088
153	Chr2	stz_ja_rep3_peak_117	3486612
154	Chr2	stz_ja_rep3_peak_118	3487576
155	Chr2	stz_ja_rep3_peak_119	3488560
156	Chr2	stz_ja_rep3_peak_120	3491038
157	Chr2	stz_ja_rep3_peak_121	3492504
158	Chr2	stz_ja_rep3_peak_122	3493389
159	Chr2	stz_ja_rep3_peak_123	3495374
160	Chr2	stz_ja_rep3_peak_124	3496131
161	Chr2	stz_ja_rep3_peak_125	3497483
162	Chr2	stz_ja_rep3_peak_126	3499502
163	Chr2	stz_ja_rep3_peak_127	3500854
164	Chr2	stz_ja_rep3_peak_128	3501468
165	Chr2	stz_ja_rep3_peak_129	3607158
165	Chr2	stz_ja_rep5_peak_50	3607149
166	Chr2	stz_ja_rep5_peak_51	3607770
167	Chr2	stz_ja_rep3_peak_130	3615047
167	Chr2	stz_ja_rep5_peak_52	3615053
168	Chr2	stz_ja_rep3_peak_131	3616074
169	Chr2	stz_ja_rep5_peak_53	3616618
170	Chr2	stz_ja_rep3_peak_132	3618134
170	Chr2	stz_ja_rep5_peak_54	3618107
171	Chr2	stz_ja_rep3_peak_133	3618440
171	Chr2	stz_ja_rep5_peak_55	3618439
172	Chr2	stz_ja_rep3_peak_134	3619028
172	Chr2	stz_ja_rep5_peak_56	3619028
173	Chr2	stz_ja_rep3_peak_135	3619514
173	Chr2	stz_ja_rep5_peak_57	3619516
174	Chr2	stz_ja_rep3_peak_136	3620009
174	Chr2	stz_ja_rep5_peak_58	3620017
175	Chr2	stz_ja_rep5_peak_59	3621201
175	Chr2	stz_ja_rep3_peak_137	3621204
176	Chr2	stz_ja_rep3_peak_138	3621701
176	Chr2	stz_ja_rep5_peak_60	3621699
177	Chr2	stz_ja_rep3_peak_139	3622604
177	Chr2	stz_ja_rep5_peak_61	3622611
178	Chr2	stz_ja_rep3_peak_140	3623458
178	Chr2	stz_ja_rep5_peak_62	3623452
179	Chr2	stz_ja_rep3_peak_141	3624632
179	Chr2	stz_ja_rep5_peak_63	3624638
180	Chr2	stz_ja_rep3_peak_142	3625289
180	Chr2	stz_ja_rep5_peak_64	3625281
181	Chr2	stz_ja_rep3_peak_143	3625775
181	Chr2	stz_ja_rep5_peak_65	3626257
182	Chr2	stz_ja_rep3_peak_144	3626268
182	Chr2	stz_ja_rep5_peak_65	3626257
183	Chr2	stz_ja_rep3_peak_145	3626989
183	Chr2	stz_ja_rep5_peak_66	3626975
184	Chr2	stz_ja_rep3_peak_146	3627328
184	Chr2	stz_ja_rep5_peak_67	3627331
185	Chr2	stz_ja_rep3_peak_147	7190974
185	Chr2	stz_ja_rep5_peak_68	7190978
186	Chr2	stz_ja_rep5_peak_69	8157843
187	Chr2	stz_ja_rep3_peak_148	8971625
188	Chr2	stz_ja_rep3_peak_149	9926508
189	Chr2	stz_ja_rep5_peak_70	12419939
190	Chr2	stz_ja_rep5_peak_71	12563120
191	Chr2	stz_ja_rep3_peak_150	12997521
192	Chr2	stz_ja_rep5_peak_72	13488747
193	Chr2	stz_ja_rep5_peak_73	14261691
194	Chr2	stz_ja_rep5_peak_74	15216818
195	Chr2	stz_ja_rep5_peak_75	15277696
196	Chr2	stz_ja_rep5_peak_76	16449266
197	Chr2	stz_ja_rep3_peak_151	16845225
198	Chr2	stz_ja_rep3_peak_152	17269720
199	Chr2	stz_ja_rep3_peak_153	17458019
200	Chr2	stz_ja_rep3_peak_154	17527101
201	Chr2	stz_ja_rep3_peak_155	18548863
202	Chr2	stz_ja_rep3_peak_156	18644756
203	Chr2	stz_ja_rep3_peak_157	19177294
204	Chr3	stz_ja_rep3_peak_158	508819
205	Chr3	stz_ja_rep5_peak_77	1879619
206	Chr3	stz_ja_rep5_peak_78	1934397
207	Chr3	stz_ja_rep5_peak_79	2188745
208	Chr3	stz_ja_rep5_peak_80	2704214
209	Chr3	stz_ja_rep3_peak_159	2842504
210	Chr3	stz_ja_rep5_peak_81	3365633
211	Chr3	stz_ja_rep3_peak_160	3588586
212	Chr3	stz_ja_rep5_peak_82	4145479
213	Chr3	stz_ja_rep5_peak_83	4857600
214	Chr3	stz_ja_rep5_peak_84	4988137
215	Chr3	stz_ja_rep3_peak_161	5297810
216	Chr3	stz_ja_rep5_peak_85	5999977
217	Chr3	stz_ja_rep5_peak_86	6430202
218	Chr3	stz_ja_rep5_peak_87	6435639
219	Chr3	stz_ja_rep5_peak_88	6934833
220	Chr3	stz_ja_rep3_peak_162	7104420
220	Chr3	stz_ja_rep5_peak_89	7104417
221	Chr3	stz_ja_rep5_peak_90	7305822
222	Chr3	stz_ja_rep3_peak_163	7945994
223	Chr3	stz_ja_rep5_peak_91	8268860
224	Chr3	stz_ja_rep5_peak_92	8558199
225	Chr3	stz_ja_rep5_peak_93	9381683
226	Chr3	stz_ja_rep5_peak_94	9897342
227	Chr3	stz_ja_rep5_peak_95	10911353
228	Chr3	stz_ja_rep3_peak_164	13587689
228	Chr3	stz_ja_rep5_peak_96	13587706
229	Chr3	stz_ja_rep3_peak_165	13588902
229	Chr3	stz_ja_rep5_peak_97	13588895
230	Chr3	stz_ja_rep3_peak_166	13589322
230	Chr3	stz_ja_rep5_peak_98	13589334
231	Chr3	stz_ja_rep3_peak_167	13591707
231	Chr3	stz_ja_rep5_peak_99	13591690
232	Chr3	stz_ja_rep3_peak_168	14194353
232	Chr3	stz_ja_rep5_peak_100	14194352
233	Chr3	stz_ja_rep3_peak_169	14196054
233	Chr3	stz_ja_rep5_peak_101	14196051
234	Chr3	stz_ja_rep3_peak_170	14196557
234	Chr3	stz_ja_rep5_peak_102	14196559
235	Chr3	stz_ja_rep3_peak_170	14196557
235	Chr3	stz_ja_rep5_peak_103	14197394
236	Chr3	stz_ja_rep3_peak_171	14198165
237	Chr3	stz_ja_rep3_peak_172	14199003
238	Chr3	stz_ja_rep3_peak_173	14199656
238	Chr3	stz_ja_rep5_peak_104	14199650
239	Chr3	stz_ja_rep3_peak_174	14200080
240	Chr3	stz_ja_rep3_peak_175	14201060
241	Chr3	stz_ja_rep3_peak_176	14201702
241	Chr3	stz_ja_rep5_peak_105	14201702
242	Chr3	stz_ja_rep3_peak_177	14202126
242	Chr3	stz_ja_rep5_peak_106	14202125
243	Chr3	stz_ja_rep3_peak_178	14202813
244	Chr3	stz_ja_rep3_peak_179	14203310
244	Chr3	stz_ja_rep5_peak_107	14203314
245	Chr3	stz_ja_rep3_peak_180	15078715
246	Chr3	stz_ja_rep5_peak_108	16656288
247	Chr3	stz_ja_rep3_peak_181	16699763
248	Chr3	stz_ja_rep5_peak_109	17008355
249	Chr3	stz_ja_rep5_peak_110	17199387
250	Chr3	stz_ja_rep5_peak_111	18363243
251	Chr3	stz_ja_rep3_peak_182	18364812
252	Chr3	stz_ja_rep5_peak_112	18510107
253	Chr3	stz_ja_rep5_peak_113	18510446
254	Chr3	stz_ja_rep5_peak_114	19357084
255	Chr3	stz_ja_rep5_peak_115	19426135
256	Chr3	stz_ja_rep5_peak_116	19922444
257	Chr3	stz_ja_rep3_peak_183	20564092
258	Chr3	stz_ja_rep5_peak_117	20776150
259	Chr3	stz_ja_rep5_peak_118	20776622
260	Chr3	stz_ja_rep3_peak_184	20801683
261	Chr3	stz_ja_rep3_peak_185	22361687
262	Chr3	stz_ja_rep5_peak_119	23265246
263	Chr4	stz_ja_rep5_peak_120	18216
264	Chr4	stz_ja_rep5_peak_121	463018
265	Chr4	stz_ja_rep5_peak_122	525351
266	Chr4	stz_ja_rep5_peak_123	756619
267	Chr4	stz_ja_rep3_peak_186	2346191
268	Chr4	stz_ja_rep5_peak_124	2531868
269	Chr4	stz_ja_rep3_peak_187	2719012
270	Chr4	stz_ja_rep3_peak_188	2719515
271	Chr4	stz_ja_rep3_peak_189	3054347
271	Chr4	stz_ja_rep5_peak_125	3054333
272	Chr4	stz_ja_rep3_peak_190	3054821
272	Chr4	stz_ja_rep5_peak_126	3054742
273	Chr4	stz_ja_rep5_peak_127	3061265
274	Chr4	stz_ja_rep3_peak_191	3950951
274	Chr4	stz_ja_rep5_peak_128	3950940
275	Chr4	stz_ja_rep3_peak_192	3951595
275	Chr4	stz_ja_rep5_peak_128	3950940
276	Chr4	stz_ja_rep3_peak_193	3951925
276	Chr4	stz_ja_rep5_peak_129	3951911
277	Chr4	stz_ja_rep3_peak_194	3952977
277	Chr4	stz_ja_rep5_peak_130	3952992
278	Chr4	stz_ja_rep3_peak_195	3953564
278	Chr4	stz_ja_rep5_peak_131	3953562
279	Chr4	stz_ja_rep3_peak_196	3954752
279	Chr4	stz_ja_rep5_peak_132	3954746
280	Chr4	stz_ja_rep3_peak_197	3955147
280	Chr4	stz_ja_rep5_peak_133	3955158
281	Chr4	stz_ja_rep3_peak_198	3955875
281	Chr4	stz_ja_rep5_peak_134	3955879
282	Chr4	stz_ja_rep3_peak_199	3965725
282	Chr4	stz_ja_rep5_peak_135	3965729
283	Chr4	stz_ja_rep3_peak_200	3966530
283	Chr4	stz_ja_rep5_peak_136	3966537
284	Chr4	stz_ja_rep3_peak_201	3972689
284	Chr4	stz_ja_rep5_peak_137	3972695
285	Chr4	stz_ja_rep5_peak_138	3976543
286	Chr4	stz_ja_rep5_peak_139	3979423
287	Chr4	stz_ja_rep3_peak_202	3986110
287	Chr4	stz_ja_rep5_peak_140	3986131
288	Chr4	stz_ja_rep3_peak_203	3987512
289	Chr4	stz_ja_rep5_peak_141	3999805
290	Chr4	stz_ja_rep5_peak_142	4000743
291	Chr4	stz_ja_rep3_peak_204	4001217
291	Chr4	stz_ja_rep5_peak_143	4001192
292	Chr4	stz_ja_rep3_peak_205	4002265
292	Chr4	stz_ja_rep5_peak_144	4002269
293	Chr4	stz_ja_rep3_peak_206	4004047
293	Chr4	stz_ja_rep5_peak_145	4004061
294	Chr4	stz_ja_rep5_peak_146	4006267
295	Chr4	stz_ja_rep3_peak_207	4007350
295	Chr4	stz_ja_rep5_peak_147	4007328
296	Chr4	stz_ja_rep3_peak_208	4009806
296	Chr4	stz_ja_rep5_peak_148	4009812
297	Chr4	stz_ja_rep3_peak_209	5727251
298	Chr4	stz_ja_rep5_peak_149	6723343
299	Chr4	stz_ja_rep5_peak_150	6909888
300	Chr4	stz_ja_rep3_peak_210	8486378
301	Chr4	stz_ja_rep5_peak_151	9827545
302	Chr4	stz_ja_rep5_peak_152	9870717
303	Chr4	stz_ja_rep3_peak_211	11603044
304	Chr4	stz_ja_rep3_peak_212	11637920
305	Chr4	stz_ja_rep5_peak_153	11785925
306	Chr4	stz_ja_rep3_peak_213	12373043
307	Chr4	stz_ja_rep5_peak_154	12394167
308	Chr4	stz_ja_rep5_peak_155	12481733
309	Chr4	stz_ja_rep5_peak_156	12571731
310	Chr4	stz_ja_rep5_peak_157	12774448
311	Chr4	stz_ja_rep5_peak_158	13224546
312	Chr4	stz_ja_rep5_peak_159	13810478
313	Chr4	stz_ja_rep5_peak_160	14823612
314	Chr4	stz_ja_rep5_peak_161	15595265
315	Chr4	stz_ja_rep5_peak_162	15960039
316	Chr4	stz_ja_rep3_peak_214	16341096
317	Chr4	stz_ja_rep3_peak_215	16655147
318	Chr4	stz_ja_rep5_peak_163	16706090
319	Chr4	stz_ja_rep3_peak_216	16989471
320	Chr4	stz_ja_rep5_peak_164	17148991
321	Chr4	stz_ja_rep5_peak_165	17848092
322	Chr4	stz_ja_rep3_peak_217	18472497
323	Chr4	stz_ja_rep3_peak_218	18576377
324	Chr5	stz_ja_rep5_peak_166	220549
325	Chr5	stz_ja_rep3_peak_219	240905
326	Chr5	stz_ja_rep5_peak_167	266135
327	Chr5	stz_ja_rep3_peak_220	272402
328	Chr5	stz_ja_rep5_peak_168	895997
329	Chr5	stz_ja_rep5_peak_169	1249589
330	Chr5	stz_ja_rep5_peak_170	1316365
331	Chr5	stz_ja_rep3_peak_221	2400499
332	Chr5	stz_ja_rep3_peak_222	2933834
333	Chr5	stz_ja_rep3_peak_223	3253182
333	Chr5	stz_ja_rep5_peak_171	3253192
334	Chr5	stz_ja_rep5_peak_172	3527009
335	Chr5	stz_ja_rep5_peak_173	3528789
336	Chr5	stz_ja_rep5_peak_174	3919272
337	Chr5	stz_ja_rep5_peak_175	4426502
338	Chr5	stz_ja_rep5_peak_176	6697363
339	Chr5	stz_ja_rep3_peak_224	6801267
340	Chr5	stz_ja_rep3_peak_225	6834424
341	Chr5	stz_ja_rep3_peak_226	7249798
342	Chr5	stz_ja_rep5_peak_177	7264996
343	Chr5	stz_ja_rep3_peak_227	7373854
344	Chr5	stz_ja_rep5_peak_178	7497956
345	Chr5	stz_ja_rep5_peak_179	7541400
346	Chr5	stz_ja_rep5_peak_180	8365776
347	Chr5	stz_ja_rep5_peak_181	9209545
348	Chr5	stz_ja_rep3_peak_228	11185068
348	Chr5	stz_ja_rep5_peak_182	11185072
349	Chr5	stz_ja_rep3_peak_229	11185746
349	Chr5	stz_ja_rep5_peak_183	11185755
350	Chr5	stz_ja_rep3_peak_230	11186545
350	Chr5	stz_ja_rep5_peak_184	11186454
351	Chr5	stz_ja_rep3_peak_231	11705326
351	Chr5	stz_ja_rep5_peak_185	11705362
352	Chr5	stz_ja_rep5_peak_186	11708383
353	Chr5	stz_ja_rep3_peak_232	11723671
353	Chr5	stz_ja_rep5_peak_187	11723678
354	Chr5	stz_ja_rep3_peak_233	11727526
354	Chr5	stz_ja_rep5_peak_188	11727534
355	Chr5	stz_ja_rep3_peak_233	11727526
355	Chr5	stz_ja_rep5_peak_189	11727811
356	Chr5	stz_ja_rep3_peak_234	11728629
356	Chr5	stz_ja_rep5_peak_190	11728628
357	Chr5	stz_ja_rep3_peak_235	11730498
357	Chr5	stz_ja_rep5_peak_191	11730488
358	Chr5	stz_ja_rep3_peak_236	11731544
358	Chr5	stz_ja_rep5_peak_192	11731539
359	Chr5	stz_ja_rep3_peak_237	11732304
359	Chr5	stz_ja_rep5_peak_193	11732315
360	Chr5	stz_ja_rep3_peak_238	11733764
360	Chr5	stz_ja_rep5_peak_194	11733781
361	Chr5	stz_ja_rep3_peak_239	11734874
361	Chr5	stz_ja_rep5_peak_195	11734862
362	Chr5	stz_ja_rep3_peak_240	11735191
362	Chr5	stz_ja_rep5_peak_196	11735224
363	Chr5	stz_ja_rep3_peak_241	11736057
363	Chr5	stz_ja_rep5_peak_197	11736075
364	Chr5	stz_ja_rep3_peak_242	13898181
365	Chr5	stz_ja_rep3_peak_243	16574549
366	Chr5	stz_ja_rep5_peak_198	16815566
367	Chr5	stz_ja_rep5_peak_199	17281560
368	Chr5	stz_ja_rep5_peak_200	17385620
369	Chr5	stz_ja_rep5_peak_201	18790469
370	Chr5	stz_ja_rep5_peak_202	20200329
371	Chr5	stz_ja_rep5_peak_203	20436466
372	Chr5	stz_ja_rep5_peak_204	21240885
373	Chr5	stz_ja_rep5_peak_205	22124002
374	Chr5	stz_ja_rep5_peak_206	22777358
375	Chr5	stz_ja_rep5_peak_207	23709530
376	Chr5	stz_ja_rep3_peak_244	24257626
377	Chr5	stz_ja_rep3_peak_245	24384335
378	Chr5	stz_ja_rep5_peak_208	24554292
379	Chr5	stz_ja_rep5_peak_209	25064698
380	Chr5	stz_ja_rep3_peak_246	25078008
381	Chr5	stz_ja_rep5_peak_210	25278616
382	Chr5	stz_ja_rep3_peak_247	25279606
383	Chr5	stz_ja_rep5_peak_211	25528439
384	Chr5	stz_ja_rep5_peak_212	25818885
385	Chr5	stz_ja_rep3_peak_248	25887306
386	Chr5	stz_ja_rep5_peak_213	25978414
387	Chr5	stz_ja_rep5_peak_214	26043069
388	Chr5	stz_ja_rep5_peak_215	26625995
389	Chr5	stz_ja_rep5_peak_216	26721276
390	Chr5	stz_ja_rep5_peak_217	26868184
391	ChrC	stz_ja_rep3_peak_249	48345
391	ChrC	stz_ja_rep5_peak_218	47565
392	ChrC	stz_ja_rep5_peak_219	110616
392	ChrC	stz_ja_rep3_peak_250	111868
392	ChrC	stz_ja_rep5_peak_220	119334
393	ChrC	stz_ja_rep3_peak_250	111868
393	ChrC	stz_ja_rep5_peak_220	119334
394	ChrM	stz_ja_rep3_peak_251	380
395	ChrM	stz_ja_rep3_peak_252	3056
396	ChrM	stz_ja_rep3_peak_253	8026
397	ChrM	stz_ja_rep3_peak_254	13027
398	ChrM	stz_ja_rep3_peak_255	15554
399	ChrM	stz_ja_rep3_peak_256	17191
400	ChrM	stz_ja_rep3_peak_257	18024
401	ChrM	stz_ja_rep3_peak_258	19220
402	ChrM	stz_ja_rep3_peak_259	20753
403	ChrM	stz_ja_rep3_peak_260	22211
404	ChrM	stz_ja_rep3_peak_261	22977
405	ChrM	stz_ja_rep3_peak_262	23878
406	ChrM	stz_ja_rep3_peak_263	24826
407	ChrM	stz_ja_rep3_peak_264	25812
408	ChrM	stz_ja_rep3_peak_265	26369
409	ChrM	stz_ja_rep3_peak_266	26951
410	ChrM	stz_ja_rep3_peak_267	27517
411	ChrM	stz_ja_rep3_peak_268	27900
412	ChrM	stz_ja_rep3_peak_269	28662
413	ChrM	stz_ja_rep3_peak_270	30316
414	ChrM	stz_ja_rep3_peak_271	31556
415	ChrM	stz_ja_rep3_peak_272	32418
416	ChrM	stz_ja_rep3_peak_273	33155
417	ChrM	stz_ja_rep3_peak_274	33959
418	ChrM	stz_ja_rep3_peak_275	34515
419	ChrM	stz_ja_rep3_peak_276	34906
420	ChrM	stz_ja_rep3_peak_277	35759
421	ChrM	stz_ja_rep3_peak_278	36187
422	ChrM	stz_ja_rep3_peak_279	36950
423	ChrM	stz_ja_rep3_peak_280	38287
424	ChrM	stz_ja_rep3_peak_281	38759
425	ChrM	stz_ja_rep3_peak_282	40396
426	ChrM	stz_ja_rep3_peak_283	41897
427	ChrM	stz_ja_rep3_peak_284	43702
428	ChrM	stz_ja_rep3_peak_285	44602
429	ChrM	stz_ja_rep3_peak_286	77487
430	ChrM	stz_ja_rep3_peak_287	78599
431	ChrM	stz_ja_rep3_peak_288	80746
432	ChrM	stz_ja_rep3_peak_289	92437
433	ChrM	stz_ja_rep3_peak_290	155292
434	ChrM	stz_ja_rep3_peak_291	158324
435	ChrM	stz_ja_rep3_peak_292	162662
436	ChrM	stz_ja_rep3_peak_293	183219
437	ChrM	stz_ja_rep3_peak_294	184442
438	ChrM	stz_ja_rep3_peak_295	184884
439	ChrM	stz_ja_rep3_peak_296	187725
440	ChrM	stz_ja_rep3_peak_297	188639
441	ChrM	stz_ja_rep3_peak_298	190478
442	ChrM	stz_ja_rep3_peak_299	192462
443	ChrM	stz_ja_rep3_peak_300	194461
444	ChrM	stz_ja_rep3_peak_301	196167
445	ChrM	stz_ja_rep3_peak_302	200738
446	ChrM	stz_ja_rep3_peak_303	203907
447	ChrM	stz_ja_rep3_peak_304	205034
448	ChrM	stz_ja_rep3_peak_305	206382
449	ChrM	stz_ja_rep3_peak_306	206968
450	ChrM	stz_ja_rep3_peak_307	208512
451	ChrM	stz_ja_rep3_peak_308	247139
452	ChrM	stz_ja_rep3_peak_309	252850
453	ChrM	stz_ja_rep3_peak_310	283920
454	ChrM	stz_ja_rep3_peak_311	284804
455	ChrM	stz_ja_rep3_peak_312	286126
456	ChrM	stz_ja_rep3_peak_313	286975
457	ChrM	stz_ja_rep3_peak_314	289340
458	ChrM	stz_ja_rep3_peak_315	289955
459	ChrM	stz_ja_rep3_peak_316	298150
460	ChrM	stz_ja_rep3_peak_317	305519
461	ChrM	stz_ja_rep3_peak_318	312598
462	ChrM	stz_ja_rep3_peak_319	341582
463	ChrM	stz_ja_rep3_peak_320	343874
464	ChrM	stz_ja_rep3_peak_321	354132
465	ChrM	stz_ja_rep3_peak_322	361858
466	ChrM	stz_ja_rep3_peak_323	365499
