1	Chr1	stz_air_rep3_peak_1	57187
2	Chr1	stz_air_rep3_peak_2	57723
3	Chr1	stz_air_rep3_peak_3	58397
4	Chr1	stz_air_rep3_peak_4	156541
5	Chr1	stz_air_rep3_peak_5	173554
6	Chr1	stz_air_rep3_peak_6	179370
7	Chr1	stz_air_rep3_peak_7	194916
8	Chr1	stz_air_rep3_peak_8	199562
9	Chr1	stz_air_rep3_peak_9	201070
10	Chr1	stz_air_rep3_peak_10	201920
11	Chr1	stz_air_rep3_peak_11	237913
12	Chr1	stz_air_rep3_peak_12	268347
13	Chr1	stz_air_rep3_peak_13	269740
14	Chr1	stz_air_rep3_peak_14	364189
15	Chr1	stz_air_rep3_peak_15	410752
16	Chr1	stz_air_rep3_peak_16	426792
17	Chr1	stz_air_rep3_peak_17	434607
18	Chr1	stz_air_rep3_peak_18	473776
19	Chr1	stz_air_rep3_peak_19	476505
20	Chr1	stz_air_rep3_peak_20	488518
21	Chr1	stz_air_rep3_peak_21	498925
22	Chr1	stz_air_rep3_peak_22	522128
23	Chr1	stz_air_rep3_peak_23	621349
24	Chr1	stz_air_rep3_peak_24	658566
25	Chr1	stz_air_rep3_peak_25	865327
26	Chr1	stz_air_rep3_peak_26	868199
27	Chr1	stz_air_rep3_peak_27	877686
28	Chr1	stz_air_rep3_peak_28	909742
29	Chr1	stz_air_rep3_peak_29	931813
30	Chr1	stz_air_rep3_peak_30	933604
31	Chr1	stz_air_rep3_peak_31	978985
32	Chr1	stz_air_rep3_peak_32	1028432
33	Chr1	stz_air_rep3_peak_33	1028862
34	Chr1	stz_air_rep3_peak_34	1036323
35	Chr1	stz_air_rep3_peak_35	1172976
36	Chr1	stz_air_rep3_peak_36	1274247
37	Chr1	stz_air_rep3_peak_37	1337891
38	Chr1	stz_air_rep3_peak_38	1356158
39	Chr1	stz_air_rep3_peak_39	1426612
40	Chr1	stz_air_rep3_peak_40	1926529
41	Chr1	stz_air_rep3_peak_41	1978202
42	Chr1	stz_air_rep3_peak_42	2152501
43	Chr1	stz_air_rep3_peak_43	2172723
44	Chr1	stz_air_rep3_peak_44	2196717
45	Chr1	stz_air_rep3_peak_45	2199928
46	Chr1	stz_air_rep3_peak_46	2312254
47	Chr1	stz_air_rep3_peak_47	2312888
48	Chr1	stz_air_rep3_peak_48	2316468
49	Chr1	stz_air_rep3_peak_49	2333711
50	Chr1	stz_air_rep3_peak_50	2335736
51	Chr1	stz_air_rep3_peak_51	2338662
52	Chr1	stz_air_rep3_peak_52	2339599
53	Chr1	stz_air_rep3_peak_53	2348815
54	Chr1	stz_air_rep3_peak_54	2351664
55	Chr1	stz_air_rep3_peak_55	2391874
56	Chr1	stz_air_rep3_peak_56	2432183
57	Chr1	stz_air_rep3_peak_57	2433462
58	Chr1	stz_air_rep3_peak_58	2437071
59	Chr1	stz_air_rep3_peak_59	2438264
60	Chr1	stz_air_rep3_peak_60	2439690
61	Chr1	stz_air_rep3_peak_61	2521510
62	Chr1	stz_air_rep3_peak_62	2522735
63	Chr1	stz_air_rep3_peak_63	2530351
64	Chr1	stz_air_rep3_peak_64	2547886
65	Chr1	stz_air_rep3_peak_65	2573642
66	Chr1	stz_air_rep3_peak_66	2590758
67	Chr1	stz_air_rep3_peak_67	2688589
68	Chr1	stz_air_rep3_peak_68	2755733
69	Chr1	stz_air_rep3_peak_69	2842397
70	Chr1	stz_air_rep3_peak_70	2870787
71	Chr1	stz_air_rep3_peak_71	2873400
72	Chr1	stz_air_rep3_peak_72	2939345
73	Chr1	stz_air_rep3_peak_73	2972610
74	Chr1	stz_air_rep3_peak_74	3009445
75	Chr1	stz_air_rep3_peak_75	3009988
76	Chr1	stz_air_rep3_peak_76	3031756
77	Chr1	stz_air_rep3_peak_77	3075585
78	Chr1	stz_air_rep3_peak_78	3093287
79	Chr1	stz_air_rep3_peak_79	3252163
80	Chr1	stz_air_rep3_peak_80	3272652
81	Chr1	stz_air_rep3_peak_81	3287385
82	Chr1	stz_air_rep3_peak_82	3356476
83	Chr1	stz_air_rep3_peak_83	3740535
84	Chr1	stz_air_rep3_peak_84	3778751
85	Chr1	stz_air_rep3_peak_85	3804209
86	Chr1	stz_air_rep3_peak_86	3806708
87	Chr1	stz_air_rep3_peak_87	3810154
88	Chr1	stz_air_rep3_peak_88	3945488
89	Chr1	stz_air_rep3_peak_89	4016873
90	Chr1	stz_air_rep3_peak_90	4067089
91	Chr1	stz_air_rep3_peak_91	4101438
92	Chr1	stz_air_rep3_peak_92	4105588
93	Chr1	stz_air_rep3_peak_93	4106593
94	Chr1	stz_air_rep3_peak_94	4108046
95	Chr1	stz_air_rep3_peak_95	4109469
96	Chr1	stz_air_rep3_peak_96	4140133
97	Chr1	stz_air_rep3_peak_97	4229880
98	Chr1	stz_air_rep3_peak_98	4282343
99	Chr1	stz_air_rep3_peak_99	4398161
100	Chr1	stz_air_rep3_peak_100	4419256
101	Chr1	stz_air_rep3_peak_101	4433630
102	Chr1	stz_air_rep3_peak_102	4458540
103	Chr1	stz_air_rep3_peak_103	4458921
104	Chr1	stz_air_rep3_peak_104	4466919
105	Chr1	stz_air_rep3_peak_105	4515180
106	Chr1	stz_air_rep3_peak_106	4533991
107	Chr1	stz_air_rep3_peak_107	4540770
108	Chr1	stz_air_rep3_peak_108	4542039
109	Chr1	stz_air_rep3_peak_109	4542405
110	Chr1	stz_air_rep3_peak_110	4542819
111	Chr1	stz_air_rep3_peak_111	4543188
112	Chr1	stz_air_rep3_peak_112	4543479
113	Chr1	stz_air_rep3_peak_113	4647712
114	Chr1	stz_air_rep3_peak_114	4712746
115	Chr1	stz_air_rep3_peak_115	4818236
116	Chr1	stz_air_rep3_peak_116	4889711
117	Chr1	stz_air_rep3_peak_117	4896330
118	Chr1	stz_air_rep3_peak_118	4976287
119	Chr1	stz_air_rep3_peak_119	4978694
120	Chr1	stz_air_rep3_peak_120	5003745
121	Chr1	stz_air_rep3_peak_121	5066204
122	Chr1	stz_air_rep3_peak_122	5091629
123	Chr1	stz_air_rep3_peak_123	5126402
124	Chr1	stz_air_rep3_peak_124	5131583
125	Chr1	stz_air_rep3_peak_125	5151508
126	Chr1	stz_air_rep3_peak_126	5181591
127	Chr1	stz_air_rep3_peak_127	5183696
128	Chr1	stz_air_rep3_peak_128	5202579
129	Chr1	stz_air_rep3_peak_129	5204602
130	Chr1	stz_air_rep3_peak_130	5278023
131	Chr1	stz_air_rep3_peak_131	5309725
132	Chr1	stz_air_rep3_peak_132	5385335
133	Chr1	stz_air_rep3_peak_133	5390440
134	Chr1	stz_air_rep3_peak_134	5402601
135	Chr1	stz_air_rep3_peak_135	5421155
136	Chr1	stz_air_rep3_peak_136	5443846
137	Chr1	stz_air_rep3_peak_137	5518188
138	Chr1	stz_air_rep3_peak_138	5525438
139	Chr1	stz_air_rep3_peak_139	5532061
140	Chr1	stz_air_rep3_peak_140	5535577
141	Chr1	stz_air_rep3_peak_141	5539955
142	Chr1	stz_air_rep3_peak_142	5648507
143	Chr1	stz_air_rep3_peak_143	5776433
144	Chr1	stz_air_rep3_peak_144	5844302
145	Chr1	stz_air_rep3_peak_145	5864072
146	Chr1	stz_air_rep3_peak_146	6075920
147	Chr1	stz_air_rep3_peak_147	6149159
148	Chr1	stz_air_rep3_peak_148	6155958
149	Chr1	stz_air_rep3_peak_149	6267955
150	Chr1	stz_air_rep3_peak_150	6308124
151	Chr1	stz_air_rep3_peak_151	6326944
152	Chr1	stz_air_rep3_peak_152	6333522
153	Chr1	stz_air_rep3_peak_153	6431168
154	Chr1	stz_air_rep3_peak_154	6528488
155	Chr1	stz_air_rep3_peak_155	6560779
156	Chr1	stz_air_rep3_peak_156	6562957
157	Chr1	stz_air_rep3_peak_157	6601785
158	Chr1	stz_air_rep3_peak_158	6654652
159	Chr1	stz_air_rep3_peak_159	6683634
160	Chr1	stz_air_rep3_peak_160	6802888
161	Chr1	stz_air_rep3_peak_161	6831909
162	Chr1	stz_air_rep3_peak_162	6832320
163	Chr1	stz_air_rep3_peak_163	6868029
164	Chr1	stz_air_rep3_peak_164	6927615
165	Chr1	stz_air_rep3_peak_165	6939496
166	Chr1	stz_air_rep3_peak_166	6971131
167	Chr1	stz_air_rep3_peak_167	7084458
168	Chr1	stz_air_rep3_peak_168	7084829
169	Chr1	stz_air_rep3_peak_169	7144245
170	Chr1	stz_air_rep3_peak_170	7146558
171	Chr1	stz_air_rep3_peak_171	7150044
172	Chr1	stz_air_rep3_peak_172	7154416
173	Chr1	stz_air_rep3_peak_173	7176643
174	Chr1	stz_air_rep3_peak_174	7312548
175	Chr1	stz_air_rep3_peak_175	7336990
176	Chr1	stz_air_rep3_peak_176	7339720
177	Chr1	stz_air_rep3_peak_177	7382508
178	Chr1	stz_air_rep3_peak_178	7388609
179	Chr1	stz_air_rep3_peak_179	7391815
180	Chr1	stz_air_rep3_peak_180	7396944
181	Chr1	stz_air_rep3_peak_181	7401194
182	Chr1	stz_air_rep3_peak_182	7480754
183	Chr1	stz_air_rep3_peak_183	7488926
184	Chr1	stz_air_rep3_peak_184	7659796
185	Chr1	stz_air_rep3_peak_185	7802544
186	Chr1	stz_air_rep3_peak_186	7830457
187	Chr1	stz_air_rep3_peak_187	7836525
188	Chr1	stz_air_rep3_peak_188	7851214
189	Chr1	stz_air_rep3_peak_189	7881293
190	Chr1	stz_air_rep3_peak_190	7897096
191	Chr1	stz_air_rep3_peak_191	7897714
192	Chr1	stz_air_rep3_peak_192	8006962
193	Chr1	stz_air_rep3_peak_193	8059419
194	Chr1	stz_air_rep3_peak_194	8060972
195	Chr1	stz_air_rep3_peak_195	8075726
196	Chr1	stz_air_rep3_peak_196	8309204
197	Chr1	stz_air_rep3_peak_197	8385223
198	Chr1	stz_air_rep3_peak_198	8495662
199	Chr1	stz_air_rep3_peak_199	8524931
200	Chr1	stz_air_rep3_peak_200	8532304
201	Chr1	stz_air_rep3_peak_201	8672843
202	Chr1	stz_air_rep3_peak_202	8863765
203	Chr1	stz_air_rep3_peak_203	8924301
204	Chr1	stz_air_rep3_peak_204	8938335
205	Chr1	stz_air_rep3_peak_205	8975784
206	Chr1	stz_air_rep3_peak_206	8976430
207	Chr1	stz_air_rep3_peak_207	8979574
208	Chr1	stz_air_rep3_peak_208	8982392
209	Chr1	stz_air_rep3_peak_209	8983583
210	Chr1	stz_air_rep3_peak_210	8995658
211	Chr1	stz_air_rep3_peak_211	9143585
212	Chr1	stz_air_rep3_peak_212	9286254
213	Chr1	stz_air_rep3_peak_213	9411808
214	Chr1	stz_air_rep3_peak_214	9425438
215	Chr1	stz_air_rep3_peak_215	9452289
216	Chr1	stz_air_rep3_peak_216	9455117
217	Chr1	stz_air_rep3_peak_217	9481285
218	Chr1	stz_air_rep3_peak_218	9483066
219	Chr1	stz_air_rep3_peak_219	9519047
220	Chr1	stz_air_rep3_peak_220	9592479
221	Chr1	stz_air_rep3_peak_221	9594171
222	Chr1	stz_air_rep3_peak_222	9594759
223	Chr1	stz_air_rep3_peak_223	9596197
224	Chr1	stz_air_rep3_peak_224	9597004
225	Chr1	stz_air_rep3_peak_225	9597962
226	Chr1	stz_air_rep3_peak_226	9598292
227	Chr1	stz_air_rep3_peak_227	9602922
228	Chr1	stz_air_rep3_peak_228	9603845
229	Chr1	stz_air_rep3_peak_229	9604790
230	Chr1	stz_air_rep3_peak_230	9606063
231	Chr1	stz_air_rep3_peak_231	9608702
232	Chr1	stz_air_rep3_peak_232	9611136
233	Chr1	stz_air_rep3_peak_233	9612848
234	Chr1	stz_air_rep3_peak_234	9613910
235	Chr1	stz_air_rep3_peak_235	9614468
236	Chr1	stz_air_rep3_peak_236	9615435
237	Chr1	stz_air_rep3_peak_237	9616481
238	Chr1	stz_air_rep3_peak_238	9617683
239	Chr1	stz_air_rep3_peak_239	9618849
240	Chr1	stz_air_rep3_peak_240	9619767
241	Chr1	stz_air_rep3_peak_241	9621318
242	Chr1	stz_air_rep3_peak_242	9621903
243	Chr1	stz_air_rep3_peak_243	9624143
244	Chr1	stz_air_rep3_peak_244	9625323
245	Chr1	stz_air_rep3_peak_245	9626499
246	Chr1	stz_air_rep3_peak_246	9627488
247	Chr1	stz_air_rep3_peak_247	9628063
248	Chr1	stz_air_rep3_peak_248	9628747
249	Chr1	stz_air_rep3_peak_249	9635308
250	Chr1	stz_air_rep3_peak_250	9636040
251	Chr1	stz_air_rep3_peak_251	9636659
252	Chr1	stz_air_rep3_peak_252	9637489
253	Chr1	stz_air_rep3_peak_253	9638396
254	Chr1	stz_air_rep3_peak_254	9638908
255	Chr1	stz_air_rep3_peak_255	9639549
256	Chr1	stz_air_rep3_peak_256	9640066
257	Chr1	stz_air_rep3_peak_257	9642195
258	Chr1	stz_air_rep3_peak_258	9642759
259	Chr1	stz_air_rep3_peak_259	9649380
260	Chr1	stz_air_rep3_peak_260	9651268
261	Chr1	stz_air_rep3_peak_261	9651938
262	Chr1	stz_air_rep3_peak_262	9652410
263	Chr1	stz_air_rep3_peak_263	9653644
264	Chr1	stz_air_rep3_peak_264	9654666
265	Chr1	stz_air_rep3_peak_265	9656085
266	Chr1	stz_air_rep3_peak_266	9662065
267	Chr1	stz_air_rep3_peak_267	9741422
268	Chr1	stz_air_rep3_peak_268	9812654
269	Chr1	stz_air_rep3_peak_269	9819691
270	Chr1	stz_air_rep3_peak_270	9825028
271	Chr1	stz_air_rep3_peak_271	9827741
272	Chr1	stz_air_rep3_peak_272	9850114
273	Chr1	stz_air_rep3_peak_273	9885457
274	Chr1	stz_air_rep3_peak_274	9886068
275	Chr1	stz_air_rep3_peak_275	9934008
276	Chr1	stz_air_rep3_peak_276	9952966
277	Chr1	stz_air_rep3_peak_277	10044428
278	Chr1	stz_air_rep3_peak_278	10073731
279	Chr1	stz_air_rep3_peak_279	10078253
280	Chr1	stz_air_rep3_peak_280	10146052
281	Chr1	stz_air_rep3_peak_281	10174376
282	Chr1	stz_air_rep3_peak_282	10195289
283	Chr1	stz_air_rep3_peak_283	10243611
284	Chr1	stz_air_rep3_peak_284	10247948
285	Chr1	stz_air_rep3_peak_285	10295873
286	Chr1	stz_air_rep3_peak_286	10355508
287	Chr1	stz_air_rep3_peak_287	10356580
288	Chr1	stz_air_rep3_peak_288	10382006
289	Chr1	stz_air_rep3_peak_289	10581444
290	Chr1	stz_air_rep3_peak_290	10622587
291	Chr1	stz_air_rep3_peak_291	10677333
292	Chr1	stz_air_rep3_peak_292	10693133
293	Chr1	stz_air_rep3_peak_293	10715539
294	Chr1	stz_air_rep3_peak_294	10806553
295	Chr1	stz_air_rep3_peak_295	10823989
296	Chr1	stz_air_rep3_peak_296	10835686
297	Chr1	stz_air_rep3_peak_297	10840755
298	Chr1	stz_air_rep3_peak_298	10850828
299	Chr1	stz_air_rep3_peak_299	10860417
300	Chr1	stz_air_rep3_peak_300	10892249
301	Chr1	stz_air_rep3_peak_301	10897694
302	Chr1	stz_air_rep3_peak_302	10926772
303	Chr1	stz_air_rep3_peak_303	11056842
304	Chr1	stz_air_rep3_peak_304	11222663
305	Chr1	stz_air_rep3_peak_305	11226229
306	Chr1	stz_air_rep3_peak_306	11249628
307	Chr1	stz_air_rep3_peak_307	11445423
308	Chr1	stz_air_rep3_peak_308	11454945
309	Chr1	stz_air_rep3_peak_309	11616375
310	Chr1	stz_air_rep3_peak_310	11931262
311	Chr1	stz_air_rep3_peak_311	12080223
312	Chr1	stz_air_rep3_peak_312	12180772
313	Chr1	stz_air_rep3_peak_313	12474519
314	Chr1	stz_air_rep3_peak_314	12687638
315	Chr1	stz_air_rep3_peak_315	13039788
316	Chr1	stz_air_rep3_peak_316	13115575
317	Chr1	stz_air_rep3_peak_317	13117786
318	Chr1	stz_air_rep3_peak_318	13260347
319	Chr1	stz_air_rep3_peak_319	13462854
320	Chr1	stz_air_rep3_peak_320	13698760
321	Chr1	stz_air_rep3_peak_321	14159921
322	Chr1	stz_air_rep3_peak_322	14160395
323	Chr1	stz_air_rep3_peak_323	15082288
324	Chr1	stz_air_rep3_peak_324	15082841
325	Chr1	stz_air_rep3_peak_325	15083703
326	Chr1	stz_air_rep3_peak_326	15084440
327	Chr1	stz_air_rep3_peak_327	15084796
328	Chr1	stz_air_rep3_peak_328	15085670
329	Chr1	stz_air_rep3_peak_329	15880451
330	Chr1	stz_air_rep3_peak_330	16137886
331	Chr1	stz_air_rep3_peak_331	16765863
332	Chr1	stz_air_rep3_peak_332	16767263
333	Chr1	stz_air_rep3_peak_333	17014028
334	Chr1	stz_air_rep3_peak_334	17169335
335	Chr1	stz_air_rep3_peak_335	17282846
336	Chr1	stz_air_rep3_peak_336	17284181
337	Chr1	stz_air_rep3_peak_337	17286766
338	Chr1	stz_air_rep3_peak_338	17295508
339	Chr1	stz_air_rep3_peak_339	17491044
340	Chr1	stz_air_rep3_peak_340	17834861
341	Chr1	stz_air_rep3_peak_341	17911188
342	Chr1	stz_air_rep3_peak_342	17976545
343	Chr1	stz_air_rep3_peak_343	18164833
344	Chr1	stz_air_rep3_peak_344	18298363
345	Chr1	stz_air_rep3_peak_345	18321746
346	Chr1	stz_air_rep3_peak_346	18322445
347	Chr1	stz_air_rep3_peak_347	18734226
348	Chr1	stz_air_rep3_peak_348	18739501
349	Chr1	stz_air_rep3_peak_349	18886511
350	Chr1	stz_air_rep3_peak_350	18927621
351	Chr1	stz_air_rep3_peak_351	18952151
352	Chr1	stz_air_rep3_peak_352	18953669
353	Chr1	stz_air_rep3_peak_353	19052873
354	Chr1	stz_air_rep3_peak_354	19105513
355	Chr1	stz_air_rep3_peak_355	19162529
356	Chr1	stz_air_rep3_peak_356	19171082
357	Chr1	stz_air_rep3_peak_357	19175375
358	Chr1	stz_air_rep3_peak_358	19214093
359	Chr1	stz_air_rep3_peak_359	19225946
360	Chr1	stz_air_rep3_peak_360	19302830
361	Chr1	stz_air_rep3_peak_361	19443640
362	Chr1	stz_air_rep3_peak_362	19496552
363	Chr1	stz_air_rep3_peak_363	19683986
364	Chr1	stz_air_rep3_peak_364	19781281
365	Chr1	stz_air_rep3_peak_365	19820201
366	Chr1	stz_air_rep3_peak_366	19825537
367	Chr1	stz_air_rep3_peak_367	19843513
368	Chr1	stz_air_rep3_peak_368	19883670
369	Chr1	stz_air_rep3_peak_369	19889462
370	Chr1	stz_air_rep3_peak_370	19890254
371	Chr1	stz_air_rep3_peak_371	19912658
372	Chr1	stz_air_rep3_peak_372	20158851
373	Chr1	stz_air_rep3_peak_373	20159246
374	Chr1	stz_air_rep3_peak_374	20187081
375	Chr1	stz_air_rep3_peak_375	20210457
376	Chr1	stz_air_rep3_peak_376	20706982
377	Chr1	stz_air_rep3_peak_377	20860470
378	Chr1	stz_air_rep3_peak_378	20876481
379	Chr1	stz_air_rep3_peak_379	20948454
380	Chr1	stz_air_rep3_peak_380	20968937
381	Chr1	stz_air_rep3_peak_381	21007951
382	Chr1	stz_air_rep3_peak_382	21043888
383	Chr1	stz_air_rep3_peak_383	21064129
384	Chr1	stz_air_rep3_peak_384	21207263
385	Chr1	stz_air_rep3_peak_385	21364810
386	Chr1	stz_air_rep3_peak_386	21443544
387	Chr1	stz_air_rep3_peak_387	21468550
388	Chr1	stz_air_rep3_peak_388	21471204
389	Chr1	stz_air_rep3_peak_389	21471793
390	Chr1	stz_air_rep3_peak_390	21611794
391	Chr1	stz_air_rep3_peak_391	21716573
392	Chr1	stz_air_rep3_peak_392	21742902
393	Chr1	stz_air_rep3_peak_393	21911339
394	Chr1	stz_air_rep3_peak_394	22057526
395	Chr1	stz_air_rep3_peak_395	22110537
396	Chr1	stz_air_rep3_peak_396	22166976
397	Chr1	stz_air_rep3_peak_397	22180938
398	Chr1	stz_air_rep3_peak_398	22184737
399	Chr1	stz_air_rep3_peak_399	22185901
400	Chr1	stz_air_rep3_peak_400	22187564
401	Chr1	stz_air_rep3_peak_401	22200306
402	Chr1	stz_air_rep3_peak_402	22343058
403	Chr1	stz_air_rep3_peak_403	22461350
404	Chr1	stz_air_rep3_peak_404	22594305
405	Chr1	stz_air_rep3_peak_405	22641199
406	Chr1	stz_air_rep3_peak_406	22645316
407	Chr1	stz_air_rep3_peak_407	22677657
408	Chr1	stz_air_rep3_peak_408	22713604
409	Chr1	stz_air_rep3_peak_409	22799354
410	Chr1	stz_air_rep3_peak_410	22827563
411	Chr1	stz_air_rep3_peak_411	22868894
412	Chr1	stz_air_rep3_peak_412	22977629
413	Chr1	stz_air_rep3_peak_413	23020603
414	Chr1	stz_air_rep3_peak_414	23022783
415	Chr1	stz_air_rep3_peak_415	23083250
416	Chr1	stz_air_rep3_peak_416	23083490
417	Chr1	stz_air_rep3_peak_417	23166490
418	Chr1	stz_air_rep3_peak_418	23396427
419	Chr1	stz_air_rep3_peak_419	23618373
420	Chr1	stz_air_rep3_peak_420	23777224
421	Chr1	stz_air_rep3_peak_421	23828120
422	Chr1	stz_air_rep3_peak_422	23895862
423	Chr1	stz_air_rep3_peak_423	23899105
424	Chr1	stz_air_rep3_peak_424	23912375
425	Chr1	stz_air_rep3_peak_425	24011182
426	Chr1	stz_air_rep3_peak_426	24149235
427	Chr1	stz_air_rep3_peak_427	24349237
428	Chr1	stz_air_rep3_peak_428	24357561
429	Chr1	stz_air_rep3_peak_429	24359053
430	Chr1	stz_air_rep3_peak_430	24361928
431	Chr1	stz_air_rep3_peak_431	24443465
432	Chr1	stz_air_rep3_peak_432	24487100
433	Chr1	stz_air_rep3_peak_433	24487782
434	Chr1	stz_air_rep3_peak_434	24493325
435	Chr1	stz_air_rep3_peak_435	24553972
436	Chr1	stz_air_rep3_peak_436	24559023
437	Chr1	stz_air_rep3_peak_437	24631292
438	Chr1	stz_air_rep3_peak_438	24648298
439	Chr1	stz_air_rep3_peak_439	24656505
440	Chr1	stz_air_rep3_peak_440	24812404
441	Chr1	stz_air_rep3_peak_441	24848088
442	Chr1	stz_air_rep3_peak_442	24909038
443	Chr1	stz_air_rep3_peak_443	25137937
444	Chr1	stz_air_rep3_peak_444	25216777
445	Chr1	stz_air_rep3_peak_445	25217727
446	Chr1	stz_air_rep3_peak_446	25225497
447	Chr1	stz_air_rep3_peak_447	25238038
448	Chr1	stz_air_rep3_peak_448	25272084
449	Chr1	stz_air_rep3_peak_449	25274236
450	Chr1	stz_air_rep3_peak_450	25276237
451	Chr1	stz_air_rep3_peak_451	25312620
452	Chr1	stz_air_rep3_peak_452	25425425
453	Chr1	stz_air_rep3_peak_453	25471381
454	Chr1	stz_air_rep3_peak_454	25473342
455	Chr1	stz_air_rep3_peak_455	25477538
456	Chr1	stz_air_rep3_peak_456	25599412
457	Chr1	stz_air_rep3_peak_457	25695400
458	Chr1	stz_air_rep3_peak_458	25695875
459	Chr1	stz_air_rep3_peak_459	25712451
460	Chr1	stz_air_rep3_peak_460	25732454
461	Chr1	stz_air_rep3_peak_461	25784510
462	Chr1	stz_air_rep3_peak_462	25830774
463	Chr1	stz_air_rep3_peak_463	25831361
464	Chr1	stz_air_rep3_peak_464	25876068
465	Chr1	stz_air_rep3_peak_465	25877623
466	Chr1	stz_air_rep3_peak_466	25880143
467	Chr1	stz_air_rep3_peak_467	25941086
468	Chr1	stz_air_rep3_peak_468	26043216
469	Chr1	stz_air_rep3_peak_469	26049468
470	Chr1	stz_air_rep3_peak_470	26117963
471	Chr1	stz_air_rep3_peak_471	26123618
472	Chr1	stz_air_rep3_peak_472	26128145
473	Chr1	stz_air_rep3_peak_473	26239790
474	Chr1	stz_air_rep3_peak_474	26240464
475	Chr1	stz_air_rep3_peak_475	26299646
476	Chr1	stz_air_rep3_peak_476	26306776
477	Chr1	stz_air_rep3_peak_477	26415476
478	Chr1	stz_air_rep3_peak_478	26471158
479	Chr1	stz_air_rep3_peak_479	26477609
480	Chr1	stz_air_rep3_peak_480	26484990
481	Chr1	stz_air_rep3_peak_481	26513339
482	Chr1	stz_air_rep3_peak_482	26533523
483	Chr1	stz_air_rep3_peak_483	26533851
484	Chr1	stz_air_rep3_peak_484	26541437
485	Chr1	stz_air_rep3_peak_485	26587545
486	Chr1	stz_air_rep3_peak_486	26591607
487	Chr1	stz_air_rep3_peak_487	26592840
488	Chr1	stz_air_rep3_peak_488	26694976
489	Chr1	stz_air_rep3_peak_489	26790604
490	Chr1	stz_air_rep3_peak_490	26815687
491	Chr1	stz_air_rep3_peak_491	26938297
492	Chr1	stz_air_rep3_peak_492	26970635
493	Chr1	stz_air_rep3_peak_493	27018033
494	Chr1	stz_air_rep3_peak_494	27044723
495	Chr1	stz_air_rep3_peak_495	27097613
496	Chr1	stz_air_rep3_peak_496	27118348
497	Chr1	stz_air_rep3_peak_497	27151208
498	Chr1	stz_air_rep3_peak_498	27171942
499	Chr1	stz_air_rep3_peak_499	27264601
500	Chr1	stz_air_rep3_peak_500	27306678
501	Chr1	stz_air_rep3_peak_501	27484161
502	Chr1	stz_air_rep3_peak_502	27638385
503	Chr1	stz_air_rep3_peak_503	27646674
504	Chr1	stz_air_rep3_peak_504	27699846
505	Chr1	stz_air_rep3_peak_505	27741540
506	Chr1	stz_air_rep3_peak_506	27815743
507	Chr1	stz_air_rep3_peak_507	27816646
508	Chr1	stz_air_rep3_peak_508	27959544
509	Chr1	stz_air_rep3_peak_509	28041119
510	Chr1	stz_air_rep3_peak_510	28045989
511	Chr1	stz_air_rep3_peak_511	28068860
512	Chr1	stz_air_rep3_peak_512	28095506
513	Chr1	stz_air_rep3_peak_513	28098618
514	Chr1	stz_air_rep3_peak_514	28115613
515	Chr1	stz_air_rep3_peak_515	28145251
516	Chr1	stz_air_rep3_peak_516	28145796
517	Chr1	stz_air_rep3_peak_517	28183567
518	Chr1	stz_air_rep3_peak_518	28213779
519	Chr1	stz_air_rep3_peak_519	28285698
520	Chr1	stz_air_rep3_peak_520	28337191
521	Chr1	stz_air_rep3_peak_521	28338298
522	Chr1	stz_air_rep3_peak_522	28361954
523	Chr1	stz_air_rep3_peak_523	28367958
524	Chr1	stz_air_rep3_peak_524	28398138
525	Chr1	stz_air_rep3_peak_525	28430385
526	Chr1	stz_air_rep3_peak_526	28461328
527	Chr1	stz_air_rep3_peak_527	28486075
528	Chr1	stz_air_rep3_peak_528	28549874
529	Chr1	stz_air_rep3_peak_529	28587633
530	Chr1	stz_air_rep3_peak_530	28589591
531	Chr1	stz_air_rep3_peak_531	28644785
532	Chr1	stz_air_rep3_peak_532	28728063
533	Chr1	stz_air_rep3_peak_533	28804964
534	Chr1	stz_air_rep3_peak_534	28896050
535	Chr1	stz_air_rep3_peak_535	28916971
536	Chr1	stz_air_rep3_peak_536	28925428
537	Chr1	stz_air_rep3_peak_537	29038365
538	Chr1	stz_air_rep3_peak_538	29250168
539	Chr1	stz_air_rep3_peak_539	29327664
540	Chr1	stz_air_rep3_peak_540	29329506
541	Chr1	stz_air_rep3_peak_541	29336803
542	Chr1	stz_air_rep3_peak_542	29345895
543	Chr1	stz_air_rep3_peak_543	29346930
544	Chr1	stz_air_rep3_peak_544	29347598
545	Chr1	stz_air_rep3_peak_545	29354238
546	Chr1	stz_air_rep3_peak_546	29365532
547	Chr1	stz_air_rep3_peak_547	29388977
548	Chr1	stz_air_rep3_peak_548	29466007
549	Chr1	stz_air_rep3_peak_549	29552236
550	Chr1	stz_air_rep3_peak_550	29590802
551	Chr1	stz_air_rep3_peak_551	29599236
552	Chr1	stz_air_rep3_peak_552	29743458
553	Chr1	stz_air_rep3_peak_553	29760960
554	Chr1	stz_air_rep3_peak_554	29910996
555	Chr1	stz_air_rep3_peak_555	29975597
556	Chr1	stz_air_rep3_peak_556	30011558
557	Chr1	stz_air_rep3_peak_557	30217171
558	Chr1	stz_air_rep3_peak_558	30242164
559	Chr1	stz_air_rep3_peak_559	30243021
560	Chr1	stz_air_rep3_peak_560	30244859
561	Chr1	stz_air_rep3_peak_561	30249258
562	Chr1	stz_air_rep3_peak_562	30267337
563	Chr1	stz_air_rep3_peak_563	30295857
564	Chr1	stz_air_rep3_peak_564	30302900
565	Chr1	stz_air_rep3_peak_565	30371985
566	Chr1	stz_air_rep3_peak_566	30403653
567	Chr1	stz_air_rep3_peak_567	30409748
568	Chr2	stz_air_rep3_peak_568	1374
569	Chr2	stz_air_rep3_peak_569	2649
570	Chr2	stz_air_rep3_peak_570	3433
571	Chr2	stz_air_rep3_peak_571	5766
572	Chr2	stz_air_rep3_peak_572	10019
573	Chr2	stz_air_rep3_peak_573	81274
574	Chr2	stz_air_rep3_peak_574	109444
575	Chr2	stz_air_rep3_peak_575	203865
576	Chr2	stz_air_rep3_peak_576	259064
577	Chr2	stz_air_rep3_peak_577	297144
578	Chr2	stz_air_rep3_peak_578	383465
579	Chr2	stz_air_rep3_peak_579	428679
580	Chr2	stz_air_rep3_peak_580	529378
581	Chr2	stz_air_rep3_peak_581	587287
582	Chr2	stz_air_rep3_peak_582	640699
583	Chr2	stz_air_rep3_peak_583	641658
584	Chr2	stz_air_rep3_peak_584	761918
585	Chr2	stz_air_rep3_peak_585	846903
586	Chr2	stz_air_rep3_peak_586	1140133
587	Chr2	stz_air_rep3_peak_587	1572197
588	Chr2	stz_air_rep3_peak_588	1967796
589	Chr2	stz_air_rep3_peak_589	1968579
590	Chr2	stz_air_rep3_peak_590	2149084
591	Chr2	stz_air_rep3_peak_591	2291508
592	Chr2	stz_air_rep3_peak_592	3260394
593	Chr2	stz_air_rep3_peak_593	3263456
594	Chr2	stz_air_rep3_peak_594	3264195
595	Chr2	stz_air_rep3_peak_595	3264799
596	Chr2	stz_air_rep3_peak_596	3265393
597	Chr2	stz_air_rep3_peak_597	3266065
598	Chr2	stz_air_rep3_peak_598	3267958
599	Chr2	stz_air_rep3_peak_599	3269356
600	Chr2	stz_air_rep3_peak_600	3272170
601	Chr2	stz_air_rep3_peak_601	3272713
602	Chr2	stz_air_rep3_peak_602	3275818
603	Chr2	stz_air_rep3_peak_603	3278792
604	Chr2	stz_air_rep3_peak_604	3279558
605	Chr2	stz_air_rep3_peak_605	3280587
606	Chr2	stz_air_rep3_peak_606	3281736
607	Chr2	stz_air_rep3_peak_607	3283496
608	Chr2	stz_air_rep3_peak_608	3292235
609	Chr2	stz_air_rep3_peak_609	3293403
610	Chr2	stz_air_rep3_peak_610	3294597
611	Chr2	stz_air_rep3_peak_611	3295502
612	Chr2	stz_air_rep3_peak_612	3296164
613	Chr2	stz_air_rep3_peak_613	3297121
614	Chr2	stz_air_rep3_peak_614	3299422
615	Chr2	stz_air_rep3_peak_615	3303862
616	Chr2	stz_air_rep3_peak_616	3306656
617	Chr2	stz_air_rep3_peak_617	3312679
618	Chr2	stz_air_rep3_peak_618	3314010
619	Chr2	stz_air_rep3_peak_619	3320028
620	Chr2	stz_air_rep3_peak_620	3322005
621	Chr2	stz_air_rep3_peak_621	3324588
622	Chr2	stz_air_rep3_peak_622	3325139
623	Chr2	stz_air_rep3_peak_623	3327304
624	Chr2	stz_air_rep3_peak_624	3329616
625	Chr2	stz_air_rep3_peak_625	3330997
626	Chr2	stz_air_rep3_peak_626	3331374
627	Chr2	stz_air_rep3_peak_627	3332401
628	Chr2	stz_air_rep3_peak_628	3332838
629	Chr2	stz_air_rep3_peak_629	3333627
630	Chr2	stz_air_rep3_peak_630	3334452
631	Chr2	stz_air_rep3_peak_631	3335189
632	Chr2	stz_air_rep3_peak_632	3337174
633	Chr2	stz_air_rep3_peak_633	3338094
634	Chr2	stz_air_rep3_peak_634	3342244
635	Chr2	stz_air_rep3_peak_635	3342792
636	Chr2	stz_air_rep3_peak_636	3344646
637	Chr2	stz_air_rep3_peak_637	3345709
638	Chr2	stz_air_rep3_peak_638	3346698
639	Chr2	stz_air_rep3_peak_639	3349080
640	Chr2	stz_air_rep3_peak_640	3354599
641	Chr2	stz_air_rep3_peak_641	3356844
642	Chr2	stz_air_rep3_peak_642	3357598
643	Chr2	stz_air_rep3_peak_643	3358656
644	Chr2	stz_air_rep3_peak_644	3359112
645	Chr2	stz_air_rep3_peak_645	3360399
646	Chr2	stz_air_rep3_peak_646	3360989
647	Chr2	stz_air_rep3_peak_647	3363017
648	Chr2	stz_air_rep3_peak_648	3365024
649	Chr2	stz_air_rep3_peak_649	3365665
650	Chr2	stz_air_rep3_peak_650	3366575
651	Chr2	stz_air_rep3_peak_651	3367379
652	Chr2	stz_air_rep3_peak_652	3375207
653	Chr2	stz_air_rep3_peak_653	3376913
654	Chr2	stz_air_rep3_peak_654	3377685
655	Chr2	stz_air_rep3_peak_655	3378085
656	Chr2	stz_air_rep3_peak_656	3378662
657	Chr2	stz_air_rep3_peak_657	3381920
658	Chr2	stz_air_rep3_peak_658	3389487
659	Chr2	stz_air_rep3_peak_659	3393475
660	Chr2	stz_air_rep3_peak_660	3394013
661	Chr2	stz_air_rep3_peak_661	3395157
662	Chr2	stz_air_rep3_peak_662	3396372
663	Chr2	stz_air_rep3_peak_663	3397041
664	Chr2	stz_air_rep3_peak_664	3398931
665	Chr2	stz_air_rep3_peak_665	3399440
666	Chr2	stz_air_rep3_peak_666	3400239
667	Chr2	stz_air_rep3_peak_667	3404943
668	Chr2	stz_air_rep3_peak_668	3405548
669	Chr2	stz_air_rep3_peak_669	3406460
670	Chr2	stz_air_rep3_peak_670	3407738
671	Chr2	stz_air_rep3_peak_671	3408883
672	Chr2	stz_air_rep3_peak_672	3411100
673	Chr2	stz_air_rep3_peak_673	3412794
674	Chr2	stz_air_rep3_peak_674	3418758
675	Chr2	stz_air_rep3_peak_675	3429060
676	Chr2	stz_air_rep3_peak_676	3431560
677	Chr2	stz_air_rep3_peak_677	3434009
678	Chr2	stz_air_rep3_peak_678	3434365
679	Chr2	stz_air_rep3_peak_679	3438341
680	Chr2	stz_air_rep3_peak_680	3438674
681	Chr2	stz_air_rep3_peak_681	3440388
682	Chr2	stz_air_rep3_peak_682	3442774
683	Chr2	stz_air_rep3_peak_683	3447454
684	Chr2	stz_air_rep3_peak_684	3459053
685	Chr2	stz_air_rep3_peak_685	3460421
686	Chr2	stz_air_rep3_peak_686	3461090
687	Chr2	stz_air_rep3_peak_687	3463844
688	Chr2	stz_air_rep3_peak_688	3464491
689	Chr2	stz_air_rep3_peak_689	3467005
690	Chr2	stz_air_rep3_peak_690	3468449
691	Chr2	stz_air_rep3_peak_691	3469369
692	Chr2	stz_air_rep3_peak_692	3471592
693	Chr2	stz_air_rep3_peak_693	3474893
694	Chr2	stz_air_rep3_peak_694	3475895
695	Chr2	stz_air_rep3_peak_695	3476295
696	Chr2	stz_air_rep3_peak_696	3478250
697	Chr2	stz_air_rep3_peak_697	3482452
698	Chr2	stz_air_rep3_peak_698	3483955
699	Chr2	stz_air_rep3_peak_699	3484695
700	Chr2	stz_air_rep3_peak_700	3485147
701	Chr2	stz_air_rep3_peak_701	3486086
702	Chr2	stz_air_rep3_peak_702	3487576
703	Chr2	stz_air_rep3_peak_703	3488739
704	Chr2	stz_air_rep3_peak_704	3490314
705	Chr2	stz_air_rep3_peak_705	3491080
706	Chr2	stz_air_rep3_peak_706	3492488
707	Chr2	stz_air_rep3_peak_707	3493375
708	Chr2	stz_air_rep3_peak_708	3495385
709	Chr2	stz_air_rep3_peak_709	3496137
710	Chr2	stz_air_rep3_peak_710	3497519
711	Chr2	stz_air_rep3_peak_711	3498417
712	Chr2	stz_air_rep3_peak_712	3499501
713	Chr2	stz_air_rep3_peak_713	3500887
714	Chr2	stz_air_rep3_peak_714	3501451
715	Chr2	stz_air_rep3_peak_715	3501867
716	Chr2	stz_air_rep3_peak_716	3509702
717	Chr2	stz_air_rep3_peak_717	3605876
718	Chr2	stz_air_rep3_peak_718	3607156
719	Chr2	stz_air_rep3_peak_719	3615033
720	Chr2	stz_air_rep3_peak_720	3616053
721	Chr2	stz_air_rep3_peak_721	3616618
722	Chr2	stz_air_rep3_peak_722	3618127
723	Chr2	stz_air_rep3_peak_723	3618448
724	Chr2	stz_air_rep3_peak_724	3619022
725	Chr2	stz_air_rep3_peak_725	3619517
726	Chr2	stz_air_rep3_peak_726	3620022
727	Chr2	stz_air_rep3_peak_727	3621215
728	Chr2	stz_air_rep3_peak_728	3621709
729	Chr2	stz_air_rep3_peak_729	3622607
730	Chr2	stz_air_rep3_peak_730	3623503
731	Chr2	stz_air_rep3_peak_731	3624632
732	Chr2	stz_air_rep3_peak_732	3625292
733	Chr2	stz_air_rep3_peak_733	3625774
734	Chr2	stz_air_rep3_peak_734	3626331
735	Chr2	stz_air_rep3_peak_735	3626975
736	Chr2	stz_air_rep3_peak_736	3627317
737	Chr2	stz_air_rep3_peak_737	6018379
738	Chr2	stz_air_rep3_peak_738	6400416
739	Chr2	stz_air_rep3_peak_739	6400694
740	Chr2	stz_air_rep3_peak_740	7123020
741	Chr2	stz_air_rep3_peak_741	7190969
742	Chr2	stz_air_rep3_peak_742	7201737
743	Chr2	stz_air_rep3_peak_743	7221731
744	Chr2	stz_air_rep3_peak_744	7223771
745	Chr2	stz_air_rep3_peak_745	7245902
746	Chr2	stz_air_rep3_peak_746	7571137
747	Chr2	stz_air_rep3_peak_747	7693371
748	Chr2	stz_air_rep3_peak_748	7742683
749	Chr2	stz_air_rep3_peak_749	7766007
750	Chr2	stz_air_rep3_peak_750	7864168
751	Chr2	stz_air_rep3_peak_751	7972375
752	Chr2	stz_air_rep3_peak_752	7994691
753	Chr2	stz_air_rep3_peak_753	7995536
754	Chr2	stz_air_rep3_peak_754	7996989
755	Chr2	stz_air_rep3_peak_755	8091827
756	Chr2	stz_air_rep3_peak_756	8097223
757	Chr2	stz_air_rep3_peak_757	8223006
758	Chr2	stz_air_rep3_peak_758	8293725
759	Chr2	stz_air_rep3_peak_759	8331301
760	Chr2	stz_air_rep3_peak_760	8473347
761	Chr2	stz_air_rep3_peak_761	8535011
762	Chr2	stz_air_rep3_peak_762	8544099
763	Chr2	stz_air_rep3_peak_763	8550183
764	Chr2	stz_air_rep3_peak_764	8567191
765	Chr2	stz_air_rep3_peak_765	8657390
766	Chr2	stz_air_rep3_peak_766	8710344
767	Chr2	stz_air_rep3_peak_767	8760335
768	Chr2	stz_air_rep3_peak_768	8900137
769	Chr2	stz_air_rep3_peak_769	8913664
770	Chr2	stz_air_rep3_peak_770	8932357
771	Chr2	stz_air_rep3_peak_771	8971488
772	Chr2	stz_air_rep3_peak_772	8985770
773	Chr2	stz_air_rep3_peak_773	9002926
774	Chr2	stz_air_rep3_peak_774	9006567
775	Chr2	stz_air_rep3_peak_775	9214386
776	Chr2	stz_air_rep3_peak_776	9266539
777	Chr2	stz_air_rep3_peak_777	9315060
778	Chr2	stz_air_rep3_peak_778	9386475
779	Chr2	stz_air_rep3_peak_779	9406058
780	Chr2	stz_air_rep3_peak_780	9521037
781	Chr2	stz_air_rep3_peak_781	9527892
782	Chr2	stz_air_rep3_peak_782	9591038
783	Chr2	stz_air_rep3_peak_783	9676033
784	Chr2	stz_air_rep3_peak_784	9710699
785	Chr2	stz_air_rep3_peak_785	9924850
786	Chr2	stz_air_rep3_peak_786	9926522
787	Chr2	stz_air_rep3_peak_787	9995362
788	Chr2	stz_air_rep3_peak_788	10066209
789	Chr2	stz_air_rep3_peak_789	10072143
790	Chr2	stz_air_rep3_peak_790	10074457
791	Chr2	stz_air_rep3_peak_791	10122220
792	Chr2	stz_air_rep3_peak_792	10138535
793	Chr2	stz_air_rep3_peak_793	10310316
794	Chr2	stz_air_rep3_peak_794	10438150
795	Chr2	stz_air_rep3_peak_795	10440566
796	Chr2	stz_air_rep3_peak_796	10561649
797	Chr2	stz_air_rep3_peak_797	10566982
798	Chr2	stz_air_rep3_peak_798	10629011
799	Chr2	stz_air_rep3_peak_799	10674687
800	Chr2	stz_air_rep3_peak_800	10847187
801	Chr2	stz_air_rep3_peak_801	11150224
802	Chr2	stz_air_rep3_peak_802	11150577
803	Chr2	stz_air_rep3_peak_803	11171127
804	Chr2	stz_air_rep3_peak_804	11173303
805	Chr2	stz_air_rep3_peak_805	11284897
806	Chr2	stz_air_rep3_peak_806	11336591
807	Chr2	stz_air_rep3_peak_807	11380387
808	Chr2	stz_air_rep3_peak_808	11519422
809	Chr2	stz_air_rep3_peak_809	11527838
810	Chr2	stz_air_rep3_peak_810	11567079
811	Chr2	stz_air_rep3_peak_811	11683653
812	Chr2	stz_air_rep3_peak_812	11705202
813	Chr2	stz_air_rep3_peak_813	11754687
814	Chr2	stz_air_rep3_peak_814	11861015
815	Chr2	stz_air_rep3_peak_815	11861741
816	Chr2	stz_air_rep3_peak_816	11913278
817	Chr2	stz_air_rep3_peak_817	12018661
818	Chr2	stz_air_rep3_peak_818	12028333
819	Chr2	stz_air_rep3_peak_819	12042409
820	Chr2	stz_air_rep3_peak_820	12107299
821	Chr2	stz_air_rep3_peak_821	12123399
822	Chr2	stz_air_rep3_peak_822	12224404
823	Chr2	stz_air_rep3_peak_823	12280849
824	Chr2	stz_air_rep3_peak_824	12321662
825	Chr2	stz_air_rep3_peak_825	12370786
826	Chr2	stz_air_rep3_peak_826	12378333
827	Chr2	stz_air_rep3_peak_827	12380879
828	Chr2	stz_air_rep3_peak_828	12386121
829	Chr2	stz_air_rep3_peak_829	12386347
830	Chr2	stz_air_rep3_peak_830	12405545
831	Chr2	stz_air_rep3_peak_831	12408117
832	Chr2	stz_air_rep3_peak_832	12419941
833	Chr2	stz_air_rep3_peak_833	12618891
834	Chr2	stz_air_rep3_peak_834	12632500
835	Chr2	stz_air_rep3_peak_835	12683141
836	Chr2	stz_air_rep3_peak_836	12697276
837	Chr2	stz_air_rep3_peak_837	12712570
838	Chr2	stz_air_rep3_peak_838	12797208
839	Chr2	stz_air_rep3_peak_839	12864112
840	Chr2	stz_air_rep3_peak_840	12898503
841	Chr2	stz_air_rep3_peak_841	12905271
842	Chr2	stz_air_rep3_peak_842	12997462
843	Chr2	stz_air_rep3_peak_843	13085656
844	Chr2	stz_air_rep3_peak_844	13142277
845	Chr2	stz_air_rep3_peak_845	13186452
846	Chr2	stz_air_rep3_peak_846	13256215
847	Chr2	stz_air_rep3_peak_847	13307701
848	Chr2	stz_air_rep3_peak_848	13384517
849	Chr2	stz_air_rep3_peak_849	13554960
850	Chr2	stz_air_rep3_peak_850	13609505
851	Chr2	stz_air_rep3_peak_851	13641965
852	Chr2	stz_air_rep3_peak_852	13660668
853	Chr2	stz_air_rep3_peak_853	13689601
854	Chr2	stz_air_rep3_peak_854	13702647
855	Chr2	stz_air_rep3_peak_855	13765718
856	Chr2	stz_air_rep3_peak_856	13824555
857	Chr2	stz_air_rep3_peak_857	13857061
858	Chr2	stz_air_rep3_peak_858	13894870
859	Chr2	stz_air_rep3_peak_859	13971791
860	Chr2	stz_air_rep3_peak_860	13977779
861	Chr2	stz_air_rep3_peak_861	14047436
862	Chr2	stz_air_rep3_peak_862	14051189
863	Chr2	stz_air_rep3_peak_863	14179324
864	Chr2	stz_air_rep3_peak_864	14180470
865	Chr2	stz_air_rep3_peak_865	14221857
866	Chr2	stz_air_rep3_peak_866	14253136
867	Chr2	stz_air_rep3_peak_867	14260636
868	Chr2	stz_air_rep3_peak_868	14261598
869	Chr2	stz_air_rep3_peak_869	14432525
870	Chr2	stz_air_rep3_peak_870	14464748
871	Chr2	stz_air_rep3_peak_871	14651989
872	Chr2	stz_air_rep3_peak_872	14754093
873	Chr2	stz_air_rep3_peak_873	14852212
874	Chr2	stz_air_rep3_peak_874	14907818
875	Chr2	stz_air_rep3_peak_875	14945523
876	Chr2	stz_air_rep3_peak_876	14951646
877	Chr2	stz_air_rep3_peak_877	14985476
878	Chr2	stz_air_rep3_peak_878	15015166
879	Chr2	stz_air_rep3_peak_879	15015503
880	Chr2	stz_air_rep3_peak_880	15015942
881	Chr2	stz_air_rep3_peak_881	15066056
882	Chr2	stz_air_rep3_peak_882	15081984
883	Chr2	stz_air_rep3_peak_883	15100302
884	Chr2	stz_air_rep3_peak_884	15103873
885	Chr2	stz_air_rep3_peak_885	15148960
886	Chr2	stz_air_rep3_peak_886	15155224
887	Chr2	stz_air_rep3_peak_887	15193486
888	Chr2	stz_air_rep3_peak_888	15228696
889	Chr2	stz_air_rep3_peak_889	15237841
890	Chr2	stz_air_rep3_peak_890	15253434
891	Chr2	stz_air_rep3_peak_891	15277776
892	Chr2	stz_air_rep3_peak_892	15294050
893	Chr2	stz_air_rep3_peak_893	15338509
894	Chr2	stz_air_rep3_peak_894	15377231
895	Chr2	stz_air_rep3_peak_895	15470216
896	Chr2	stz_air_rep3_peak_896	15488169
897	Chr2	stz_air_rep3_peak_897	15514874
898	Chr2	stz_air_rep3_peak_898	15521871
899	Chr2	stz_air_rep3_peak_899	15598988
900	Chr2	stz_air_rep3_peak_900	15608585
901	Chr2	stz_air_rep3_peak_901	15613202
902	Chr2	stz_air_rep3_peak_902	15613865
903	Chr2	stz_air_rep3_peak_903	15706093
904	Chr2	stz_air_rep3_peak_904	15896490
905	Chr2	stz_air_rep3_peak_905	16050420
906	Chr2	stz_air_rep3_peak_906	16108202
907	Chr2	stz_air_rep3_peak_907	16129501
908	Chr2	stz_air_rep3_peak_908	16221566
909	Chr2	stz_air_rep3_peak_909	16257907
910	Chr2	stz_air_rep3_peak_910	16360020
911	Chr2	stz_air_rep3_peak_911	16361905
912	Chr2	stz_air_rep3_peak_912	16364945
913	Chr2	stz_air_rep3_peak_913	16366087
914	Chr2	stz_air_rep3_peak_914	16368676
915	Chr2	stz_air_rep3_peak_915	16371697
916	Chr2	stz_air_rep3_peak_916	16413770
917	Chr2	stz_air_rep3_peak_917	16449280
918	Chr2	stz_air_rep3_peak_918	16449728
919	Chr2	stz_air_rep3_peak_919	16459293
920	Chr2	stz_air_rep3_peak_920	16474007
921	Chr2	stz_air_rep3_peak_921	16490266
922	Chr2	stz_air_rep3_peak_922	16642283
923	Chr2	stz_air_rep3_peak_923	16692296
924	Chr2	stz_air_rep3_peak_924	16700272
925	Chr2	stz_air_rep3_peak_925	16700578
926	Chr2	stz_air_rep3_peak_926	16701796
927	Chr2	stz_air_rep3_peak_927	16707381
928	Chr2	stz_air_rep3_peak_928	16735031
929	Chr2	stz_air_rep3_peak_929	16749694
930	Chr2	stz_air_rep3_peak_930	16929656
931	Chr2	stz_air_rep3_peak_931	16930923
932	Chr2	stz_air_rep3_peak_932	17135474
933	Chr2	stz_air_rep3_peak_933	17164615
934	Chr2	stz_air_rep3_peak_934	17166526
935	Chr2	stz_air_rep3_peak_935	17177354
936	Chr2	stz_air_rep3_peak_936	17188908
937	Chr2	stz_air_rep3_peak_937	17200334
938	Chr2	stz_air_rep3_peak_938	17219140
939	Chr2	stz_air_rep3_peak_939	17260977
940	Chr2	stz_air_rep3_peak_940	17267516
941	Chr2	stz_air_rep3_peak_941	17270451
942	Chr2	stz_air_rep3_peak_942	17336172
943	Chr2	stz_air_rep3_peak_943	17367347
944	Chr2	stz_air_rep3_peak_944	17368925
945	Chr2	stz_air_rep3_peak_945	17369331
946	Chr2	stz_air_rep3_peak_946	17396661
947	Chr2	stz_air_rep3_peak_947	17526100
948	Chr2	stz_air_rep3_peak_948	17526558
949	Chr2	stz_air_rep3_peak_949	17530804
950	Chr2	stz_air_rep3_peak_950	17538773
951	Chr2	stz_air_rep3_peak_951	17614329
952	Chr2	stz_air_rep3_peak_952	17662605
953	Chr2	stz_air_rep3_peak_953	17665925
954	Chr2	stz_air_rep3_peak_954	17667958
955	Chr2	stz_air_rep3_peak_955	17752381
956	Chr2	stz_air_rep3_peak_956	17796148
957	Chr2	stz_air_rep3_peak_957	17868251
958	Chr2	stz_air_rep3_peak_958	17876813
959	Chr2	stz_air_rep3_peak_959	17918839
960	Chr2	stz_air_rep3_peak_960	17945533
961	Chr2	stz_air_rep3_peak_961	17946278
962	Chr2	stz_air_rep3_peak_962	17946845
963	Chr2	stz_air_rep3_peak_963	18138163
964	Chr2	stz_air_rep3_peak_964	18193286
965	Chr2	stz_air_rep3_peak_965	18216264
966	Chr2	stz_air_rep3_peak_966	18236877
967	Chr2	stz_air_rep3_peak_967	18279154
968	Chr2	stz_air_rep3_peak_968	18321768
969	Chr2	stz_air_rep3_peak_969	18323203
970	Chr2	stz_air_rep3_peak_970	18363368
971	Chr2	stz_air_rep3_peak_971	18423280
972	Chr2	stz_air_rep3_peak_972	18457172
973	Chr2	stz_air_rep3_peak_973	18464133
974	Chr2	stz_air_rep3_peak_974	18465240
975	Chr2	stz_air_rep3_peak_975	18669983
976	Chr2	stz_air_rep3_peak_976	18786374
977	Chr2	stz_air_rep3_peak_977	18806852
978	Chr2	stz_air_rep3_peak_978	18867031
979	Chr2	stz_air_rep3_peak_979	18911927
980	Chr2	stz_air_rep3_peak_980	18912556
981	Chr2	stz_air_rep3_peak_981	18913017
982	Chr2	stz_air_rep3_peak_982	18965173
983	Chr2	stz_air_rep3_peak_983	18981494
984	Chr2	stz_air_rep3_peak_984	19000208
985	Chr2	stz_air_rep3_peak_985	19011089
986	Chr2	stz_air_rep3_peak_986	19051900
987	Chr2	stz_air_rep3_peak_987	19085868
988	Chr2	stz_air_rep3_peak_988	19089178
989	Chr2	stz_air_rep3_peak_989	19139011
990	Chr2	stz_air_rep3_peak_990	19140868
991	Chr2	stz_air_rep3_peak_991	19143518
992	Chr2	stz_air_rep3_peak_992	19153849
993	Chr2	stz_air_rep3_peak_993	19175923
994	Chr2	stz_air_rep3_peak_994	19178546
995	Chr2	stz_air_rep3_peak_995	19179232
996	Chr2	stz_air_rep3_peak_996	19179624
997	Chr2	stz_air_rep3_peak_997	19227510
998	Chr2	stz_air_rep3_peak_998	19232395
999	Chr2	stz_air_rep3_peak_999	19245640
1000	Chr2	stz_air_rep3_peak_1000	19298960
1001	Chr2	stz_air_rep3_peak_1001	19316351
1002	Chr2	stz_air_rep3_peak_1002	19336498
1003	Chr2	stz_air_rep3_peak_1003	19349331
1004	Chr2	stz_air_rep3_peak_1004	19409411
1005	Chr2	stz_air_rep3_peak_1005	19485630
1006	Chr2	stz_air_rep3_peak_1006	19491254
1007	Chr2	stz_air_rep3_peak_1007	19534408
1008	Chr2	stz_air_rep3_peak_1008	19551253
1009	Chr2	stz_air_rep3_peak_1009	19622843
1010	Chr2	stz_air_rep3_peak_1010	19641048
1011	Chr3	stz_air_rep3_peak_1011	38776
1012	Chr3	stz_air_rep3_peak_1012	41093
1013	Chr3	stz_air_rep3_peak_1013	88300
1014	Chr3	stz_air_rep3_peak_1014	165631
1015	Chr3	stz_air_rep3_peak_1015	183063
1016	Chr3	stz_air_rep3_peak_1016	184286
1017	Chr3	stz_air_rep3_peak_1017	201879
1018	Chr3	stz_air_rep3_peak_1018	241964
1019	Chr3	stz_air_rep3_peak_1019	295610
1020	Chr3	stz_air_rep3_peak_1020	329837
1021	Chr3	stz_air_rep3_peak_1021	385943
1022	Chr3	stz_air_rep3_peak_1022	387373
1023	Chr3	stz_air_rep3_peak_1023	417565
1024	Chr3	stz_air_rep3_peak_1024	508452
1025	Chr3	stz_air_rep3_peak_1025	509814
1026	Chr3	stz_air_rep3_peak_1026	510744
1027	Chr3	stz_air_rep3_peak_1027	511324
1028	Chr3	stz_air_rep3_peak_1028	528391
1029	Chr3	stz_air_rep3_peak_1029	536678
1030	Chr3	stz_air_rep3_peak_1030	538524
1031	Chr3	stz_air_rep3_peak_1031	545666
1032	Chr3	stz_air_rep3_peak_1032	608161
1033	Chr3	stz_air_rep3_peak_1033	634413
1034	Chr3	stz_air_rep3_peak_1034	637277
1035	Chr3	stz_air_rep3_peak_1035	649588
1036	Chr3	stz_air_rep3_peak_1036	691875
1037	Chr3	stz_air_rep3_peak_1037	723938
1038	Chr3	stz_air_rep3_peak_1038	731836
1039	Chr3	stz_air_rep3_peak_1039	817227
1040	Chr3	stz_air_rep3_peak_1040	994850
1041	Chr3	stz_air_rep3_peak_1041	995408
1042	Chr3	stz_air_rep3_peak_1042	1033670
1043	Chr3	stz_air_rep3_peak_1043	1066302
1044	Chr3	stz_air_rep3_peak_1044	1080600
1045	Chr3	stz_air_rep3_peak_1045	1121100
1046	Chr3	stz_air_rep3_peak_1046	1288338
1047	Chr3	stz_air_rep3_peak_1047	1289405
1048	Chr3	stz_air_rep3_peak_1048	1464564
1049	Chr3	stz_air_rep3_peak_1049	1478801
1050	Chr3	stz_air_rep3_peak_1050	1612616
1051	Chr3	stz_air_rep3_peak_1051	1739248
1052	Chr3	stz_air_rep3_peak_1052	1743173
1053	Chr3	stz_air_rep3_peak_1053	1756808
1054	Chr3	stz_air_rep3_peak_1054	1759503
1055	Chr3	stz_air_rep3_peak_1055	1852345
1056	Chr3	stz_air_rep3_peak_1056	1879715
1057	Chr3	stz_air_rep3_peak_1057	1951177
1058	Chr3	stz_air_rep3_peak_1058	1959877
1059	Chr3	stz_air_rep3_peak_1059	2011856
1060	Chr3	stz_air_rep3_peak_1060	2015891
1061	Chr3	stz_air_rep3_peak_1061	2113809
1062	Chr3	stz_air_rep3_peak_1062	2128656
1063	Chr3	stz_air_rep3_peak_1063	2178160
1064	Chr3	stz_air_rep3_peak_1064	2280049
1065	Chr3	stz_air_rep3_peak_1065	2287861
1066	Chr3	stz_air_rep3_peak_1066	2422823
1067	Chr3	stz_air_rep3_peak_1067	2441048
1068	Chr3	stz_air_rep3_peak_1068	2487487
1069	Chr3	stz_air_rep3_peak_1069	2606682
1070	Chr3	stz_air_rep3_peak_1070	2637123
1071	Chr3	stz_air_rep3_peak_1071	2647088
1072	Chr3	stz_air_rep3_peak_1072	2706519
1073	Chr3	stz_air_rep3_peak_1073	2717378
1074	Chr3	stz_air_rep3_peak_1074	2749283
1075	Chr3	stz_air_rep3_peak_1075	2753159
1076	Chr3	stz_air_rep3_peak_1076	2841350
1077	Chr3	stz_air_rep3_peak_1077	2849408
1078	Chr3	stz_air_rep3_peak_1078	2901183
1079	Chr3	stz_air_rep3_peak_1079	2971636
1080	Chr3	stz_air_rep3_peak_1080	3004129
1081	Chr3	stz_air_rep3_peak_1081	3121133
1082	Chr3	stz_air_rep3_peak_1082	3197625
1083	Chr3	stz_air_rep3_peak_1083	3239164
1084	Chr3	stz_air_rep3_peak_1084	3271315
1085	Chr3	stz_air_rep3_peak_1085	3304180
1086	Chr3	stz_air_rep3_peak_1086	3365533
1087	Chr3	stz_air_rep3_peak_1087	3415756
1088	Chr3	stz_air_rep3_peak_1088	3427575
1089	Chr3	stz_air_rep3_peak_1089	3555846
1090	Chr3	stz_air_rep3_peak_1090	3575931
1091	Chr3	stz_air_rep3_peak_1091	3582883
1092	Chr3	stz_air_rep3_peak_1092	3622614
1093	Chr3	stz_air_rep3_peak_1093	3730895
1094	Chr3	stz_air_rep3_peak_1094	3826040
1095	Chr3	stz_air_rep3_peak_1095	3863651
1096	Chr3	stz_air_rep3_peak_1096	3919283
1097	Chr3	stz_air_rep3_peak_1097	3923566
1098	Chr3	stz_air_rep3_peak_1098	3942036
1099	Chr3	stz_air_rep3_peak_1099	3982213
1100	Chr3	stz_air_rep3_peak_1100	4006494
1101	Chr3	stz_air_rep3_peak_1101	4012470
1102	Chr3	stz_air_rep3_peak_1102	4049431
1103	Chr3	stz_air_rep3_peak_1103	4124467
1104	Chr3	stz_air_rep3_peak_1104	4216292
1105	Chr3	stz_air_rep3_peak_1105	4219364
1106	Chr3	stz_air_rep3_peak_1106	4254540
1107	Chr3	stz_air_rep3_peak_1107	4262951
1108	Chr3	stz_air_rep3_peak_1108	4303762
1109	Chr3	stz_air_rep3_peak_1109	4310895
1110	Chr3	stz_air_rep3_peak_1110	4311990
1111	Chr3	stz_air_rep3_peak_1111	4312496
1112	Chr3	stz_air_rep3_peak_1112	4330235
1113	Chr3	stz_air_rep3_peak_1113	4344178
1114	Chr3	stz_air_rep3_peak_1114	4371130
1115	Chr3	stz_air_rep3_peak_1115	4372164
1116	Chr3	stz_air_rep3_peak_1116	4376387
1117	Chr3	stz_air_rep3_peak_1117	4444052
1118	Chr3	stz_air_rep3_peak_1118	4448137
1119	Chr3	stz_air_rep3_peak_1119	4462172
1120	Chr3	stz_air_rep3_peak_1120	4494045
1121	Chr3	stz_air_rep3_peak_1121	4532663
1122	Chr3	stz_air_rep3_peak_1122	4538304
1123	Chr3	stz_air_rep3_peak_1123	4541516
1124	Chr3	stz_air_rep3_peak_1124	4603902
1125	Chr3	stz_air_rep3_peak_1125	4641871
1126	Chr3	stz_air_rep3_peak_1126	4655787
1127	Chr3	stz_air_rep3_peak_1127	4656265
1128	Chr3	stz_air_rep3_peak_1128	4660751
1129	Chr3	stz_air_rep3_peak_1129	4663321
1130	Chr3	stz_air_rep3_peak_1130	4672756
1131	Chr3	stz_air_rep3_peak_1131	4736164
1132	Chr3	stz_air_rep3_peak_1132	4739028
1133	Chr3	stz_air_rep3_peak_1133	4740552
1134	Chr3	stz_air_rep3_peak_1134	4797532
1135	Chr3	stz_air_rep3_peak_1135	4845599
1136	Chr3	stz_air_rep3_peak_1136	4937131
1137	Chr3	stz_air_rep3_peak_1137	4985999
1138	Chr3	stz_air_rep3_peak_1138	4988137
1139	Chr3	stz_air_rep3_peak_1139	5006182
1140	Chr3	stz_air_rep3_peak_1140	5023540
1141	Chr3	stz_air_rep3_peak_1141	5026140
1142	Chr3	stz_air_rep3_peak_1142	5119901
1143	Chr3	stz_air_rep3_peak_1143	5121501
1144	Chr3	stz_air_rep3_peak_1144	5121786
1145	Chr3	stz_air_rep3_peak_1145	5122392
1146	Chr3	stz_air_rep3_peak_1146	5122756
1147	Chr3	stz_air_rep3_peak_1147	5125591
1148	Chr3	stz_air_rep3_peak_1148	5175638
1149	Chr3	stz_air_rep3_peak_1149	5249031
1150	Chr3	stz_air_rep3_peak_1150	5252842
1151	Chr3	stz_air_rep3_peak_1151	5258543
1152	Chr3	stz_air_rep3_peak_1152	5275200
1153	Chr3	stz_air_rep3_peak_1153	5298010
1154	Chr3	stz_air_rep3_peak_1154	5358644
1155	Chr3	stz_air_rep3_peak_1155	5566472
1156	Chr3	stz_air_rep3_peak_1156	5567093
1157	Chr3	stz_air_rep3_peak_1157	5568326
1158	Chr3	stz_air_rep3_peak_1158	5568651
1159	Chr3	stz_air_rep3_peak_1159	5580481
1160	Chr3	stz_air_rep3_peak_1160	5593289
1161	Chr3	stz_air_rep3_peak_1161	5593909
1162	Chr3	stz_air_rep3_peak_1162	5594551
1163	Chr3	stz_air_rep3_peak_1163	5595453
1164	Chr3	stz_air_rep3_peak_1164	5638957
1165	Chr3	stz_air_rep3_peak_1165	5639433
1166	Chr3	stz_air_rep3_peak_1166	5639954
1167	Chr3	stz_air_rep3_peak_1167	5695049
1168	Chr3	stz_air_rep3_peak_1168	5731390
1169	Chr3	stz_air_rep3_peak_1169	5764853
1170	Chr3	stz_air_rep3_peak_1170	5804359
1171	Chr3	stz_air_rep3_peak_1171	6183091
1172	Chr3	stz_air_rep3_peak_1172	6391950
1173	Chr3	stz_air_rep3_peak_1173	6493776
1174	Chr3	stz_air_rep3_peak_1174	6494143
1175	Chr3	stz_air_rep3_peak_1175	6523850
1176	Chr3	stz_air_rep3_peak_1176	6557916
1177	Chr3	stz_air_rep3_peak_1177	6565324
1178	Chr3	stz_air_rep3_peak_1178	6617967
1179	Chr3	stz_air_rep3_peak_1179	6805296
1180	Chr3	stz_air_rep3_peak_1180	6826097
1181	Chr3	stz_air_rep3_peak_1181	6933856
1182	Chr3	stz_air_rep3_peak_1182	6994715
1183	Chr3	stz_air_rep3_peak_1183	7087436
1184	Chr3	stz_air_rep3_peak_1184	7104420
1185	Chr3	stz_air_rep3_peak_1185	7160506
1186	Chr3	stz_air_rep3_peak_1186	7214071
1187	Chr3	stz_air_rep3_peak_1187	7281446
1188	Chr3	stz_air_rep3_peak_1188	7305731
1189	Chr3	stz_air_rep3_peak_1189	7385066
1190	Chr3	stz_air_rep3_peak_1190	7474633
1191	Chr3	stz_air_rep3_peak_1191	7476197
1192	Chr3	stz_air_rep3_peak_1192	7510427
1193	Chr3	stz_air_rep3_peak_1193	7618826
1194	Chr3	stz_air_rep3_peak_1194	7640725
1195	Chr3	stz_air_rep3_peak_1195	7644285
1196	Chr3	stz_air_rep3_peak_1196	7652915
1197	Chr3	stz_air_rep3_peak_1197	7654117
1198	Chr3	stz_air_rep3_peak_1198	7654765
1199	Chr3	stz_air_rep3_peak_1199	7819044
1200	Chr3	stz_air_rep3_peak_1200	7906554
1201	Chr3	stz_air_rep3_peak_1201	7912250
1202	Chr3	stz_air_rep3_peak_1202	8104582
1203	Chr3	stz_air_rep3_peak_1203	8151929
1204	Chr3	stz_air_rep3_peak_1204	8181985
1205	Chr3	stz_air_rep3_peak_1205	8263014
1206	Chr3	stz_air_rep3_peak_1206	8275740
1207	Chr3	stz_air_rep3_peak_1207	8404713
1208	Chr3	stz_air_rep3_peak_1208	8411768
1209	Chr3	stz_air_rep3_peak_1209	8437938
1210	Chr3	stz_air_rep3_peak_1210	8491017
1211	Chr3	stz_air_rep3_peak_1211	8604520
1212	Chr3	stz_air_rep3_peak_1212	8686698
1213	Chr3	stz_air_rep3_peak_1213	8734670
1214	Chr3	stz_air_rep3_peak_1214	8743075
1215	Chr3	stz_air_rep3_peak_1215	8926841
1216	Chr3	stz_air_rep3_peak_1216	8958081
1217	Chr3	stz_air_rep3_peak_1217	8959166
1218	Chr3	stz_air_rep3_peak_1218	9132145
1219	Chr3	stz_air_rep3_peak_1219	9381739
1220	Chr3	stz_air_rep3_peak_1220	9464188
1221	Chr3	stz_air_rep3_peak_1221	9494455
1222	Chr3	stz_air_rep3_peak_1222	9595382
1223	Chr3	stz_air_rep3_peak_1223	9595976
1224	Chr3	stz_air_rep3_peak_1224	9656778
1225	Chr3	stz_air_rep3_peak_1225	9682564
1226	Chr3	stz_air_rep3_peak_1226	9710154
1227	Chr3	stz_air_rep3_peak_1227	9710806
1228	Chr3	stz_air_rep3_peak_1228	9711645
1229	Chr3	stz_air_rep3_peak_1229	9712017
1230	Chr3	stz_air_rep3_peak_1230	9712513
1231	Chr3	stz_air_rep3_peak_1231	9722707
1232	Chr3	stz_air_rep3_peak_1232	9723553
1233	Chr3	stz_air_rep3_peak_1233	9740087
1234	Chr3	stz_air_rep3_peak_1234	9823477
1235	Chr3	stz_air_rep3_peak_1235	9867655
1236	Chr3	stz_air_rep3_peak_1236	9980026
1237	Chr3	stz_air_rep3_peak_1237	9981428
1238	Chr3	stz_air_rep3_peak_1238	10128669
1239	Chr3	stz_air_rep3_peak_1239	10384187
1240	Chr3	stz_air_rep3_peak_1240	10400009
1241	Chr3	stz_air_rep3_peak_1241	10459873
1242	Chr3	stz_air_rep3_peak_1242	10913350
1243	Chr3	stz_air_rep3_peak_1243	11387027
1244	Chr3	stz_air_rep3_peak_1244	11813949
1245	Chr3	stz_air_rep3_peak_1245	12450357
1246	Chr3	stz_air_rep3_peak_1246	12453918
1247	Chr3	stz_air_rep3_peak_1247	13587689
1248	Chr3	stz_air_rep3_peak_1248	13588906
1249	Chr3	stz_air_rep3_peak_1249	13589319
1250	Chr3	stz_air_rep3_peak_1250	13591691
1251	Chr3	stz_air_rep3_peak_1251	13705978
1252	Chr3	stz_air_rep3_peak_1252	13709815
1253	Chr3	stz_air_rep3_peak_1253	13853932
1254	Chr3	stz_air_rep3_peak_1254	14194353
1255	Chr3	stz_air_rep3_peak_1255	14195725
1256	Chr3	stz_air_rep3_peak_1256	14196049
1257	Chr3	stz_air_rep3_peak_1257	14196556
1258	Chr3	stz_air_rep3_peak_1258	14197398
1259	Chr3	stz_air_rep3_peak_1259	14198165
1260	Chr3	stz_air_rep3_peak_1260	14199002
1261	Chr3	stz_air_rep3_peak_1261	14199651
1262	Chr3	stz_air_rep3_peak_1262	14200080
1263	Chr3	stz_air_rep3_peak_1263	14201059
1264	Chr3	stz_air_rep3_peak_1264	14201702
1265	Chr3	stz_air_rep3_peak_1265	14202130
1266	Chr3	stz_air_rep3_peak_1266	14202814
1267	Chr3	stz_air_rep3_peak_1267	14203866
1268	Chr3	stz_air_rep3_peak_1268	14208368
1269	Chr3	stz_air_rep3_peak_1269	14771642
1270	Chr3	stz_air_rep3_peak_1270	15078700
1271	Chr3	stz_air_rep3_peak_1271	15953254
1272	Chr3	stz_air_rep3_peak_1272	16181947
1273	Chr3	stz_air_rep3_peak_1273	16458810
1274	Chr3	stz_air_rep3_peak_1274	16481997
1275	Chr3	stz_air_rep3_peak_1275	16539538
1276	Chr3	stz_air_rep3_peak_1276	16699773
1277	Chr3	stz_air_rep3_peak_1277	16737314
1278	Chr3	stz_air_rep3_peak_1278	16759003
1279	Chr3	stz_air_rep3_peak_1279	16761890
1280	Chr3	stz_air_rep3_peak_1280	16782363
1281	Chr3	stz_air_rep3_peak_1281	16787637
1282	Chr3	stz_air_rep3_peak_1282	16789781
1283	Chr3	stz_air_rep3_peak_1283	16820253
1284	Chr3	stz_air_rep3_peak_1284	16896059
1285	Chr3	stz_air_rep3_peak_1285	16931644
1286	Chr3	stz_air_rep3_peak_1286	17005706
1287	Chr3	stz_air_rep3_peak_1287	17008586
1288	Chr3	stz_air_rep3_peak_1288	17009292
1289	Chr3	stz_air_rep3_peak_1289	17137994
1290	Chr3	stz_air_rep3_peak_1290	17157666
1291	Chr3	stz_air_rep3_peak_1291	17178207
1292	Chr3	stz_air_rep3_peak_1292	17180111
1293	Chr3	stz_air_rep3_peak_1293	17182574
1294	Chr3	stz_air_rep3_peak_1294	17185240
1295	Chr3	stz_air_rep3_peak_1295	17246066
1296	Chr3	stz_air_rep3_peak_1296	17255397
1297	Chr3	stz_air_rep3_peak_1297	17478661
1298	Chr3	stz_air_rep3_peak_1298	17558056
1299	Chr3	stz_air_rep3_peak_1299	17623969
1300	Chr3	stz_air_rep3_peak_1300	17646345
1301	Chr3	stz_air_rep3_peak_1301	17690894
1302	Chr3	stz_air_rep3_peak_1302	17704714
1303	Chr3	stz_air_rep3_peak_1303	17720022
1304	Chr3	stz_air_rep3_peak_1304	17739826
1305	Chr3	stz_air_rep3_peak_1305	17868280
1306	Chr3	stz_air_rep3_peak_1306	17908633
1307	Chr3	stz_air_rep3_peak_1307	17909102
1308	Chr3	stz_air_rep3_peak_1308	17909927
1309	Chr3	stz_air_rep3_peak_1309	17975701
1310	Chr3	stz_air_rep3_peak_1310	17976840
1311	Chr3	stz_air_rep3_peak_1311	18136750
1312	Chr3	stz_air_rep3_peak_1312	18137428
1313	Chr3	stz_air_rep3_peak_1313	18137995
1314	Chr3	stz_air_rep3_peak_1314	18139131
1315	Chr3	stz_air_rep3_peak_1315	18253841
1316	Chr3	stz_air_rep3_peak_1316	18324504
1317	Chr3	stz_air_rep3_peak_1317	18468125
1318	Chr3	stz_air_rep3_peak_1318	18494394
1319	Chr3	stz_air_rep3_peak_1319	18514417
1320	Chr3	stz_air_rep3_peak_1320	18515821
1321	Chr3	stz_air_rep3_peak_1321	18516200
1322	Chr3	stz_air_rep3_peak_1322	18516890
1323	Chr3	stz_air_rep3_peak_1323	18635189
1324	Chr3	stz_air_rep3_peak_1324	18665499
1325	Chr3	stz_air_rep3_peak_1325	18750111
1326	Chr3	stz_air_rep3_peak_1326	18798919
1327	Chr3	stz_air_rep3_peak_1327	18822084
1328	Chr3	stz_air_rep3_peak_1328	18855346
1329	Chr3	stz_air_rep3_peak_1329	18870414
1330	Chr3	stz_air_rep3_peak_1330	18882043
1331	Chr3	stz_air_rep3_peak_1331	18895610
1332	Chr3	stz_air_rep3_peak_1332	18997609
1333	Chr3	stz_air_rep3_peak_1333	19020173
1334	Chr3	stz_air_rep3_peak_1334	19056427
1335	Chr3	stz_air_rep3_peak_1335	19067000
1336	Chr3	stz_air_rep3_peak_1336	19243732
1337	Chr3	stz_air_rep3_peak_1337	19251166
1338	Chr3	stz_air_rep3_peak_1338	19269635
1339	Chr3	stz_air_rep3_peak_1339	19278049
1340	Chr3	stz_air_rep3_peak_1340	19312319
1341	Chr3	stz_air_rep3_peak_1341	19357197
1342	Chr3	stz_air_rep3_peak_1342	19393699
1343	Chr3	stz_air_rep3_peak_1343	19427560
1344	Chr3	stz_air_rep3_peak_1344	19448924
1345	Chr3	stz_air_rep3_peak_1345	19451533
1346	Chr3	stz_air_rep3_peak_1346	19453261
1347	Chr3	stz_air_rep3_peak_1347	19539052
1348	Chr3	stz_air_rep3_peak_1348	19581088
1349	Chr3	stz_air_rep3_peak_1349	19604782
1350	Chr3	stz_air_rep3_peak_1350	19629455
1351	Chr3	stz_air_rep3_peak_1351	19825206
1352	Chr3	stz_air_rep3_peak_1352	19936388
1353	Chr3	stz_air_rep3_peak_1353	20048826
1354	Chr3	stz_air_rep3_peak_1354	20117498
1355	Chr3	stz_air_rep3_peak_1355	20233346
1356	Chr3	stz_air_rep3_peak_1356	20244262
1357	Chr3	stz_air_rep3_peak_1357	20296110
1358	Chr3	stz_air_rep3_peak_1358	20363550
1359	Chr3	stz_air_rep3_peak_1359	20394819
1360	Chr3	stz_air_rep3_peak_1360	20402773
1361	Chr3	stz_air_rep3_peak_1361	20442761
1362	Chr3	stz_air_rep3_peak_1362	20556767
1363	Chr3	stz_air_rep3_peak_1363	20563881
1364	Chr3	stz_air_rep3_peak_1364	20603568
1365	Chr3	stz_air_rep3_peak_1365	20694418
1366	Chr3	stz_air_rep3_peak_1366	20775088
1367	Chr3	stz_air_rep3_peak_1367	20776171
1368	Chr3	stz_air_rep3_peak_1368	20865704
1369	Chr3	stz_air_rep3_peak_1369	20897338
1370	Chr3	stz_air_rep3_peak_1370	21036957
1371	Chr3	stz_air_rep3_peak_1371	21059917
1372	Chr3	stz_air_rep3_peak_1372	21061487
1373	Chr3	stz_air_rep3_peak_1373	21121284
1374	Chr3	stz_air_rep3_peak_1374	21153732
1375	Chr3	stz_air_rep3_peak_1375	21229624
1376	Chr3	stz_air_rep3_peak_1376	21252117
1377	Chr3	stz_air_rep3_peak_1377	21303839
1378	Chr3	stz_air_rep3_peak_1378	21309930
1379	Chr3	stz_air_rep3_peak_1379	21344049
1380	Chr3	stz_air_rep3_peak_1380	21426027
1381	Chr3	stz_air_rep3_peak_1381	21516584
1382	Chr3	stz_air_rep3_peak_1382	21818165
1383	Chr3	stz_air_rep3_peak_1383	21910525
1384	Chr3	stz_air_rep3_peak_1384	22138911
1385	Chr3	stz_air_rep3_peak_1385	22150718
1386	Chr3	stz_air_rep3_peak_1386	22170148
1387	Chr3	stz_air_rep3_peak_1387	22250813
1388	Chr3	stz_air_rep3_peak_1388	22291655
1389	Chr3	stz_air_rep3_peak_1389	22328123
1390	Chr3	stz_air_rep3_peak_1390	22432312
1391	Chr3	stz_air_rep3_peak_1391	22433509
1392	Chr3	stz_air_rep3_peak_1392	22433981
1393	Chr3	stz_air_rep3_peak_1393	22513527
1394	Chr3	stz_air_rep3_peak_1394	22515852
1395	Chr3	stz_air_rep3_peak_1395	22634454
1396	Chr3	stz_air_rep3_peak_1396	22645578
1397	Chr3	stz_air_rep3_peak_1397	22670083
1398	Chr3	stz_air_rep3_peak_1398	22677047
1399	Chr3	stz_air_rep3_peak_1399	22712279
1400	Chr3	stz_air_rep3_peak_1400	22732237
1401	Chr3	stz_air_rep3_peak_1401	22734046
1402	Chr3	stz_air_rep3_peak_1402	22735633
1403	Chr3	stz_air_rep3_peak_1403	22775916
1404	Chr3	stz_air_rep3_peak_1404	22794347
1405	Chr3	stz_air_rep3_peak_1405	22804623
1406	Chr3	stz_air_rep3_peak_1406	22857138
1407	Chr3	stz_air_rep3_peak_1407	22893755
1408	Chr3	stz_air_rep3_peak_1408	22917463
1409	Chr3	stz_air_rep3_peak_1409	22941607
1410	Chr3	stz_air_rep3_peak_1410	23036970
1411	Chr3	stz_air_rep3_peak_1411	23089417
1412	Chr3	stz_air_rep3_peak_1412	23146655
1413	Chr3	stz_air_rep3_peak_1413	23232186
1414	Chr3	stz_air_rep3_peak_1414	23265295
1415	Chr3	stz_air_rep3_peak_1415	23276655
1416	Chr3	stz_air_rep3_peak_1416	23285932
1417	Chr3	stz_air_rep3_peak_1417	23292262
1418	Chr3	stz_air_rep3_peak_1418	23334432
1419	Chr3	stz_air_rep3_peak_1419	23347321
1420	Chr3	stz_air_rep3_peak_1420	23450319
1421	Chr4	stz_air_rep3_peak_1421	84813
1422	Chr4	stz_air_rep3_peak_1422	128621
1423	Chr4	stz_air_rep3_peak_1423	148469
1424	Chr4	stz_air_rep3_peak_1424	268258
1425	Chr4	stz_air_rep3_peak_1425	268786
1426	Chr4	stz_air_rep3_peak_1426	285533
1427	Chr4	stz_air_rep3_peak_1427	289927
1428	Chr4	stz_air_rep3_peak_1428	299247
1429	Chr4	stz_air_rep3_peak_1429	300239
1430	Chr4	stz_air_rep3_peak_1430	446909
1431	Chr4	stz_air_rep3_peak_1431	462175
1432	Chr4	stz_air_rep3_peak_1432	484852
1433	Chr4	stz_air_rep3_peak_1433	524175
1434	Chr4	stz_air_rep3_peak_1434	525349
1435	Chr4	stz_air_rep3_peak_1435	550426
1436	Chr4	stz_air_rep3_peak_1436	694845
1437	Chr4	stz_air_rep3_peak_1437	744187
1438	Chr4	stz_air_rep3_peak_1438	753192
1439	Chr4	stz_air_rep3_peak_1439	808313
1440	Chr4	stz_air_rep3_peak_1440	810569
1441	Chr4	stz_air_rep3_peak_1441	843659
1442	Chr4	stz_air_rep3_peak_1442	913687
1443	Chr4	stz_air_rep3_peak_1443	1044030
1444	Chr4	stz_air_rep3_peak_1444	1046182
1445	Chr4	stz_air_rep3_peak_1445	1046963
1446	Chr4	stz_air_rep3_peak_1446	1110284
1447	Chr4	stz_air_rep3_peak_1447	1382596
1448	Chr4	stz_air_rep3_peak_1448	1415453
1449	Chr4	stz_air_rep3_peak_1449	1514773
1450	Chr4	stz_air_rep3_peak_1450	1540234
1451	Chr4	stz_air_rep3_peak_1451	1561284
1452	Chr4	stz_air_rep3_peak_1452	1569659
1453	Chr4	stz_air_rep3_peak_1453	1572469
1454	Chr4	stz_air_rep3_peak_1454	1580110
1455	Chr4	stz_air_rep3_peak_1455	1981770
1456	Chr4	stz_air_rep3_peak_1456	1985545
1457	Chr4	stz_air_rep3_peak_1457	2033307
1458	Chr4	stz_air_rep3_peak_1458	2346260
1459	Chr4	stz_air_rep3_peak_1459	2415553
1460	Chr4	stz_air_rep3_peak_1460	2497823
1461	Chr4	stz_air_rep3_peak_1461	2525506
1462	Chr4	stz_air_rep3_peak_1462	2588054
1463	Chr4	stz_air_rep3_peak_1463	2588888
1464	Chr4	stz_air_rep3_peak_1464	2594036
1465	Chr4	stz_air_rep3_peak_1465	2594575
1466	Chr4	stz_air_rep3_peak_1466	2661588
1467	Chr4	stz_air_rep3_peak_1467	2671048
1468	Chr4	stz_air_rep3_peak_1468	2719213
1469	Chr4	stz_air_rep3_peak_1469	3054348
1470	Chr4	stz_air_rep3_peak_1470	3054826
1471	Chr4	stz_air_rep3_peak_1471	3061264
1472	Chr4	stz_air_rep3_peak_1472	3950640
1473	Chr4	stz_air_rep3_peak_1473	3950947
1474	Chr4	stz_air_rep3_peak_1474	3952985
1475	Chr4	stz_air_rep3_peak_1475	3953560
1476	Chr4	stz_air_rep3_peak_1476	3954748
1477	Chr4	stz_air_rep3_peak_1477	3955179
1478	Chr4	stz_air_rep3_peak_1478	3955863
1479	Chr4	stz_air_rep3_peak_1479	3965742
1480	Chr4	stz_air_rep3_peak_1480	3966545
1481	Chr4	stz_air_rep3_peak_1481	3971198
1482	Chr4	stz_air_rep3_peak_1482	3972684
1483	Chr4	stz_air_rep3_peak_1483	3974755
1484	Chr4	stz_air_rep3_peak_1484	3976612
1485	Chr4	stz_air_rep3_peak_1485	3977739
1486	Chr4	stz_air_rep3_peak_1486	3979439
1487	Chr4	stz_air_rep3_peak_1487	3982527
1488	Chr4	stz_air_rep3_peak_1488	3983435
1489	Chr4	stz_air_rep3_peak_1489	3986120
1490	Chr4	stz_air_rep3_peak_1490	3987511
1491	Chr4	stz_air_rep3_peak_1491	4000761
1492	Chr4	stz_air_rep3_peak_1492	4001208
1493	Chr4	stz_air_rep3_peak_1493	4002276
1494	Chr4	stz_air_rep3_peak_1494	4004042
1495	Chr4	stz_air_rep3_peak_1495	4006272
1496	Chr4	stz_air_rep3_peak_1496	4007325
1497	Chr4	stz_air_rep3_peak_1497	4009809
1498	Chr4	stz_air_rep3_peak_1498	5252255
1499	Chr4	stz_air_rep3_peak_1499	5252794
1500	Chr4	stz_air_rep3_peak_1500	5618317
1501	Chr4	stz_air_rep3_peak_1501	5640581
1502	Chr4	stz_air_rep3_peak_1502	5645992
1503	Chr4	stz_air_rep3_peak_1503	5741075
1504	Chr4	stz_air_rep3_peak_1504	5757841
1505	Chr4	stz_air_rep3_peak_1505	5775143
1506	Chr4	stz_air_rep3_peak_1506	6325022
1507	Chr4	stz_air_rep3_peak_1507	6352720
1508	Chr4	stz_air_rep3_peak_1508	6431296
1509	Chr4	stz_air_rep3_peak_1509	6763648
1510	Chr4	stz_air_rep3_peak_1510	6843838
1511	Chr4	stz_air_rep3_peak_1511	6905690
1512	Chr4	stz_air_rep3_peak_1512	6909908
1513	Chr4	stz_air_rep3_peak_1513	6986691
1514	Chr4	stz_air_rep3_peak_1514	7041593
1515	Chr4	stz_air_rep3_peak_1515	7042588
1516	Chr4	stz_air_rep3_peak_1516	7053257
1517	Chr4	stz_air_rep3_peak_1517	7256229
1518	Chr4	stz_air_rep3_peak_1518	7355423
1519	Chr4	stz_air_rep3_peak_1519	7862542
1520	Chr4	stz_air_rep3_peak_1520	8134986
1521	Chr4	stz_air_rep3_peak_1521	8255922
1522	Chr4	stz_air_rep3_peak_1522	8273770
1523	Chr4	stz_air_rep3_peak_1523	8464318
1524	Chr4	stz_air_rep3_peak_1524	8500076
1525	Chr4	stz_air_rep3_peak_1525	8523799
1526	Chr4	stz_air_rep3_peak_1526	8637633
1527	Chr4	stz_air_rep3_peak_1527	8705497
1528	Chr4	stz_air_rep3_peak_1528	8826179
1529	Chr4	stz_air_rep3_peak_1529	8907884
1530	Chr4	stz_air_rep3_peak_1530	8908959
1531	Chr4	stz_air_rep3_peak_1531	8911071
1532	Chr4	stz_air_rep3_peak_1532	8974623
1533	Chr4	stz_air_rep3_peak_1533	9295681
1534	Chr4	stz_air_rep3_peak_1534	9302082
1535	Chr4	stz_air_rep3_peak_1535	9398381
1536	Chr4	stz_air_rep3_peak_1536	9449129
1537	Chr4	stz_air_rep3_peak_1537	9715577
1538	Chr4	stz_air_rep3_peak_1538	9738111
1539	Chr4	stz_air_rep3_peak_1539	9753870
1540	Chr4	stz_air_rep3_peak_1540	9773866
1541	Chr4	stz_air_rep3_peak_1541	9815392
1542	Chr4	stz_air_rep3_peak_1542	9816316
1543	Chr4	stz_air_rep3_peak_1543	9835660
1544	Chr4	stz_air_rep3_peak_1544	9836288
1545	Chr4	stz_air_rep3_peak_1545	9873662
1546	Chr4	stz_air_rep3_peak_1546	9896918
1547	Chr4	stz_air_rep3_peak_1547	9930267
1548	Chr4	stz_air_rep3_peak_1548	9944119
1549	Chr4	stz_air_rep3_peak_1549	9980774
1550	Chr4	stz_air_rep3_peak_1550	10003397
1551	Chr4	stz_air_rep3_peak_1551	10060427
1552	Chr4	stz_air_rep3_peak_1552	10073528
1553	Chr4	stz_air_rep3_peak_1553	10266582
1554	Chr4	stz_air_rep3_peak_1554	10291781
1555	Chr4	stz_air_rep3_peak_1555	10293524
1556	Chr4	stz_air_rep3_peak_1556	10366032
1557	Chr4	stz_air_rep3_peak_1557	10375264
1558	Chr4	stz_air_rep3_peak_1558	10437838
1559	Chr4	stz_air_rep3_peak_1559	10469566
1560	Chr4	stz_air_rep3_peak_1560	10474070
1561	Chr4	stz_air_rep3_peak_1561	10698909
1562	Chr4	stz_air_rep3_peak_1562	10712591
1563	Chr4	stz_air_rep3_peak_1563	10716137
1564	Chr4	stz_air_rep3_peak_1564	10722274
1565	Chr4	stz_air_rep3_peak_1565	10724926
1566	Chr4	stz_air_rep3_peak_1566	10765965
1567	Chr4	stz_air_rep3_peak_1567	10780534
1568	Chr4	stz_air_rep3_peak_1568	10836107
1569	Chr4	stz_air_rep3_peak_1569	10841866
1570	Chr4	stz_air_rep3_peak_1570	10883776
1571	Chr4	stz_air_rep3_peak_1571	11033964
1572	Chr4	stz_air_rep3_peak_1572	11134014
1573	Chr4	stz_air_rep3_peak_1573	11182340
1574	Chr4	stz_air_rep3_peak_1574	11211514
1575	Chr4	stz_air_rep3_peak_1575	11271974
1576	Chr4	stz_air_rep3_peak_1576	11284052
1577	Chr4	stz_air_rep3_peak_1577	11288738
1578	Chr4	stz_air_rep3_peak_1578	11351535
1579	Chr4	stz_air_rep3_peak_1579	11398303
1580	Chr4	stz_air_rep3_peak_1580	11417182
1581	Chr4	stz_air_rep3_peak_1581	11459443
1582	Chr4	stz_air_rep3_peak_1582	11462724
1583	Chr4	stz_air_rep3_peak_1583	11560900
1584	Chr4	stz_air_rep3_peak_1584	11604814
1585	Chr4	stz_air_rep3_peak_1585	11638046
1586	Chr4	stz_air_rep3_peak_1586	11646074
1587	Chr4	stz_air_rep3_peak_1587	11659100
1588	Chr4	stz_air_rep3_peak_1588	11742956
1589	Chr4	stz_air_rep3_peak_1589	11746188
1590	Chr4	stz_air_rep3_peak_1590	11807394
1591	Chr4	stz_air_rep3_peak_1591	11860233
1592	Chr4	stz_air_rep3_peak_1592	11895860
1593	Chr4	stz_air_rep3_peak_1593	11897036
1594	Chr4	stz_air_rep3_peak_1594	11929099
1595	Chr4	stz_air_rep3_peak_1595	11957326
1596	Chr4	stz_air_rep3_peak_1596	11971354
1597	Chr4	stz_air_rep3_peak_1597	11973142
1598	Chr4	stz_air_rep3_peak_1598	11997218
1599	Chr4	stz_air_rep3_peak_1599	12045698
1600	Chr4	stz_air_rep3_peak_1600	12046209
1601	Chr4	stz_air_rep3_peak_1601	12064836
1602	Chr4	stz_air_rep3_peak_1602	12074814
1603	Chr4	stz_air_rep3_peak_1603	12143852
1604	Chr4	stz_air_rep3_peak_1604	12167060
1605	Chr4	stz_air_rep3_peak_1605	12249107
1606	Chr4	stz_air_rep3_peak_1606	12278293
1607	Chr4	stz_air_rep3_peak_1607	12288878
1608	Chr4	stz_air_rep3_peak_1608	12317628
1609	Chr4	stz_air_rep3_peak_1609	12332618
1610	Chr4	stz_air_rep3_peak_1610	12396489
1611	Chr4	stz_air_rep3_peak_1611	12476032
1612	Chr4	stz_air_rep3_peak_1612	12501650
1613	Chr4	stz_air_rep3_peak_1613	12571704
1614	Chr4	stz_air_rep3_peak_1614	12573483
1615	Chr4	stz_air_rep3_peak_1615	12616988
1616	Chr4	stz_air_rep3_peak_1616	12686316
1617	Chr4	stz_air_rep3_peak_1617	12758078
1618	Chr4	stz_air_rep3_peak_1618	12884044
1619	Chr4	stz_air_rep3_peak_1619	12889709
1620	Chr4	stz_air_rep3_peak_1620	13051763
1621	Chr4	stz_air_rep3_peak_1621	13080603
1622	Chr4	stz_air_rep3_peak_1622	13087184
1623	Chr4	stz_air_rep3_peak_1623	13138071
1624	Chr4	stz_air_rep3_peak_1624	13208861
1625	Chr4	stz_air_rep3_peak_1625	13209294
1626	Chr4	stz_air_rep3_peak_1626	13223747
1627	Chr4	stz_air_rep3_peak_1627	13279057
1628	Chr4	stz_air_rep3_peak_1628	13406152
1629	Chr4	stz_air_rep3_peak_1629	13461075
1630	Chr4	stz_air_rep3_peak_1630	13652555
1631	Chr4	stz_air_rep3_peak_1631	13665096
1632	Chr4	stz_air_rep3_peak_1632	13675112
1633	Chr4	stz_air_rep3_peak_1633	13726215
1634	Chr4	stz_air_rep3_peak_1634	13727018
1635	Chr4	stz_air_rep3_peak_1635	13782414
1636	Chr4	stz_air_rep3_peak_1636	13810072
1637	Chr4	stz_air_rep3_peak_1637	13813088
1638	Chr4	stz_air_rep3_peak_1638	13816349
1639	Chr4	stz_air_rep3_peak_1639	13830879
1640	Chr4	stz_air_rep3_peak_1640	13917561
1641	Chr4	stz_air_rep3_peak_1641	13920769
1642	Chr4	stz_air_rep3_peak_1642	13957059
1643	Chr4	stz_air_rep3_peak_1643	13997394
1644	Chr4	stz_air_rep3_peak_1644	13998473
1645	Chr4	stz_air_rep3_peak_1645	14007498
1646	Chr4	stz_air_rep3_peak_1646	14007902
1647	Chr4	stz_air_rep3_peak_1647	14183723
1648	Chr4	stz_air_rep3_peak_1648	14257978
1649	Chr4	stz_air_rep3_peak_1649	14332980
1650	Chr4	stz_air_rep3_peak_1650	14364491
1651	Chr4	stz_air_rep3_peak_1651	14374125
1652	Chr4	stz_air_rep3_peak_1652	14393506
1653	Chr4	stz_air_rep3_peak_1653	14577822
1654	Chr4	stz_air_rep3_peak_1654	14624905
1655	Chr4	stz_air_rep3_peak_1655	14626971
1656	Chr4	stz_air_rep3_peak_1656	14653588
1657	Chr4	stz_air_rep3_peak_1657	14763299
1658	Chr4	stz_air_rep3_peak_1658	14764656
1659	Chr4	stz_air_rep3_peak_1659	14770663
1660	Chr4	stz_air_rep3_peak_1660	14771985
1661	Chr4	stz_air_rep3_peak_1661	14773307
1662	Chr4	stz_air_rep3_peak_1662	14774129
1663	Chr4	stz_air_rep3_peak_1663	14775188
1664	Chr4	stz_air_rep3_peak_1664	14775972
1665	Chr4	stz_air_rep3_peak_1665	14777719
1666	Chr4	stz_air_rep3_peak_1666	14823538
1667	Chr4	stz_air_rep3_peak_1667	14883184
1668	Chr4	stz_air_rep3_peak_1668	14919250
1669	Chr4	stz_air_rep3_peak_1669	14958069
1670	Chr4	stz_air_rep3_peak_1670	15063267
1671	Chr4	stz_air_rep3_peak_1671	15064653
1672	Chr4	stz_air_rep3_peak_1672	15068996
1673	Chr4	stz_air_rep3_peak_1673	15114207
1674	Chr4	stz_air_rep3_peak_1674	15273332
1675	Chr4	stz_air_rep3_peak_1675	15289709
1676	Chr4	stz_air_rep3_peak_1676	15291933
1677	Chr4	stz_air_rep3_peak_1677	15406350
1678	Chr4	stz_air_rep3_peak_1678	15413165
1679	Chr4	stz_air_rep3_peak_1679	15443908
1680	Chr4	stz_air_rep3_peak_1680	15460097
1681	Chr4	stz_air_rep3_peak_1681	15489276
1682	Chr4	stz_air_rep3_peak_1682	15492128
1683	Chr4	stz_air_rep3_peak_1683	15507329
1684	Chr4	stz_air_rep3_peak_1684	15525825
1685	Chr4	stz_air_rep3_peak_1685	15528564
1686	Chr4	stz_air_rep3_peak_1686	15595378
1687	Chr4	stz_air_rep3_peak_1687	15676360
1688	Chr4	stz_air_rep3_peak_1688	15755899
1689	Chr4	stz_air_rep3_peak_1689	15907340
1690	Chr4	stz_air_rep3_peak_1690	15907936
1691	Chr4	stz_air_rep3_peak_1691	15939647
1692	Chr4	stz_air_rep3_peak_1692	15947243
1693	Chr4	stz_air_rep3_peak_1693	15959974
1694	Chr4	stz_air_rep3_peak_1694	16090777
1695	Chr4	stz_air_rep3_peak_1695	16102453
1696	Chr4	stz_air_rep3_peak_1696	16256256
1697	Chr4	stz_air_rep3_peak_1697	16278580
1698	Chr4	stz_air_rep3_peak_1698	16285397
1699	Chr4	stz_air_rep3_peak_1699	16289972
1700	Chr4	stz_air_rep3_peak_1700	16340727
1701	Chr4	stz_air_rep3_peak_1701	16340973
1702	Chr4	stz_air_rep3_peak_1702	16343878
1703	Chr4	stz_air_rep3_peak_1703	16344992
1704	Chr4	stz_air_rep3_peak_1704	16350284
1705	Chr4	stz_air_rep3_peak_1705	16355039
1706	Chr4	stz_air_rep3_peak_1706	16376751
1707	Chr4	stz_air_rep3_peak_1707	16431491
1708	Chr4	stz_air_rep3_peak_1708	16490073
1709	Chr4	stz_air_rep3_peak_1709	16560833
1710	Chr4	stz_air_rep3_peak_1710	16562107
1711	Chr4	stz_air_rep3_peak_1711	16562715
1712	Chr4	stz_air_rep3_peak_1712	16576758
1713	Chr4	stz_air_rep3_peak_1713	16839534
1714	Chr4	stz_air_rep3_peak_1714	16855398
1715	Chr4	stz_air_rep3_peak_1715	16940482
1716	Chr4	stz_air_rep3_peak_1716	16960365
1717	Chr4	stz_air_rep3_peak_1717	17040034
1718	Chr4	stz_air_rep3_peak_1718	17049432
1719	Chr4	stz_air_rep3_peak_1719	17187583
1720	Chr4	stz_air_rep3_peak_1720	17248539
1721	Chr4	stz_air_rep3_peak_1721	17282329
1722	Chr4	stz_air_rep3_peak_1722	17288000
1723	Chr4	stz_air_rep3_peak_1723	17290216
1724	Chr4	stz_air_rep3_peak_1724	17398927
1725	Chr4	stz_air_rep3_peak_1725	17486540
1726	Chr4	stz_air_rep3_peak_1726	17534175
1727	Chr4	stz_air_rep3_peak_1727	17541091
1728	Chr4	stz_air_rep3_peak_1728	17579461
1729	Chr4	stz_air_rep3_peak_1729	17618852
1730	Chr4	stz_air_rep3_peak_1730	17642099
1731	Chr4	stz_air_rep3_peak_1731	17643345
1732	Chr4	stz_air_rep3_peak_1732	17666577
1733	Chr4	stz_air_rep3_peak_1733	17667252
1734	Chr4	stz_air_rep3_peak_1734	17687292
1735	Chr4	stz_air_rep3_peak_1735	17699083
1736	Chr4	stz_air_rep3_peak_1736	17735364
1737	Chr4	stz_air_rep3_peak_1737	17764559
1738	Chr4	stz_air_rep3_peak_1738	17774561
1739	Chr4	stz_air_rep3_peak_1739	17802747
1740	Chr4	stz_air_rep3_peak_1740	17955012
1741	Chr4	stz_air_rep3_peak_1741	17986400
1742	Chr4	stz_air_rep3_peak_1742	17997086
1743	Chr4	stz_air_rep3_peak_1743	17997778
1744	Chr4	stz_air_rep3_peak_1744	18025620
1745	Chr4	stz_air_rep3_peak_1745	18053589
1746	Chr4	stz_air_rep3_peak_1746	18055654
1747	Chr4	stz_air_rep3_peak_1747	18127159
1748	Chr4	stz_air_rep3_peak_1748	18149294
1749	Chr4	stz_air_rep3_peak_1749	18215183
1750	Chr4	stz_air_rep3_peak_1750	18217442
1751	Chr4	stz_air_rep3_peak_1751	18220290
1752	Chr4	stz_air_rep3_peak_1752	18233320
1753	Chr4	stz_air_rep3_peak_1753	18275136
1754	Chr4	stz_air_rep3_peak_1754	18461896
1755	Chr4	stz_air_rep3_peak_1755	18486478
1756	Chr4	stz_air_rep3_peak_1756	18556963
1757	Chr4	stz_air_rep3_peak_1757	18573140
1758	Chr5	stz_air_rep3_peak_1758	85498
1759	Chr5	stz_air_rep3_peak_1759	91262
1760	Chr5	stz_air_rep3_peak_1760	210676
1761	Chr5	stz_air_rep3_peak_1761	266824
1762	Chr5	stz_air_rep3_peak_1762	270759
1763	Chr5	stz_air_rep3_peak_1763	271444
1764	Chr5	stz_air_rep3_peak_1764	272517
1765	Chr5	stz_air_rep3_peak_1765	291047
1766	Chr5	stz_air_rep3_peak_1766	304316
1767	Chr5	stz_air_rep3_peak_1767	308952
1768	Chr5	stz_air_rep3_peak_1768	332206
1769	Chr5	stz_air_rep3_peak_1769	389055
1770	Chr5	stz_air_rep3_peak_1770	437106
1771	Chr5	stz_air_rep3_peak_1771	442353
1772	Chr5	stz_air_rep3_peak_1772	508505
1773	Chr5	stz_air_rep3_peak_1773	537296
1774	Chr5	stz_air_rep3_peak_1774	545118
1775	Chr5	stz_air_rep3_peak_1775	548514
1776	Chr5	stz_air_rep3_peak_1776	554080
1777	Chr5	stz_air_rep3_peak_1777	642055
1778	Chr5	stz_air_rep3_peak_1778	714260
1779	Chr5	stz_air_rep3_peak_1779	740208
1780	Chr5	stz_air_rep3_peak_1780	758242
1781	Chr5	stz_air_rep3_peak_1781	771805
1782	Chr5	stz_air_rep3_peak_1782	800004
1783	Chr5	stz_air_rep3_peak_1783	828019
1784	Chr5	stz_air_rep3_peak_1784	829184
1785	Chr5	stz_air_rep3_peak_1785	834758
1786	Chr5	stz_air_rep3_peak_1786	903419
1787	Chr5	stz_air_rep3_peak_1787	925575
1788	Chr5	stz_air_rep3_peak_1788	965957
1789	Chr5	stz_air_rep3_peak_1789	969397
1790	Chr5	stz_air_rep3_peak_1790	974081
1791	Chr5	stz_air_rep3_peak_1791	987690
1792	Chr5	stz_air_rep3_peak_1792	1217325
1793	Chr5	stz_air_rep3_peak_1793	1296341
1794	Chr5	stz_air_rep3_peak_1794	1306034
1795	Chr5	stz_air_rep3_peak_1795	1319192
1796	Chr5	stz_air_rep3_peak_1796	1337488
1797	Chr5	stz_air_rep3_peak_1797	1360648
1798	Chr5	stz_air_rep3_peak_1798	1367759
1799	Chr5	stz_air_rep3_peak_1799	1371676
1800	Chr5	stz_air_rep3_peak_1800	1444935
1801	Chr5	stz_air_rep3_peak_1801	1504848
1802	Chr5	stz_air_rep3_peak_1802	1518269
1803	Chr5	stz_air_rep3_peak_1803	1530218
1804	Chr5	stz_air_rep3_peak_1804	1535864
1805	Chr5	stz_air_rep3_peak_1805	1579016
1806	Chr5	stz_air_rep3_peak_1806	1609427
1807	Chr5	stz_air_rep3_peak_1807	1610038
1808	Chr5	stz_air_rep3_peak_1808	1934963
1809	Chr5	stz_air_rep3_peak_1809	2121825
1810	Chr5	stz_air_rep3_peak_1810	2132276
1811	Chr5	stz_air_rep3_peak_1811	2150883
1812	Chr5	stz_air_rep3_peak_1812	2167419
1813	Chr5	stz_air_rep3_peak_1813	2178230
1814	Chr5	stz_air_rep3_peak_1814	2265661
1815	Chr5	stz_air_rep3_peak_1815	2299144
1816	Chr5	stz_air_rep3_peak_1816	2299592
1817	Chr5	stz_air_rep3_peak_1817	2400753
1818	Chr5	stz_air_rep3_peak_1818	2587949
1819	Chr5	stz_air_rep3_peak_1819	2614763
1820	Chr5	stz_air_rep3_peak_1820	2615640
1821	Chr5	stz_air_rep3_peak_1821	2743159
1822	Chr5	stz_air_rep3_peak_1822	2862186
1823	Chr5	stz_air_rep3_peak_1823	2933831
1824	Chr5	stz_air_rep3_peak_1824	2934267
1825	Chr5	stz_air_rep3_peak_1825	2939106
1826	Chr5	stz_air_rep3_peak_1826	2983100
1827	Chr5	stz_air_rep3_peak_1827	2985740
1828	Chr5	stz_air_rep3_peak_1828	3051914
1829	Chr5	stz_air_rep3_peak_1829	3163244
1830	Chr5	stz_air_rep3_peak_1830	3253199
1831	Chr5	stz_air_rep3_peak_1831	3283942
1832	Chr5	stz_air_rep3_peak_1832	3286516
1833	Chr5	stz_air_rep3_peak_1833	3300192
1834	Chr5	stz_air_rep3_peak_1834	3333090
1835	Chr5	stz_air_rep3_peak_1835	3336150
1836	Chr5	stz_air_rep3_peak_1836	3396115
1837	Chr5	stz_air_rep3_peak_1837	3508754
1838	Chr5	stz_air_rep3_peak_1838	3524825
1839	Chr5	stz_air_rep3_peak_1839	3525874
1840	Chr5	stz_air_rep3_peak_1840	3526640
1841	Chr5	stz_air_rep3_peak_1841	3528047
1842	Chr5	stz_air_rep3_peak_1842	3619039
1843	Chr5	stz_air_rep3_peak_1843	3695870
1844	Chr5	stz_air_rep3_peak_1844	3708107
1845	Chr5	stz_air_rep3_peak_1845	3821224
1846	Chr5	stz_air_rep3_peak_1846	3845647
1847	Chr5	stz_air_rep3_peak_1847	3879683
1848	Chr5	stz_air_rep3_peak_1848	3880731
1849	Chr5	stz_air_rep3_peak_1849	3885166
1850	Chr5	stz_air_rep3_peak_1850	3919261
1851	Chr5	stz_air_rep3_peak_1851	3931554
1852	Chr5	stz_air_rep3_peak_1852	4067887
1853	Chr5	stz_air_rep3_peak_1853	4151703
1854	Chr5	stz_air_rep3_peak_1854	4156502
1855	Chr5	stz_air_rep3_peak_1855	4193361
1856	Chr5	stz_air_rep3_peak_1856	4201744
1857	Chr5	stz_air_rep3_peak_1857	4238216
1858	Chr5	stz_air_rep3_peak_1858	4262644
1859	Chr5	stz_air_rep3_peak_1859	4431376
1860	Chr5	stz_air_rep3_peak_1860	4445084
1861	Chr5	stz_air_rep3_peak_1861	4460793
1862	Chr5	stz_air_rep3_peak_1862	4471072
1863	Chr5	stz_air_rep3_peak_1863	4508201
1864	Chr5	stz_air_rep3_peak_1864	4508418
1865	Chr5	stz_air_rep3_peak_1865	4600920
1866	Chr5	stz_air_rep3_peak_1866	4689540
1867	Chr5	stz_air_rep3_peak_1867	4691602
1868	Chr5	stz_air_rep3_peak_1868	4722583
1869	Chr5	stz_air_rep3_peak_1869	4776250
1870	Chr5	stz_air_rep3_peak_1870	4794474
1871	Chr5	stz_air_rep3_peak_1871	4796665
1872	Chr5	stz_air_rep3_peak_1872	4828603
1873	Chr5	stz_air_rep3_peak_1873	4901289
1874	Chr5	stz_air_rep3_peak_1874	4903143
1875	Chr5	stz_air_rep3_peak_1875	4929762
1876	Chr5	stz_air_rep3_peak_1876	5157626
1877	Chr5	stz_air_rep3_peak_1877	5420133
1878	Chr5	stz_air_rep3_peak_1878	5711093
1879	Chr5	stz_air_rep3_peak_1879	5712012
1880	Chr5	stz_air_rep3_peak_1880	5996862
1881	Chr5	stz_air_rep3_peak_1881	6046329
1882	Chr5	stz_air_rep3_peak_1882	6309918
1883	Chr5	stz_air_rep3_peak_1883	6322890
1884	Chr5	stz_air_rep3_peak_1884	6362050
1885	Chr5	stz_air_rep3_peak_1885	6424347
1886	Chr5	stz_air_rep3_peak_1886	6475607
1887	Chr5	stz_air_rep3_peak_1887	6495169
1888	Chr5	stz_air_rep3_peak_1888	6686981
1889	Chr5	stz_air_rep3_peak_1889	6748705
1890	Chr5	stz_air_rep3_peak_1890	6801257
1891	Chr5	stz_air_rep3_peak_1891	6834405
1892	Chr5	stz_air_rep3_peak_1892	6921571
1893	Chr5	stz_air_rep3_peak_1893	7005450
1894	Chr5	stz_air_rep3_peak_1894	7174813
1895	Chr5	stz_air_rep3_peak_1895	7249599
1896	Chr5	stz_air_rep3_peak_1896	7307706
1897	Chr5	stz_air_rep3_peak_1897	7373707
1898	Chr5	stz_air_rep3_peak_1898	7498034
1899	Chr5	stz_air_rep3_peak_1899	7512989
1900	Chr5	stz_air_rep3_peak_1900	7557889
1901	Chr5	stz_air_rep3_peak_1901	7655763
1902	Chr5	stz_air_rep3_peak_1902	7664469
1903	Chr5	stz_air_rep3_peak_1903	7927191
1904	Chr5	stz_air_rep3_peak_1904	8006234
1905	Chr5	stz_air_rep3_peak_1905	8048211
1906	Chr5	stz_air_rep3_peak_1906	8077779
1907	Chr5	stz_air_rep3_peak_1907	8122884
1908	Chr5	stz_air_rep3_peak_1908	8146468
1909	Chr5	stz_air_rep3_peak_1909	8189409
1910	Chr5	stz_air_rep3_peak_1910	8217657
1911	Chr5	stz_air_rep3_peak_1911	8229559
1912	Chr5	stz_air_rep3_peak_1912	8242490
1913	Chr5	stz_air_rep3_peak_1913	8288367
1914	Chr5	stz_air_rep3_peak_1914	8323426
1915	Chr5	stz_air_rep3_peak_1915	8344473
1916	Chr5	stz_air_rep3_peak_1916	8359962
1917	Chr5	stz_air_rep3_peak_1917	8365647
1918	Chr5	stz_air_rep3_peak_1918	8548585
1919	Chr5	stz_air_rep3_peak_1919	8732032
1920	Chr5	stz_air_rep3_peak_1920	8735025
1921	Chr5	stz_air_rep3_peak_1921	8775010
1922	Chr5	stz_air_rep3_peak_1922	8776523
1923	Chr5	stz_air_rep3_peak_1923	8777308
1924	Chr5	stz_air_rep3_peak_1924	8795406
1925	Chr5	stz_air_rep3_peak_1925	8798391
1926	Chr5	stz_air_rep3_peak_1926	8896517
1927	Chr5	stz_air_rep3_peak_1927	8993182
1928	Chr5	stz_air_rep3_peak_1928	9001020
1929	Chr5	stz_air_rep3_peak_1929	9038751
1930	Chr5	stz_air_rep3_peak_1930	9050812
1931	Chr5	stz_air_rep3_peak_1931	9136674
1932	Chr5	stz_air_rep3_peak_1932	9137185
1933	Chr5	stz_air_rep3_peak_1933	9137753
1934	Chr5	stz_air_rep3_peak_1934	9138024
1935	Chr5	stz_air_rep3_peak_1935	9208189
1936	Chr5	stz_air_rep3_peak_1936	9210248
1937	Chr5	stz_air_rep3_peak_1937	9247363
1938	Chr5	stz_air_rep3_peak_1938	9515684
1939	Chr5	stz_air_rep3_peak_1939	9789775
1940	Chr5	stz_air_rep3_peak_1940	9944955
1941	Chr5	stz_air_rep3_peak_1941	10336203
1942	Chr5	stz_air_rep3_peak_1942	10799469
1943	Chr5	stz_air_rep3_peak_1943	11185072
1944	Chr5	stz_air_rep3_peak_1944	11185746
1945	Chr5	stz_air_rep3_peak_1945	11186352
1946	Chr5	stz_air_rep3_peak_1946	11702276
1947	Chr5	stz_air_rep3_peak_1947	11703052
1948	Chr5	stz_air_rep3_peak_1948	11705335
1949	Chr5	stz_air_rep3_peak_1949	11708318
1950	Chr5	stz_air_rep3_peak_1950	11723677
1951	Chr5	stz_air_rep3_peak_1951	11727806
1952	Chr5	stz_air_rep3_peak_1952	11728620
1953	Chr5	stz_air_rep3_peak_1953	11729712
1954	Chr5	stz_air_rep3_peak_1954	11730490
1955	Chr5	stz_air_rep3_peak_1955	11731535
1956	Chr5	stz_air_rep3_peak_1956	11732300
1957	Chr5	stz_air_rep3_peak_1957	11733745
1958	Chr5	stz_air_rep3_peak_1958	11734868
1959	Chr5	stz_air_rep3_peak_1959	11735222
1960	Chr5	stz_air_rep3_peak_1960	11736052
1961	Chr5	stz_air_rep3_peak_1961	12974100
1962	Chr5	stz_air_rep3_peak_1962	13901842
1963	Chr5	stz_air_rep3_peak_1963	13916843
1964	Chr5	stz_air_rep3_peak_1964	14231111
1965	Chr5	stz_air_rep3_peak_1965	14237897
1966	Chr5	stz_air_rep3_peak_1966	14552214
1967	Chr5	stz_air_rep3_peak_1967	14565078
1968	Chr5	stz_air_rep3_peak_1968	14566500
1969	Chr5	stz_air_rep3_peak_1969	14629377
1970	Chr5	stz_air_rep3_peak_1970	14753434
1971	Chr5	stz_air_rep3_peak_1971	14755688
1972	Chr5	stz_air_rep3_peak_1972	14935838
1973	Chr5	stz_air_rep3_peak_1973	14936785
1974	Chr5	stz_air_rep3_peak_1974	15137218
1975	Chr5	stz_air_rep3_peak_1975	15381096
1976	Chr5	stz_air_rep3_peak_1976	15499854
1977	Chr5	stz_air_rep3_peak_1977	15612207
1978	Chr5	stz_air_rep3_peak_1978	15631486
1979	Chr5	stz_air_rep3_peak_1979	15635072
1980	Chr5	stz_air_rep3_peak_1980	15636358
1981	Chr5	stz_air_rep3_peak_1981	15930273
1982	Chr5	stz_air_rep3_peak_1982	15997859
1983	Chr5	stz_air_rep3_peak_1983	16163382
1984	Chr5	stz_air_rep3_peak_1984	16202113
1985	Chr5	stz_air_rep3_peak_1985	16207086
1986	Chr5	stz_air_rep3_peak_1986	16317995
1987	Chr5	stz_air_rep3_peak_1987	16320171
1988	Chr5	stz_air_rep3_peak_1988	16320664
1989	Chr5	stz_air_rep3_peak_1989	16323105
1990	Chr5	stz_air_rep3_peak_1990	16323886
1991	Chr5	stz_air_rep3_peak_1991	16410707
1992	Chr5	stz_air_rep3_peak_1992	16440360
1993	Chr5	stz_air_rep3_peak_1993	16507600
1994	Chr5	stz_air_rep3_peak_1994	16635554
1995	Chr5	stz_air_rep3_peak_1995	16667110
1996	Chr5	stz_air_rep3_peak_1996	16740049
1997	Chr5	stz_air_rep3_peak_1997	16798043
1998	Chr5	stz_air_rep3_peak_1998	16828612
1999	Chr5	stz_air_rep3_peak_1999	17035412
2000	Chr5	stz_air_rep3_peak_2000	17144024
2001	Chr5	stz_air_rep3_peak_2001	17176122
2002	Chr5	stz_air_rep3_peak_2002	17246162
2003	Chr5	stz_air_rep3_peak_2003	17269416
2004	Chr5	stz_air_rep3_peak_2004	17270740
2005	Chr5	stz_air_rep3_peak_2005	17271048
2006	Chr5	stz_air_rep3_peak_2006	17277841
2007	Chr5	stz_air_rep3_peak_2007	17281604
2008	Chr5	stz_air_rep3_peak_2008	17331195
2009	Chr5	stz_air_rep3_peak_2009	17374288
2010	Chr5	stz_air_rep3_peak_2010	17385661
2011	Chr5	stz_air_rep3_peak_2011	17402678
2012	Chr5	stz_air_rep3_peak_2012	17447887
2013	Chr5	stz_air_rep3_peak_2013	17449205
2014	Chr5	stz_air_rep3_peak_2014	17456735
2015	Chr5	stz_air_rep3_peak_2015	17551782
2016	Chr5	stz_air_rep3_peak_2016	17587017
2017	Chr5	stz_air_rep3_peak_2017	17588135
2018	Chr5	stz_air_rep3_peak_2018	17712782
2019	Chr5	stz_air_rep3_peak_2019	17734324
2020	Chr5	stz_air_rep3_peak_2020	17748526
2021	Chr5	stz_air_rep3_peak_2021	17843808
2022	Chr5	stz_air_rep3_peak_2022	17877712
2023	Chr5	stz_air_rep3_peak_2023	17882301
2024	Chr5	stz_air_rep3_peak_2024	18137216
2025	Chr5	stz_air_rep3_peak_2025	18221494
2026	Chr5	stz_air_rep3_peak_2026	18228393
2027	Chr5	stz_air_rep3_peak_2027	18239808
2028	Chr5	stz_air_rep3_peak_2028	18370296
2029	Chr5	stz_air_rep3_peak_2029	18372998
2030	Chr5	stz_air_rep3_peak_2030	18378763
2031	Chr5	stz_air_rep3_peak_2031	18380235
2032	Chr5	stz_air_rep3_peak_2032	18391190
2033	Chr5	stz_air_rep3_peak_2033	18425399
2034	Chr5	stz_air_rep3_peak_2034	18484164
2035	Chr5	stz_air_rep3_peak_2035	18559087
2036	Chr5	stz_air_rep3_peak_2036	18677093
2037	Chr5	stz_air_rep3_peak_2037	18779410
2038	Chr5	stz_air_rep3_peak_2038	18790506
2039	Chr5	stz_air_rep3_peak_2039	18860175
2040	Chr5	stz_air_rep3_peak_2040	18968836
2041	Chr5	stz_air_rep3_peak_2041	19044416
2042	Chr5	stz_air_rep3_peak_2042	19111188
2043	Chr5	stz_air_rep3_peak_2043	19112076
2044	Chr5	stz_air_rep3_peak_2044	19115714
2045	Chr5	stz_air_rep3_peak_2045	19130929
2046	Chr5	stz_air_rep3_peak_2046	19179870
2047	Chr5	stz_air_rep3_peak_2047	19180903
2048	Chr5	stz_air_rep3_peak_2048	19218542
2049	Chr5	stz_air_rep3_peak_2049	19308963
2050	Chr5	stz_air_rep3_peak_2050	19398895
2051	Chr5	stz_air_rep3_peak_2051	19514886
2052	Chr5	stz_air_rep3_peak_2052	19585193
2053	Chr5	stz_air_rep3_peak_2053	19607035
2054	Chr5	stz_air_rep3_peak_2054	19623570
2055	Chr5	stz_air_rep3_peak_2055	19627927
2056	Chr5	stz_air_rep3_peak_2056	19629542
2057	Chr5	stz_air_rep3_peak_2057	19670202
2058	Chr5	stz_air_rep3_peak_2058	19782514
2059	Chr5	stz_air_rep3_peak_2059	19810566
2060	Chr5	stz_air_rep3_peak_2060	19977989
2061	Chr5	stz_air_rep3_peak_2061	20049622
2062	Chr5	stz_air_rep3_peak_2062	20084398
2063	Chr5	stz_air_rep3_peak_2063	20090686
2064	Chr5	stz_air_rep3_peak_2064	20173663
2065	Chr5	stz_air_rep3_peak_2065	20184481
2066	Chr5	stz_air_rep3_peak_2066	20191844
2067	Chr5	stz_air_rep3_peak_2067	20192279
2068	Chr5	stz_air_rep3_peak_2068	20193775
2069	Chr5	stz_air_rep3_peak_2069	20215968
2070	Chr5	stz_air_rep3_peak_2070	20438337
2071	Chr5	stz_air_rep3_peak_2071	20438659
2072	Chr5	stz_air_rep3_peak_2072	20506782
2073	Chr5	stz_air_rep3_peak_2073	20537135
2074	Chr5	stz_air_rep3_peak_2074	20645088
2075	Chr5	stz_air_rep3_peak_2075	20706800
2076	Chr5	stz_air_rep3_peak_2076	20741608
2077	Chr5	stz_air_rep3_peak_2077	20764410
2078	Chr5	stz_air_rep3_peak_2078	20792061
2079	Chr5	stz_air_rep3_peak_2079	20861953
2080	Chr5	stz_air_rep3_peak_2080	20943287
2081	Chr5	stz_air_rep3_peak_2081	21071857
2082	Chr5	stz_air_rep3_peak_2082	21161479
2083	Chr5	stz_air_rep3_peak_2083	21330469
2084	Chr5	stz_air_rep3_peak_2084	21410853
2085	Chr5	stz_air_rep3_peak_2085	21412979
2086	Chr5	stz_air_rep3_peak_2086	21426699
2087	Chr5	stz_air_rep3_peak_2087	21528289
2088	Chr5	stz_air_rep3_peak_2088	21532445
2089	Chr5	stz_air_rep3_peak_2089	21542619
2090	Chr5	stz_air_rep3_peak_2090	21576549
2091	Chr5	stz_air_rep3_peak_2091	21607432
2092	Chr5	stz_air_rep3_peak_2092	21709287
2093	Chr5	stz_air_rep3_peak_2093	21733699
2094	Chr5	stz_air_rep3_peak_2094	21751610
2095	Chr5	stz_air_rep3_peak_2095	21754471
2096	Chr5	stz_air_rep3_peak_2096	21923638
2097	Chr5	stz_air_rep3_peak_2097	21924272
2098	Chr5	stz_air_rep3_peak_2098	21969882
2099	Chr5	stz_air_rep3_peak_2099	21972375
2100	Chr5	stz_air_rep3_peak_2100	21980824
2101	Chr5	stz_air_rep3_peak_2101	22124413
2102	Chr5	stz_air_rep3_peak_2102	22134935
2103	Chr5	stz_air_rep3_peak_2103	22151096
2104	Chr5	stz_air_rep3_peak_2104	22284502
2105	Chr5	stz_air_rep3_peak_2105	22308837
2106	Chr5	stz_air_rep3_peak_2106	22331946
2107	Chr5	stz_air_rep3_peak_2107	22355604
2108	Chr5	stz_air_rep3_peak_2108	22359188
2109	Chr5	stz_air_rep3_peak_2109	22369126
2110	Chr5	stz_air_rep3_peak_2110	22387102
2111	Chr5	stz_air_rep3_peak_2111	22579652
2112	Chr5	stz_air_rep3_peak_2112	22603348
2113	Chr5	stz_air_rep3_peak_2113	22699784
2114	Chr5	stz_air_rep3_peak_2114	22777656
2115	Chr5	stz_air_rep3_peak_2115	22884462
2116	Chr5	stz_air_rep3_peak_2116	23001094
2117	Chr5	stz_air_rep3_peak_2117	23002035
2118	Chr5	stz_air_rep3_peak_2118	23054560
2119	Chr5	stz_air_rep3_peak_2119	23056285
2120	Chr5	stz_air_rep3_peak_2120	23057288
2121	Chr5	stz_air_rep3_peak_2121	23059378
2122	Chr5	stz_air_rep3_peak_2122	23060031
2123	Chr5	stz_air_rep3_peak_2123	23086462
2124	Chr5	stz_air_rep3_peak_2124	23195579
2125	Chr5	stz_air_rep3_peak_2125	23222166
2126	Chr5	stz_air_rep3_peak_2126	23330872
2127	Chr5	stz_air_rep3_peak_2127	23343396
2128	Chr5	stz_air_rep3_peak_2128	23355830
2129	Chr5	stz_air_rep3_peak_2129	23357388
2130	Chr5	stz_air_rep3_peak_2130	23378141
2131	Chr5	stz_air_rep3_peak_2131	23385019
2132	Chr5	stz_air_rep3_peak_2132	23388579
2133	Chr5	stz_air_rep3_peak_2133	23501448
2134	Chr5	stz_air_rep3_peak_2134	23507513
2135	Chr5	stz_air_rep3_peak_2135	23576741
2136	Chr5	stz_air_rep3_peak_2136	23596039
2137	Chr5	stz_air_rep3_peak_2137	23623698
2138	Chr5	stz_air_rep3_peak_2138	23700587
2139	Chr5	stz_air_rep3_peak_2139	23734085
2140	Chr5	stz_air_rep3_peak_2140	23784712
2141	Chr5	stz_air_rep3_peak_2141	23787273
2142	Chr5	stz_air_rep3_peak_2142	23840907
2143	Chr5	stz_air_rep3_peak_2143	23876281
2144	Chr5	stz_air_rep3_peak_2144	23898393
2145	Chr5	stz_air_rep3_peak_2145	23974600
2146	Chr5	stz_air_rep3_peak_2146	24066257
2147	Chr5	stz_air_rep3_peak_2147	24068988
2148	Chr5	stz_air_rep3_peak_2148	24069731
2149	Chr5	stz_air_rep3_peak_2149	24257407
2150	Chr5	stz_air_rep3_peak_2150	24290355
2151	Chr5	stz_air_rep3_peak_2151	24316066
2152	Chr5	stz_air_rep3_peak_2152	24384315
2153	Chr5	stz_air_rep3_peak_2153	24384509
2154	Chr5	stz_air_rep3_peak_2154	24385309
2155	Chr5	stz_air_rep3_peak_2155	24386862
2156	Chr5	stz_air_rep3_peak_2156	24436761
2157	Chr5	stz_air_rep3_peak_2157	24674874
2158	Chr5	stz_air_rep3_peak_2158	24705957
2159	Chr5	stz_air_rep3_peak_2159	24709763
2160	Chr5	stz_air_rep3_peak_2160	24713230
2161	Chr5	stz_air_rep3_peak_2161	24752763
2162	Chr5	stz_air_rep3_peak_2162	24764991
2163	Chr5	stz_air_rep3_peak_2163	24766648
2164	Chr5	stz_air_rep3_peak_2164	24836850
2165	Chr5	stz_air_rep3_peak_2165	24915469
2166	Chr5	stz_air_rep3_peak_2166	24939642
2167	Chr5	stz_air_rep3_peak_2167	24963475
2168	Chr5	stz_air_rep3_peak_2168	25017972
2169	Chr5	stz_air_rep3_peak_2169	25019284
2170	Chr5	stz_air_rep3_peak_2170	25038308
2171	Chr5	stz_air_rep3_peak_2171	25063389
2172	Chr5	stz_air_rep3_peak_2172	25078152
2173	Chr5	stz_air_rep3_peak_2173	25081133
2174	Chr5	stz_air_rep3_peak_2174	25087132
2175	Chr5	stz_air_rep3_peak_2175	25089832
2176	Chr5	stz_air_rep3_peak_2176	25108488
2177	Chr5	stz_air_rep3_peak_2177	25109772
2178	Chr5	stz_air_rep3_peak_2178	25114074
2179	Chr5	stz_air_rep3_peak_2179	25193163
2180	Chr5	stz_air_rep3_peak_2180	25267647
2181	Chr5	stz_air_rep3_peak_2181	25290627
2182	Chr5	stz_air_rep3_peak_2182	25291634
2183	Chr5	stz_air_rep3_peak_2183	25324392
2184	Chr5	stz_air_rep3_peak_2184	25399412
2185	Chr5	stz_air_rep3_peak_2185	25399747
2186	Chr5	stz_air_rep3_peak_2186	25437140
2187	Chr5	stz_air_rep3_peak_2187	25462647
2188	Chr5	stz_air_rep3_peak_2188	25528283
2189	Chr5	stz_air_rep3_peak_2189	25582611
2190	Chr5	stz_air_rep3_peak_2190	25653648
2191	Chr5	stz_air_rep3_peak_2191	25656635
2192	Chr5	stz_air_rep3_peak_2192	25658441
2193	Chr5	stz_air_rep3_peak_2193	25659077
2194	Chr5	stz_air_rep3_peak_2194	25661085
2195	Chr5	stz_air_rep3_peak_2195	25663159
2196	Chr5	stz_air_rep3_peak_2196	25668299
2197	Chr5	stz_air_rep3_peak_2197	25686021
2198	Chr5	stz_air_rep3_peak_2198	25702689
2199	Chr5	stz_air_rep3_peak_2199	25704873
2200	Chr5	stz_air_rep3_peak_2200	25753631
2201	Chr5	stz_air_rep3_peak_2201	25755218
2202	Chr5	stz_air_rep3_peak_2202	25761831
2203	Chr5	stz_air_rep3_peak_2203	25806195
2204	Chr5	stz_air_rep3_peak_2204	25841453
2205	Chr5	stz_air_rep3_peak_2205	25886966
2206	Chr5	stz_air_rep3_peak_2206	25887449
2207	Chr5	stz_air_rep3_peak_2207	25945459
2208	Chr5	stz_air_rep3_peak_2208	26012748
2209	Chr5	stz_air_rep3_peak_2209	26057739
2210	Chr5	stz_air_rep3_peak_2210	26061121
2211	Chr5	stz_air_rep3_peak_2211	26100698
2212	Chr5	stz_air_rep3_peak_2212	26101911
2213	Chr5	stz_air_rep3_peak_2213	26102334
2214	Chr5	stz_air_rep3_peak_2214	26103533
2215	Chr5	stz_air_rep3_peak_2215	26107456
2216	Chr5	stz_air_rep3_peak_2216	26150415
2217	Chr5	stz_air_rep3_peak_2217	26157210
2218	Chr5	stz_air_rep3_peak_2218	26228757
2219	Chr5	stz_air_rep3_peak_2219	26249083
2220	Chr5	stz_air_rep3_peak_2220	26251543
2221	Chr5	stz_air_rep3_peak_2221	26253320
2222	Chr5	stz_air_rep3_peak_2222	26262974
2223	Chr5	stz_air_rep3_peak_2223	26263805
2224	Chr5	stz_air_rep3_peak_2224	26368171
2225	Chr5	stz_air_rep3_peak_2225	26368528
2226	Chr5	stz_air_rep3_peak_2226	26369176
2227	Chr5	stz_air_rep3_peak_2227	26369620
2228	Chr5	stz_air_rep3_peak_2228	26410449
2229	Chr5	stz_air_rep3_peak_2229	26447358
2230	Chr5	stz_air_rep3_peak_2230	26492355
2231	Chr5	stz_air_rep3_peak_2231	26502061
2232	Chr5	stz_air_rep3_peak_2232	26532600
2233	Chr5	stz_air_rep3_peak_2233	26547895
2234	Chr5	stz_air_rep3_peak_2234	26561981
2235	Chr5	stz_air_rep3_peak_2235	26568511
2236	Chr5	stz_air_rep3_peak_2236	26604025
2237	Chr5	stz_air_rep3_peak_2237	26617050
2238	Chr5	stz_air_rep3_peak_2238	26641794
2239	Chr5	stz_air_rep3_peak_2239	26663312
2240	Chr5	stz_air_rep3_peak_2240	26667755
2241	Chr5	stz_air_rep3_peak_2241	26668409
2242	Chr5	stz_air_rep3_peak_2242	26688230
2243	Chr5	stz_air_rep3_peak_2243	26710086
2244	Chr5	stz_air_rep3_peak_2244	26769574
2245	Chr5	stz_air_rep3_peak_2245	26843065
2246	Chr5	stz_air_rep3_peak_2246	26853890
2247	Chr5	stz_air_rep3_peak_2247	26855521
2248	Chr5	stz_air_rep3_peak_2248	26877380
2249	Chr5	stz_air_rep3_peak_2249	26901241
2250	Chr5	stz_air_rep3_peak_2250	26901680
2251	Chr5	stz_air_rep3_peak_2251	26904620
2252	Chr5	stz_air_rep3_peak_2252	26911088
2253	Chr5	stz_air_rep3_peak_2253	26912372
2254	Chr5	stz_air_rep3_peak_2254	26919020
2255	Chr5	stz_air_rep3_peak_2255	26921442
2256	Chr5	stz_air_rep3_peak_2256	26939102
2257	Chr5	stz_air_rep3_peak_2257	26950064
2258	ChrC	stz_air_rep3_peak_2258	1454
2259	ChrC	stz_air_rep3_peak_2259	124731
2260	ChrM	stz_air_rep3_peak_2260	763
2261	ChrM	stz_air_rep3_peak_2261	9738
2262	ChrM	stz_air_rep3_peak_2262	16433
2263	ChrM	stz_air_rep3_peak_2263	18177
2264	ChrM	stz_air_rep3_peak_2264	21679
2265	ChrM	stz_air_rep3_peak_2265	26570
2266	ChrM	stz_air_rep3_peak_2266	40790
2267	ChrM	stz_air_rep3_peak_2267	43221
2268	ChrM	stz_air_rep3_peak_2268	76052
2269	ChrM	stz_air_rep3_peak_2269	77504
2270	ChrM	stz_air_rep3_peak_2270	78599
2271	ChrM	stz_air_rep3_peak_2271	79577
2272	ChrM	stz_air_rep3_peak_2272	80750
2273	ChrM	stz_air_rep3_peak_2273	92442
2274	ChrM	stz_air_rep3_peak_2274	119343
2275	ChrM	stz_air_rep3_peak_2275	155263
2276	ChrM	stz_air_rep3_peak_2276	158321
2277	ChrM	stz_air_rep3_peak_2277	162694
2278	ChrM	stz_air_rep3_peak_2278	197898
2279	ChrM	stz_air_rep3_peak_2279	208154
2280	ChrM	stz_air_rep3_peak_2280	233113
2281	ChrM	stz_air_rep3_peak_2281	247144
2282	ChrM	stz_air_rep3_peak_2282	252850
2283	ChrM	stz_air_rep3_peak_2283	257233
2284	ChrM	stz_air_rep3_peak_2284	284542
2285	ChrM	stz_air_rep3_peak_2285	289523
2286	ChrM	stz_air_rep3_peak_2286	297717
2287	ChrM	stz_air_rep3_peak_2287	305637
2288	ChrM	stz_air_rep3_peak_2288	312598
2289	ChrM	stz_air_rep3_peak_2289	341580
2290	ChrM	stz_air_rep3_peak_2290	346702
2291	ChrM	stz_air_rep3_peak_2291	366508
