1	Chr1	rap2.6l_eth_rep1_peak_1	21028
1	Chr1	rap2.6l_eth_rep4_peak_1	21191
2	Chr1	rap2.6l_eth_rep4_peak_2	78413
3	Chr1	rap2.6l_eth_rep1_peak_2	120711
3	Chr1	rap2.6l_eth_rep4_peak_3	120647
4	Chr1	rap2.6l_eth_rep4_peak_4	178944
5	Chr1	rap2.6l_eth_rep4_peak_5	183598
6	Chr1	rap2.6l_eth_rep1_peak_3	199439
6	Chr1	rap2.6l_eth_rep4_peak_6	199460
7	Chr1	rap2.6l_eth_rep4_peak_7	270947
8	Chr1	rap2.6l_eth_rep4_peak_8	426645
9	Chr1	rap2.6l_eth_rep4_peak_9	437024
10	Chr1	rap2.6l_eth_rep4_peak_10	473451
11	Chr1	rap2.6l_eth_rep1_peak_4	485698
11	Chr1	rap2.6l_eth_rep4_peak_11	485749
12	Chr1	rap2.6l_eth_rep4_peak_12	786416
13	Chr1	rap2.6l_eth_rep4_peak_13	868269
14	Chr1	rap2.6l_eth_rep1_peak_5	979022
15	Chr1	rap2.6l_eth_rep4_peak_14	1028407
16	Chr1	rap2.6l_eth_rep4_peak_15	1096744
17	Chr1	rap2.6l_eth_rep4_peak_16	1426623
18	Chr1	rap2.6l_eth_rep4_peak_17	1879415
19	Chr1	rap2.6l_eth_rep4_peak_18	1882741
20	Chr1	rap2.6l_eth_rep1_peak_6	2103380
21	Chr1	rap2.6l_eth_rep4_peak_19	2188430
22	Chr1	rap2.6l_eth_rep4_peak_20	2197268
23	Chr1	rap2.6l_eth_rep4_peak_21	2224437
24	Chr1	rap2.6l_eth_rep1_peak_7	2348859
24	Chr1	rap2.6l_eth_rep4_peak_22	2348968
25	Chr1	rap2.6l_eth_rep4_peak_23	2368716
26	Chr1	rap2.6l_eth_rep4_peak_24	2949422
27	Chr1	rap2.6l_eth_rep4_peak_25	3240287
28	Chr1	rap2.6l_eth_rep4_peak_26	3248021
29	Chr1	rap2.6l_eth_rep4_peak_27	3252305
30	Chr1	rap2.6l_eth_rep4_peak_28	3272653
31	Chr1	rap2.6l_eth_rep4_peak_29	3553882
32	Chr1	rap2.6l_eth_rep4_peak_30	3681780
33	Chr1	rap2.6l_eth_rep4_peak_31	3909864
34	Chr1	rap2.6l_eth_rep4_peak_32	4102714
35	Chr1	rap2.6l_eth_rep4_peak_33	4243324
36	Chr1	rap2.6l_eth_rep4_peak_34	4265196
37	Chr1	rap2.6l_eth_rep1_peak_8	4268877
38	Chr1	rap2.6l_eth_rep4_peak_35	4524041
39	Chr1	rap2.6l_eth_rep1_peak_9	4527453
40	Chr1	rap2.6l_eth_rep4_peak_36	4585093
41	Chr1	rap2.6l_eth_rep1_peak_10	4647839
41	Chr1	rap2.6l_eth_rep4_peak_37	4647731
42	Chr1	rap2.6l_eth_rep4_peak_38	4893622
43	Chr1	rap2.6l_eth_rep1_peak_11	4964608
43	Chr1	rap2.6l_eth_rep4_peak_39	4964563
44	Chr1	rap2.6l_eth_rep4_peak_40	4998002
45	Chr1	rap2.6l_eth_rep4_peak_41	5070771
46	Chr1	rap2.6l_eth_rep1_peak_12	5126446
46	Chr1	rap2.6l_eth_rep4_peak_42	5126420
47	Chr1	rap2.6l_eth_rep4_peak_43	5128863
48	Chr1	rap2.6l_eth_rep1_peak_13	5130572
48	Chr1	rap2.6l_eth_rep4_peak_44	5130568
49	Chr1	rap2.6l_eth_rep1_peak_14	5145711
50	Chr1	rap2.6l_eth_rep4_peak_45	5151524
51	Chr1	rap2.6l_eth_rep4_peak_46	5177433
52	Chr1	rap2.6l_eth_rep1_peak_15	5202654
52	Chr1	rap2.6l_eth_rep4_peak_47	5202615
53	Chr1	rap2.6l_eth_rep4_peak_48	5303370
54	Chr1	rap2.6l_eth_rep4_peak_49	5391287
55	Chr1	rap2.6l_eth_rep4_peak_50	5532047
56	Chr1	rap2.6l_eth_rep4_peak_51	6267600
57	Chr1	rap2.6l_eth_rep4_peak_52	6311379
58	Chr1	rap2.6l_eth_rep4_peak_53	6389967
59	Chr1	rap2.6l_eth_rep4_peak_54	6508156
60	Chr1	rap2.6l_eth_rep1_peak_16	6677780
60	Chr1	rap2.6l_eth_rep4_peak_55	6677790
61	Chr1	rap2.6l_eth_rep4_peak_56	6754406
62	Chr1	rap2.6l_eth_rep4_peak_57	6799879
63	Chr1	rap2.6l_eth_rep4_peak_58	6832296
64	Chr1	rap2.6l_eth_rep1_peak_17	7153985
65	Chr1	rap2.6l_eth_rep1_peak_18	7324442
66	Chr1	rap2.6l_eth_rep1_peak_19	7339667
67	Chr1	rap2.6l_eth_rep1_peak_20	7396956
68	Chr1	rap2.6l_eth_rep4_peak_59	7697598
69	Chr1	rap2.6l_eth_rep4_peak_60	7836276
70	Chr1	rap2.6l_eth_rep1_peak_21	7872880
71	Chr1	rap2.6l_eth_rep1_peak_22	7896313
72	Chr1	rap2.6l_eth_rep4_peak_61	8164862
73	Chr1	rap2.6l_eth_rep4_peak_62	8385015
74	Chr1	rap2.6l_eth_rep4_peak_63	8440966
75	Chr1	rap2.6l_eth_rep1_peak_23	8911447
76	Chr1	rap2.6l_eth_rep4_peak_64	8938264
77	Chr1	rap2.6l_eth_rep1_peak_24	8982274
78	Chr1	rap2.6l_eth_rep4_peak_65	8991303
79	Chr1	rap2.6l_eth_rep4_peak_66	9649357
80	Chr1	rap2.6l_eth_rep4_peak_67	9649951
81	Chr1	rap2.6l_eth_rep1_peak_25	9748215
81	Chr1	rap2.6l_eth_rep4_peak_68	9748204
82	Chr1	rap2.6l_eth_rep4_peak_69	9886224
83	Chr1	rap2.6l_eth_rep1_peak_26	10166579
84	Chr1	rap2.6l_eth_rep4_peak_70	10174142
85	Chr1	rap2.6l_eth_rep4_peak_71	10185633
86	Chr1	rap2.6l_eth_rep4_peak_72	10420162
87	Chr1	rap2.6l_eth_rep1_peak_27	10478819
88	Chr1	rap2.6l_eth_rep4_peak_73	10491849
89	Chr1	rap2.6l_eth_rep1_peak_28	10677100
89	Chr1	rap2.6l_eth_rep4_peak_74	10677089
90	Chr1	rap2.6l_eth_rep4_peak_75	10840865
91	Chr1	rap2.6l_eth_rep4_peak_76	10886582
92	Chr1	rap2.6l_eth_rep4_peak_77	11226429
93	Chr1	rap2.6l_eth_rep1_peak_29	11423809
93	Chr1	rap2.6l_eth_rep4_peak_78	11423917
94	Chr1	rap2.6l_eth_rep1_peak_30	11874649
94	Chr1	rap2.6l_eth_rep4_peak_79	11874565
95	Chr1	rap2.6l_eth_rep1_peak_31	11930109
95	Chr1	rap2.6l_eth_rep4_peak_80	11930103
96	Chr1	rap2.6l_eth_rep1_peak_32	12051280
96	Chr1	rap2.6l_eth_rep4_peak_81	12051253
97	Chr1	rap2.6l_eth_rep4_peak_82	12542382
98	Chr1	rap2.6l_eth_rep4_peak_83	12867002
99	Chr1	rap2.6l_eth_rep1_peak_33	15083693
99	Chr1	rap2.6l_eth_rep4_peak_84	15083685
100	Chr1	rap2.6l_eth_rep1_peak_34	15084440
100	Chr1	rap2.6l_eth_rep4_peak_85	15084444
101	Chr1	rap2.6l_eth_rep1_peak_35	15084857
102	Chr1	rap2.6l_eth_rep1_peak_36	15085679
102	Chr1	rap2.6l_eth_rep4_peak_86	15085676
103	Chr1	rap2.6l_eth_rep1_peak_37	17295397
104	Chr1	rap2.6l_eth_rep4_peak_87	17451642
105	Chr1	rap2.6l_eth_rep1_peak_38	17623392
106	Chr1	rap2.6l_eth_rep1_peak_39	17817352
107	Chr1	rap2.6l_eth_rep4_peak_88	17825523
108	Chr1	rap2.6l_eth_rep4_peak_89	18507942
109	Chr1	rap2.6l_eth_rep1_peak_40	18680999
110	Chr1	rap2.6l_eth_rep4_peak_90	19314172
111	Chr1	rap2.6l_eth_rep1_peak_41	19390770
111	Chr1	rap2.6l_eth_rep4_peak_91	19390760
112	Chr1	rap2.6l_eth_rep1_peak_42	19915267
112	Chr1	rap2.6l_eth_rep4_peak_92	19915260
113	Chr1	rap2.6l_eth_rep4_peak_93	20036722
114	Chr1	rap2.6l_eth_rep4_peak_94	20060101
115	Chr1	rap2.6l_eth_rep4_peak_95	20234318
115	Chr1	rap2.6l_eth_rep1_peak_43	20234294
116	Chr1	rap2.6l_eth_rep1_peak_44	20431737
116	Chr1	rap2.6l_eth_rep4_peak_96	20431868
117	Chr1	rap2.6l_eth_rep1_peak_45	20604081
117	Chr1	rap2.6l_eth_rep4_peak_97	20604048
118	Chr1	rap2.6l_eth_rep1_peak_46	20707068
118	Chr1	rap2.6l_eth_rep4_peak_98	20707083
119	Chr1	rap2.6l_eth_rep1_peak_47	21007969
119	Chr1	rap2.6l_eth_rep4_peak_99	21007970
120	Chr1	rap2.6l_eth_rep4_peak_100	21014431
121	Chr1	rap2.6l_eth_rep4_peak_101	21313997
122	Chr1	rap2.6l_eth_rep4_peak_102	21700136
123	Chr1	rap2.6l_eth_rep4_peak_103	22343724
124	Chr1	rap2.6l_eth_rep4_peak_104	22645759
125	Chr1	rap2.6l_eth_rep4_peak_105	22649985
126	Chr1	rap2.6l_eth_rep4_peak_106	22658391
127	Chr1	rap2.6l_eth_rep1_peak_48	22664393
127	Chr1	rap2.6l_eth_rep4_peak_107	22664449
128	Chr1	rap2.6l_eth_rep1_peak_49	22668441
128	Chr1	rap2.6l_eth_rep4_peak_108	22668517
129	Chr1	rap2.6l_eth_rep4_peak_109	22761999
130	Chr1	rap2.6l_eth_rep1_peak_50	22834658
130	Chr1	rap2.6l_eth_rep4_peak_110	22834635
131	Chr1	rap2.6l_eth_rep1_peak_51	23022873
132	Chr1	rap2.6l_eth_rep4_peak_111	23125840
133	Chr1	rap2.6l_eth_rep4_peak_112	23512137
134	Chr1	rap2.6l_eth_rep4_peak_113	23946168
135	Chr1	rap2.6l_eth_rep1_peak_52	24361372
136	Chr1	rap2.6l_eth_rep4_peak_114	24538819
137	Chr1	rap2.6l_eth_rep4_peak_115	24798866
138	Chr1	rap2.6l_eth_rep1_peak_53	24930271
139	Chr1	rap2.6l_eth_rep1_peak_54	25008606
139	Chr1	rap2.6l_eth_rep4_peak_116	25008526
140	Chr1	rap2.6l_eth_rep4_peak_117	25216797
141	Chr1	rap2.6l_eth_rep4_peak_118	25238178
142	Chr1	rap2.6l_eth_rep4_peak_119	25274252
143	Chr1	rap2.6l_eth_rep4_peak_120	25417666
144	Chr1	rap2.6l_eth_rep4_peak_121	25425499
145	Chr1	rap2.6l_eth_rep4_peak_122	25508524
146	Chr1	rap2.6l_eth_rep4_peak_123	25542042
147	Chr1	rap2.6l_eth_rep4_peak_124	25611064
148	Chr1	rap2.6l_eth_rep4_peak_125	25732473
149	Chr1	rap2.6l_eth_rep1_peak_55	26057248
149	Chr1	rap2.6l_eth_rep4_peak_126	26057256
150	Chr1	rap2.6l_eth_rep4_peak_127	26221899
151	Chr1	rap2.6l_eth_rep4_peak_128	26279318
152	Chr1	rap2.6l_eth_rep4_peak_129	26323597
153	Chr1	rap2.6l_eth_rep1_peak_56	26482454
153	Chr1	rap2.6l_eth_rep4_peak_130	26482440
154	Chr1	rap2.6l_eth_rep1_peak_57	26483851
155	Chr1	rap2.6l_eth_rep4_peak_131	26587583
156	Chr1	rap2.6l_eth_rep1_peak_58	26592515
156	Chr1	rap2.6l_eth_rep4_peak_132	26592454
157	Chr1	rap2.6l_eth_rep4_peak_133	26653963
158	Chr1	rap2.6l_eth_rep4_peak_134	26654611
159	Chr1	rap2.6l_eth_rep4_peak_135	26655161
160	Chr1	rap2.6l_eth_rep4_peak_136	26655839
161	Chr1	rap2.6l_eth_rep4_peak_137	26752509
162	Chr1	rap2.6l_eth_rep1_peak_59	26909720
162	Chr1	rap2.6l_eth_rep4_peak_138	26909696
163	Chr1	rap2.6l_eth_rep4_peak_139	26971287
164	Chr1	rap2.6l_eth_rep1_peak_60	27090574
165	Chr1	rap2.6l_eth_rep4_peak_140	27171958
166	Chr1	rap2.6l_eth_rep4_peak_141	27363086
167	Chr1	rap2.6l_eth_rep1_peak_61	27408583
168	Chr1	rap2.6l_eth_rep4_peak_142	27691786
169	Chr1	rap2.6l_eth_rep4_peak_143	27713678
170	Chr1	rap2.6l_eth_rep4_peak_144	27785209
171	Chr1	rap2.6l_eth_rep4_peak_145	27785958
172	Chr1	rap2.6l_eth_rep4_peak_146	27789030
173	Chr1	rap2.6l_eth_rep1_peak_62	28232794
174	Chr1	rap2.6l_eth_rep4_peak_147	28285591
175	Chr1	rap2.6l_eth_rep4_peak_148	28301921
176	Chr1	rap2.6l_eth_rep4_peak_149	28338211
177	Chr1	rap2.6l_eth_rep1_peak_63	28367963
178	Chr1	rap2.6l_eth_rep4_peak_150	28383167
179	Chr1	rap2.6l_eth_rep4_peak_151	28460064
180	Chr1	rap2.6l_eth_rep4_peak_152	28460442
181	Chr1	rap2.6l_eth_rep4_peak_153	28546453
182	Chr1	rap2.6l_eth_rep1_peak_64	28587637
183	Chr1	rap2.6l_eth_rep4_peak_154	28590121
184	Chr1	rap2.6l_eth_rep4_peak_155	28860314
185	Chr1	rap2.6l_eth_rep4_peak_156	28876145
186	Chr1	rap2.6l_eth_rep4_peak_157	29345736
187	Chr1	rap2.6l_eth_rep4_peak_158	29347660
188	Chr1	rap2.6l_eth_rep1_peak_65	29360994
189	Chr1	rap2.6l_eth_rep4_peak_159	29361701
190	Chr1	rap2.6l_eth_rep1_peak_66	29363158
190	Chr1	rap2.6l_eth_rep4_peak_160	29363044
191	Chr1	rap2.6l_eth_rep4_peak_161	29365247
192	Chr1	rap2.6l_eth_rep4_peak_162	29388727
193	Chr1	rap2.6l_eth_rep1_peak_67	29645641
194	Chr1	rap2.6l_eth_rep1_peak_68	29660002
194	Chr1	rap2.6l_eth_rep4_peak_163	29660033
195	Chr1	rap2.6l_eth_rep1_peak_69	29730442
195	Chr1	rap2.6l_eth_rep4_peak_164	29730408
196	Chr1	rap2.6l_eth_rep1_peak_70	29736749
197	Chr1	rap2.6l_eth_rep1_peak_71	30000122
198	Chr1	rap2.6l_eth_rep4_peak_165	30156677
199	Chr1	rap2.6l_eth_rep4_peak_166	30290294
200	Chr1	rap2.6l_eth_rep4_peak_167	30389415
201	Chr2	rap2.6l_eth_rep1_peak_72	1375
201	Chr2	rap2.6l_eth_rep4_peak_168	1372
202	Chr2	rap2.6l_eth_rep1_peak_73	2653
202	Chr2	rap2.6l_eth_rep4_peak_169	2644
203	Chr2	rap2.6l_eth_rep1_peak_74	3440
203	Chr2	rap2.6l_eth_rep4_peak_170	3429
204	Chr2	rap2.6l_eth_rep4_peak_171	5766
205	Chr2	rap2.6l_eth_rep1_peak_75	10039
205	Chr2	rap2.6l_eth_rep4_peak_172	10078
206	Chr2	rap2.6l_eth_rep4_peak_173	97809
207	Chr2	rap2.6l_eth_rep4_peak_174	203216
208	Chr2	rap2.6l_eth_rep4_peak_175	261933
209	Chr2	rap2.6l_eth_rep4_peak_176	298044
210	Chr2	rap2.6l_eth_rep4_peak_177	799486
211	Chr2	rap2.6l_eth_rep4_peak_178	3259657
212	Chr2	rap2.6l_eth_rep4_peak_179	3260394
213	Chr2	rap2.6l_eth_rep4_peak_180	3263456
214	Chr2	rap2.6l_eth_rep4_peak_181	3264197
215	Chr2	rap2.6l_eth_rep4_peak_182	3264797
216	Chr2	rap2.6l_eth_rep4_peak_183	3265390
217	Chr2	rap2.6l_eth_rep4_peak_184	3266067
218	Chr2	rap2.6l_eth_rep4_peak_185	3267957
219	Chr2	rap2.6l_eth_rep4_peak_186	3269358
220	Chr2	rap2.6l_eth_rep4_peak_187	3272155
221	Chr2	rap2.6l_eth_rep4_peak_188	3272713
222	Chr2	rap2.6l_eth_rep4_peak_189	3275861
223	Chr2	rap2.6l_eth_rep4_peak_190	3278817
224	Chr2	rap2.6l_eth_rep4_peak_191	3279563
225	Chr2	rap2.6l_eth_rep4_peak_192	3280584
226	Chr2	rap2.6l_eth_rep4_peak_193	3281736
227	Chr2	rap2.6l_eth_rep4_peak_194	3283597
228	Chr2	rap2.6l_eth_rep4_peak_195	3291997
229	Chr2	rap2.6l_eth_rep4_peak_196	3293404
230	Chr2	rap2.6l_eth_rep4_peak_197	3294597
231	Chr2	rap2.6l_eth_rep4_peak_198	3295504
232	Chr2	rap2.6l_eth_rep4_peak_199	3296169
233	Chr2	rap2.6l_eth_rep4_peak_200	3297119
234	Chr2	rap2.6l_eth_rep4_peak_201	3299424
235	Chr2	rap2.6l_eth_rep4_peak_202	3303865
236	Chr2	rap2.6l_eth_rep4_peak_203	3306652
237	Chr2	rap2.6l_eth_rep4_peak_204	3312682
238	Chr2	rap2.6l_eth_rep4_peak_205	3313419
239	Chr2	rap2.6l_eth_rep4_peak_206	3320029
240	Chr2	rap2.6l_eth_rep4_peak_207	3322002
241	Chr2	rap2.6l_eth_rep4_peak_208	3324615
242	Chr2	rap2.6l_eth_rep4_peak_209	3325138
243	Chr2	rap2.6l_eth_rep4_peak_210	3327304
244	Chr2	rap2.6l_eth_rep4_peak_211	3329619
245	Chr2	rap2.6l_eth_rep4_peak_212	3330998
246	Chr2	rap2.6l_eth_rep4_peak_213	3331374
247	Chr2	rap2.6l_eth_rep4_peak_214	3332337
248	Chr2	rap2.6l_eth_rep4_peak_215	3333253
249	Chr2	rap2.6l_eth_rep4_peak_216	3333631
250	Chr2	rap2.6l_eth_rep4_peak_217	3334332
251	Chr2	rap2.6l_eth_rep4_peak_218	3335201
252	Chr2	rap2.6l_eth_rep4_peak_219	3337177
253	Chr2	rap2.6l_eth_rep4_peak_220	3338097
254	Chr2	rap2.6l_eth_rep4_peak_221	3342244
255	Chr2	rap2.6l_eth_rep4_peak_222	3342794
256	Chr2	rap2.6l_eth_rep4_peak_223	3344648
257	Chr2	rap2.6l_eth_rep4_peak_224	3345712
258	Chr2	rap2.6l_eth_rep4_peak_225	3346700
259	Chr2	rap2.6l_eth_rep4_peak_226	3349079
260	Chr2	rap2.6l_eth_rep4_peak_227	3354602
261	Chr2	rap2.6l_eth_rep4_peak_228	3356847
262	Chr2	rap2.6l_eth_rep4_peak_229	3357597
263	Chr2	rap2.6l_eth_rep4_peak_230	3358656
264	Chr2	rap2.6l_eth_rep4_peak_231	3359110
265	Chr2	rap2.6l_eth_rep4_peak_232	3360403
266	Chr2	rap2.6l_eth_rep4_peak_233	3360991
267	Chr2	rap2.6l_eth_rep4_peak_234	3363017
268	Chr2	rap2.6l_eth_rep4_peak_235	3364780
269	Chr2	rap2.6l_eth_rep4_peak_236	3365538
270	Chr2	rap2.6l_eth_rep4_peak_237	3366572
271	Chr2	rap2.6l_eth_rep4_peak_238	3367383
272	Chr2	rap2.6l_eth_rep4_peak_239	3375209
273	Chr2	rap2.6l_eth_rep4_peak_240	3377014
274	Chr2	rap2.6l_eth_rep4_peak_241	3378301
275	Chr2	rap2.6l_eth_rep4_peak_242	3378658
276	Chr2	rap2.6l_eth_rep4_peak_243	3381922
277	Chr2	rap2.6l_eth_rep4_peak_244	3389486
278	Chr2	rap2.6l_eth_rep4_peak_245	3393421
279	Chr2	rap2.6l_eth_rep4_peak_246	3394016
280	Chr2	rap2.6l_eth_rep4_peak_247	3395154
281	Chr2	rap2.6l_eth_rep4_peak_248	3396369
282	Chr2	rap2.6l_eth_rep4_peak_249	3397086
283	Chr2	rap2.6l_eth_rep4_peak_250	3398857
284	Chr2	rap2.6l_eth_rep4_peak_251	3399439
285	Chr2	rap2.6l_eth_rep4_peak_252	3400223
286	Chr2	rap2.6l_eth_rep4_peak_253	3404943
287	Chr2	rap2.6l_eth_rep4_peak_254	3405546
288	Chr2	rap2.6l_eth_rep4_peak_255	3406459
289	Chr2	rap2.6l_eth_rep4_peak_256	3407740
290	Chr2	rap2.6l_eth_rep4_peak_257	3408882
291	Chr2	rap2.6l_eth_rep4_peak_258	3411105
292	Chr2	rap2.6l_eth_rep4_peak_259	3412803
293	Chr2	rap2.6l_eth_rep4_peak_260	3418758
294	Chr2	rap2.6l_eth_rep4_peak_261	3429060
295	Chr2	rap2.6l_eth_rep4_peak_262	3431563
296	Chr2	rap2.6l_eth_rep4_peak_263	3434004
297	Chr2	rap2.6l_eth_rep4_peak_264	3434367
298	Chr2	rap2.6l_eth_rep1_peak_76	3438344
298	Chr2	rap2.6l_eth_rep4_peak_265	3438679
299	Chr2	rap2.6l_eth_rep4_peak_266	3440390
300	Chr2	rap2.6l_eth_rep4_peak_267	3442770
301	Chr2	rap2.6l_eth_rep4_peak_268	3447454
302	Chr2	rap2.6l_eth_rep4_peak_269	3459262
303	Chr2	rap2.6l_eth_rep4_peak_270	3460351
304	Chr2	rap2.6l_eth_rep4_peak_271	3461082
305	Chr2	rap2.6l_eth_rep4_peak_272	3463843
306	Chr2	rap2.6l_eth_rep4_peak_273	3464492
307	Chr2	rap2.6l_eth_rep4_peak_274	3467005
308	Chr2	rap2.6l_eth_rep4_peak_275	3468447
309	Chr2	rap2.6l_eth_rep4_peak_276	3469366
310	Chr2	rap2.6l_eth_rep4_peak_277	3471593
311	Chr2	rap2.6l_eth_rep4_peak_278	3474893
312	Chr2	rap2.6l_eth_rep4_peak_279	3475892
313	Chr2	rap2.6l_eth_rep4_peak_280	3476296
314	Chr2	rap2.6l_eth_rep4_peak_281	3478239
315	Chr2	rap2.6l_eth_rep4_peak_282	3482453
316	Chr2	rap2.6l_eth_rep4_peak_283	3483966
317	Chr2	rap2.6l_eth_rep4_peak_284	3484697
318	Chr2	rap2.6l_eth_rep4_peak_285	3485146
319	Chr2	rap2.6l_eth_rep4_peak_286	3486084
320	Chr2	rap2.6l_eth_rep4_peak_287	3487577
321	Chr2	rap2.6l_eth_rep4_peak_288	3488562
322	Chr2	rap2.6l_eth_rep4_peak_289	3489131
323	Chr2	rap2.6l_eth_rep4_peak_290	3490319
324	Chr2	rap2.6l_eth_rep4_peak_291	3491032
325	Chr2	rap2.6l_eth_rep4_peak_292	3492506
326	Chr2	rap2.6l_eth_rep4_peak_293	3493394
327	Chr2	rap2.6l_eth_rep4_peak_294	3495373
328	Chr2	rap2.6l_eth_rep4_peak_295	3496136
329	Chr2	rap2.6l_eth_rep4_peak_296	3497608
330	Chr2	rap2.6l_eth_rep4_peak_297	3499507
331	Chr2	rap2.6l_eth_rep4_peak_298	3500854
332	Chr2	rap2.6l_eth_rep4_peak_299	3501450
333	Chr2	rap2.6l_eth_rep4_peak_300	3501867
334	Chr2	rap2.6l_eth_rep4_peak_301	3509703
335	Chr2	rap2.6l_eth_rep4_peak_302	3607156
336	Chr2	rap2.6l_eth_rep4_peak_303	3615047
337	Chr2	rap2.6l_eth_rep1_peak_77	3616074
337	Chr2	rap2.6l_eth_rep4_peak_304	3616048
338	Chr2	rap2.6l_eth_rep4_peak_305	3618131
339	Chr2	rap2.6l_eth_rep1_peak_78	3619028
339	Chr2	rap2.6l_eth_rep4_peak_306	3619023
340	Chr2	rap2.6l_eth_rep1_peak_79	3619516
340	Chr2	rap2.6l_eth_rep4_peak_307	3619520
341	Chr2	rap2.6l_eth_rep1_peak_80	3620016
341	Chr2	rap2.6l_eth_rep4_peak_308	3620039
342	Chr2	rap2.6l_eth_rep4_peak_309	3620945
343	Chr2	rap2.6l_eth_rep1_peak_81	3621209
343	Chr2	rap2.6l_eth_rep4_peak_310	3621207
344	Chr2	rap2.6l_eth_rep4_peak_311	3621694
345	Chr2	rap2.6l_eth_rep1_peak_82	3622608
345	Chr2	rap2.6l_eth_rep4_peak_312	3622623
346	Chr2	rap2.6l_eth_rep1_peak_83	3623488
346	Chr2	rap2.6l_eth_rep4_peak_313	3623508
347	Chr2	rap2.6l_eth_rep1_peak_84	3624625
347	Chr2	rap2.6l_eth_rep4_peak_314	3624628
348	Chr2	rap2.6l_eth_rep4_peak_315	3625304
349	Chr2	rap2.6l_eth_rep4_peak_316	3625722
350	Chr2	rap2.6l_eth_rep1_peak_85	3626220
350	Chr2	rap2.6l_eth_rep4_peak_317	3626221
351	Chr2	rap2.6l_eth_rep4_peak_318	3626983
352	Chr2	rap2.6l_eth_rep1_peak_86	3627309
352	Chr2	rap2.6l_eth_rep4_peak_319	3627317
353	Chr2	rap2.6l_eth_rep1_peak_87	5691850
354	Chr2	rap2.6l_eth_rep4_peak_320	6018458
355	Chr2	rap2.6l_eth_rep4_peak_321	7043498
356	Chr2	rap2.6l_eth_rep1_peak_88	7190981
356	Chr2	rap2.6l_eth_rep4_peak_322	7190976
357	Chr2	rap2.6l_eth_rep1_peak_89	7692388
357	Chr2	rap2.6l_eth_rep4_peak_323	7692269
358	Chr2	rap2.6l_eth_rep4_peak_324	7713160
359	Chr2	rap2.6l_eth_rep1_peak_90	7864155
360	Chr2	rap2.6l_eth_rep4_peak_325	8269519
361	Chr2	rap2.6l_eth_rep1_peak_91	8534739
361	Chr2	rap2.6l_eth_rep4_peak_326	8534745
362	Chr2	rap2.6l_eth_rep4_peak_327	8658828
363	Chr2	rap2.6l_eth_rep4_peak_328	8710403
364	Chr2	rap2.6l_eth_rep4_peak_329	8764097
365	Chr2	rap2.6l_eth_rep4_peak_330	8933344
366	Chr2	rap2.6l_eth_rep4_peak_331	8967475
367	Chr2	rap2.6l_eth_rep1_peak_92	8998536
368	Chr2	rap2.6l_eth_rep4_peak_332	9002946
369	Chr2	rap2.6l_eth_rep1_peak_93	9064454
369	Chr2	rap2.6l_eth_rep4_peak_333	9064467
370	Chr2	rap2.6l_eth_rep4_peak_334	9248402
371	Chr2	rap2.6l_eth_rep1_peak_94	9517085
372	Chr2	rap2.6l_eth_rep1_peak_95	9517486
372	Chr2	rap2.6l_eth_rep4_peak_335	9517506
373	Chr2	rap2.6l_eth_rep1_peak_96	9741658
373	Chr2	rap2.6l_eth_rep4_peak_336	9741681
374	Chr2	rap2.6l_eth_rep4_peak_337	9920256
375	Chr2	rap2.6l_eth_rep4_peak_338	9978135
376	Chr2	rap2.6l_eth_rep4_peak_339	10122314
377	Chr2	rap2.6l_eth_rep1_peak_97	10243800
377	Chr2	rap2.6l_eth_rep4_peak_340	10243775
378	Chr2	rap2.6l_eth_rep1_peak_98	10257962
378	Chr2	rap2.6l_eth_rep4_peak_341	10257939
379	Chr2	rap2.6l_eth_rep1_peak_99	10281687
379	Chr2	rap2.6l_eth_rep4_peak_342	10281728
380	Chr2	rap2.6l_eth_rep1_peak_100	10366966
380	Chr2	rap2.6l_eth_rep4_peak_343	10367053
381	Chr2	rap2.6l_eth_rep1_peak_101	10438222
382	Chr2	rap2.6l_eth_rep4_peak_344	10561648
383	Chr2	rap2.6l_eth_rep1_peak_102	10629128
383	Chr2	rap2.6l_eth_rep4_peak_345	10629125
384	Chr2	rap2.6l_eth_rep1_peak_103	10847214
384	Chr2	rap2.6l_eth_rep4_peak_346	10847254
385	Chr2	rap2.6l_eth_rep4_peak_347	10848259
386	Chr2	rap2.6l_eth_rep4_peak_348	11380414
387	Chr2	rap2.6l_eth_rep1_peak_104	11567098
387	Chr2	rap2.6l_eth_rep4_peak_349	11567087
388	Chr2	rap2.6l_eth_rep1_peak_105	11644296
388	Chr2	rap2.6l_eth_rep4_peak_350	11644279
389	Chr2	rap2.6l_eth_rep4_peak_351	12019875
390	Chr2	rap2.6l_eth_rep4_peak_352	12118012
391	Chr2	rap2.6l_eth_rep4_peak_353	12123651
392	Chr2	rap2.6l_eth_rep4_peak_354	12152511
393	Chr2	rap2.6l_eth_rep4_peak_355	12632508
394	Chr2	rap2.6l_eth_rep4_peak_356	12872074
395	Chr2	rap2.6l_eth_rep4_peak_357	12938710
396	Chr2	rap2.6l_eth_rep4_peak_358	13247265
397	Chr2	rap2.6l_eth_rep4_peak_359	13490346
398	Chr2	rap2.6l_eth_rep4_peak_360	13613149
399	Chr2	rap2.6l_eth_rep1_peak_106	13631972
399	Chr2	rap2.6l_eth_rep4_peak_361	13631905
400	Chr2	rap2.6l_eth_rep4_peak_362	13676122
401	Chr2	rap2.6l_eth_rep4_peak_363	14021649
402	Chr2	rap2.6l_eth_rep1_peak_107	14209401
402	Chr2	rap2.6l_eth_rep4_peak_364	14209464
403	Chr2	rap2.6l_eth_rep1_peak_108	14253079
403	Chr2	rap2.6l_eth_rep4_peak_365	14253086
404	Chr2	rap2.6l_eth_rep4_peak_366	14590835
405	Chr2	rap2.6l_eth_rep4_peak_367	14654005
406	Chr2	rap2.6l_eth_rep4_peak_368	15066149
407	Chr2	rap2.6l_eth_rep4_peak_369	15072697
408	Chr2	rap2.6l_eth_rep1_peak_109	15081107
408	Chr2	rap2.6l_eth_rep4_peak_370	15081107
409	Chr2	rap2.6l_eth_rep4_peak_371	15100119
410	Chr2	rap2.6l_eth_rep4_peak_372	15276356
411	Chr2	rap2.6l_eth_rep1_peak_110	15521774
412	Chr2	rap2.6l_eth_rep1_peak_111	15601422
412	Chr2	rap2.6l_eth_rep4_peak_373	15601438
413	Chr2	rap2.6l_eth_rep4_peak_374	15706048
414	Chr2	rap2.6l_eth_rep4_peak_375	15737764
415	Chr2	rap2.6l_eth_rep1_peak_112	15790655
415	Chr2	rap2.6l_eth_rep4_peak_376	15790575
416	Chr2	rap2.6l_eth_rep1_peak_113	15846875
416	Chr2	rap2.6l_eth_rep4_peak_377	15846947
417	Chr2	rap2.6l_eth_rep4_peak_378	16024831
418	Chr2	rap2.6l_eth_rep4_peak_379	16090301
419	Chr2	rap2.6l_eth_rep4_peak_380	16108144
420	Chr2	rap2.6l_eth_rep4_peak_381	16223757
421	Chr2	rap2.6l_eth_rep1_peak_114	16257810
421	Chr2	rap2.6l_eth_rep4_peak_382	16257854
422	Chr2	rap2.6l_eth_rep4_peak_383	16265337
423	Chr2	rap2.6l_eth_rep4_peak_384	16688463
424	Chr2	rap2.6l_eth_rep4_peak_385	16689094
425	Chr2	rap2.6l_eth_rep1_peak_115	16689675
426	Chr2	rap2.6l_eth_rep1_peak_116	16700803
427	Chr2	rap2.6l_eth_rep1_peak_117	16701117
428	Chr2	rap2.6l_eth_rep4_peak_386	16706140
429	Chr2	rap2.6l_eth_rep1_peak_118	16749831
429	Chr2	rap2.6l_eth_rep4_peak_387	16749758
430	Chr2	rap2.6l_eth_rep4_peak_388	16770425
431	Chr2	rap2.6l_eth_rep4_peak_389	16804886
432	Chr2	rap2.6l_eth_rep1_peak_119	16850649
432	Chr2	rap2.6l_eth_rep4_peak_390	16850719
433	Chr2	rap2.6l_eth_rep4_peak_391	17115041
434	Chr2	rap2.6l_eth_rep4_peak_392	17137262
435	Chr2	rap2.6l_eth_rep1_peak_120	17263630
436	Chr2	rap2.6l_eth_rep4_peak_393	17269234
437	Chr2	rap2.6l_eth_rep4_peak_394	17473081
438	Chr2	rap2.6l_eth_rep1_peak_121	17474456
439	Chr2	rap2.6l_eth_rep1_peak_122	17614548
439	Chr2	rap2.6l_eth_rep4_peak_395	17614561
440	Chr2	rap2.6l_eth_rep4_peak_396	17868118
441	Chr2	rap2.6l_eth_rep1_peak_123	17906826
441	Chr2	rap2.6l_eth_rep4_peak_397	17906863
442	Chr2	rap2.6l_eth_rep4_peak_398	17927203
443	Chr2	rap2.6l_eth_rep4_peak_399	17995561
444	Chr2	rap2.6l_eth_rep1_peak_124	18007485
444	Chr2	rap2.6l_eth_rep4_peak_400	18007643
445	Chr2	rap2.6l_eth_rep1_peak_125	18060478
445	Chr2	rap2.6l_eth_rep4_peak_401	18060480
446	Chr2	rap2.6l_eth_rep4_peak_402	18235812
447	Chr2	rap2.6l_eth_rep4_peak_403	18236834
448	Chr2	rap2.6l_eth_rep4_peak_404	18237759
449	Chr2	rap2.6l_eth_rep1_peak_126	18238099
450	Chr2	rap2.6l_eth_rep4_peak_405	18309030
451	Chr2	rap2.6l_eth_rep4_peak_406	18345230
452	Chr2	rap2.6l_eth_rep4_peak_407	18346930
453	Chr2	rap2.6l_eth_rep4_peak_408	18438649
454	Chr2	rap2.6l_eth_rep1_peak_127	18483181
454	Chr2	rap2.6l_eth_rep4_peak_409	18483176
455	Chr2	rap2.6l_eth_rep4_peak_410	18725843
456	Chr2	rap2.6l_eth_rep4_peak_411	18822224
457	Chr2	rap2.6l_eth_rep4_peak_412	18823014
458	Chr2	rap2.6l_eth_rep4_peak_413	18912438
459	Chr2	rap2.6l_eth_rep4_peak_414	18950035
460	Chr2	rap2.6l_eth_rep1_peak_128	18958978
461	Chr2	rap2.6l_eth_rep1_peak_129	18998780
461	Chr2	rap2.6l_eth_rep4_peak_415	18998786
462	Chr2	rap2.6l_eth_rep1_peak_130	19008082
462	Chr2	rap2.6l_eth_rep4_peak_416	19008095
463	Chr2	rap2.6l_eth_rep4_peak_417	19020006
464	Chr2	rap2.6l_eth_rep4_peak_418	19031775
465	Chr2	rap2.6l_eth_rep4_peak_419	19033767
466	Chr2	rap2.6l_eth_rep4_peak_420	19140885
467	Chr2	rap2.6l_eth_rep4_peak_421	19153801
468	Chr2	rap2.6l_eth_rep1_peak_131	19166934
468	Chr2	rap2.6l_eth_rep4_peak_422	19166981
469	Chr2	rap2.6l_eth_rep4_peak_423	19242276
470	Chr2	rap2.6l_eth_rep4_peak_424	19408626
471	Chr2	rap2.6l_eth_rep4_peak_425	19491348
472	Chr2	rap2.6l_eth_rep1_peak_132	19502340
473	Chr2	rap2.6l_eth_rep4_peak_426	19543010
474	Chr2	rap2.6l_eth_rep4_peak_427	19622844
475	Chr2	rap2.6l_eth_rep4_peak_428	19669011
476	Chr3	rap2.6l_eth_rep4_peak_429	105250
477	Chr3	rap2.6l_eth_rep4_peak_430	295745
478	Chr3	rap2.6l_eth_rep4_peak_431	302609
479	Chr3	rap2.6l_eth_rep4_peak_432	376647
479	Chr3	rap2.6l_eth_rep1_peak_133	376703
480	Chr3	rap2.6l_eth_rep4_peak_433	505445
481	Chr3	rap2.6l_eth_rep1_peak_134	508517
481	Chr3	rap2.6l_eth_rep4_peak_434	508862
482	Chr3	rap2.6l_eth_rep4_peak_435	536356
483	Chr3	rap2.6l_eth_rep1_peak_135	538498
483	Chr3	rap2.6l_eth_rep4_peak_436	538554
484	Chr3	rap2.6l_eth_rep4_peak_437	546281
485	Chr3	rap2.6l_eth_rep4_peak_438	605793
486	Chr3	rap2.6l_eth_rep4_peak_439	634348
487	Chr3	rap2.6l_eth_rep4_peak_440	637378
488	Chr3	rap2.6l_eth_rep4_peak_441	731884
489	Chr3	rap2.6l_eth_rep4_peak_442	999107
490	Chr3	rap2.6l_eth_rep1_peak_136	1175263
490	Chr3	rap2.6l_eth_rep4_peak_443	1175197
491	Chr3	rap2.6l_eth_rep1_peak_137	1290784
491	Chr3	rap2.6l_eth_rep4_peak_444	1290800
492	Chr3	rap2.6l_eth_rep4_peak_445	1347614
493	Chr3	rap2.6l_eth_rep1_peak_138	1478483
493	Chr3	rap2.6l_eth_rep4_peak_446	1478512
494	Chr3	rap2.6l_eth_rep4_peak_447	1657313
495	Chr3	rap2.6l_eth_rep4_peak_448	1684631
496	Chr3	rap2.6l_eth_rep1_peak_139	1735939
496	Chr3	rap2.6l_eth_rep4_peak_449	1735941
497	Chr3	rap2.6l_eth_rep4_peak_450	2011532
498	Chr3	rap2.6l_eth_rep4_peak_451	2441278
499	Chr3	rap2.6l_eth_rep4_peak_452	2595499
500	Chr3	rap2.6l_eth_rep1_peak_140	2647094
500	Chr3	rap2.6l_eth_rep4_peak_453	2647113
501	Chr3	rap2.6l_eth_rep1_peak_141	2654273
501	Chr3	rap2.6l_eth_rep4_peak_454	2654226
502	Chr3	rap2.6l_eth_rep4_peak_455	2660899
503	Chr3	rap2.6l_eth_rep4_peak_456	2661889
504	Chr3	rap2.6l_eth_rep1_peak_142	2696495
505	Chr3	rap2.6l_eth_rep1_peak_143	2831331
505	Chr3	rap2.6l_eth_rep4_peak_457	2831396
506	Chr3	rap2.6l_eth_rep4_peak_458	2849504
507	Chr3	rap2.6l_eth_rep4_peak_459	3331069
508	Chr3	rap2.6l_eth_rep1_peak_144	3337330
509	Chr3	rap2.6l_eth_rep4_peak_460	3417940
510	Chr3	rap2.6l_eth_rep4_peak_461	3443038
511	Chr3	rap2.6l_eth_rep1_peak_145	3443957
512	Chr3	rap2.6l_eth_rep4_peak_462	3586051
513	Chr3	rap2.6l_eth_rep1_peak_146	3650035
513	Chr3	rap2.6l_eth_rep4_peak_463	3649983
514	Chr3	rap2.6l_eth_rep4_peak_464	3664026
515	Chr3	rap2.6l_eth_rep1_peak_147	3730959
516	Chr3	rap2.6l_eth_rep1_peak_148	3738337
516	Chr3	rap2.6l_eth_rep4_peak_465	3738353
517	Chr3	rap2.6l_eth_rep4_peak_466	3758423
518	Chr3	rap2.6l_eth_rep1_peak_149	3860048
518	Chr3	rap2.6l_eth_rep4_peak_467	3860048
519	Chr3	rap2.6l_eth_rep4_peak_468	3862114
520	Chr3	rap2.6l_eth_rep4_peak_469	3957663
521	Chr3	rap2.6l_eth_rep1_peak_150	4033889
522	Chr3	rap2.6l_eth_rep4_peak_470	4095254
523	Chr3	rap2.6l_eth_rep4_peak_471	4195539
524	Chr3	rap2.6l_eth_rep4_peak_472	4407838
525	Chr3	rap2.6l_eth_rep1_peak_151	4641813
525	Chr3	rap2.6l_eth_rep4_peak_473	4641882
526	Chr3	rap2.6l_eth_rep4_peak_474	4655769
527	Chr3	rap2.6l_eth_rep4_peak_475	4667076
528	Chr3	rap2.6l_eth_rep4_peak_476	4671789
529	Chr3	rap2.6l_eth_rep1_peak_152	4736121
529	Chr3	rap2.6l_eth_rep4_peak_477	4736227
530	Chr3	rap2.6l_eth_rep4_peak_478	4831302
531	Chr3	rap2.6l_eth_rep4_peak_479	4932972
532	Chr3	rap2.6l_eth_rep4_peak_480	4985833
533	Chr3	rap2.6l_eth_rep4_peak_481	5003636
534	Chr3	rap2.6l_eth_rep4_peak_482	5005886
535	Chr3	rap2.6l_eth_rep4_peak_483	5047216
536	Chr3	rap2.6l_eth_rep4_peak_484	5069223
537	Chr3	rap2.6l_eth_rep4_peak_485	5120045
538	Chr3	rap2.6l_eth_rep4_peak_486	5121401
539	Chr3	rap2.6l_eth_rep1_peak_153	5122721
539	Chr3	rap2.6l_eth_rep4_peak_487	5122781
540	Chr3	rap2.6l_eth_rep4_peak_488	5123247
541	Chr3	rap2.6l_eth_rep4_peak_489	5124768
542	Chr3	rap2.6l_eth_rep4_peak_490	5149384
543	Chr3	rap2.6l_eth_rep4_peak_491	5183024
544	Chr3	rap2.6l_eth_rep1_peak_154	5297966
545	Chr3	rap2.6l_eth_rep4_peak_492	5329909
546	Chr3	rap2.6l_eth_rep4_peak_493	5358756
547	Chr3	rap2.6l_eth_rep4_peak_494	5358952
548	Chr3	rap2.6l_eth_rep4_peak_495	5561266
549	Chr3	rap2.6l_eth_rep4_peak_496	5617353
550	Chr3	rap2.6l_eth_rep4_peak_497	5693872
551	Chr3	rap2.6l_eth_rep4_peak_498	5731002
552	Chr3	rap2.6l_eth_rep1_peak_155	5764883
552	Chr3	rap2.6l_eth_rep4_peak_499	5764851
553	Chr3	rap2.6l_eth_rep4_peak_500	5797094
554	Chr3	rap2.6l_eth_rep1_peak_156	5827337
555	Chr3	rap2.6l_eth_rep4_peak_501	6220390
556	Chr3	rap2.6l_eth_rep1_peak_157	6430509
557	Chr3	rap2.6l_eth_rep4_peak_502	6493480
558	Chr3	rap2.6l_eth_rep1_peak_158	6525259
559	Chr3	rap2.6l_eth_rep4_peak_503	6617914
560	Chr3	rap2.6l_eth_rep4_peak_504	6759459
561	Chr3	rap2.6l_eth_rep4_peak_505	6780469
562	Chr3	rap2.6l_eth_rep4_peak_506	6801877
563	Chr3	rap2.6l_eth_rep4_peak_507	7013917
564	Chr3	rap2.6l_eth_rep1_peak_159	7082570
564	Chr3	rap2.6l_eth_rep4_peak_508	7082675
565	Chr3	rap2.6l_eth_rep4_peak_509	7104418
566	Chr3	rap2.6l_eth_rep4_peak_510	7116071
567	Chr3	rap2.6l_eth_rep4_peak_511	7576900
568	Chr3	rap2.6l_eth_rep1_peak_160	7644164
568	Chr3	rap2.6l_eth_rep4_peak_512	7644220
569	Chr3	rap2.6l_eth_rep4_peak_513	7675894
570	Chr3	rap2.6l_eth_rep4_peak_514	8181940
571	Chr3	rap2.6l_eth_rep4_peak_515	8254692
572	Chr3	rap2.6l_eth_rep4_peak_516	8595341
573	Chr3	rap2.6l_eth_rep4_peak_517	8685475
574	Chr3	rap2.6l_eth_rep4_peak_518	8686269
575	Chr3	rap2.6l_eth_rep4_peak_519	8709868
576	Chr3	rap2.6l_eth_rep4_peak_520	8734690
577	Chr3	rap2.6l_eth_rep4_peak_521	8994035
578	Chr3	rap2.6l_eth_rep4_peak_522	9307788
579	Chr3	rap2.6l_eth_rep4_peak_523	9359577
580	Chr3	rap2.6l_eth_rep4_peak_524	9383020
581	Chr3	rap2.6l_eth_rep4_peak_525	9464489
582	Chr3	rap2.6l_eth_rep4_peak_526	9676549
583	Chr3	rap2.6l_eth_rep1_peak_161	9710094
584	Chr3	rap2.6l_eth_rep4_peak_527	9768812
585	Chr3	rap2.6l_eth_rep4_peak_528	9801189
586	Chr3	rap2.6l_eth_rep4_peak_529	9809938
587	Chr3	rap2.6l_eth_rep4_peak_530	9870469
588	Chr3	rap2.6l_eth_rep1_peak_162	9918602
589	Chr3	rap2.6l_eth_rep4_peak_531	10120690
590	Chr3	rap2.6l_eth_rep4_peak_532	10132921
591	Chr3	rap2.6l_eth_rep4_peak_533	10188160
592	Chr3	rap2.6l_eth_rep4_peak_534	10192261
593	Chr3	rap2.6l_eth_rep4_peak_535	10400061
594	Chr3	rap2.6l_eth_rep1_peak_163	10458856
594	Chr3	rap2.6l_eth_rep4_peak_536	10458978
595	Chr3	rap2.6l_eth_rep4_peak_537	10592432
596	Chr3	rap2.6l_eth_rep4_peak_538	10949601
597	Chr3	rap2.6l_eth_rep4_peak_539	10969399
598	Chr3	rap2.6l_eth_rep4_peak_540	11979602
599	Chr3	rap2.6l_eth_rep1_peak_164	12454011
599	Chr3	rap2.6l_eth_rep4_peak_541	12454005
600	Chr3	rap2.6l_eth_rep1_peak_165	13587684
600	Chr3	rap2.6l_eth_rep4_peak_542	13587697
601	Chr3	rap2.6l_eth_rep1_peak_166	13589319
601	Chr3	rap2.6l_eth_rep4_peak_543	13589324
602	Chr3	rap2.6l_eth_rep1_peak_167	13590638
602	Chr3	rap2.6l_eth_rep4_peak_544	13590640
603	Chr3	rap2.6l_eth_rep1_peak_168	13591111
603	Chr3	rap2.6l_eth_rep4_peak_545	13591706
604	Chr3	rap2.6l_eth_rep1_peak_169	13591709
604	Chr3	rap2.6l_eth_rep4_peak_545	13591706
605	Chr3	rap2.6l_eth_rep1_peak_170	13705977
606	Chr3	rap2.6l_eth_rep4_peak_546	13709814
607	Chr3	rap2.6l_eth_rep1_peak_171	13853929
608	Chr3	rap2.6l_eth_rep1_peak_172	14194356
608	Chr3	rap2.6l_eth_rep4_peak_547	14194358
609	Chr3	rap2.6l_eth_rep1_peak_173	14195719
609	Chr3	rap2.6l_eth_rep4_peak_548	14196052
610	Chr3	rap2.6l_eth_rep1_peak_174	14196051
610	Chr3	rap2.6l_eth_rep4_peak_548	14196052
611	Chr3	rap2.6l_eth_rep1_peak_175	14196925
611	Chr3	rap2.6l_eth_rep4_peak_549	14196920
612	Chr3	rap2.6l_eth_rep1_peak_176	14197398
612	Chr3	rap2.6l_eth_rep4_peak_550	14197399
613	Chr3	rap2.6l_eth_rep4_peak_551	14198164
614	Chr3	rap2.6l_eth_rep1_peak_177	14199655
614	Chr3	rap2.6l_eth_rep4_peak_552	14199654
615	Chr3	rap2.6l_eth_rep1_peak_178	14200075
615	Chr3	rap2.6l_eth_rep4_peak_553	14200080
616	Chr3	rap2.6l_eth_rep1_peak_179	14201701
616	Chr3	rap2.6l_eth_rep4_peak_554	14201702
617	Chr3	rap2.6l_eth_rep1_peak_180	14202126
617	Chr3	rap2.6l_eth_rep4_peak_555	14202128
618	Chr3	rap2.6l_eth_rep4_peak_556	14202812
619	Chr3	rap2.6l_eth_rep1_peak_181	15215888
620	Chr3	rap2.6l_eth_rep4_peak_557	15953317
621	Chr3	rap2.6l_eth_rep1_peak_182	16568836
622	Chr3	rap2.6l_eth_rep4_peak_558	17008496
623	Chr3	rap2.6l_eth_rep4_peak_559	17255387
624	Chr3	rap2.6l_eth_rep4_peak_560	17475268
625	Chr3	rap2.6l_eth_rep1_peak_183	17493568
626	Chr3	rap2.6l_eth_rep1_peak_184	17509316
627	Chr3	rap2.6l_eth_rep1_peak_185	17567168
627	Chr3	rap2.6l_eth_rep4_peak_561	17567096
628	Chr3	rap2.6l_eth_rep1_peak_186	17704675
628	Chr3	rap2.6l_eth_rep4_peak_562	17704642
629	Chr3	rap2.6l_eth_rep4_peak_563	17739559
630	Chr3	rap2.6l_eth_rep4_peak_564	17739950
631	Chr3	rap2.6l_eth_rep4_peak_565	18301787
632	Chr3	rap2.6l_eth_rep4_peak_566	18365398
633	Chr3	rap2.6l_eth_rep1_peak_187	18393262
633	Chr3	rap2.6l_eth_rep4_peak_567	18393077
634	Chr3	rap2.6l_eth_rep4_peak_568	18469701
635	Chr3	rap2.6l_eth_rep4_peak_569	18494321
636	Chr3	rap2.6l_eth_rep1_peak_188	18516889
636	Chr3	rap2.6l_eth_rep4_peak_570	18516810
637	Chr3	rap2.6l_eth_rep4_peak_571	18593644
638	Chr3	rap2.6l_eth_rep1_peak_189	18634927
639	Chr3	rap2.6l_eth_rep4_peak_572	18635186
640	Chr3	rap2.6l_eth_rep4_peak_573	18651388
641	Chr3	rap2.6l_eth_rep1_peak_190	18822045
641	Chr3	rap2.6l_eth_rep4_peak_574	18822084
642	Chr3	rap2.6l_eth_rep4_peak_575	18877758
643	Chr3	rap2.6l_eth_rep4_peak_576	18895573
644	Chr3	rap2.6l_eth_rep1_peak_191	19547929
644	Chr3	rap2.6l_eth_rep4_peak_577	19547963
645	Chr3	rap2.6l_eth_rep4_peak_578	19569717
646	Chr3	rap2.6l_eth_rep4_peak_579	19806422
647	Chr3	rap2.6l_eth_rep4_peak_580	19808390
647	Chr3	rap2.6l_eth_rep1_peak_192	19808343
648	Chr3	rap2.6l_eth_rep1_peak_193	19824204
649	Chr3	rap2.6l_eth_rep4_peak_581	19824754
650	Chr3	rap2.6l_eth_rep4_peak_582	19965694
651	Chr3	rap2.6l_eth_rep1_peak_194	20016558
651	Chr3	rap2.6l_eth_rep4_peak_583	20016557
652	Chr3	rap2.6l_eth_rep1_peak_195	20180284
652	Chr3	rap2.6l_eth_rep4_peak_584	20180327
653	Chr3	rap2.6l_eth_rep4_peak_585	20296184
654	Chr3	rap2.6l_eth_rep1_peak_196	20339695
655	Chr3	rap2.6l_eth_rep1_peak_197	20493499
656	Chr3	rap2.6l_eth_rep4_peak_586	20553454
657	Chr3	rap2.6l_eth_rep4_peak_587	20607262
658	Chr3	rap2.6l_eth_rep4_peak_588	20630134
659	Chr3	rap2.6l_eth_rep4_peak_589	20757916
660	Chr3	rap2.6l_eth_rep1_peak_198	20776723
661	Chr3	rap2.6l_eth_rep1_peak_199	20910540
662	Chr3	rap2.6l_eth_rep4_peak_590	21059877
663	Chr3	rap2.6l_eth_rep1_peak_200	21216588
664	Chr3	rap2.6l_eth_rep1_peak_201	21229832
665	Chr3	rap2.6l_eth_rep4_peak_591	21236515
666	Chr3	rap2.6l_eth_rep1_peak_202	21261374
666	Chr3	rap2.6l_eth_rep4_peak_592	21261363
667	Chr3	rap2.6l_eth_rep4_peak_593	21344019
668	Chr3	rap2.6l_eth_rep4_peak_594	21430546
669	Chr3	rap2.6l_eth_rep1_peak_203	21671524
670	Chr3	rap2.6l_eth_rep1_peak_204	21678481
670	Chr3	rap2.6l_eth_rep4_peak_595	21678511
671	Chr3	rap2.6l_eth_rep4_peak_596	21910725
672	Chr3	rap2.6l_eth_rep1_peak_205	22130141
673	Chr3	rap2.6l_eth_rep4_peak_597	22217387
674	Chr3	rap2.6l_eth_rep1_peak_206	22348568
674	Chr3	rap2.6l_eth_rep4_peak_598	22348549
675	Chr3	rap2.6l_eth_rep4_peak_599	22378736
676	Chr3	rap2.6l_eth_rep1_peak_207	22649984
676	Chr3	rap2.6l_eth_rep4_peak_600	22649999
677	Chr3	rap2.6l_eth_rep4_peak_601	22676940
678	Chr3	rap2.6l_eth_rep4_peak_602	22726572
679	Chr3	rap2.6l_eth_rep1_peak_208	22732434
679	Chr3	rap2.6l_eth_rep4_peak_603	22732406
680	Chr3	rap2.6l_eth_rep4_peak_604	22803361
681	Chr3	rap2.6l_eth_rep4_peak_605	23155574
682	Chr3	rap2.6l_eth_rep1_peak_209	23276581
683	Chr3	rap2.6l_eth_rep4_peak_606	23287484
684	Chr3	rap2.6l_eth_rep4_peak_607	23292005
685	Chr3	rap2.6l_eth_rep1_peak_210	23410715
686	Chr3	rap2.6l_eth_rep4_peak_608	23410894
687	Chr4	rap2.6l_eth_rep4_peak_609	56881
688	Chr4	rap2.6l_eth_rep4_peak_610	268418
689	Chr4	rap2.6l_eth_rep4_peak_611	299162
690	Chr4	rap2.6l_eth_rep4_peak_612	347520
691	Chr4	rap2.6l_eth_rep4_peak_613	388307
692	Chr4	rap2.6l_eth_rep1_peak_211	525434
693	Chr4	rap2.6l_eth_rep4_peak_614	744071
694	Chr4	rap2.6l_eth_rep4_peak_615	808265
695	Chr4	rap2.6l_eth_rep4_peak_616	972387
696	Chr4	rap2.6l_eth_rep1_peak_212	999657
696	Chr4	rap2.6l_eth_rep4_peak_617	999616
697	Chr4	rap2.6l_eth_rep1_peak_213	1540083
698	Chr4	rap2.6l_eth_rep1_peak_214	2508095
699	Chr4	rap2.6l_eth_rep1_peak_215	2719940
699	Chr4	rap2.6l_eth_rep4_peak_618	2719941
700	Chr4	rap2.6l_eth_rep4_peak_619	3054343
701	Chr4	rap2.6l_eth_rep4_peak_620	3950641
702	Chr4	rap2.6l_eth_rep1_peak_216	3951026
702	Chr4	rap2.6l_eth_rep4_peak_621	3950961
703	Chr4	rap2.6l_eth_rep1_peak_217	3951352
703	Chr4	rap2.6l_eth_rep4_peak_621	3950961
704	Chr4	rap2.6l_eth_rep4_peak_622	3951927
705	Chr4	rap2.6l_eth_rep1_peak_218	3952986
705	Chr4	rap2.6l_eth_rep4_peak_623	3952987
706	Chr4	rap2.6l_eth_rep1_peak_219	3953565
706	Chr4	rap2.6l_eth_rep4_peak_624	3953558
707	Chr4	rap2.6l_eth_rep1_peak_220	3954766
707	Chr4	rap2.6l_eth_rep4_peak_625	3954744
708	Chr4	rap2.6l_eth_rep4_peak_626	3955160
709	Chr4	rap2.6l_eth_rep4_peak_627	3955869
710	Chr4	rap2.6l_eth_rep1_peak_221	3965732
710	Chr4	rap2.6l_eth_rep4_peak_628	3965733
711	Chr4	rap2.6l_eth_rep1_peak_222	3966541
711	Chr4	rap2.6l_eth_rep4_peak_629	3966558
712	Chr4	rap2.6l_eth_rep4_peak_630	3972693
713	Chr4	rap2.6l_eth_rep1_peak_223	3987510
713	Chr4	rap2.6l_eth_rep4_peak_631	3987512
714	Chr4	rap2.6l_eth_rep4_peak_632	4001218
715	Chr4	rap2.6l_eth_rep4_peak_633	4004060
716	Chr4	rap2.6l_eth_rep4_peak_634	4009808
717	Chr4	rap2.6l_eth_rep1_peak_224	4074693
717	Chr4	rap2.6l_eth_rep4_peak_635	4074628
718	Chr4	rap2.6l_eth_rep4_peak_636	5847252
719	Chr4	rap2.6l_eth_rep1_peak_225	6083548
720	Chr4	rap2.6l_eth_rep4_peak_637	6901304
721	Chr4	rap2.6l_eth_rep4_peak_638	6905800
722	Chr4	rap2.6l_eth_rep1_peak_226	6986401
723	Chr4	rap2.6l_eth_rep4_peak_639	7261102
724	Chr4	rap2.6l_eth_rep4_peak_640	7757822
725	Chr4	rap2.6l_eth_rep1_peak_227	7862509
725	Chr4	rap2.6l_eth_rep4_peak_641	7862499
726	Chr4	rap2.6l_eth_rep1_peak_228	7936460
726	Chr4	rap2.6l_eth_rep4_peak_642	7936471
727	Chr4	rap2.6l_eth_rep4_peak_643	7962378
728	Chr4	rap2.6l_eth_rep4_peak_644	8011318
729	Chr4	rap2.6l_eth_rep4_peak_645	8203429
730	Chr4	rap2.6l_eth_rep1_peak_229	8735800
731	Chr4	rap2.6l_eth_rep1_peak_230	9161784
731	Chr4	rap2.6l_eth_rep4_peak_646	9161798
732	Chr4	rap2.6l_eth_rep4_peak_647	9202320
733	Chr4	rap2.6l_eth_rep4_peak_648	9421096
734	Chr4	rap2.6l_eth_rep4_peak_649	9663778
735	Chr4	rap2.6l_eth_rep4_peak_650	9699141
736	Chr4	rap2.6l_eth_rep1_peak_231	9753018
737	Chr4	rap2.6l_eth_rep4_peak_651	9759152
738	Chr4	rap2.6l_eth_rep1_peak_232	9817821
738	Chr4	rap2.6l_eth_rep4_peak_652	9817738
739	Chr4	rap2.6l_eth_rep4_peak_653	9928682
740	Chr4	rap2.6l_eth_rep1_peak_233	9929570
740	Chr4	rap2.6l_eth_rep4_peak_654	9929607
741	Chr4	rap2.6l_eth_rep4_peak_655	9944162
742	Chr4	rap2.6l_eth_rep4_peak_656	9969929
743	Chr4	rap2.6l_eth_rep4_peak_657	9995074
744	Chr4	rap2.6l_eth_rep4_peak_658	10003273
745	Chr4	rap2.6l_eth_rep4_peak_659	10060095
746	Chr4	rap2.6l_eth_rep1_peak_234	10071439
747	Chr4	rap2.6l_eth_rep4_peak_660	10296318
748	Chr4	rap2.6l_eth_rep1_peak_235	10349666
749	Chr4	rap2.6l_eth_rep1_peak_236	10352418
749	Chr4	rap2.6l_eth_rep4_peak_661	10352407
750	Chr4	rap2.6l_eth_rep4_peak_662	10578395
751	Chr4	rap2.6l_eth_rep4_peak_663	10955547
752	Chr4	rap2.6l_eth_rep4_peak_664	11033875
753	Chr4	rap2.6l_eth_rep4_peak_665	11662474
754	Chr4	rap2.6l_eth_rep4_peak_666	11697710
755	Chr4	rap2.6l_eth_rep4_peak_667	11797483
756	Chr4	rap2.6l_eth_rep4_peak_668	11895874
757	Chr4	rap2.6l_eth_rep4_peak_669	11971453
758	Chr4	rap2.6l_eth_rep1_peak_237	11997188
758	Chr4	rap2.6l_eth_rep4_peak_670	11997371
759	Chr4	rap2.6l_eth_rep4_peak_671	12046158
760	Chr4	rap2.6l_eth_rep4_peak_672	12064832
761	Chr4	rap2.6l_eth_rep4_peak_673	12074936
762	Chr4	rap2.6l_eth_rep4_peak_674	12079809
763	Chr4	rap2.6l_eth_rep1_peak_238	12108699
763	Chr4	rap2.6l_eth_rep4_peak_675	12108585
764	Chr4	rap2.6l_eth_rep1_peak_239	12289398
765	Chr4	rap2.6l_eth_rep4_peak_676	12396458
766	Chr4	rap2.6l_eth_rep1_peak_240	12476075
766	Chr4	rap2.6l_eth_rep4_peak_677	12476002
767	Chr4	rap2.6l_eth_rep4_peak_678	12569046
768	Chr4	rap2.6l_eth_rep4_peak_679	12573145
769	Chr4	rap2.6l_eth_rep4_peak_680	12612320
770	Chr4	rap2.6l_eth_rep1_peak_241	12686164
770	Chr4	rap2.6l_eth_rep4_peak_681	12686276
771	Chr4	rap2.6l_eth_rep1_peak_242	12820970
771	Chr4	rap2.6l_eth_rep4_peak_682	12820915
772	Chr4	rap2.6l_eth_rep1_peak_243	12864494
772	Chr4	rap2.6l_eth_rep4_peak_683	12864509
773	Chr4	rap2.6l_eth_rep1_peak_244	13920864
773	Chr4	rap2.6l_eth_rep4_peak_684	13920882
774	Chr4	rap2.6l_eth_rep4_peak_685	13983783
775	Chr4	rap2.6l_eth_rep4_peak_686	13997649
776	Chr4	rap2.6l_eth_rep4_peak_687	14055512
777	Chr4	rap2.6l_eth_rep1_peak_245	14104559
778	Chr4	rap2.6l_eth_rep4_peak_688	14110896
779	Chr4	rap2.6l_eth_rep4_peak_689	14393549
780	Chr4	rap2.6l_eth_rep4_peak_690	14406640
781	Chr4	rap2.6l_eth_rep4_peak_691	14580014
782	Chr4	rap2.6l_eth_rep4_peak_692	14597494
783	Chr4	rap2.6l_eth_rep1_peak_246	14774871
784	Chr4	rap2.6l_eth_rep4_peak_693	14779105
785	Chr4	rap2.6l_eth_rep1_peak_247	14779842
785	Chr4	rap2.6l_eth_rep4_peak_694	14779846
786	Chr4	rap2.6l_eth_rep1_peak_248	14841553
786	Chr4	rap2.6l_eth_rep4_peak_695	14841463
787	Chr4	rap2.6l_eth_rep4_peak_696	14934655
788	Chr4	rap2.6l_eth_rep1_peak_249	14990122
788	Chr4	rap2.6l_eth_rep4_peak_697	14990121
789	Chr4	rap2.6l_eth_rep4_peak_698	15054178
790	Chr4	rap2.6l_eth_rep4_peak_699	15054690
791	Chr4	rap2.6l_eth_rep1_peak_250	15063335
791	Chr4	rap2.6l_eth_rep4_peak_700	15063361
792	Chr4	rap2.6l_eth_rep1_peak_251	15078560
792	Chr4	rap2.6l_eth_rep4_peak_701	15078553
793	Chr4	rap2.6l_eth_rep4_peak_702	15155762
794	Chr4	rap2.6l_eth_rep4_peak_703	15188731
795	Chr4	rap2.6l_eth_rep1_peak_252	15231363
795	Chr4	rap2.6l_eth_rep4_peak_704	15231454
796	Chr4	rap2.6l_eth_rep1_peak_253	15382207
796	Chr4	rap2.6l_eth_rep4_peak_705	15382223
797	Chr4	rap2.6l_eth_rep4_peak_706	15412973
798	Chr4	rap2.6l_eth_rep4_peak_707	15459835
799	Chr4	rap2.6l_eth_rep4_peak_708	15489215
800	Chr4	rap2.6l_eth_rep4_peak_709	15507446
801	Chr4	rap2.6l_eth_rep4_peak_710	15514839
802	Chr4	rap2.6l_eth_rep4_peak_711	15525668
803	Chr4	rap2.6l_eth_rep4_peak_712	15638553
804	Chr4	rap2.6l_eth_rep4_peak_713	15723505
805	Chr4	rap2.6l_eth_rep1_peak_254	15728347
806	Chr4	rap2.6l_eth_rep1_peak_255	15873772
807	Chr4	rap2.6l_eth_rep1_peak_256	15877884
808	Chr4	rap2.6l_eth_rep4_peak_714	15886970
809	Chr4	rap2.6l_eth_rep1_peak_257	15947173
810	Chr4	rap2.6l_eth_rep4_peak_715	16091012
811	Chr4	rap2.6l_eth_rep1_peak_258	16102315
811	Chr4	rap2.6l_eth_rep4_peak_716	16102305
812	Chr4	rap2.6l_eth_rep4_peak_717	16136826
813	Chr4	rap2.6l_eth_rep1_peak_259	16345143
813	Chr4	rap2.6l_eth_rep4_peak_718	16344983
814	Chr4	rap2.6l_eth_rep1_peak_260	16371510
814	Chr4	rap2.6l_eth_rep4_peak_719	16371616
815	Chr4	rap2.6l_eth_rep4_peak_720	16377433
816	Chr4	rap2.6l_eth_rep1_peak_261	16431870
816	Chr4	rap2.6l_eth_rep4_peak_721	16431624
817	Chr4	rap2.6l_eth_rep1_peak_262	16576886
817	Chr4	rap2.6l_eth_rep4_peak_722	16576899
818	Chr4	rap2.6l_eth_rep1_peak_263	16697808
819	Chr4	rap2.6l_eth_rep1_peak_264	16855426
819	Chr4	rap2.6l_eth_rep4_peak_723	16855431
820	Chr4	rap2.6l_eth_rep4_peak_724	16942246
821	Chr4	rap2.6l_eth_rep4_peak_725	16955232
822	Chr4	rap2.6l_eth_rep1_peak_265	17018793
822	Chr4	rap2.6l_eth_rep4_peak_726	17018564
823	Chr4	rap2.6l_eth_rep4_peak_727	17225983
824	Chr4	rap2.6l_eth_rep4_peak_728	17235610
825	Chr4	rap2.6l_eth_rep1_peak_266	17280834
825	Chr4	rap2.6l_eth_rep4_peak_729	17280607
826	Chr4	rap2.6l_eth_rep4_peak_730	17280965
827	Chr4	rap2.6l_eth_rep4_peak_731	17282174
828	Chr4	rap2.6l_eth_rep4_peak_732	17283026
829	Chr4	rap2.6l_eth_rep4_peak_733	17288027
830	Chr4	rap2.6l_eth_rep4_peak_734	17350277
831	Chr4	rap2.6l_eth_rep4_peak_735	17743320
832	Chr4	rap2.6l_eth_rep4_peak_736	18144319
833	Chr4	rap2.6l_eth_rep4_peak_737	18151957
834	Chr4	rap2.6l_eth_rep4_peak_738	18209287
835	Chr4	rap2.6l_eth_rep4_peak_739	18215270
836	Chr4	rap2.6l_eth_rep4_peak_740	18217919
837	Chr4	rap2.6l_eth_rep1_peak_267	18233460
838	Chr4	rap2.6l_eth_rep4_peak_741	18268090
839	Chr4	rap2.6l_eth_rep1_peak_268	18276420
839	Chr4	rap2.6l_eth_rep4_peak_742	18276440
840	Chr4	rap2.6l_eth_rep4_peak_743	18302875
841	Chr4	rap2.6l_eth_rep4_peak_744	18321773
842	Chr4	rap2.6l_eth_rep4_peak_745	18462015
843	Chr4	rap2.6l_eth_rep4_peak_746	18556978
844	Chr5	rap2.6l_eth_rep4_peak_747	186617
845	Chr5	rap2.6l_eth_rep4_peak_748	266936
846	Chr5	rap2.6l_eth_rep1_peak_269	272191
847	Chr5	rap2.6l_eth_rep1_peak_270	308979
847	Chr5	rap2.6l_eth_rep4_peak_749	308911
848	Chr5	rap2.6l_eth_rep1_peak_271	320736
849	Chr5	rap2.6l_eth_rep4_peak_750	436044
850	Chr5	rap2.6l_eth_rep4_peak_751	472758
851	Chr5	rap2.6l_eth_rep4_peak_752	508152
852	Chr5	rap2.6l_eth_rep4_peak_753	577303
853	Chr5	rap2.6l_eth_rep4_peak_754	615735
854	Chr5	rap2.6l_eth_rep4_peak_755	772184
855	Chr5	rap2.6l_eth_rep4_peak_756	785581
856	Chr5	rap2.6l_eth_rep4_peak_757	817706
857	Chr5	rap2.6l_eth_rep1_peak_272	834764
857	Chr5	rap2.6l_eth_rep4_peak_758	834689
858	Chr5	rap2.6l_eth_rep4_peak_759	924802
859	Chr5	rap2.6l_eth_rep1_peak_273	941634
859	Chr5	rap2.6l_eth_rep4_peak_760	941584
860	Chr5	rap2.6l_eth_rep1_peak_274	968764
860	Chr5	rap2.6l_eth_rep4_peak_761	968788
861	Chr5	rap2.6l_eth_rep4_peak_762	974213
862	Chr5	rap2.6l_eth_rep4_peak_763	1036982
863	Chr5	rap2.6l_eth_rep4_peak_764	1205423
864	Chr5	rap2.6l_eth_rep4_peak_765	1341547
865	Chr5	rap2.6l_eth_rep4_peak_766	1375193
866	Chr5	rap2.6l_eth_rep4_peak_767	1518194
867	Chr5	rap2.6l_eth_rep1_peak_275	1519830
868	Chr5	rap2.6l_eth_rep4_peak_768	1670868
869	Chr5	rap2.6l_eth_rep4_peak_769	1742653
870	Chr5	rap2.6l_eth_rep4_peak_770	1921545
871	Chr5	rap2.6l_eth_rep4_peak_771	1925693
872	Chr5	rap2.6l_eth_rep4_peak_772	1952226
873	Chr5	rap2.6l_eth_rep4_peak_773	2132239
874	Chr5	rap2.6l_eth_rep1_peak_276	2204138
875	Chr5	rap2.6l_eth_rep4_peak_774	2616001
876	Chr5	rap2.6l_eth_rep4_peak_775	2861916
877	Chr5	rap2.6l_eth_rep1_peak_277	2935272
877	Chr5	rap2.6l_eth_rep4_peak_776	2935307
878	Chr5	rap2.6l_eth_rep1_peak_278	3140656
878	Chr5	rap2.6l_eth_rep4_peak_777	3140653
879	Chr5	rap2.6l_eth_rep1_peak_279	3253201
879	Chr5	rap2.6l_eth_rep4_peak_778	3253205
880	Chr5	rap2.6l_eth_rep4_peak_779	3286291
881	Chr5	rap2.6l_eth_rep4_peak_780	3335267
882	Chr5	rap2.6l_eth_rep4_peak_781	3335810
883	Chr5	rap2.6l_eth_rep4_peak_782	3448425
884	Chr5	rap2.6l_eth_rep1_peak_280	3478928
885	Chr5	rap2.6l_eth_rep4_peak_783	3524255
886	Chr5	rap2.6l_eth_rep1_peak_281	3525157
887	Chr5	rap2.6l_eth_rep4_peak_784	3525710
888	Chr5	rap2.6l_eth_rep1_peak_282	3525937
889	Chr5	rap2.6l_eth_rep4_peak_785	3526285
890	Chr5	rap2.6l_eth_rep1_peak_283	3526474
891	Chr5	rap2.6l_eth_rep4_peak_786	3527550
892	Chr5	rap2.6l_eth_rep1_peak_284	3531523
892	Chr5	rap2.6l_eth_rep4_peak_787	3531481
893	Chr5	rap2.6l_eth_rep4_peak_788	3662128
894	Chr5	rap2.6l_eth_rep4_peak_789	3753801
895	Chr5	rap2.6l_eth_rep1_peak_285	3784087
895	Chr5	rap2.6l_eth_rep4_peak_790	3784020
896	Chr5	rap2.6l_eth_rep4_peak_791	3821466
897	Chr5	rap2.6l_eth_rep4_peak_792	3863654
898	Chr5	rap2.6l_eth_rep1_peak_286	3932551
898	Chr5	rap2.6l_eth_rep4_peak_793	3932586
899	Chr5	rap2.6l_eth_rep4_peak_794	4156379
900	Chr5	rap2.6l_eth_rep4_peak_795	4193139
901	Chr5	rap2.6l_eth_rep1_peak_287	4249578
901	Chr5	rap2.6l_eth_rep4_peak_796	4249473
902	Chr5	rap2.6l_eth_rep1_peak_288	4250925
903	Chr5	rap2.6l_eth_rep1_peak_289	4254375
904	Chr5	rap2.6l_eth_rep1_peak_290	4262768
904	Chr5	rap2.6l_eth_rep4_peak_797	4262498
905	Chr5	rap2.6l_eth_rep1_peak_291	4265705
906	Chr5	rap2.6l_eth_rep1_peak_292	4266265
907	Chr5	rap2.6l_eth_rep4_peak_798	4268061
908	Chr5	rap2.6l_eth_rep1_peak_294	4272263
908	Chr5	rap2.6l_eth_rep4_peak_799	4272864
909	Chr5	rap2.6l_eth_rep1_peak_295	4273010
909	Chr5	rap2.6l_eth_rep4_peak_799	4272864
910	Chr5	rap2.6l_eth_rep1_peak_296	4276972
910	Chr5	rap2.6l_eth_rep4_peak_800	4277033
911	Chr5	rap2.6l_eth_rep4_peak_801	4279825
912	Chr5	rap2.6l_eth_rep1_peak_297	4291792
913	Chr5	rap2.6l_eth_rep1_peak_298	4292898
913	Chr5	rap2.6l_eth_rep4_peak_802	4292828
914	Chr5	rap2.6l_eth_rep1_peak_299	4294235
915	Chr5	rap2.6l_eth_rep4_peak_803	4301626
916	Chr5	rap2.6l_eth_rep1_peak_300	4304293
916	Chr5	rap2.6l_eth_rep4_peak_804	4304350
917	Chr5	rap2.6l_eth_rep4_peak_805	4304858
918	Chr5	rap2.6l_eth_rep1_peak_301	4306584
919	Chr5	rap2.6l_eth_rep4_peak_806	4308314
920	Chr5	rap2.6l_eth_rep1_peak_302	4309205
921	Chr5	rap2.6l_eth_rep4_peak_807	4310090
922	Chr5	rap2.6l_eth_rep1_peak_303	4311235
923	Chr5	rap2.6l_eth_rep4_peak_808	4311934
924	Chr5	rap2.6l_eth_rep1_peak_304	4314229
925	Chr5	rap2.6l_eth_rep1_peak_305	4317202
925	Chr5	rap2.6l_eth_rep4_peak_809	4315301
926	Chr5	rap2.6l_eth_rep1_peak_305	4317202
926	Chr5	rap2.6l_eth_rep4_peak_810	4317417
927	Chr5	rap2.6l_eth_rep1_peak_305	4317202
927	Chr5	rap2.6l_eth_rep4_peak_811	4318439
928	Chr5	rap2.6l_eth_rep1_peak_306	4320243
928	Chr5	rap2.6l_eth_rep4_peak_812	4319608
929	Chr5	rap2.6l_eth_rep1_peak_306	4320243
929	Chr5	rap2.6l_eth_rep4_peak_813	4320491
930	Chr5	rap2.6l_eth_rep1_peak_306	4320243
930	Chr5	rap2.6l_eth_rep4_peak_814	4321775
931	Chr5	rap2.6l_eth_rep1_peak_306	4320243
931	Chr5	rap2.6l_eth_rep4_peak_815	4323452
932	Chr5	rap2.6l_eth_rep1_peak_307	4323738
933	Chr5	rap2.6l_eth_rep1_peak_308	4326998
933	Chr5	rap2.6l_eth_rep4_peak_816	4325408
934	Chr5	rap2.6l_eth_rep4_peak_817	4326486
934	Chr5	rap2.6l_eth_rep4_peak_818	4328004
934	Chr5	rap2.6l_eth_rep1_peak_308	4326998
935	Chr5	rap2.6l_eth_rep1_peak_309	4572607
936	Chr5	rap2.6l_eth_rep1_peak_310	4722081
936	Chr5	rap2.6l_eth_rep4_peak_819	4722330
937	Chr5	rap2.6l_eth_rep4_peak_820	4903790
938	Chr5	rap2.6l_eth_rep4_peak_821	5033945
939	Chr5	rap2.6l_eth_rep1_peak_311	5358479
939	Chr5	rap2.6l_eth_rep4_peak_822	5358585
940	Chr5	rap2.6l_eth_rep4_peak_823	5497395
941	Chr5	rap2.6l_eth_rep4_peak_824	5686416
942	Chr5	rap2.6l_eth_rep1_peak_312	5726829
943	Chr5	rap2.6l_eth_rep1_peak_313	5814644
943	Chr5	rap2.6l_eth_rep4_peak_825	5814645
944	Chr5	rap2.6l_eth_rep4_peak_826	5924348
945	Chr5	rap2.6l_eth_rep1_peak_314	6044433
946	Chr5	rap2.6l_eth_rep4_peak_827	6046147
947	Chr5	rap2.6l_eth_rep4_peak_828	6064076
948	Chr5	rap2.6l_eth_rep4_peak_829	6095020
949	Chr5	rap2.6l_eth_rep4_peak_830	6189297
950	Chr5	rap2.6l_eth_rep4_peak_831	6190413
951	Chr5	rap2.6l_eth_rep4_peak_832	6217789
952	Chr5	rap2.6l_eth_rep1_peak_315	6361957
952	Chr5	rap2.6l_eth_rep4_peak_833	6362027
953	Chr5	rap2.6l_eth_rep4_peak_834	6723853
954	Chr5	rap2.6l_eth_rep4_peak_835	7249720
955	Chr5	rap2.6l_eth_rep4_peak_836	7250091
956	Chr5	rap2.6l_eth_rep4_peak_837	7251277
957	Chr5	rap2.6l_eth_rep4_peak_838	7307656
958	Chr5	rap2.6l_eth_rep4_peak_839	7513027
959	Chr5	rap2.6l_eth_rep4_peak_840	7810087
960	Chr5	rap2.6l_eth_rep4_peak_841	8014517
961	Chr5	rap2.6l_eth_rep1_peak_316	8229518
962	Chr5	rap2.6l_eth_rep4_peak_842	8468557
963	Chr5	rap2.6l_eth_rep4_peak_843	8731935
964	Chr5	rap2.6l_eth_rep4_peak_844	8776333
965	Chr5	rap2.6l_eth_rep4_peak_845	8794221
966	Chr5	rap2.6l_eth_rep1_peak_317	8795316
967	Chr5	rap2.6l_eth_rep1_peak_318	8795977
968	Chr5	rap2.6l_eth_rep4_peak_846	8798409
968	Chr5	rap2.6l_eth_rep1_peak_319	8798257
969	Chr5	rap2.6l_eth_rep1_peak_320	8799355
969	Chr5	rap2.6l_eth_rep4_peak_847	8799426
970	Chr5	rap2.6l_eth_rep4_peak_848	8963488
971	Chr5	rap2.6l_eth_rep4_peak_849	9515679
972	Chr5	rap2.6l_eth_rep1_peak_321	9648751
973	Chr5	rap2.6l_eth_rep4_peak_850	10614422
974	Chr5	rap2.6l_eth_rep1_peak_322	11185070
974	Chr5	rap2.6l_eth_rep4_peak_851	11185067
975	Chr5	rap2.6l_eth_rep1_peak_323	11185734
975	Chr5	rap2.6l_eth_rep4_peak_852	11185751
976	Chr5	rap2.6l_eth_rep4_peak_853	11705340
977	Chr5	rap2.6l_eth_rep1_peak_324	11723675
977	Chr5	rap2.6l_eth_rep4_peak_854	11723687
978	Chr5	rap2.6l_eth_rep1_peak_325	11727803
978	Chr5	rap2.6l_eth_rep4_peak_855	11727541
979	Chr5	rap2.6l_eth_rep4_peak_856	11728622
980	Chr5	rap2.6l_eth_rep1_peak_326	11730499
980	Chr5	rap2.6l_eth_rep4_peak_857	11730480
981	Chr5	rap2.6l_eth_rep4_peak_858	11731534
982	Chr5	rap2.6l_eth_rep1_peak_327	11732298
982	Chr5	rap2.6l_eth_rep4_peak_859	11732306
983	Chr5	rap2.6l_eth_rep4_peak_860	11733766
984	Chr5	rap2.6l_eth_rep4_peak_861	11734883
985	Chr5	rap2.6l_eth_rep4_peak_862	11735243
986	Chr5	rap2.6l_eth_rep1_peak_328	11736057
986	Chr5	rap2.6l_eth_rep4_peak_863	11736048
987	Chr5	rap2.6l_eth_rep1_peak_329	12877711
988	Chr5	rap2.6l_eth_rep4_peak_864	13584161
989	Chr5	rap2.6l_eth_rep1_peak_330	13591421
989	Chr5	rap2.6l_eth_rep4_peak_865	13591385
990	Chr5	rap2.6l_eth_rep1_peak_331	13903049
991	Chr5	rap2.6l_eth_rep4_peak_866	15131305
992	Chr5	rap2.6l_eth_rep1_peak_332	15377470
993	Chr5	rap2.6l_eth_rep1_peak_333	15532401
993	Chr5	rap2.6l_eth_rep4_peak_867	15532362
994	Chr5	rap2.6l_eth_rep1_peak_334	15616854
994	Chr5	rap2.6l_eth_rep4_peak_868	15616853
995	Chr5	rap2.6l_eth_rep4_peak_869	15617357
996	Chr5	rap2.6l_eth_rep4_peak_870	15631525
997	Chr5	rap2.6l_eth_rep1_peak_335	15643713
997	Chr5	rap2.6l_eth_rep4_peak_871	15643683
998	Chr5	rap2.6l_eth_rep1_peak_336	15849203
998	Chr5	rap2.6l_eth_rep4_peak_872	15849246
999	Chr5	rap2.6l_eth_rep4_peak_873	15849629
1000	Chr5	rap2.6l_eth_rep1_peak_337	16198472
1000	Chr5	rap2.6l_eth_rep4_peak_874	16198396
1001	Chr5	rap2.6l_eth_rep4_peak_875	16199126
1002	Chr5	rap2.6l_eth_rep1_peak_338	16202209
1003	Chr5	rap2.6l_eth_rep1_peak_339	16207083
1003	Chr5	rap2.6l_eth_rep4_peak_876	16207079
1004	Chr5	rap2.6l_eth_rep1_peak_340	16320856
1004	Chr5	rap2.6l_eth_rep4_peak_877	16320853
1005	Chr5	rap2.6l_eth_rep4_peak_878	16667958
1006	Chr5	rap2.6l_eth_rep4_peak_879	16675730
1007	Chr5	rap2.6l_eth_rep1_peak_341	17283423
1008	Chr5	rap2.6l_eth_rep1_peak_342	17585302
1009	Chr5	rap2.6l_eth_rep4_peak_880	18215887
1010	Chr5	rap2.6l_eth_rep4_peak_881	18484032
1011	Chr5	rap2.6l_eth_rep4_peak_882	18779403
1012	Chr5	rap2.6l_eth_rep4_peak_883	18806420
1013	Chr5	rap2.6l_eth_rep4_peak_884	18825024
1014	Chr5	rap2.6l_eth_rep4_peak_885	18833300
1015	Chr5	rap2.6l_eth_rep1_peak_343	18968648
1016	Chr5	rap2.6l_eth_rep4_peak_886	18977046
1017	Chr5	rap2.6l_eth_rep1_peak_344	19131015
1018	Chr5	rap2.6l_eth_rep4_peak_887	19236605
1019	Chr5	rap2.6l_eth_rep1_peak_345	19670251
1019	Chr5	rap2.6l_eth_rep4_peak_888	19670323
1020	Chr5	rap2.6l_eth_rep1_peak_346	19978015
1020	Chr5	rap2.6l_eth_rep4_peak_889	19977949
1021	Chr5	rap2.6l_eth_rep4_peak_890	20084504
1022	Chr5	rap2.6l_eth_rep1_peak_347	20116254
1022	Chr5	rap2.6l_eth_rep4_peak_891	20116134
1023	Chr5	rap2.6l_eth_rep1_peak_348	20192477
1023	Chr5	rap2.6l_eth_rep4_peak_892	20192227
1024	Chr5	rap2.6l_eth_rep1_peak_349	20193919
1025	Chr5	rap2.6l_eth_rep4_peak_893	20451129
1026	Chr5	rap2.6l_eth_rep1_peak_350	20519074
1026	Chr5	rap2.6l_eth_rep4_peak_894	20519003
1027	Chr5	rap2.6l_eth_rep4_peak_895	20900299
1028	Chr5	rap2.6l_eth_rep4_peak_896	21095173
1029	Chr5	rap2.6l_eth_rep1_peak_351	21410815
1030	Chr5	rap2.6l_eth_rep4_peak_897	21560611
1031	Chr5	rap2.6l_eth_rep4_peak_898	21666275
1032	Chr5	rap2.6l_eth_rep1_peak_352	21799401
1032	Chr5	rap2.6l_eth_rep4_peak_899	21799374
1033	Chr5	rap2.6l_eth_rep4_peak_900	21898734
1034	Chr5	rap2.6l_eth_rep1_peak_353	22054217
1034	Chr5	rap2.6l_eth_rep4_peak_901	22054207
1035	Chr5	rap2.6l_eth_rep1_peak_354	22081788
1035	Chr5	rap2.6l_eth_rep4_peak_902	22081741
1036	Chr5	rap2.6l_eth_rep4_peak_903	22134749
1037	Chr5	rap2.6l_eth_rep1_peak_355	22331876
1038	Chr5	rap2.6l_eth_rep1_peak_356	22359435
1038	Chr5	rap2.6l_eth_rep4_peak_904	22359395
1039	Chr5	rap2.6l_eth_rep4_peak_905	22508407
1040	Chr5	rap2.6l_eth_rep4_peak_906	22546924
1041	Chr5	rap2.6l_eth_rep4_peak_907	22776928
1042	Chr5	rap2.6l_eth_rep1_peak_357	22777741
1042	Chr5	rap2.6l_eth_rep4_peak_908	22777697
1043	Chr5	rap2.6l_eth_rep4_peak_909	22817252
1044	Chr5	rap2.6l_eth_rep1_peak_358	23080666
1044	Chr5	rap2.6l_eth_rep4_peak_910	23080591
1045	Chr5	rap2.6l_eth_rep4_peak_911	23223892
1046	Chr5	rap2.6l_eth_rep1_peak_359	23290171
1046	Chr5	rap2.6l_eth_rep4_peak_912	23290193
1047	Chr5	rap2.6l_eth_rep4_peak_913	23369956
1048	Chr5	rap2.6l_eth_rep1_peak_360	23389399
1049	Chr5	rap2.6l_eth_rep1_peak_361	23584527
1049	Chr5	rap2.6l_eth_rep4_peak_914	23584510
1050	Chr5	rap2.6l_eth_rep1_peak_362	23596143
1050	Chr5	rap2.6l_eth_rep4_peak_915	23596181
1051	Chr5	rap2.6l_eth_rep1_peak_363	23623554
1051	Chr5	rap2.6l_eth_rep4_peak_916	23623563
1052	Chr5	rap2.6l_eth_rep4_peak_917	23626909
1053	Chr5	rap2.6l_eth_rep1_peak_364	23845079
1054	Chr5	rap2.6l_eth_rep4_peak_918	23961518
1055	Chr5	rap2.6l_eth_rep4_peak_919	23998209
1056	Chr5	rap2.6l_eth_rep1_peak_365	24055869
1057	Chr5	rap2.6l_eth_rep4_peak_920	24103153
1058	Chr5	rap2.6l_eth_rep1_peak_366	24140253
1059	Chr5	rap2.6l_eth_rep1_peak_367	24257614
1059	Chr5	rap2.6l_eth_rep4_peak_921	24257602
1060	Chr5	rap2.6l_eth_rep4_peak_922	24385755
1061	Chr5	rap2.6l_eth_rep4_peak_923	24417477
1062	Chr5	rap2.6l_eth_rep4_peak_924	24553764
1063	Chr5	rap2.6l_eth_rep4_peak_925	24705925
1064	Chr5	rap2.6l_eth_rep4_peak_926	24766635
1065	Chr5	rap2.6l_eth_rep1_peak_368	25054383
1065	Chr5	rap2.6l_eth_rep4_peak_927	25054395
1066	Chr5	rap2.6l_eth_rep4_peak_928	25234659
1067	Chr5	rap2.6l_eth_rep4_peak_929	25387380
1068	Chr5	rap2.6l_eth_rep4_peak_930	25429560
1069	Chr5	rap2.6l_eth_rep4_peak_931	25430575
1070	Chr5	rap2.6l_eth_rep4_peak_932	25451914
1071	Chr5	rap2.6l_eth_rep4_peak_933	25528183
1072	Chr5	rap2.6l_eth_rep4_peak_934	25658596
1073	Chr5	rap2.6l_eth_rep4_peak_935	25660633
1074	Chr5	rap2.6l_eth_rep1_peak_369	25661103
1074	Chr5	rap2.6l_eth_rep4_peak_936	25661174
1075	Chr5	rap2.6l_eth_rep1_peak_370	25662867
1076	Chr5	rap2.6l_eth_rep4_peak_937	25726263
1077	Chr5	rap2.6l_eth_rep1_peak_371	25841147
1077	Chr5	rap2.6l_eth_rep4_peak_938	25841151
1078	Chr5	rap2.6l_eth_rep1_peak_372	26002795
1079	Chr5	rap2.6l_eth_rep4_peak_939	26012807
1080	Chr5	rap2.6l_eth_rep1_peak_373	26057202
1080	Chr5	rap2.6l_eth_rep4_peak_940	26057167
1081	Chr5	rap2.6l_eth_rep4_peak_941	26083161
1082	Chr5	rap2.6l_eth_rep1_peak_374	26151288
1083	Chr5	rap2.6l_eth_rep1_peak_375	26231342
1084	Chr5	rap2.6l_eth_rep4_peak_942	26566769
1085	Chr5	rap2.6l_eth_rep1_peak_376	26628479
1085	Chr5	rap2.6l_eth_rep4_peak_943	26628513
1086	Chr5	rap2.6l_eth_rep4_peak_944	26644439
1087	Chr5	rap2.6l_eth_rep4_peak_945	26645248
1088	Chr5	rap2.6l_eth_rep1_peak_377	26850774
1088	Chr5	rap2.6l_eth_rep4_peak_946	26850736
1089	Chr5	rap2.6l_eth_rep4_peak_947	26853787
1090	Chr5	rap2.6l_eth_rep4_peak_948	26877331
1091	Chr5	rap2.6l_eth_rep4_peak_949	26901059
1092	Chr5	rap2.6l_eth_rep4_peak_950	26912584
1093	Chr5	rap2.6l_eth_rep4_peak_951	26921304
1094	Chr5	rap2.6l_eth_rep4_peak_952	26926137
1095	Chr5	rap2.6l_eth_rep1_peak_378	26933310
1096	Chr5	rap2.6l_eth_rep4_peak_953	26949922
1097	ChrC	rap2.6l_eth_rep1_peak_379	27174
1097	ChrC	rap2.6l_eth_rep1_peak_380	51910
1097	ChrC	rap2.6l_eth_rep4_peak_954	8803
1098	ChrC	rap2.6l_eth_rep1_peak_381	114715
1098	ChrC	rap2.6l_eth_rep4_peak_955	122588
1099	ChrM	rap2.6l_eth_rep4_peak_956	817
1100	ChrM	rap2.6l_eth_rep4_peak_957	5525
1101	ChrM	rap2.6l_eth_rep4_peak_958	13041
1102	ChrM	rap2.6l_eth_rep4_peak_959	18117
1103	ChrM	rap2.6l_eth_rep4_peak_960	26077
1104	ChrM	rap2.6l_eth_rep4_peak_961	30040
1105	ChrM	rap2.6l_eth_rep4_peak_962	43419
1106	ChrM	rap2.6l_eth_rep4_peak_963	63429
1107	ChrM	rap2.6l_eth_rep4_peak_964	76053
1108	ChrM	rap2.6l_eth_rep4_peak_965	77505
1109	ChrM	rap2.6l_eth_rep4_peak_966	78601
1110	ChrM	rap2.6l_eth_rep4_peak_967	79577
1111	ChrM	rap2.6l_eth_rep4_peak_968	80746
1112	ChrM	rap2.6l_eth_rep4_peak_969	92440
1113	ChrM	rap2.6l_eth_rep4_peak_970	98509
1114	ChrM	rap2.6l_eth_rep4_peak_971	105870
1115	ChrM	rap2.6l_eth_rep4_peak_972	110151
1116	ChrM	rap2.6l_eth_rep4_peak_973	119343
1117	ChrM	rap2.6l_eth_rep4_peak_974	153471
1118	ChrM	rap2.6l_eth_rep4_peak_975	155263
1119	ChrM	rap2.6l_eth_rep4_peak_976	158317
1120	ChrM	rap2.6l_eth_rep4_peak_977	162665
1121	ChrM	rap2.6l_eth_rep4_peak_978	192473
1122	ChrM	rap2.6l_eth_rep4_peak_979	205418
1123	ChrM	rap2.6l_eth_rep4_peak_980	233090
1124	ChrM	rap2.6l_eth_rep4_peak_981	247142
1125	ChrM	rap2.6l_eth_rep4_peak_982	252853
1126	ChrM	rap2.6l_eth_rep4_peak_983	257234
1127	ChrM	rap2.6l_eth_rep4_peak_984	269137
1128	ChrM	rap2.6l_eth_rep4_peak_985	288459
1129	ChrM	rap2.6l_eth_rep4_peak_986	289929
1130	ChrM	rap2.6l_eth_rep4_peak_987	297685
1131	ChrM	rap2.6l_eth_rep4_peak_988	305665
1132	ChrM	rap2.6l_eth_rep4_peak_989	312595
1133	ChrM	rap2.6l_eth_rep4_peak_990	341581
1134	ChrM	rap2.6l_eth_rep4_peak_991	364510
1135	ChrM	rap2.6l_eth_rep4_peak_992	365777
