1	Chr1	stz_eth_rep2_peak_1	82309
2	Chr1	stz_eth_rep2_peak_2	173743
3	Chr1	stz_eth_rep2_peak_3	179209
4	Chr1	stz_eth_rep2_peak_4	182491
5	Chr1	stz_eth_rep2_peak_5	270051
6	Chr1	stz_eth_rep2_peak_6	364263
7	Chr1	stz_eth_rep2_peak_7	428406
8	Chr1	stz_eth_rep2_peak_8	434634
9	Chr1	stz_eth_rep2_peak_9	445785
10	Chr1	stz_eth_rep2_peak_10	473780
11	Chr1	stz_eth_rep2_peak_11	479351
12	Chr1	stz_eth_rep2_peak_12	488379
13	Chr1	stz_eth_rep2_peak_13	496202
14	Chr1	stz_eth_rep2_peak_14	497627
15	Chr1	stz_eth_rep2_peak_15	499006
16	Chr1	stz_eth_rep2_peak_16	618176
17	Chr1	stz_eth_rep2_peak_17	636220
18	Chr1	stz_eth_rep2_peak_18	658493
19	Chr1	stz_eth_rep2_peak_19	786974
20	Chr1	stz_eth_rep2_peak_20	865262
21	Chr1	stz_eth_rep2_peak_21	933628
22	Chr1	stz_eth_rep2_peak_22	978211
23	Chr1	stz_eth_rep2_peak_23	978924
24	Chr1	stz_eth_rep2_peak_24	983476
25	Chr1	stz_eth_rep2_peak_25	1049991
26	Chr1	stz_eth_rep2_peak_26	1170744
27	Chr1	stz_eth_rep2_peak_27	1172871
28	Chr1	stz_eth_rep2_peak_28	1191335
29	Chr1	stz_eth_rep2_peak_29	1275560
30	Chr1	stz_eth_rep2_peak_30	1424099
31	Chr1	stz_eth_rep2_peak_31	1425575
32	Chr1	stz_eth_rep2_peak_32	1426670
33	Chr1	stz_eth_rep2_peak_33	1548515
34	Chr1	stz_eth_rep2_peak_34	1714305
35	Chr1	stz_eth_rep2_peak_35	1829957
36	Chr1	stz_eth_rep2_peak_36	2199865
37	Chr1	stz_eth_rep2_peak_37	2312981
38	Chr1	stz_eth_rep2_peak_38	2342174
39	Chr1	stz_eth_rep2_peak_39	2348993
40	Chr1	stz_eth_rep2_peak_40	2432636
41	Chr1	stz_eth_rep2_peak_41	2530445
42	Chr1	stz_eth_rep2_peak_42	2628022
43	Chr1	stz_eth_rep2_peak_43	2755478
44	Chr1	stz_eth_rep2_peak_44	2848293
45	Chr1	stz_eth_rep2_peak_45	3094847
46	Chr1	stz_eth_rep2_peak_46	3241545
47	Chr1	stz_eth_rep2_peak_47	3250035
48	Chr1	stz_eth_rep2_peak_48	3251792
49	Chr1	stz_eth_rep2_peak_49	3272918
50	Chr1	stz_eth_rep2_peak_50	3324012
51	Chr1	stz_eth_rep2_peak_51	3545636
52	Chr1	stz_eth_rep2_peak_52	3610668
53	Chr1	stz_eth_rep2_peak_53	3778719
54	Chr1	stz_eth_rep2_peak_54	3804237
55	Chr1	stz_eth_rep2_peak_55	3806735
56	Chr1	stz_eth_rep2_peak_56	3810230
57	Chr1	stz_eth_rep2_peak_57	4044125
58	Chr1	stz_eth_rep2_peak_58	4230104
59	Chr1	stz_eth_rep2_peak_59	4276204
60	Chr1	stz_eth_rep2_peak_60	4321192
61	Chr1	stz_eth_rep2_peak_61	4413027
62	Chr1	stz_eth_rep2_peak_62	4432594
63	Chr1	stz_eth_rep2_peak_63	4459066
64	Chr1	stz_eth_rep2_peak_64	4468405
65	Chr1	stz_eth_rep2_peak_65	4527635
66	Chr1	stz_eth_rep2_peak_66	4534196
67	Chr1	stz_eth_rep2_peak_67	4536087
68	Chr1	stz_eth_rep2_peak_68	4554867
69	Chr1	stz_eth_rep2_peak_69	4559365
70	Chr1	stz_eth_rep2_peak_70	4630925
71	Chr1	stz_eth_rep2_peak_71	4647748
72	Chr1	stz_eth_rep2_peak_72	4818230
73	Chr1	stz_eth_rep2_peak_73	4846422
74	Chr1	stz_eth_rep2_peak_74	4976286
75	Chr1	stz_eth_rep2_peak_75	4978695
76	Chr1	stz_eth_rep2_peak_76	5091745
77	Chr1	stz_eth_rep2_peak_77	5126403
78	Chr1	stz_eth_rep2_peak_78	5128032
79	Chr1	stz_eth_rep2_peak_79	5181687
80	Chr1	stz_eth_rep2_peak_80	5202601
81	Chr1	stz_eth_rep2_peak_81	5385293
82	Chr1	stz_eth_rep2_peak_82	5390202
83	Chr1	stz_eth_rep2_peak_83	5461327
84	Chr1	stz_eth_rep2_peak_84	5518278
85	Chr1	stz_eth_rep2_peak_85	5522401
86	Chr1	stz_eth_rep2_peak_86	5525413
87	Chr1	stz_eth_rep2_peak_87	5532317
88	Chr1	stz_eth_rep2_peak_88	5535734
89	Chr1	stz_eth_rep2_peak_89	5539946
90	Chr1	stz_eth_rep2_peak_90	5869476
91	Chr1	stz_eth_rep2_peak_91	6015051
92	Chr1	stz_eth_rep2_peak_92	6149158
93	Chr1	stz_eth_rep2_peak_93	6156145
94	Chr1	stz_eth_rep2_peak_94	6267195
95	Chr1	stz_eth_rep2_peak_95	6300808
96	Chr1	stz_eth_rep2_peak_96	6325156
97	Chr1	stz_eth_rep2_peak_97	6326862
98	Chr1	stz_eth_rep2_peak_98	6327185
99	Chr1	stz_eth_rep2_peak_99	6388263
100	Chr1	stz_eth_rep2_peak_100	6390703
101	Chr1	stz_eth_rep2_peak_101	6627707
102	Chr1	stz_eth_rep2_peak_102	6654680
103	Chr1	stz_eth_rep2_peak_103	6832544
104	Chr1	stz_eth_rep2_peak_104	7149952
105	Chr1	stz_eth_rep2_peak_105	7150528
106	Chr1	stz_eth_rep2_peak_106	7154471
107	Chr1	stz_eth_rep2_peak_107	7216961
108	Chr1	stz_eth_rep2_peak_108	7339645
109	Chr1	stz_eth_rep2_peak_109	7370171
110	Chr1	stz_eth_rep2_peak_110	7391731
111	Chr1	stz_eth_rep2_peak_111	7396937
112	Chr1	stz_eth_rep2_peak_112	7452853
113	Chr1	stz_eth_rep2_peak_113	7802490
114	Chr1	stz_eth_rep2_peak_114	7948683
115	Chr1	stz_eth_rep2_peak_115	8075050
116	Chr1	stz_eth_rep2_peak_116	8075758
117	Chr1	stz_eth_rep2_peak_117	8352363
118	Chr1	stz_eth_rep2_peak_118	8354688
119	Chr1	stz_eth_rep2_peak_119	8558152
120	Chr1	stz_eth_rep2_peak_120	8975880
121	Chr1	stz_eth_rep2_peak_121	8976309
122	Chr1	stz_eth_rep2_peak_122	8979570
123	Chr1	stz_eth_rep2_peak_123	8981989
124	Chr1	stz_eth_rep2_peak_124	8990540
125	Chr1	stz_eth_rep2_peak_125	9140948
126	Chr1	stz_eth_rep2_peak_126	9143508
127	Chr1	stz_eth_rep2_peak_127	9452324
128	Chr1	stz_eth_rep2_peak_128	9591873
129	Chr1	stz_eth_rep2_peak_129	9592932
130	Chr1	stz_eth_rep2_peak_130	9594383
131	Chr1	stz_eth_rep2_peak_131	9596907
132	Chr1	stz_eth_rep2_peak_132	9597429
133	Chr1	stz_eth_rep2_peak_133	9597838
134	Chr1	stz_eth_rep2_peak_134	9598129
135	Chr1	stz_eth_rep2_peak_135	9600032
136	Chr1	stz_eth_rep2_peak_136	9602488
137	Chr1	stz_eth_rep2_peak_137	9602876
138	Chr1	stz_eth_rep2_peak_138	9603810
139	Chr1	stz_eth_rep2_peak_139	9604623
140	Chr1	stz_eth_rep2_peak_140	9605340
141	Chr1	stz_eth_rep2_peak_141	9606730
142	Chr1	stz_eth_rep2_peak_142	9607074
143	Chr1	stz_eth_rep2_peak_143	9610259
144	Chr1	stz_eth_rep2_peak_144	9611070
145	Chr1	stz_eth_rep2_peak_145	9611691
146	Chr1	stz_eth_rep2_peak_146	9613479
147	Chr1	stz_eth_rep2_peak_147	9615041
148	Chr1	stz_eth_rep2_peak_148	9615543
149	Chr1	stz_eth_rep2_peak_149	9616068
150	Chr1	stz_eth_rep2_peak_150	9618741
151	Chr1	stz_eth_rep2_peak_151	9619396
152	Chr1	stz_eth_rep2_peak_152	9619855
153	Chr1	stz_eth_rep2_peak_153	9624152
154	Chr1	stz_eth_rep2_peak_154	9625316
155	Chr1	stz_eth_rep2_peak_155	9627081
156	Chr1	stz_eth_rep2_peak_156	9627421
157	Chr1	stz_eth_rep2_peak_157	9628187
158	Chr1	stz_eth_rep2_peak_158	9629894
159	Chr1	stz_eth_rep2_peak_159	9635770
160	Chr1	stz_eth_rep2_peak_160	9636407
161	Chr1	stz_eth_rep2_peak_161	9637849
162	Chr1	stz_eth_rep2_peak_162	9638779
163	Chr1	stz_eth_rep2_peak_163	9639171
164	Chr1	stz_eth_rep2_peak_164	9640243
165	Chr1	stz_eth_rep2_peak_165	9641338
166	Chr1	stz_eth_rep2_peak_166	9647116
167	Chr1	stz_eth_rep2_peak_167	9649143
168	Chr1	stz_eth_rep2_peak_168	9653619
169	Chr1	stz_eth_rep2_peak_169	9658149
170	Chr1	stz_eth_rep2_peak_170	10123298
171	Chr1	stz_eth_rep2_peak_171	10238279
172	Chr1	stz_eth_rep2_peak_172	10244175
173	Chr1	stz_eth_rep2_peak_173	10244822
174	Chr1	stz_eth_rep2_peak_174	10247496
175	Chr1	stz_eth_rep2_peak_175	10248013
176	Chr1	stz_eth_rep2_peak_176	10295809
177	Chr1	stz_eth_rep2_peak_177	10297583
178	Chr1	stz_eth_rep2_peak_178	10356587
179	Chr1	stz_eth_rep2_peak_179	10365735
180	Chr1	stz_eth_rep2_peak_180	10450480
181	Chr1	stz_eth_rep2_peak_181	10581380
182	Chr1	stz_eth_rep2_peak_182	10622567
183	Chr1	stz_eth_rep2_peak_183	10705277
184	Chr1	stz_eth_rep2_peak_184	10850802
185	Chr1	stz_eth_rep2_peak_185	10892265
186	Chr1	stz_eth_rep2_peak_186	10909155
187	Chr1	stz_eth_rep2_peak_187	10953782
188	Chr1	stz_eth_rep2_peak_188	10984809
189	Chr1	stz_eth_rep2_peak_189	11222849
190	Chr1	stz_eth_rep2_peak_190	11374350
191	Chr1	stz_eth_rep2_peak_191	11549715
192	Chr1	stz_eth_rep2_peak_192	11573574
193	Chr1	stz_eth_rep2_peak_193	11930220
194	Chr1	stz_eth_rep2_peak_194	12061470
195	Chr1	stz_eth_rep2_peak_195	12064719
196	Chr1	stz_eth_rep2_peak_196	12474570
197	Chr1	stz_eth_rep2_peak_197	13453279
198	Chr1	stz_eth_rep2_peak_198	13462916
199	Chr1	stz_eth_rep2_peak_199	13837169
200	Chr1	stz_eth_rep2_peak_200	14163020
201	Chr1	stz_eth_rep2_peak_201	15083690
202	Chr1	stz_eth_rep2_peak_202	16767371
203	Chr1	stz_eth_rep2_peak_203	17284902
204	Chr1	stz_eth_rep2_peak_204	17285231
205	Chr1	stz_eth_rep2_peak_205	18246414
206	Chr1	stz_eth_rep2_peak_206	18324261
207	Chr1	stz_eth_rep2_peak_207	18886463
208	Chr1	stz_eth_rep2_peak_208	18927869
209	Chr1	stz_eth_rep2_peak_209	19105564
210	Chr1	stz_eth_rep2_peak_210	19171185
211	Chr1	stz_eth_rep2_peak_211	19175167
212	Chr1	stz_eth_rep2_peak_212	19212226
213	Chr1	stz_eth_rep2_peak_213	19214033
214	Chr1	stz_eth_rep2_peak_214	19242298
215	Chr1	stz_eth_rep2_peak_215	19250300
216	Chr1	stz_eth_rep2_peak_216	19250563
217	Chr1	stz_eth_rep2_peak_217	19257349
218	Chr1	stz_eth_rep2_peak_218	19261967
219	Chr1	stz_eth_rep2_peak_219	19442039
220	Chr1	stz_eth_rep2_peak_220	19443605
221	Chr1	stz_eth_rep2_peak_221	19889496
222	Chr1	stz_eth_rep2_peak_222	19890219
223	Chr1	stz_eth_rep2_peak_223	20010125
224	Chr1	stz_eth_rep2_peak_224	20012659
225	Chr1	stz_eth_rep2_peak_225	20047555
226	Chr1	stz_eth_rep2_peak_226	20707107
227	Chr1	stz_eth_rep2_peak_227	20876495
228	Chr1	stz_eth_rep2_peak_228	20911436
229	Chr1	stz_eth_rep2_peak_229	20938607
230	Chr1	stz_eth_rep2_peak_230	20948421
231	Chr1	stz_eth_rep2_peak_231	20951899
232	Chr1	stz_eth_rep2_peak_232	21044002
233	Chr1	stz_eth_rep2_peak_233	21363798
234	Chr1	stz_eth_rep2_peak_234	21443540
235	Chr1	stz_eth_rep2_peak_235	21544562
236	Chr1	stz_eth_rep2_peak_236	21563940
237	Chr1	stz_eth_rep2_peak_237	21700138
238	Chr1	stz_eth_rep2_peak_238	21716448
239	Chr1	stz_eth_rep2_peak_239	22034213
240	Chr1	stz_eth_rep2_peak_240	22594039
241	Chr1	stz_eth_rep2_peak_241	22641177
242	Chr1	stz_eth_rep2_peak_242	22645296
243	Chr1	stz_eth_rep2_peak_243	22649649
244	Chr1	stz_eth_rep2_peak_244	22677651
245	Chr1	stz_eth_rep2_peak_245	22763059
246	Chr1	stz_eth_rep2_peak_246	22844501
247	Chr1	stz_eth_rep2_peak_247	23016148
248	Chr1	stz_eth_rep2_peak_248	23020658
249	Chr1	stz_eth_rep2_peak_249	23022785
250	Chr1	stz_eth_rep2_peak_250	23024084
251	Chr1	stz_eth_rep2_peak_251	23084185
252	Chr1	stz_eth_rep2_peak_252	23166642
253	Chr1	stz_eth_rep2_peak_253	23201148
254	Chr1	stz_eth_rep2_peak_254	23396612
255	Chr1	stz_eth_rep2_peak_255	23459848
256	Chr1	stz_eth_rep2_peak_256	23787409
257	Chr1	stz_eth_rep2_peak_257	23895851
258	Chr1	stz_eth_rep2_peak_258	23899123
259	Chr1	stz_eth_rep2_peak_259	23922050
260	Chr1	stz_eth_rep2_peak_260	24129152
261	Chr1	stz_eth_rep2_peak_261	24292299
262	Chr1	stz_eth_rep2_peak_262	24349227
263	Chr1	stz_eth_rep2_peak_263	24357535
264	Chr1	stz_eth_rep2_peak_264	24359197
265	Chr1	stz_eth_rep2_peak_265	24443442
266	Chr1	stz_eth_rep2_peak_266	24443915
267	Chr1	stz_eth_rep2_peak_267	24494801
268	Chr1	stz_eth_rep2_peak_268	24647980
269	Chr1	stz_eth_rep2_peak_269	24657500
270	Chr1	stz_eth_rep2_peak_270	24831455
271	Chr1	stz_eth_rep2_peak_271	24848129
272	Chr1	stz_eth_rep2_peak_272	24908977
273	Chr1	stz_eth_rep2_peak_273	25138008
274	Chr1	stz_eth_rep2_peak_274	25216272
275	Chr1	stz_eth_rep2_peak_275	25272102
276	Chr1	stz_eth_rep2_peak_276	25319723
277	Chr1	stz_eth_rep2_peak_277	25425534
278	Chr1	stz_eth_rep2_peak_278	25470112
279	Chr1	stz_eth_rep2_peak_279	25473351
280	Chr1	stz_eth_rep2_peak_280	25659129
281	Chr1	stz_eth_rep2_peak_281	25724980
282	Chr1	stz_eth_rep2_peak_282	25830807
283	Chr1	stz_eth_rep2_peak_283	25876035
284	Chr1	stz_eth_rep2_peak_284	25876831
285	Chr1	stz_eth_rep2_peak_285	25877638
286	Chr1	stz_eth_rep2_peak_286	26043085
287	Chr1	stz_eth_rep2_peak_287	26089025
288	Chr1	stz_eth_rep2_peak_288	26123571
289	Chr1	stz_eth_rep2_peak_289	26235842
290	Chr1	stz_eth_rep2_peak_290	26266620
291	Chr1	stz_eth_rep2_peak_291	26279448
292	Chr1	stz_eth_rep2_peak_292	26306868
293	Chr1	stz_eth_rep2_peak_293	26483929
294	Chr1	stz_eth_rep2_peak_294	26484965
295	Chr1	stz_eth_rep2_peak_295	26541453
296	Chr1	stz_eth_rep2_peak_296	26587583
297	Chr1	stz_eth_rep2_peak_297	26591621
298	Chr1	stz_eth_rep2_peak_298	26593033
299	Chr1	stz_eth_rep2_peak_299	26676660
300	Chr1	stz_eth_rep2_peak_300	26695029
301	Chr1	stz_eth_rep2_peak_301	26718160
302	Chr1	stz_eth_rep2_peak_302	26719420
303	Chr1	stz_eth_rep2_peak_303	26738933
304	Chr1	stz_eth_rep2_peak_304	26790444
305	Chr1	stz_eth_rep2_peak_305	26909724
306	Chr1	stz_eth_rep2_peak_306	26938032
307	Chr1	stz_eth_rep2_peak_307	26970569
308	Chr1	stz_eth_rep2_peak_308	27147941
309	Chr1	stz_eth_rep2_peak_309	27171961
310	Chr1	stz_eth_rep2_peak_310	27300724
311	Chr1	stz_eth_rep2_peak_311	27306690
312	Chr1	stz_eth_rep2_peak_312	27366159
313	Chr1	stz_eth_rep2_peak_313	27483951
314	Chr1	stz_eth_rep2_peak_314	27638388
315	Chr1	stz_eth_rep2_peak_315	27639164
316	Chr1	stz_eth_rep2_peak_316	27708102
317	Chr1	stz_eth_rep2_peak_317	27786036
318	Chr1	stz_eth_rep2_peak_318	27953058
319	Chr1	stz_eth_rep2_peak_319	27981669
320	Chr1	stz_eth_rep2_peak_320	28095547
321	Chr1	stz_eth_rep2_peak_321	28098515
322	Chr1	stz_eth_rep2_peak_322	28115765
323	Chr1	stz_eth_rep2_peak_323	28145468
324	Chr1	stz_eth_rep2_peak_324	28285761
325	Chr1	stz_eth_rep2_peak_325	28644832
326	Chr1	stz_eth_rep2_peak_326	28654048
327	Chr1	stz_eth_rep2_peak_327	28680583
328	Chr1	stz_eth_rep2_peak_328	28745954
329	Chr1	stz_eth_rep2_peak_329	28749112
330	Chr1	stz_eth_rep2_peak_330	28894996
331	Chr1	stz_eth_rep2_peak_331	28925538
332	Chr1	stz_eth_rep2_peak_332	29215948
333	Chr1	stz_eth_rep2_peak_333	29329912
334	Chr1	stz_eth_rep2_peak_334	29330877
335	Chr1	stz_eth_rep2_peak_335	29333071
336	Chr1	stz_eth_rep2_peak_336	29474018
337	Chr1	stz_eth_rep2_peak_337	29643492
338	Chr1	stz_eth_rep2_peak_338	29785495
339	Chr1	stz_eth_rep2_peak_339	29835992
340	Chr1	stz_eth_rep2_peak_340	29986126
341	Chr1	stz_eth_rep2_peak_341	30217287
342	Chr1	stz_eth_rep2_peak_342	30244883
343	Chr1	stz_eth_rep2_peak_343	30245770
344	Chr1	stz_eth_rep2_peak_344	30246020
345	Chr1	stz_eth_rep2_peak_345	30249402
346	Chr1	stz_eth_rep2_peak_346	30292450
347	Chr1	stz_eth_rep2_peak_347	30379923
348	Chr1	stz_eth_rep2_peak_348	30380545
349	Chr2	stz_eth_rep2_peak_349	1374
350	Chr2	stz_eth_rep2_peak_350	2651
351	Chr2	stz_eth_rep2_peak_351	3429
352	Chr2	stz_eth_rep2_peak_352	10036
353	Chr2	stz_eth_rep2_peak_353	97777
354	Chr2	stz_eth_rep2_peak_354	109269
355	Chr2	stz_eth_rep2_peak_355	203986
356	Chr2	stz_eth_rep2_peak_356	495051
357	Chr2	stz_eth_rep2_peak_357	583421
358	Chr2	stz_eth_rep2_peak_358	587358
359	Chr2	stz_eth_rep2_peak_359	592016
360	Chr2	stz_eth_rep2_peak_360	641647
361	Chr2	stz_eth_rep2_peak_361	977457
362	Chr2	stz_eth_rep2_peak_362	1002923
363	Chr2	stz_eth_rep2_peak_363	1140027
364	Chr2	stz_eth_rep2_peak_364	1572267
365	Chr2	stz_eth_rep2_peak_365	2291619
366	Chr2	stz_eth_rep2_peak_366	3619019
367	Chr2	stz_eth_rep2_peak_367	3619518
368	Chr2	stz_eth_rep2_peak_368	3620004
369	Chr2	stz_eth_rep2_peak_369	3621216
370	Chr2	stz_eth_rep2_peak_370	3624632
371	Chr2	stz_eth_rep2_peak_371	3626333
372	Chr2	stz_eth_rep2_peak_372	5766833
373	Chr2	stz_eth_rep2_peak_373	6018187
374	Chr2	stz_eth_rep2_peak_374	6321567
375	Chr2	stz_eth_rep2_peak_375	6608446
376	Chr2	stz_eth_rep2_peak_376	6758442
377	Chr2	stz_eth_rep2_peak_377	6761490
378	Chr2	stz_eth_rep2_peak_378	6894780
379	Chr2	stz_eth_rep2_peak_379	7190965
380	Chr2	stz_eth_rep2_peak_380	7245858
381	Chr2	stz_eth_rep2_peak_381	7459011
382	Chr2	stz_eth_rep2_peak_382	7578597
383	Chr2	stz_eth_rep2_peak_383	7693490
384	Chr2	stz_eth_rep2_peak_384	7713081
385	Chr2	stz_eth_rep2_peak_385	7972219
386	Chr2	stz_eth_rep2_peak_386	7995594
387	Chr2	stz_eth_rep2_peak_387	7995978
388	Chr2	stz_eth_rep2_peak_388	8091710
389	Chr2	stz_eth_rep2_peak_389	8097443
390	Chr2	stz_eth_rep2_peak_390	8223018
391	Chr2	stz_eth_rep2_peak_391	8256650
392	Chr2	stz_eth_rep2_peak_392	8329972
393	Chr2	stz_eth_rep2_peak_393	8330546
394	Chr2	stz_eth_rep2_peak_394	8331720
395	Chr2	stz_eth_rep2_peak_395	8473847
396	Chr2	stz_eth_rep2_peak_396	8556459
397	Chr2	stz_eth_rep2_peak_397	8567054
398	Chr2	stz_eth_rep2_peak_398	9002934
399	Chr2	stz_eth_rep2_peak_399	9006386
400	Chr2	stz_eth_rep2_peak_400	9119070
401	Chr2	stz_eth_rep2_peak_401	9386410
402	Chr2	stz_eth_rep2_peak_402	9706452
403	Chr2	stz_eth_rep2_peak_403	9710660
404	Chr2	stz_eth_rep2_peak_404	9741689
405	Chr2	stz_eth_rep2_peak_405	9920043
406	Chr2	stz_eth_rep2_peak_406	9923901
407	Chr2	stz_eth_rep2_peak_407	9924817
408	Chr2	stz_eth_rep2_peak_408	9933357
409	Chr2	stz_eth_rep2_peak_409	10072066
410	Chr2	stz_eth_rep2_peak_410	10122375
411	Chr2	stz_eth_rep2_peak_411	10135697
412	Chr2	stz_eth_rep2_peak_412	10137440
413	Chr2	stz_eth_rep2_peak_413	10243810
414	Chr2	stz_eth_rep2_peak_414	10344304
415	Chr2	stz_eth_rep2_peak_415	10438227
416	Chr2	stz_eth_rep2_peak_416	10628928
417	Chr2	stz_eth_rep2_peak_417	10847273
418	Chr2	stz_eth_rep2_peak_418	10849215
419	Chr2	stz_eth_rep2_peak_419	10849909
420	Chr2	stz_eth_rep2_peak_420	11243226
421	Chr2	stz_eth_rep2_peak_421	11380366
422	Chr2	stz_eth_rep2_peak_422	11519258
423	Chr2	stz_eth_rep2_peak_423	11683681
424	Chr2	stz_eth_rep2_peak_424	11800997
425	Chr2	stz_eth_rep2_peak_425	12018727
426	Chr2	stz_eth_rep2_peak_426	12053366
427	Chr2	stz_eth_rep2_peak_427	12280948
428	Chr2	stz_eth_rep2_peak_428	12321727
429	Chr2	stz_eth_rep2_peak_429	12386428
430	Chr2	stz_eth_rep2_peak_430	12408322
431	Chr2	stz_eth_rep2_peak_431	12419948
432	Chr2	stz_eth_rep2_peak_432	12484759
433	Chr2	stz_eth_rep2_peak_433	12632627
434	Chr2	stz_eth_rep2_peak_434	12767532
435	Chr2	stz_eth_rep2_peak_435	12800083
436	Chr2	stz_eth_rep2_peak_436	12821803
437	Chr2	stz_eth_rep2_peak_437	12872198
438	Chr2	stz_eth_rep2_peak_438	13200568
439	Chr2	stz_eth_rep2_peak_439	13201327
440	Chr2	stz_eth_rep2_peak_440	13316262
441	Chr2	stz_eth_rep2_peak_441	13490137
442	Chr2	stz_eth_rep2_peak_442	13528606
443	Chr2	stz_eth_rep2_peak_443	13554118
444	Chr2	stz_eth_rep2_peak_444	13689479
445	Chr2	stz_eth_rep2_peak_445	13691165
446	Chr2	stz_eth_rep2_peak_446	13702651
447	Chr2	stz_eth_rep2_peak_447	13739877
448	Chr2	stz_eth_rep2_peak_448	13765870
449	Chr2	stz_eth_rep2_peak_449	13984149
450	Chr2	stz_eth_rep2_peak_450	14180376
451	Chr2	stz_eth_rep2_peak_451	14261621
452	Chr2	stz_eth_rep2_peak_452	14432497
453	Chr2	stz_eth_rep2_peak_453	14542210
454	Chr2	stz_eth_rep2_peak_454	14753012
455	Chr2	stz_eth_rep2_peak_455	14754067
456	Chr2	stz_eth_rep2_peak_456	14884245
457	Chr2	stz_eth_rep2_peak_457	14888187
458	Chr2	stz_eth_rep2_peak_458	14965432
459	Chr2	stz_eth_rep2_peak_459	15015520
460	Chr2	stz_eth_rep2_peak_460	15015914
461	Chr2	stz_eth_rep2_peak_461	15066081
462	Chr2	stz_eth_rep2_peak_462	15072799
463	Chr2	stz_eth_rep2_peak_463	15084769
464	Chr2	stz_eth_rep2_peak_464	15086732
465	Chr2	stz_eth_rep2_peak_465	15100160
466	Chr2	stz_eth_rep2_peak_466	15158354
467	Chr2	stz_eth_rep2_peak_467	15187052
468	Chr2	stz_eth_rep2_peak_468	15187555
469	Chr2	stz_eth_rep2_peak_469	15193542
470	Chr2	stz_eth_rep2_peak_470	15277739
471	Chr2	stz_eth_rep2_peak_471	15294054
472	Chr2	stz_eth_rep2_peak_472	15372127
473	Chr2	stz_eth_rep2_peak_473	15374317
474	Chr2	stz_eth_rep2_peak_474	15375241
475	Chr2	stz_eth_rep2_peak_475	15470227
476	Chr2	stz_eth_rep2_peak_476	15514785
477	Chr2	stz_eth_rep2_peak_477	15518483
478	Chr2	stz_eth_rep2_peak_478	15521718
479	Chr2	stz_eth_rep2_peak_479	15613084
480	Chr2	stz_eth_rep2_peak_480	15706025
481	Chr2	stz_eth_rep2_peak_481	15717415
482	Chr2	stz_eth_rep2_peak_482	15847396
483	Chr2	stz_eth_rep2_peak_483	15849839
484	Chr2	stz_eth_rep2_peak_484	16108829
485	Chr2	stz_eth_rep2_peak_485	16257797
486	Chr2	stz_eth_rep2_peak_486	16360163
487	Chr2	stz_eth_rep2_peak_487	16361337
488	Chr2	stz_eth_rep2_peak_488	16361951
489	Chr2	stz_eth_rep2_peak_489	16365000
490	Chr2	stz_eth_rep2_peak_490	16365992
491	Chr2	stz_eth_rep2_peak_491	16368674
492	Chr2	stz_eth_rep2_peak_492	16370451
493	Chr2	stz_eth_rep2_peak_493	16371732
494	Chr2	stz_eth_rep2_peak_494	16449599
495	Chr2	stz_eth_rep2_peak_495	16497510
496	Chr2	stz_eth_rep2_peak_496	16531006
497	Chr2	stz_eth_rep2_peak_497	16557720
498	Chr2	stz_eth_rep2_peak_498	16651312
499	Chr2	stz_eth_rep2_peak_499	16655047
500	Chr2	stz_eth_rep2_peak_500	16688308
501	Chr2	stz_eth_rep2_peak_501	16689422
502	Chr2	stz_eth_rep2_peak_502	16692296
503	Chr2	stz_eth_rep2_peak_503	16707446
504	Chr2	stz_eth_rep2_peak_504	16743915
505	Chr2	stz_eth_rep2_peak_505	16749846
506	Chr2	stz_eth_rep2_peak_506	16801812
507	Chr2	stz_eth_rep2_peak_507	16929518
508	Chr2	stz_eth_rep2_peak_508	17177740
509	Chr2	stz_eth_rep2_peak_509	17189482
510	Chr2	stz_eth_rep2_peak_510	17219190
511	Chr2	stz_eth_rep2_peak_511	17336194
512	Chr2	stz_eth_rep2_peak_512	17336458
513	Chr2	stz_eth_rep2_peak_513	17548045
514	Chr2	stz_eth_rep2_peak_514	17614361
515	Chr2	stz_eth_rep2_peak_515	17638831
516	Chr2	stz_eth_rep2_peak_516	17640002
517	Chr2	stz_eth_rep2_peak_517	17665834
518	Chr2	stz_eth_rep2_peak_518	17910707
519	Chr2	stz_eth_rep2_peak_519	18217583
520	Chr2	stz_eth_rep2_peak_520	18226689
521	Chr2	stz_eth_rep2_peak_521	18236883
522	Chr2	stz_eth_rep2_peak_522	18237759
523	Chr2	stz_eth_rep2_peak_523	18238056
524	Chr2	stz_eth_rep2_peak_524	18312855
525	Chr2	stz_eth_rep2_peak_525	18321975
526	Chr2	stz_eth_rep2_peak_526	18323091
527	Chr2	stz_eth_rep2_peak_527	18345410
528	Chr2	stz_eth_rep2_peak_528	18346829
529	Chr2	stz_eth_rep2_peak_529	18363919
530	Chr2	stz_eth_rep2_peak_530	18423747
531	Chr2	stz_eth_rep2_peak_531	18483138
532	Chr2	stz_eth_rep2_peak_532	18624361
533	Chr2	stz_eth_rep2_peak_533	18785460
534	Chr2	stz_eth_rep2_peak_534	18843689
535	Chr2	stz_eth_rep2_peak_535	18916579
536	Chr2	stz_eth_rep2_peak_536	19033804
537	Chr2	stz_eth_rep2_peak_537	19057918
538	Chr2	stz_eth_rep2_peak_538	19085877
539	Chr2	stz_eth_rep2_peak_539	19179470
540	Chr2	stz_eth_rep2_peak_540	19349350
541	Chr2	stz_eth_rep2_peak_541	19350834
542	Chr2	stz_eth_rep2_peak_542	19378440
543	Chr2	stz_eth_rep2_peak_543	19391062
544	Chr2	stz_eth_rep2_peak_544	19557801
545	Chr2	stz_eth_rep2_peak_545	19574814
546	Chr3	stz_eth_rep2_peak_546	22878
547	Chr3	stz_eth_rep2_peak_547	41178
548	Chr3	stz_eth_rep2_peak_548	61277
549	Chr3	stz_eth_rep2_peak_549	88110
550	Chr3	stz_eth_rep2_peak_550	88879
551	Chr3	stz_eth_rep2_peak_551	89337
552	Chr3	stz_eth_rep2_peak_552	89924
553	Chr3	stz_eth_rep2_peak_553	183330
554	Chr3	stz_eth_rep2_peak_554	327607
555	Chr3	stz_eth_rep2_peak_555	508322
556	Chr3	stz_eth_rep2_peak_556	536608
557	Chr3	stz_eth_rep2_peak_557	538431
558	Chr3	stz_eth_rep2_peak_558	555606
559	Chr3	stz_eth_rep2_peak_559	608019
560	Chr3	stz_eth_rep2_peak_560	649576
561	Chr3	stz_eth_rep2_peak_561	1059279
562	Chr3	stz_eth_rep2_peak_562	1066922
563	Chr3	stz_eth_rep2_peak_563	1174667
564	Chr3	stz_eth_rep2_peak_564	1175345
565	Chr3	stz_eth_rep2_peak_565	1215060
566	Chr3	stz_eth_rep2_peak_566	1233571
567	Chr3	stz_eth_rep2_peak_567	1446206
568	Chr3	stz_eth_rep2_peak_568	1612592
569	Chr3	stz_eth_rep2_peak_569	1678869
570	Chr3	stz_eth_rep2_peak_570	1759447
571	Chr3	stz_eth_rep2_peak_571	1759698
572	Chr3	stz_eth_rep2_peak_572	1760268
573	Chr3	stz_eth_rep2_peak_573	1879633
574	Chr3	stz_eth_rep2_peak_574	1917005
575	Chr3	stz_eth_rep2_peak_575	2177519
576	Chr3	stz_eth_rep2_peak_576	2354694
577	Chr3	stz_eth_rep2_peak_577	2425753
578	Chr3	stz_eth_rep2_peak_578	2441573
579	Chr3	stz_eth_rep2_peak_579	2662061
580	Chr3	stz_eth_rep2_peak_580	2749320
581	Chr3	stz_eth_rep2_peak_581	2753511
582	Chr3	stz_eth_rep2_peak_582	2832120
583	Chr3	stz_eth_rep2_peak_583	3045261
584	Chr3	stz_eth_rep2_peak_584	3556006
585	Chr3	stz_eth_rep2_peak_585	3582938
586	Chr3	stz_eth_rep2_peak_586	3694116
587	Chr3	stz_eth_rep2_peak_587	3696310
588	Chr3	stz_eth_rep2_peak_588	3731032
589	Chr3	stz_eth_rep2_peak_589	3826076
590	Chr3	stz_eth_rep2_peak_590	3964875
591	Chr3	stz_eth_rep2_peak_591	4106782
592	Chr3	stz_eth_rep2_peak_592	4216272
593	Chr3	stz_eth_rep2_peak_593	4371231
594	Chr3	stz_eth_rep2_peak_594	4372091
595	Chr3	stz_eth_rep2_peak_595	4373760
596	Chr3	stz_eth_rep2_peak_596	4376310
597	Chr3	stz_eth_rep2_peak_597	4439262
598	Chr3	stz_eth_rep2_peak_598	4439748
599	Chr3	stz_eth_rep2_peak_599	4440171
600	Chr3	stz_eth_rep2_peak_600	4462179
601	Chr3	stz_eth_rep2_peak_601	4493984
602	Chr3	stz_eth_rep2_peak_602	4537518
603	Chr3	stz_eth_rep2_peak_603	4603801
604	Chr3	stz_eth_rep2_peak_604	4663622
605	Chr3	stz_eth_rep2_peak_605	4736301
606	Chr3	stz_eth_rep2_peak_606	4988141
607	Chr3	stz_eth_rep2_peak_607	5024034
608	Chr3	stz_eth_rep2_peak_608	5025304
609	Chr3	stz_eth_rep2_peak_609	5047335
610	Chr3	stz_eth_rep2_peak_610	5095907
611	Chr3	stz_eth_rep2_peak_611	5122830
612	Chr3	stz_eth_rep2_peak_612	5297906
613	Chr3	stz_eth_rep2_peak_613	5304253
614	Chr3	stz_eth_rep2_peak_614	5603735
615	Chr3	stz_eth_rep2_peak_615	5694526
616	Chr3	stz_eth_rep2_peak_616	5695043
617	Chr3	stz_eth_rep2_peak_617	5731072
618	Chr3	stz_eth_rep2_peak_618	5776084
619	Chr3	stz_eth_rep2_peak_619	5778334
620	Chr3	stz_eth_rep2_peak_620	5827406
621	Chr3	stz_eth_rep2_peak_621	6088977
622	Chr3	stz_eth_rep2_peak_622	6270065
623	Chr3	stz_eth_rep2_peak_623	6435643
624	Chr3	stz_eth_rep2_peak_624	6492677
625	Chr3	stz_eth_rep2_peak_625	6493802
626	Chr3	stz_eth_rep2_peak_626	6531777
627	Chr3	stz_eth_rep2_peak_627	6532467
628	Chr3	stz_eth_rep2_peak_628	6565260
629	Chr3	stz_eth_rep2_peak_629	6826030
630	Chr3	stz_eth_rep2_peak_630	6933705
631	Chr3	stz_eth_rep2_peak_631	7094473
632	Chr3	stz_eth_rep2_peak_632	7116109
633	Chr3	stz_eth_rep2_peak_633	7160505
634	Chr3	stz_eth_rep2_peak_634	7213875
635	Chr3	stz_eth_rep2_peak_635	7385372
636	Chr3	stz_eth_rep2_peak_636	7510412
637	Chr3	stz_eth_rep2_peak_637	8048792
638	Chr3	stz_eth_rep2_peak_638	8065796
639	Chr3	stz_eth_rep2_peak_639	8263076
640	Chr3	stz_eth_rep2_peak_640	8279116
641	Chr3	stz_eth_rep2_peak_641	8465880
642	Chr3	stz_eth_rep2_peak_642	8709871
643	Chr3	stz_eth_rep2_peak_643	8734726
644	Chr3	stz_eth_rep2_peak_644	8808658
645	Chr3	stz_eth_rep2_peak_645	8809514
646	Chr3	stz_eth_rep2_peak_646	8866912
647	Chr3	stz_eth_rep2_peak_647	8902802
648	Chr3	stz_eth_rep2_peak_648	8941207
649	Chr3	stz_eth_rep2_peak_649	8959199
650	Chr3	stz_eth_rep2_peak_650	9381649
651	Chr3	stz_eth_rep2_peak_651	9412492
652	Chr3	stz_eth_rep2_peak_652	9416469
653	Chr3	stz_eth_rep2_peak_653	9595455
654	Chr3	stz_eth_rep2_peak_654	9710110
655	Chr3	stz_eth_rep2_peak_655	9741372
656	Chr3	stz_eth_rep2_peak_656	9855199
657	Chr3	stz_eth_rep2_peak_657	10053950
658	Chr3	stz_eth_rep2_peak_658	10190431
659	Chr3	stz_eth_rep2_peak_659	10191996
660	Chr3	stz_eth_rep2_peak_660	10337095
661	Chr3	stz_eth_rep2_peak_661	10598284
662	Chr3	stz_eth_rep2_peak_662	10850185
663	Chr3	stz_eth_rep2_peak_663	11030009
664	Chr3	stz_eth_rep2_peak_664	11034898
665	Chr3	stz_eth_rep2_peak_665	11297038
666	Chr3	stz_eth_rep2_peak_666	12451814
667	Chr3	stz_eth_rep2_peak_667	13587687
668	Chr3	stz_eth_rep2_peak_668	13589307
669	Chr3	stz_eth_rep2_peak_669	13590641
670	Chr3	stz_eth_rep2_peak_670	13591114
671	Chr3	stz_eth_rep2_peak_671	13591712
672	Chr3	stz_eth_rep2_peak_672	13592267
673	Chr3	stz_eth_rep2_peak_673	14196050
674	Chr3	stz_eth_rep2_peak_674	14196920
675	Chr3	stz_eth_rep2_peak_675	14197398
676	Chr3	stz_eth_rep2_peak_676	14199656
677	Chr3	stz_eth_rep2_peak_677	14200080
678	Chr3	stz_eth_rep2_peak_678	14201702
679	Chr3	stz_eth_rep2_peak_679	14202119
680	Chr3	stz_eth_rep2_peak_680	15953204
681	Chr3	stz_eth_rep2_peak_681	16481884
682	Chr3	stz_eth_rep2_peak_682	16667238
683	Chr3	stz_eth_rep2_peak_683	16668765
684	Chr3	stz_eth_rep2_peak_684	16700994
685	Chr3	stz_eth_rep2_peak_685	16703511
686	Chr3	stz_eth_rep2_peak_686	16758951
687	Chr3	stz_eth_rep2_peak_687	16761929
688	Chr3	stz_eth_rep2_peak_688	16782510
689	Chr3	stz_eth_rep2_peak_689	16789725
690	Chr3	stz_eth_rep2_peak_690	16931653
691	Chr3	stz_eth_rep2_peak_691	17004419
692	Chr3	stz_eth_rep2_peak_692	17008538
693	Chr3	stz_eth_rep2_peak_693	17009260
694	Chr3	stz_eth_rep2_peak_694	17009892
695	Chr3	stz_eth_rep2_peak_695	17157721
696	Chr3	stz_eth_rep2_peak_696	17178406
697	Chr3	stz_eth_rep2_peak_697	17180159
698	Chr3	stz_eth_rep2_peak_698	17180627
699	Chr3	stz_eth_rep2_peak_699	17185267
700	Chr3	stz_eth_rep2_peak_700	17199397
701	Chr3	stz_eth_rep2_peak_701	17201939
702	Chr3	stz_eth_rep2_peak_702	17204087
703	Chr3	stz_eth_rep2_peak_703	17212629
704	Chr3	stz_eth_rep2_peak_704	17240981
705	Chr3	stz_eth_rep2_peak_705	17384067
706	Chr3	stz_eth_rep2_peak_706	17646395
707	Chr3	stz_eth_rep2_peak_707	17690879
708	Chr3	stz_eth_rep2_peak_708	17701021
709	Chr3	stz_eth_rep2_peak_709	17704630
710	Chr3	stz_eth_rep2_peak_710	17739951
711	Chr3	stz_eth_rep2_peak_711	18137345
712	Chr3	stz_eth_rep2_peak_712	18137926
713	Chr3	stz_eth_rep2_peak_713	18139110
714	Chr3	stz_eth_rep2_peak_714	18241095
715	Chr3	stz_eth_rep2_peak_715	18469557
716	Chr3	stz_eth_rep2_peak_716	18478428
717	Chr3	stz_eth_rep2_peak_717	18510113
718	Chr3	stz_eth_rep2_peak_718	18514029
719	Chr3	stz_eth_rep2_peak_719	18514289
720	Chr3	stz_eth_rep2_peak_720	18516435
721	Chr3	stz_eth_rep2_peak_721	18516979
722	Chr3	stz_eth_rep2_peak_722	18673947
723	Chr3	stz_eth_rep2_peak_723	18728940
724	Chr3	stz_eth_rep2_peak_724	18822133
725	Chr3	stz_eth_rep2_peak_725	19063322
726	Chr3	stz_eth_rep2_peak_726	19063589
727	Chr3	stz_eth_rep2_peak_727	19066769
728	Chr3	stz_eth_rep2_peak_728	19269477
729	Chr3	stz_eth_rep2_peak_729	19312361
730	Chr3	stz_eth_rep2_peak_730	19442523
731	Chr3	stz_eth_rep2_peak_731	19444291
732	Chr3	stz_eth_rep2_peak_732	19453311
733	Chr3	stz_eth_rep2_peak_733	19629435
734	Chr3	stz_eth_rep2_peak_734	19825333
735	Chr3	stz_eth_rep2_peak_735	19935442
736	Chr3	stz_eth_rep2_peak_736	19936447
737	Chr3	stz_eth_rep2_peak_737	20015175
738	Chr3	stz_eth_rep2_peak_738	20049741
739	Chr3	stz_eth_rep2_peak_739	20144061
740	Chr3	stz_eth_rep2_peak_740	20296199
741	Chr3	stz_eth_rep2_peak_741	20357831
742	Chr3	stz_eth_rep2_peak_742	20442922
743	Chr3	stz_eth_rep2_peak_743	20557044
744	Chr3	stz_eth_rep2_peak_744	20694419
745	Chr3	stz_eth_rep2_peak_745	20695099
746	Chr3	stz_eth_rep2_peak_746	20738286
747	Chr3	stz_eth_rep2_peak_747	20775012
748	Chr3	stz_eth_rep2_peak_748	20776162
749	Chr3	stz_eth_rep2_peak_749	20776706
750	Chr3	stz_eth_rep2_peak_750	20802135
751	Chr3	stz_eth_rep2_peak_751	21009075
752	Chr3	stz_eth_rep2_peak_752	21059786
753	Chr3	stz_eth_rep2_peak_753	21061532
754	Chr3	stz_eth_rep2_peak_754	21252182
755	Chr3	stz_eth_rep2_peak_755	21262766
756	Chr3	stz_eth_rep2_peak_756	21384828
757	Chr3	stz_eth_rep2_peak_757	21680022
758	Chr3	stz_eth_rep2_peak_758	21709095
759	Chr3	stz_eth_rep2_peak_759	21894398
760	Chr3	stz_eth_rep2_peak_760	22077907
761	Chr3	stz_eth_rep2_peak_761	22130466
762	Chr3	stz_eth_rep2_peak_762	22248802
763	Chr3	stz_eth_rep2_peak_763	22250872
764	Chr3	stz_eth_rep2_peak_764	22295309
765	Chr3	stz_eth_rep2_peak_765	22418134
766	Chr3	stz_eth_rep2_peak_766	22432397
767	Chr3	stz_eth_rep2_peak_767	22645594
768	Chr3	stz_eth_rep2_peak_768	22654920
769	Chr3	stz_eth_rep2_peak_769	22687661
770	Chr3	stz_eth_rep2_peak_770	23026031
771	Chr3	stz_eth_rep2_peak_771	23291699
772	Chr3	stz_eth_rep2_peak_772	23410974
773	Chr3	stz_eth_rep2_peak_773	23450288
774	Chr4	stz_eth_rep2_peak_774	84516
775	Chr4	stz_eth_rep2_peak_775	130488
776	Chr4	stz_eth_rep2_peak_776	473853
777	Chr4	stz_eth_rep2_peak_777	475477
778	Chr4	stz_eth_rep2_peak_778	525329
779	Chr4	stz_eth_rep2_peak_779	622635
780	Chr4	stz_eth_rep2_peak_780	728074
781	Chr4	stz_eth_rep2_peak_781	733635
782	Chr4	stz_eth_rep2_peak_782	744163
783	Chr4	stz_eth_rep2_peak_783	756117
784	Chr4	stz_eth_rep2_peak_784	810569
785	Chr4	stz_eth_rep2_peak_785	826701
786	Chr4	stz_eth_rep2_peak_786	928276
787	Chr4	stz_eth_rep2_peak_787	1044329
788	Chr4	stz_eth_rep2_peak_788	1046767
789	Chr4	stz_eth_rep2_peak_789	1062182
790	Chr4	stz_eth_rep2_peak_790	1514737
791	Chr4	stz_eth_rep2_peak_791	1527434
792	Chr4	stz_eth_rep2_peak_792	1540129
793	Chr4	stz_eth_rep2_peak_793	1548534
794	Chr4	stz_eth_rep2_peak_794	1557513
795	Chr4	stz_eth_rep2_peak_795	1569750
796	Chr4	stz_eth_rep2_peak_796	2346249
797	Chr4	stz_eth_rep2_peak_797	2412242
798	Chr4	stz_eth_rep2_peak_798	2415689
799	Chr4	stz_eth_rep2_peak_799	2497786
800	Chr4	stz_eth_rep2_peak_800	2525500
801	Chr4	stz_eth_rep2_peak_801	2531870
802	Chr4	stz_eth_rep2_peak_802	2587982
803	Chr4	stz_eth_rep2_peak_803	2635107
804	Chr4	stz_eth_rep2_peak_804	2671086
805	Chr4	stz_eth_rep2_peak_805	3950967
806	Chr4	stz_eth_rep2_peak_806	3952989
807	Chr4	stz_eth_rep2_peak_807	3953558
808	Chr4	stz_eth_rep2_peak_808	3954745
809	Chr4	stz_eth_rep2_peak_809	3965740
810	Chr4	stz_eth_rep2_peak_810	3966538
811	Chr4	stz_eth_rep2_peak_811	3987500
812	Chr4	stz_eth_rep2_peak_812	5640598
813	Chr4	stz_eth_rep2_peak_813	5757903
814	Chr4	stz_eth_rep2_peak_814	6433708
815	Chr4	stz_eth_rep2_peak_815	6435117
816	Chr4	stz_eth_rep2_peak_816	6440507
817	Chr4	stz_eth_rep2_peak_817	6614982
818	Chr4	stz_eth_rep2_peak_818	6723244
819	Chr4	stz_eth_rep2_peak_819	6758963
820	Chr4	stz_eth_rep2_peak_820	6905732
821	Chr4	stz_eth_rep2_peak_821	6910006
822	Chr4	stz_eth_rep2_peak_822	6986784
823	Chr4	stz_eth_rep2_peak_823	7305911
824	Chr4	stz_eth_rep2_peak_824	7372916
825	Chr4	stz_eth_rep2_peak_825	7787192
826	Chr4	stz_eth_rep2_peak_826	7851034
827	Chr4	stz_eth_rep2_peak_827	7860988
828	Chr4	stz_eth_rep2_peak_828	7862604
829	Chr4	stz_eth_rep2_peak_829	8273979
830	Chr4	stz_eth_rep2_peak_830	8687645
831	Chr4	stz_eth_rep2_peak_831	8688136
832	Chr4	stz_eth_rep2_peak_832	8826325
833	Chr4	stz_eth_rep2_peak_833	8877738
834	Chr4	stz_eth_rep2_peak_834	8879040
835	Chr4	stz_eth_rep2_peak_835	8907858
836	Chr4	stz_eth_rep2_peak_836	8910893
837	Chr4	stz_eth_rep2_peak_837	9202126
838	Chr4	stz_eth_rep2_peak_838	9244045
839	Chr4	stz_eth_rep2_peak_839	9385189
840	Chr4	stz_eth_rep2_peak_840	9398385
841	Chr4	stz_eth_rep2_peak_841	9753866
842	Chr4	stz_eth_rep2_peak_842	9760616
843	Chr4	stz_eth_rep2_peak_843	9816038
844	Chr4	stz_eth_rep2_peak_844	9817864
845	Chr4	stz_eth_rep2_peak_845	9838010
846	Chr4	stz_eth_rep2_peak_846	9928780
847	Chr4	stz_eth_rep2_peak_847	9930263
848	Chr4	stz_eth_rep2_peak_848	9995598
849	Chr4	stz_eth_rep2_peak_849	10060027
850	Chr4	stz_eth_rep2_peak_850	10071460
851	Chr4	stz_eth_rep2_peak_851	10073576
852	Chr4	stz_eth_rep2_peak_852	10191419
853	Chr4	stz_eth_rep2_peak_853	10291764
854	Chr4	stz_eth_rep2_peak_854	10374501
855	Chr4	stz_eth_rep2_peak_855	10437785
856	Chr4	stz_eth_rep2_peak_856	10509875
857	Chr4	stz_eth_rep2_peak_857	10698785
858	Chr4	stz_eth_rep2_peak_858	10732178
859	Chr4	stz_eth_rep2_peak_859	10766073
860	Chr4	stz_eth_rep2_peak_860	10836081
861	Chr4	stz_eth_rep2_peak_861	10840320
862	Chr4	stz_eth_rep2_peak_862	10883053
863	Chr4	stz_eth_rep2_peak_863	10883717
864	Chr4	stz_eth_rep2_peak_864	11033944
865	Chr4	stz_eth_rep2_peak_865	11121019
866	Chr4	stz_eth_rep2_peak_866	11133959
867	Chr4	stz_eth_rep2_peak_867	11154105
868	Chr4	stz_eth_rep2_peak_868	11201293
869	Chr4	stz_eth_rep2_peak_869	11269205
870	Chr4	stz_eth_rep2_peak_870	11271612
871	Chr4	stz_eth_rep2_peak_871	11351545
872	Chr4	stz_eth_rep2_peak_872	11352356
873	Chr4	stz_eth_rep2_peak_873	11462792
874	Chr4	stz_eth_rep2_peak_874	11522329
875	Chr4	stz_eth_rep2_peak_875	11523142
876	Chr4	stz_eth_rep2_peak_876	11561118
877	Chr4	stz_eth_rep2_peak_877	11698560
878	Chr4	stz_eth_rep2_peak_878	11860206
879	Chr4	stz_eth_rep2_peak_879	11924958
880	Chr4	stz_eth_rep2_peak_880	11929195
881	Chr4	stz_eth_rep2_peak_881	11957309
882	Chr4	stz_eth_rep2_peak_882	11970310
883	Chr4	stz_eth_rep2_peak_883	11973195
884	Chr4	stz_eth_rep2_peak_884	11974400
885	Chr4	stz_eth_rep2_peak_885	11990171
886	Chr4	stz_eth_rep2_peak_886	12029528
887	Chr4	stz_eth_rep2_peak_887	12046035
888	Chr4	stz_eth_rep2_peak_888	12064042
889	Chr4	stz_eth_rep2_peak_889	12074950
890	Chr4	stz_eth_rep2_peak_890	12108766
891	Chr4	stz_eth_rep2_peak_891	12143936
892	Chr4	stz_eth_rep2_peak_892	12157146
893	Chr4	stz_eth_rep2_peak_893	12170273
894	Chr4	stz_eth_rep2_peak_894	12170915
895	Chr4	stz_eth_rep2_peak_895	12278203
896	Chr4	stz_eth_rep2_peak_896	12278876
897	Chr4	stz_eth_rep2_peak_897	12344995
898	Chr4	stz_eth_rep2_peak_898	12347057
899	Chr4	stz_eth_rep2_peak_899	12348748
900	Chr4	stz_eth_rep2_peak_900	12394195
901	Chr4	stz_eth_rep2_peak_901	12396465
902	Chr4	stz_eth_rep2_peak_902	12476021
903	Chr4	stz_eth_rep2_peak_903	12489150
904	Chr4	stz_eth_rep2_peak_904	12496040
905	Chr4	stz_eth_rep2_peak_905	12571801
906	Chr4	stz_eth_rep2_peak_906	12616820
907	Chr4	stz_eth_rep2_peak_907	12694890
908	Chr4	stz_eth_rep2_peak_908	12916301
909	Chr4	stz_eth_rep2_peak_909	12969343
910	Chr4	stz_eth_rep2_peak_910	13138228
911	Chr4	stz_eth_rep2_peak_911	13161342
912	Chr4	stz_eth_rep2_peak_912	13209250
913	Chr4	stz_eth_rep2_peak_913	13217601
914	Chr4	stz_eth_rep2_peak_914	13224535
915	Chr4	stz_eth_rep2_peak_915	13278860
916	Chr4	stz_eth_rep2_peak_916	13461232
917	Chr4	stz_eth_rep2_peak_917	13513558
918	Chr4	stz_eth_rep2_peak_918	13665082
919	Chr4	stz_eth_rep2_peak_919	13677681
920	Chr4	stz_eth_rep2_peak_920	13810448
921	Chr4	stz_eth_rep2_peak_921	13816436
922	Chr4	stz_eth_rep2_peak_922	13869606
923	Chr4	stz_eth_rep2_peak_923	13997635
924	Chr4	stz_eth_rep2_peak_924	14026208
925	Chr4	stz_eth_rep2_peak_925	14183824
926	Chr4	stz_eth_rep2_peak_926	14333042
927	Chr4	stz_eth_rep2_peak_927	14385571
928	Chr4	stz_eth_rep2_peak_928	14577771
929	Chr4	stz_eth_rep2_peak_929	14579457
930	Chr4	stz_eth_rep2_peak_930	14624956
931	Chr4	stz_eth_rep2_peak_931	14701925
932	Chr4	stz_eth_rep2_peak_932	14770483
933	Chr4	stz_eth_rep2_peak_933	14775076
934	Chr4	stz_eth_rep2_peak_934	14775560
935	Chr4	stz_eth_rep2_peak_935	14823538
936	Chr4	stz_eth_rep2_peak_936	14919128
937	Chr4	stz_eth_rep2_peak_937	14958244
938	Chr4	stz_eth_rep2_peak_938	15063256
939	Chr4	stz_eth_rep2_peak_939	15068970
940	Chr4	stz_eth_rep2_peak_940	15289683
941	Chr4	stz_eth_rep2_peak_941	15290626
942	Chr4	stz_eth_rep2_peak_942	15292001
943	Chr4	stz_eth_rep2_peak_943	15382053
944	Chr4	stz_eth_rep2_peak_944	15413199
945	Chr4	stz_eth_rep2_peak_945	15469705
946	Chr4	stz_eth_rep2_peak_946	15507384
947	Chr4	stz_eth_rep2_peak_947	15595248
948	Chr4	stz_eth_rep2_peak_948	15646594
949	Chr4	stz_eth_rep2_peak_949	15655903
950	Chr4	stz_eth_rep2_peak_950	15755210
951	Chr4	stz_eth_rep2_peak_951	15825173
952	Chr4	stz_eth_rep2_peak_952	15897838
953	Chr4	stz_eth_rep2_peak_953	15907816
954	Chr4	stz_eth_rep2_peak_954	15933526
955	Chr4	stz_eth_rep2_peak_955	16102307
956	Chr4	stz_eth_rep2_peak_956	16285676
957	Chr4	stz_eth_rep2_peak_957	16286265
958	Chr4	stz_eth_rep2_peak_958	16289920
959	Chr4	stz_eth_rep2_peak_959	16343735
960	Chr4	stz_eth_rep2_peak_960	16345025
961	Chr4	stz_eth_rep2_peak_961	16350474
962	Chr4	stz_eth_rep2_peak_962	16371491
963	Chr4	stz_eth_rep2_peak_963	16741446
964	Chr4	stz_eth_rep2_peak_964	16785505
965	Chr4	stz_eth_rep2_peak_965	16855322
966	Chr4	stz_eth_rep2_peak_966	16960265
967	Chr4	stz_eth_rep2_peak_967	17104556
968	Chr4	stz_eth_rep2_peak_968	17194477
969	Chr4	stz_eth_rep2_peak_969	17226681
970	Chr4	stz_eth_rep2_peak_970	17281337
971	Chr4	stz_eth_rep2_peak_971	17281932
972	Chr4	stz_eth_rep2_peak_972	17290222
973	Chr4	stz_eth_rep2_peak_973	17482486
974	Chr4	stz_eth_rep2_peak_974	17534117
975	Chr4	stz_eth_rep2_peak_975	17571848
976	Chr4	stz_eth_rep2_peak_976	17579530
977	Chr4	stz_eth_rep2_peak_977	17641244
978	Chr4	stz_eth_rep2_peak_978	17641974
979	Chr4	stz_eth_rep2_peak_979	17643184
980	Chr4	stz_eth_rep2_peak_980	17666829
981	Chr4	stz_eth_rep2_peak_981	17757641
982	Chr4	stz_eth_rep2_peak_982	17793919
983	Chr4	stz_eth_rep2_peak_983	17986385
984	Chr4	stz_eth_rep2_peak_984	18028866
985	Chr4	stz_eth_rep2_peak_985	18267855
986	Chr4	stz_eth_rep2_peak_986	18322722
987	Chr4	stz_eth_rep2_peak_987	18410305
988	Chr4	stz_eth_rep2_peak_988	18461852
989	Chr4	stz_eth_rep2_peak_989	18573273
990	Chr4	stz_eth_rep2_peak_990	18576301
991	Chr5	stz_eth_rep2_peak_991	40873
992	Chr5	stz_eth_rep2_peak_992	78641
993	Chr5	stz_eth_rep2_peak_993	84709
994	Chr5	stz_eth_rep2_peak_994	85241
995	Chr5	stz_eth_rep2_peak_995	86182
996	Chr5	stz_eth_rep2_peak_996	210758
997	Chr5	stz_eth_rep2_peak_997	270672
998	Chr5	stz_eth_rep2_peak_998	272409
999	Chr5	stz_eth_rep2_peak_999	309130
1000	Chr5	stz_eth_rep2_peak_1000	389095
1001	Chr5	stz_eth_rep2_peak_1001	472484
1002	Chr5	stz_eth_rep2_peak_1002	512928
1003	Chr5	stz_eth_rep2_peak_1003	546902
1004	Chr5	stz_eth_rep2_peak_1004	773998
1005	Chr5	stz_eth_rep2_peak_1005	827973
1006	Chr5	stz_eth_rep2_peak_1006	829196
1007	Chr5	stz_eth_rep2_peak_1007	830124
1008	Chr5	stz_eth_rep2_peak_1008	858528
1009	Chr5	stz_eth_rep2_peak_1009	895811
1010	Chr5	stz_eth_rep2_peak_1010	925566
1011	Chr5	stz_eth_rep2_peak_1011	966836
1012	Chr5	stz_eth_rep2_peak_1012	969383
1013	Chr5	stz_eth_rep2_peak_1013	1217437
1014	Chr5	stz_eth_rep2_peak_1014	1360699
1015	Chr5	stz_eth_rep2_peak_1015	1368001
1016	Chr5	stz_eth_rep2_peak_1016	1371547
1017	Chr5	stz_eth_rep2_peak_1017	1414673
1018	Chr5	stz_eth_rep2_peak_1018	1504583
1019	Chr5	stz_eth_rep2_peak_1019	1505040
1020	Chr5	stz_eth_rep2_peak_1020	1535292
1021	Chr5	stz_eth_rep2_peak_1021	1551266
1022	Chr5	stz_eth_rep2_peak_1022	1601817
1023	Chr5	stz_eth_rep2_peak_1023	1609800
1024	Chr5	stz_eth_rep2_peak_1024	1624399
1025	Chr5	stz_eth_rep2_peak_1025	1670491
1026	Chr5	stz_eth_rep2_peak_1026	1909256
1027	Chr5	stz_eth_rep2_peak_1027	1952447
1028	Chr5	stz_eth_rep2_peak_1028	2083847
1029	Chr5	stz_eth_rep2_peak_1029	2132334
1030	Chr5	stz_eth_rep2_peak_1030	2150867
1031	Chr5	stz_eth_rep2_peak_1031	2167342
1032	Chr5	stz_eth_rep2_peak_1032	2167600
1033	Chr5	stz_eth_rep2_peak_1033	2204322
1034	Chr5	stz_eth_rep2_peak_1034	2400830
1035	Chr5	stz_eth_rep2_peak_1035	2433890
1036	Chr5	stz_eth_rep2_peak_1036	2511265
1037	Chr5	stz_eth_rep2_peak_1037	2614910
1038	Chr5	stz_eth_rep2_peak_1038	2861537
1039	Chr5	stz_eth_rep2_peak_1039	3150717
1040	Chr5	stz_eth_rep2_peak_1040	3253179
1041	Chr5	stz_eth_rep2_peak_1041	3327685
1042	Chr5	stz_eth_rep2_peak_1042	3465206
1043	Chr5	stz_eth_rep2_peak_1043	3524828
1044	Chr5	stz_eth_rep2_peak_1044	3525579
1045	Chr5	stz_eth_rep2_peak_1045	3525952
1046	Chr5	stz_eth_rep2_peak_1046	3528733
1047	Chr5	stz_eth_rep2_peak_1047	3531603
1048	Chr5	stz_eth_rep2_peak_1048	3661955
1049	Chr5	stz_eth_rep2_peak_1049	3853522
1050	Chr5	stz_eth_rep2_peak_1050	4151228
1051	Chr5	stz_eth_rep2_peak_1051	4151782
1052	Chr5	stz_eth_rep2_peak_1052	4222548
1053	Chr5	stz_eth_rep2_peak_1053	4756046
1054	Chr5	stz_eth_rep2_peak_1054	4761369
1055	Chr5	stz_eth_rep2_peak_1055	4901393
1056	Chr5	stz_eth_rep2_peak_1056	4901898
1057	Chr5	stz_eth_rep2_peak_1057	4929958
1058	Chr5	stz_eth_rep2_peak_1058	5412369
1059	Chr5	stz_eth_rep2_peak_1059	5758575
1060	Chr5	stz_eth_rep2_peak_1060	6189031
1061	Chr5	stz_eth_rep2_peak_1061	6309890
1062	Chr5	stz_eth_rep2_peak_1062	6468826
1063	Chr5	stz_eth_rep2_peak_1063	6801617
1064	Chr5	stz_eth_rep2_peak_1064	7005520
1065	Chr5	stz_eth_rep2_peak_1065	7172386
1066	Chr5	stz_eth_rep2_peak_1066	7223996
1067	Chr5	stz_eth_rep2_peak_1067	7373789
1068	Chr5	stz_eth_rep2_peak_1068	7445730
1069	Chr5	stz_eth_rep2_peak_1069	7483107
1070	Chr5	stz_eth_rep2_peak_1070	7498010
1071	Chr5	stz_eth_rep2_peak_1071	7557549
1072	Chr5	stz_eth_rep2_peak_1072	7655825
1073	Chr5	stz_eth_rep2_peak_1073	8048208
1074	Chr5	stz_eth_rep2_peak_1074	8064872
1075	Chr5	stz_eth_rep2_peak_1075	8104367
1076	Chr5	stz_eth_rep2_peak_1076	8109714
1077	Chr5	stz_eth_rep2_peak_1077	8154746
1078	Chr5	stz_eth_rep2_peak_1078	8229504
1079	Chr5	stz_eth_rep2_peak_1079	8241957
1080	Chr5	stz_eth_rep2_peak_1080	8323420
1081	Chr5	stz_eth_rep2_peak_1081	8344483
1082	Chr5	stz_eth_rep2_peak_1082	8365598
1083	Chr5	stz_eth_rep2_peak_1083	8548768
1084	Chr5	stz_eth_rep2_peak_1084	8795795
1085	Chr5	stz_eth_rep2_peak_1085	8798295
1086	Chr5	stz_eth_rep2_peak_1086	9208242
1087	Chr5	stz_eth_rep2_peak_1087	9247104
1088	Chr5	stz_eth_rep2_peak_1088	9515627
1089	Chr5	stz_eth_rep2_peak_1089	9648860
1090	Chr5	stz_eth_rep2_peak_1090	9685355
1091	Chr5	stz_eth_rep2_peak_1091	9946875
1092	Chr5	stz_eth_rep2_peak_1092	9947501
1093	Chr5	stz_eth_rep2_peak_1093	10287980
1094	Chr5	stz_eth_rep2_peak_1094	10799634
1095	Chr5	stz_eth_rep2_peak_1095	11185068
1096	Chr5	stz_eth_rep2_peak_1096	11185755
1097	Chr5	stz_eth_rep2_peak_1097	11727808
1098	Chr5	stz_eth_rep2_peak_1098	11730481
1099	Chr5	stz_eth_rep2_peak_1099	11732283
1100	Chr5	stz_eth_rep2_peak_1100	14228255
1101	Chr5	stz_eth_rep2_peak_1101	14231136
1102	Chr5	stz_eth_rep2_peak_1102	14552171
1103	Chr5	stz_eth_rep2_peak_1103	14755751
1104	Chr5	stz_eth_rep2_peak_1104	14887651
1105	Chr5	stz_eth_rep2_peak_1105	14935829
1106	Chr5	stz_eth_rep2_peak_1106	14939752
1107	Chr5	stz_eth_rep2_peak_1107	15260896
1108	Chr5	stz_eth_rep2_peak_1108	15631057
1109	Chr5	stz_eth_rep2_peak_1109	15997848
1110	Chr5	stz_eth_rep2_peak_1110	16060849
1111	Chr5	stz_eth_rep2_peak_1111	16110691
1112	Chr5	stz_eth_rep2_peak_1112	16159146
1113	Chr5	stz_eth_rep2_peak_1113	16203151
1114	Chr5	stz_eth_rep2_peak_1114	16252016
1115	Chr5	stz_eth_rep2_peak_1115	16252827
1116	Chr5	stz_eth_rep2_peak_1116	16317919
1117	Chr5	stz_eth_rep2_peak_1117	16320096
1118	Chr5	stz_eth_rep2_peak_1118	16320838
1119	Chr5	stz_eth_rep2_peak_1119	16322932
1120	Chr5	stz_eth_rep2_peak_1120	16324237
1121	Chr5	stz_eth_rep2_peak_1121	16468179
1122	Chr5	stz_eth_rep2_peak_1122	16635394
1123	Chr5	stz_eth_rep2_peak_1123	16641786
1124	Chr5	stz_eth_rep2_peak_1124	17154837
1125	Chr5	stz_eth_rep2_peak_1125	17281626
1126	Chr5	stz_eth_rep2_peak_1126	17331744
1127	Chr5	stz_eth_rep2_peak_1127	17385648
1128	Chr5	stz_eth_rep2_peak_1128	17402915
1129	Chr5	stz_eth_rep2_peak_1129	17447794
1130	Chr5	stz_eth_rep2_peak_1130	17458952
1131	Chr5	stz_eth_rep2_peak_1131	17560037
1132	Chr5	stz_eth_rep2_peak_1132	17734665
1133	Chr5	stz_eth_rep2_peak_1133	18098165
1134	Chr5	stz_eth_rep2_peak_1134	18137178
1135	Chr5	stz_eth_rep2_peak_1135	18138298
1136	Chr5	stz_eth_rep2_peak_1136	18189896
1137	Chr5	stz_eth_rep2_peak_1137	18221203
1138	Chr5	stz_eth_rep2_peak_1138	18227664
1139	Chr5	stz_eth_rep2_peak_1139	18228612
1140	Chr5	stz_eth_rep2_peak_1140	18372100
1141	Chr5	stz_eth_rep2_peak_1141	18372999
1142	Chr5	stz_eth_rep2_peak_1142	18378800
1143	Chr5	stz_eth_rep2_peak_1143	18380349
1144	Chr5	stz_eth_rep2_peak_1144	18425209
1145	Chr5	stz_eth_rep2_peak_1145	18441572
1146	Chr5	stz_eth_rep2_peak_1146	18461998
1147	Chr5	stz_eth_rep2_peak_1147	18677267
1148	Chr5	stz_eth_rep2_peak_1148	18688804
1149	Chr5	stz_eth_rep2_peak_1149	18790546
1150	Chr5	stz_eth_rep2_peak_1150	18812383
1151	Chr5	stz_eth_rep2_peak_1151	19044170
1152	Chr5	stz_eth_rep2_peak_1152	19047206
1153	Chr5	stz_eth_rep2_peak_1153	19111914
1154	Chr5	stz_eth_rep2_peak_1154	19116861
1155	Chr5	stz_eth_rep2_peak_1155	19131069
1156	Chr5	stz_eth_rep2_peak_1156	19173791
1157	Chr5	stz_eth_rep2_peak_1157	19180525
1158	Chr5	stz_eth_rep2_peak_1158	19180876
1159	Chr5	stz_eth_rep2_peak_1159	19181466
1160	Chr5	stz_eth_rep2_peak_1160	19297236
1161	Chr5	stz_eth_rep2_peak_1161	19539444
1162	Chr5	stz_eth_rep2_peak_1162	19568684
1163	Chr5	stz_eth_rep2_peak_1163	19607009
1164	Chr5	stz_eth_rep2_peak_1164	19627901
1165	Chr5	stz_eth_rep2_peak_1165	19670258
1166	Chr5	stz_eth_rep2_peak_1166	19978150
1167	Chr5	stz_eth_rep2_peak_1167	20069891
1168	Chr5	stz_eth_rep2_peak_1168	20084445
1169	Chr5	stz_eth_rep2_peak_1169	20085943
1170	Chr5	stz_eth_rep2_peak_1170	20173672
1171	Chr5	stz_eth_rep2_peak_1171	20191909
1172	Chr5	stz_eth_rep2_peak_1172	20215981
1173	Chr5	stz_eth_rep2_peak_1173	20438331
1174	Chr5	stz_eth_rep2_peak_1174	20438866
1175	Chr5	stz_eth_rep2_peak_1175	20549037
1176	Chr5	stz_eth_rep2_peak_1176	20644409
1177	Chr5	stz_eth_rep2_peak_1177	20645578
1178	Chr5	stz_eth_rep2_peak_1178	20645983
1179	Chr5	stz_eth_rep2_peak_1179	20792114
1180	Chr5	stz_eth_rep2_peak_1180	21068919
1181	Chr5	stz_eth_rep2_peak_1181	21426677
1182	Chr5	stz_eth_rep2_peak_1182	21528503
1183	Chr5	stz_eth_rep2_peak_1183	21542733
1184	Chr5	stz_eth_rep2_peak_1184	21695716
1185	Chr5	stz_eth_rep2_peak_1185	21700237
1186	Chr5	stz_eth_rep2_peak_1186	21751608
1187	Chr5	stz_eth_rep2_peak_1187	21815636
1188	Chr5	stz_eth_rep2_peak_1188	21819534
1189	Chr5	stz_eth_rep2_peak_1189	21822311
1190	Chr5	stz_eth_rep2_peak_1190	21858630
1191	Chr5	stz_eth_rep2_peak_1191	21886929
1192	Chr5	stz_eth_rep2_peak_1192	21924039
1193	Chr5	stz_eth_rep2_peak_1193	21930962
1194	Chr5	stz_eth_rep2_peak_1194	21973599
1195	Chr5	stz_eth_rep2_peak_1195	21982152
1196	Chr5	stz_eth_rep2_peak_1196	22054079
1197	Chr5	stz_eth_rep2_peak_1197	22056005
1198	Chr5	stz_eth_rep2_peak_1198	22123426
1199	Chr5	stz_eth_rep2_peak_1199	22123935
1200	Chr5	stz_eth_rep2_peak_1200	22215396
1201	Chr5	stz_eth_rep2_peak_1201	22278635
1202	Chr5	stz_eth_rep2_peak_1202	22284505
1203	Chr5	stz_eth_rep2_peak_1203	22355685
1204	Chr5	stz_eth_rep2_peak_1204	22356295
1205	Chr5	stz_eth_rep2_peak_1205	22358667
1206	Chr5	stz_eth_rep2_peak_1206	22505429
1207	Chr5	stz_eth_rep2_peak_1207	22650079
1208	Chr5	stz_eth_rep2_peak_1208	22767247
1209	Chr5	stz_eth_rep2_peak_1209	22862677
1210	Chr5	stz_eth_rep2_peak_1210	23001131
1211	Chr5	stz_eth_rep2_peak_1211	23002058
1212	Chr5	stz_eth_rep2_peak_1212	23054388
1213	Chr5	stz_eth_rep2_peak_1213	23057235
1214	Chr5	stz_eth_rep2_peak_1214	23060130
1215	Chr5	stz_eth_rep2_peak_1215	23117357
1216	Chr5	stz_eth_rep2_peak_1216	23343367
1217	Chr5	stz_eth_rep2_peak_1217	23346717
1218	Chr5	stz_eth_rep2_peak_1218	23384822
1219	Chr5	stz_eth_rep2_peak_1219	23388694
1220	Chr5	stz_eth_rep2_peak_1220	23584914
1221	Chr5	stz_eth_rep2_peak_1221	23585327
1222	Chr5	stz_eth_rep2_peak_1222	23595905
1223	Chr5	stz_eth_rep2_peak_1223	23700657
1224	Chr5	stz_eth_rep2_peak_1224	23798496
1225	Chr5	stz_eth_rep2_peak_1225	23840804
1226	Chr5	stz_eth_rep2_peak_1226	23876204
1227	Chr5	stz_eth_rep2_peak_1227	23973817
1228	Chr5	stz_eth_rep2_peak_1228	23992867
1229	Chr5	stz_eth_rep2_peak_1229	23997912
1230	Chr5	stz_eth_rep2_peak_1230	24066175
1231	Chr5	stz_eth_rep2_peak_1231	24068892
1232	Chr5	stz_eth_rep2_peak_1232	24069740
1233	Chr5	stz_eth_rep2_peak_1233	24101761
1234	Chr5	stz_eth_rep2_peak_1234	24153021
1235	Chr5	stz_eth_rep2_peak_1235	24257341
1236	Chr5	stz_eth_rep2_peak_1236	24260385
1237	Chr5	stz_eth_rep2_peak_1237	24417995
1238	Chr5	stz_eth_rep2_peak_1238	24664037
1239	Chr5	stz_eth_rep2_peak_1239	24705836
1240	Chr5	stz_eth_rep2_peak_1240	24752764
1241	Chr5	stz_eth_rep2_peak_1241	24767356
1242	Chr5	stz_eth_rep2_peak_1242	24852127
1243	Chr5	stz_eth_rep2_peak_1243	24908308
1244	Chr5	stz_eth_rep2_peak_1244	24963529
1245	Chr5	stz_eth_rep2_peak_1245	25078049
1246	Chr5	stz_eth_rep2_peak_1246	25081135
1247	Chr5	stz_eth_rep2_peak_1247	25087497
1248	Chr5	stz_eth_rep2_peak_1248	25192927
1249	Chr5	stz_eth_rep2_peak_1249	25324585
1250	Chr5	stz_eth_rep2_peak_1250	25338120
1251	Chr5	stz_eth_rep2_peak_1251	25399485
1252	Chr5	stz_eth_rep2_peak_1252	25518224
1253	Chr5	stz_eth_rep2_peak_1253	25528391
1254	Chr5	stz_eth_rep2_peak_1254	25582740
1255	Chr5	stz_eth_rep2_peak_1255	25653722
1256	Chr5	stz_eth_rep2_peak_1256	25656531
1257	Chr5	stz_eth_rep2_peak_1257	25658995
1258	Chr5	stz_eth_rep2_peak_1258	25660678
1259	Chr5	stz_eth_rep2_peak_1259	25661035
1260	Chr5	stz_eth_rep2_peak_1260	25662393
1261	Chr5	stz_eth_rep2_peak_1261	25663004
1262	Chr5	stz_eth_rep2_peak_1262	25701299
1263	Chr5	stz_eth_rep2_peak_1263	25755229
1264	Chr5	stz_eth_rep2_peak_1264	25806162
1265	Chr5	stz_eth_rep2_peak_1265	25841303
1266	Chr5	stz_eth_rep2_peak_1266	25887314
1267	Chr5	stz_eth_rep2_peak_1267	25934350
1268	Chr5	stz_eth_rep2_peak_1268	26151619
1269	Chr5	stz_eth_rep2_peak_1269	26157251
1270	Chr5	stz_eth_rep2_peak_1270	26249279
1271	Chr5	stz_eth_rep2_peak_1271	26250827
1272	Chr5	stz_eth_rep2_peak_1272	26260710
1273	Chr5	stz_eth_rep2_peak_1273	26368546
1274	Chr5	stz_eth_rep2_peak_1274	26391699
1275	Chr5	stz_eth_rep2_peak_1275	26492301
1276	Chr5	stz_eth_rep2_peak_1276	26547961
1277	Chr5	stz_eth_rep2_peak_1277	26617045
1278	Chr5	stz_eth_rep2_peak_1278	26668587
1279	Chr5	stz_eth_rep2_peak_1279	26700422
1280	Chr5	stz_eth_rep2_peak_1280	26811829
1281	Chr5	stz_eth_rep2_peak_1281	26867959
1282	Chr5	stz_eth_rep2_peak_1282	26901722
1283	Chr5	stz_eth_rep2_peak_1283	26905442
1284	Chr5	stz_eth_rep2_peak_1284	26907808
1285	Chr5	stz_eth_rep2_peak_1285	26912410
1286	Chr5	stz_eth_rep2_peak_1286	26919017
1287	Chr5	stz_eth_rep2_peak_1287	26920029
1288	Chr5	stz_eth_rep2_peak_1288	26921449
1289	Chr5	stz_eth_rep2_peak_1289	26926165
1290	ChrC	stz_eth_rep2_peak_1290	8656
1291	ChrC	stz_eth_rep2_peak_1291	30762
1292	ChrC	stz_eth_rep2_peak_1292	46748
1293	ChrC	stz_eth_rep2_peak_1293	110613
1294	ChrC	stz_eth_rep2_peak_1294	114623
